[2018-03-20 03:39:21] eccube.INFO: Matched route "product_list". {"route_parameters":{"_controller":"\\Eccube\\Controller\\ProductController::index","_route":"product_list"},"request_uri":"http://newjoy.co.jp/products/list?category_id=2&disp_number=15&mode=&name=&orderby=3&pageno=1"} []
[2018-03-20 03:39:21] eccube.INFO: Populated the TokenStorage with an anonymous Token. [] []
[2018-03-20 03:39:21] eccube.INFO: > GET /products/list?mode=&category_id=2&name=&pageno=1&disp_number=15&orderby=3 [] []
[2018-03-20 03:39:22] eccube.INFO: Matched route "block_cart". {"route_parameters":{"_controller":"\\Eccube\\Controller\\Block\\CartController::index","_route":"block_cart"},"request_uri":"http://newjoy.co.jp/block/cart"} []
[2018-03-20 03:39:22] eccube.INFO: Matched route "block_login". {"route_parameters":{"_controller":"\\Eccube\\Controller\\Block\\LoginController::index","_route":"block_login"},"request_uri":"http://newjoy.co.jp/block/login"} []
[2018-03-20 03:39:22] eccube.INFO: Matched route "block_search_product". {"route_parameters":{"_controller":"\\Eccube\\Controller\\Block\\SearchProductController::index","_route":"block_search_product"},"request_uri":"http://newjoy.co.jp/block/search_product"} []
[2018-03-20 03:39:22] eccube.INFO: Matched route "block_category". {"route_parameters":{"_controller":"\\Eccube\\Controller\\Block\\CategoryController::index","_route":"block_category"},"request_uri":"http://newjoy.co.jp/block/category"} []
[2018-03-20 03:39:22] eccube.INFO: Matched route "block_recommend_product_block". {"route_parameters":{"_controller":"\\Plugin\\Recommend\\Controller\\Block\\RecommendController::index","_route":"block_recommend_product_block"},"request_uri":"http://newjoy.co.jp/block/recommend_product_block"} []
[2018-03-20 03:39:23] eccube.INFO: Matched route "block_sales_ranking". {"route_parameters":{"_controller":"\\Plugin\\SalesRanking\\Controller\\SalesRankingController::index","_route":"block_sales_ranking"},"request_uri":"http://newjoy.co.jp/block/sales_ranking"} []
[2018-03-20 03:39:23] eccube.INFO: Matched route "block_checkeditem". {"route_parameters":{"_controller":"\\Plugin\\CheckedItem\\Controller\\CheckedItemController::index","_route":"block_checkeditem"},"request_uri":"http://newjoy.co.jp/block/checkeditem"} []
[2018-03-20 03:39:23] eccube.INFO: Matched route "block_main_menu". {"route_parameters":{"_controller":"\\Eccube\\Controller\\Block\\MainMenuController::index","_route":"block_main_menu"},"request_uri":"http://newjoy.co.jp/block/main_menu"} []
[2018-03-20 03:39:23] eccube.INFO: < 200 [] []
[2018-03-20 03:41:56] eccube.INFO: Matched route "product_list". {"route_parameters":{"_controller":"\\Eccube\\Controller\\ProductController::index","_route":"product_list"},"request_uri":"http://newjoy.co.jp/products/list?category_id=2&disp_number=30&mode=&name=&orderby=2&pageno=1"} []
[2018-03-20 03:41:56] eccube.INFO: Populated the TokenStorage with an anonymous Token. [] []
[2018-03-20 03:41:56] eccube.INFO: > GET /products/list?mode=&category_id=2&name=&pageno=1&disp_number=30&orderby=2 [] []
[2018-03-20 03:41:57] eccube.INFO: Matched route "block_cart". {"route_parameters":{"_controller":"\\Eccube\\Controller\\Block\\CartController::index","_route":"block_cart"},"request_uri":"http://newjoy.co.jp/block/cart"} []
[2018-03-20 03:41:57] eccube.INFO: Matched route "block_login". {"route_parameters":{"_controller":"\\Eccube\\Controller\\Block\\LoginController::index","_route":"block_login"},"request_uri":"http://newjoy.co.jp/block/login"} []
[2018-03-20 03:41:57] eccube.INFO: Matched route "block_search_product". {"route_parameters":{"_controller":"\\Eccube\\Controller\\Block\\SearchProductController::index","_route":"block_search_product"},"request_uri":"http://newjoy.co.jp/block/search_product"} []
[2018-03-20 03:41:57] eccube.INFO: Matched route "block_category". {"route_parameters":{"_controller":"\\Eccube\\Controller\\Block\\CategoryController::index","_route":"block_category"},"request_uri":"http://newjoy.co.jp/block/category"} []
[2018-03-20 03:41:57] eccube.INFO: Matched route "block_recommend_product_block". {"route_parameters":{"_controller":"\\Plugin\\Recommend\\Controller\\Block\\RecommendController::index","_route":"block_recommend_product_block"},"request_uri":"http://newjoy.co.jp/block/recommend_product_block"} []
[2018-03-20 03:41:57] eccube.INFO: Matched route "block_sales_ranking". {"route_parameters":{"_controller":"\\Plugin\\SalesRanking\\Controller\\SalesRankingController::index","_route":"block_sales_ranking"},"request_uri":"http://newjoy.co.jp/block/sales_ranking"} []
[2018-03-20 03:41:57] eccube.INFO: Matched route "block_checkeditem". {"route_parameters":{"_controller":"\\Plugin\\CheckedItem\\Controller\\CheckedItemController::index","_route":"block_checkeditem"},"request_uri":"http://newjoy.co.jp/block/checkeditem"} []
[2018-03-20 03:41:57] eccube.INFO: Matched route "block_main_menu". {"route_parameters":{"_controller":"\\Eccube\\Controller\\Block\\MainMenuController::index","_route":"block_main_menu"},"request_uri":"http://newjoy.co.jp/block/main_menu"} []
[2018-03-20 03:41:57] eccube.INFO: < 200 [] []
[2018-03-20 04:11:50] eccube.INFO: Matched route "product_list". {"route_parameters":{"_controller":"\\Eccube\\Controller\\ProductController::index","_route":"product_list"},"request_uri":"http://newjoy.co.jp/products/list?category_id=6&disp_number=30&mode=&name=&orderby=1&pageno=1"} []
[2018-03-20 04:11:50] eccube.INFO: Populated the TokenStorage with an anonymous Token. [] []
[2018-03-20 04:11:50] eccube.INFO: > GET /products/list?mode=&category_id=6&name=&pageno=1&disp_number=30&orderby=1 [] []
[2018-03-20 04:11:51] eccube.INFO: Matched route "block_cart". {"route_parameters":{"_controller":"\\Eccube\\Controller\\Block\\CartController::index","_route":"block_cart"},"request_uri":"http://newjoy.co.jp/block/cart"} []
[2018-03-20 04:11:51] eccube.INFO: Matched route "block_login". {"route_parameters":{"_controller":"\\Eccube\\Controller\\Block\\LoginController::index","_route":"block_login"},"request_uri":"http://newjoy.co.jp/block/login"} []
[2018-03-20 04:11:51] eccube.INFO: Matched route "block_search_product". {"route_parameters":{"_controller":"\\Eccube\\Controller\\Block\\SearchProductController::index","_route":"block_search_product"},"request_uri":"http://newjoy.co.jp/block/search_product"} []
[2018-03-20 04:11:51] eccube.INFO: Matched route "block_category". {"route_parameters":{"_controller":"\\Eccube\\Controller\\Block\\CategoryController::index","_route":"block_category"},"request_uri":"http://newjoy.co.jp/block/category"} []
[2018-03-20 04:11:51] eccube.INFO: Matched route "block_recommend_product_block". {"route_parameters":{"_controller":"\\Plugin\\Recommend\\Controller\\Block\\RecommendController::index","_route":"block_recommend_product_block"},"request_uri":"http://newjoy.co.jp/block/recommend_product_block"} []
[2018-03-20 04:11:51] eccube.INFO: Matched route "block_sales_ranking". {"route_parameters":{"_controller":"\\Plugin\\SalesRanking\\Controller\\SalesRankingController::index","_route":"block_sales_ranking"},"request_uri":"http://newjoy.co.jp/block/sales_ranking"} []
[2018-03-20 04:11:51] eccube.INFO: Matched route "block_checkeditem". {"route_parameters":{"_controller":"\\Plugin\\CheckedItem\\Controller\\CheckedItemController::index","_route":"block_checkeditem"},"request_uri":"http://newjoy.co.jp/block/checkeditem"} []
[2018-03-20 04:11:51] eccube.INFO: Matched route "block_main_menu". {"route_parameters":{"_controller":"\\Eccube\\Controller\\Block\\MainMenuController::index","_route":"block_main_menu"},"request_uri":"http://newjoy.co.jp/block/main_menu"} []
[2018-03-20 04:11:51] eccube.INFO: < 200 [] []
[2018-03-20 07:14:03] eccube.INFO: Matched route "product_list". {"route_parameters":{"_controller":"\\Eccube\\Controller\\ProductController::index","_route":"product_list"},"request_uri":"http://newjoy.co.jp/products/list?category_id=6&disp_number=30&mode=&name=&orderby=2&pageno=1"} []
[2018-03-20 07:14:03] eccube.INFO: Populated the TokenStorage with an anonymous Token. [] []
[2018-03-20 07:14:03] eccube.INFO: > GET /products/list?mode=&category_id=6&name=&pageno=1&disp_number=30&orderby=2 [] []
[2018-03-20 07:14:03] eccube.INFO: Matched route "block_cart". {"route_parameters":{"_controller":"\\Eccube\\Controller\\Block\\CartController::index","_route":"block_cart"},"request_uri":"http://newjoy.co.jp/block/cart"} []
[2018-03-20 07:14:03] eccube.INFO: Matched route "block_login". {"route_parameters":{"_controller":"\\Eccube\\Controller\\Block\\LoginController::index","_route":"block_login"},"request_uri":"http://newjoy.co.jp/block/login"} []
[2018-03-20 07:14:03] eccube.INFO: Matched route "block_search_product". {"route_parameters":{"_controller":"\\Eccube\\Controller\\Block\\SearchProductController::index","_route":"block_search_product"},"request_uri":"http://newjoy.co.jp/block/search_product"} []
[2018-03-20 07:14:03] eccube.INFO: Matched route "block_category". {"route_parameters":{"_controller":"\\Eccube\\Controller\\Block\\CategoryController::index","_route":"block_category"},"request_uri":"http://newjoy.co.jp/block/category"} []
[2018-03-20 07:14:03] eccube.INFO: Matched route "block_recommend_product_block". {"route_parameters":{"_controller":"\\Plugin\\Recommend\\Controller\\Block\\RecommendController::index","_route":"block_recommend_product_block"},"request_uri":"http://newjoy.co.jp/block/recommend_product_block"} []
[2018-03-20 07:14:03] eccube.INFO: Matched route "block_sales_ranking". {"route_parameters":{"_controller":"\\Plugin\\SalesRanking\\Controller\\SalesRankingController::index","_route":"block_sales_ranking"},"request_uri":"http://newjoy.co.jp/block/sales_ranking"} []
[2018-03-20 07:14:03] eccube.INFO: Matched route "block_checkeditem". {"route_parameters":{"_controller":"\\Plugin\\CheckedItem\\Controller\\CheckedItemController::index","_route":"block_checkeditem"},"request_uri":"http://newjoy.co.jp/block/checkeditem"} []
[2018-03-20 07:14:03] eccube.INFO: Matched route "block_main_menu". {"route_parameters":{"_controller":"\\Eccube\\Controller\\Block\\MainMenuController::index","_route":"block_main_menu"},"request_uri":"http://newjoy.co.jp/block/main_menu"} []
[2018-03-20 07:14:04] eccube.INFO: < 200 [] []
[2018-03-20 09:34:36] eccube.INFO: Matched route "homepage". {"route_parameters":{"_controller":"\\Eccube\\Controller\\TopController::index","_route":"homepage"},"request_uri":"http://newjoy.co.jp/"} []
[2018-03-20 09:34:36] eccube.INFO: Populated the TokenStorage with an anonymous Token. [] []
[2018-03-20 09:34:36] eccube.INFO: > GET / [] []
[2018-03-20 09:34:36] eccube.INFO: Matched route "block_cart". {"route_parameters":{"_controller":"\\Eccube\\Controller\\Block\\CartController::index","_route":"block_cart"},"request_uri":"http://newjoy.co.jp/block/cart"} []
[2018-03-20 09:34:36] eccube.INFO: Matched route "block_login". {"route_parameters":{"_controller":"\\Eccube\\Controller\\Block\\LoginController::index","_route":"block_login"},"request_uri":"http://newjoy.co.jp/block/login"} []
[2018-03-20 09:34:36] eccube.INFO: Matched route "block_search_product". {"route_parameters":{"_controller":"\\Eccube\\Controller\\Block\\SearchProductController::index","_route":"block_search_product"},"request_uri":"http://newjoy.co.jp/block/search_product"} []
[2018-03-20 09:34:36] eccube.INFO: Matched route "block_category". {"route_parameters":{"_controller":"\\Eccube\\Controller\\Block\\CategoryController::index","_route":"block_category"},"request_uri":"http://newjoy.co.jp/block/category"} []
[2018-03-20 09:34:36] eccube.INFO: Matched route "block_recommend_product_block". {"route_parameters":{"_controller":"\\Plugin\\Recommend\\Controller\\Block\\RecommendController::index","_route":"block_recommend_product_block"},"request_uri":"http://newjoy.co.jp/block/recommend_product_block"} []
[2018-03-20 09:34:36] eccube.INFO: Matched route "block_plg_shiro8_new_product_block". {"route_parameters":{"_controller":"\\Plugin\\Shiro8NewProductBlock3\\Controller\\Block\\Shiro8NewProductController::index","_route":"block_plg_shiro8_new_product_block"},"request_uri":"http://newjoy.co.jp/block/plg_shiro8_new_product_block"} []
[2018-03-20 09:34:36] eccube.INFO: Matched route "block_sales_ranking". {"route_parameters":{"_controller":"\\Plugin\\SalesRanking\\Controller\\SalesRankingController::index","_route":"block_sales_ranking"},"request_uri":"http://newjoy.co.jp/block/sales_ranking"} []
[2018-03-20 09:34:36] eccube.INFO: Matched route "block_checkeditem". {"route_parameters":{"_controller":"\\Plugin\\CheckedItem\\Controller\\CheckedItemController::index","_route":"block_checkeditem"},"request_uri":"http://newjoy.co.jp/block/checkeditem"} []
[2018-03-20 09:34:36] eccube.INFO: Matched route "block_main_menu". {"route_parameters":{"_controller":"\\Eccube\\Controller\\Block\\MainMenuController::index","_route":"block_main_menu"},"request_uri":"http://newjoy.co.jp/block/main_menu"} []
[2018-03-20 09:34:36] eccube.INFO: Matched route "block_news". {"route_parameters":{"_controller":"\\Eccube\\Controller\\Block\\NewsController::index","_route":"block_news"},"request_uri":"http://newjoy.co.jp/block/news"} []
[2018-03-20 09:34:36] eccube.INFO: < 200 [] []
[2018-03-20 09:34:36] eccube.INFO: Matched route "homepage". {"route_parameters":{"_controller":"\\Eccube\\Controller\\TopController::index","_route":"homepage"},"request_uri":"http://newjoy.co.jp/"} []
[2018-03-20 09:34:36] eccube.INFO: Populated the TokenStorage with an anonymous Token. [] []
[2018-03-20 09:34:36] eccube.INFO: > GET / [] []
[2018-03-20 09:34:36] eccube.INFO: Matched route "block_cart". {"route_parameters":{"_controller":"\\Eccube\\Controller\\Block\\CartController::index","_route":"block_cart"},"request_uri":"http://newjoy.co.jp/block/cart"} []
[2018-03-20 09:34:36] eccube.INFO: Matched route "block_login". {"route_parameters":{"_controller":"\\Eccube\\Controller\\Block\\LoginController::index","_route":"block_login"},"request_uri":"http://newjoy.co.jp/block/login"} []
[2018-03-20 09:34:36] eccube.INFO: Matched route "block_search_product". {"route_parameters":{"_controller":"\\Eccube\\Controller\\Block\\SearchProductController::index","_route":"block_search_product"},"request_uri":"http://newjoy.co.jp/block/search_product"} []
[2018-03-20 09:34:37] eccube.INFO: Matched route "block_category". {"route_parameters":{"_controller":"\\Eccube\\Controller\\Block\\CategoryController::index","_route":"block_category"},"request_uri":"http://newjoy.co.jp/block/category"} []
[2018-03-20 09:34:37] eccube.INFO: Matched route "block_recommend_product_block". {"route_parameters":{"_controller":"\\Plugin\\Recommend\\Controller\\Block\\RecommendController::index","_route":"block_recommend_product_block"},"request_uri":"http://newjoy.co.jp/block/recommend_product_block"} []
[2018-03-20 09:34:37] eccube.INFO: Matched route "block_plg_shiro8_new_product_block". {"route_parameters":{"_controller":"\\Plugin\\Shiro8NewProductBlock3\\Controller\\Block\\Shiro8NewProductController::index","_route":"block_plg_shiro8_new_product_block"},"request_uri":"http://newjoy.co.jp/block/plg_shiro8_new_product_block"} []
[2018-03-20 09:34:37] eccube.INFO: Matched route "block_sales_ranking". {"route_parameters":{"_controller":"\\Plugin\\SalesRanking\\Controller\\SalesRankingController::index","_route":"block_sales_ranking"},"request_uri":"http://newjoy.co.jp/block/sales_ranking"} []
[2018-03-20 09:34:37] eccube.INFO: Matched route "admin_homepage". {"route_parameters":{"_controller":"\\Eccube\\Controller\\Admin\\AdminController::index","_route":"admin_homepage"},"request_uri":"http://newjoy.co.jp/admin/"} []
[2018-03-20 09:34:37] eccube.INFO: Populated the TokenStorage with an anonymous Token. [] []
[2018-03-20 09:34:37] eccube.INFO: Matched route "block_checkeditem". {"route_parameters":{"_controller":"\\Plugin\\CheckedItem\\Controller\\CheckedItemController::index","_route":"block_checkeditem"},"request_uri":"http://newjoy.co.jp/block/checkeditem"} []
[2018-03-20 09:34:37] eccube.INFO: Matched route "block_main_menu". {"route_parameters":{"_controller":"\\Eccube\\Controller\\Block\\MainMenuController::index","_route":"block_main_menu"},"request_uri":"http://newjoy.co.jp/block/main_menu"} []
[2018-03-20 09:34:37] eccube.INFO: Matched route "block_news". {"route_parameters":{"_controller":"\\Eccube\\Controller\\Block\\NewsController::index","_route":"block_news"},"request_uri":"http://newjoy.co.jp/block/news"} []
[2018-03-20 09:34:37] eccube.INFO: < 200 [] []
[2018-03-20 09:34:37] eccube.INFO: Matched route "admin_login". {"route_parameters":{"_controller":"\\Eccube\\Controller\\Admin\\AdminController::login","_route":"admin_login"},"request_uri":"http://newjoy.co.jp/admin/login"} []
[2018-03-20 09:34:37] eccube.INFO: < 401 [] []
[2018-03-20 09:34:39] eccube.ERROR: Symfony\Component\HttpKernel\Exception\NotFoundHttpException: No route found for "GET /img/spin.svg" (from "http://newjoy.co.jp/") (uncaught exception) at /home/kir021669/public_html/newjoy.co.jp/vendor/symfony/http-kernel/EventListener/RouterListener.php line 159 {"exception":"[object] (Symfony\\Component\\HttpKernel\\Exception\\NotFoundHttpException(code: 0): No route found for \"GET /img/spin.svg\" (from \"http://newjoy.co.jp/\") at /home/kir021669/public_html/newjoy.co.jp/vendor/symfony/http-kernel/EventListener/RouterListener.php:159, Symfony\\Component\\Routing\\Exception\\ResourceNotFoundException(code: 0): No routes found for \"/img/spin.svg\". at /home/kir021669/public_html/newjoy.co.jp/vendor/symfony/routing/Matcher/UrlMatcher.php:98)"} []
[2018-03-20 09:34:39] eccube.INFO: < 404 [] []
[2018-03-20 09:34:40] eccube.ERROR: Symfony\Component\HttpKernel\Exception\NotFoundHttpException: No route found for "GET /img/spin.svg" (from "http://newjoy.co.jp/") (uncaught exception) at /home/kir021669/public_html/newjoy.co.jp/vendor/symfony/http-kernel/EventListener/RouterListener.php line 159 {"exception":"[object] (Symfony\\Component\\HttpKernel\\Exception\\NotFoundHttpException(code: 0): No route found for \"GET /img/spin.svg\" (from \"http://newjoy.co.jp/\") at /home/kir021669/public_html/newjoy.co.jp/vendor/symfony/http-kernel/EventListener/RouterListener.php:159, Symfony\\Component\\Routing\\Exception\\ResourceNotFoundException(code: 0): No routes found for \"/img/spin.svg\". at /home/kir021669/public_html/newjoy.co.jp/vendor/symfony/routing/Matcher/UrlMatcher.php:98)"} []
[2018-03-20 09:34:40] eccube.INFO: < 404 [] []
[2018-03-20 09:35:59] eccube.INFO: Matched route "homepage". {"route_parameters":{"_controller":"\\Eccube\\Controller\\TopController::index","_route":"homepage"},"request_uri":"http://newjoy.co.jp/"} []
[2018-03-20 09:35:59] eccube.INFO: Populated the TokenStorage with an anonymous Token. [] []
[2018-03-20 09:35:59] eccube.INFO: > GET / [] []
[2018-03-20 09:35:59] eccube.INFO: Matched route "block_cart". {"route_parameters":{"_controller":"\\Eccube\\Controller\\Block\\CartController::index","_route":"block_cart"},"request_uri":"http://newjoy.co.jp/block/cart"} []
[2018-03-20 09:35:59] eccube.INFO: Matched route "block_login". {"route_parameters":{"_controller":"\\Eccube\\Controller\\Block\\LoginController::index","_route":"block_login"},"request_uri":"http://newjoy.co.jp/block/login"} []
[2018-03-20 09:35:59] eccube.INFO: Matched route "block_search_product". {"route_parameters":{"_controller":"\\Eccube\\Controller\\Block\\SearchProductController::index","_route":"block_search_product"},"request_uri":"http://newjoy.co.jp/block/search_product"} []
[2018-03-20 09:35:59] eccube.INFO: Matched route "block_category". {"route_parameters":{"_controller":"\\Eccube\\Controller\\Block\\CategoryController::index","_route":"block_category"},"request_uri":"http://newjoy.co.jp/block/category"} []
[2018-03-20 09:35:59] eccube.INFO: Matched route "block_recommend_product_block". {"route_parameters":{"_controller":"\\Plugin\\Recommend\\Controller\\Block\\RecommendController::index","_route":"block_recommend_product_block"},"request_uri":"http://newjoy.co.jp/block/recommend_product_block"} []
[2018-03-20 09:35:59] eccube.INFO: Matched route "block_plg_shiro8_new_product_block". {"route_parameters":{"_controller":"\\Plugin\\Shiro8NewProductBlock3\\Controller\\Block\\Shiro8NewProductController::index","_route":"block_plg_shiro8_new_product_block"},"request_uri":"http://newjoy.co.jp/block/plg_shiro8_new_product_block"} []
[2018-03-20 09:36:00] eccube.INFO: Matched route "block_sales_ranking". {"route_parameters":{"_controller":"\\Plugin\\SalesRanking\\Controller\\SalesRankingController::index","_route":"block_sales_ranking"},"request_uri":"http://newjoy.co.jp/block/sales_ranking"} []
[2018-03-20 09:36:00] eccube.INFO: Matched route "block_checkeditem". {"route_parameters":{"_controller":"\\Plugin\\CheckedItem\\Controller\\CheckedItemController::index","_route":"block_checkeditem"},"request_uri":"http://newjoy.co.jp/block/checkeditem"} []
[2018-03-20 09:36:00] eccube.INFO: Matched route "block_main_menu". {"route_parameters":{"_controller":"\\Eccube\\Controller\\Block\\MainMenuController::index","_route":"block_main_menu"},"request_uri":"http://newjoy.co.jp/block/main_menu"} []
[2018-03-20 09:36:00] eccube.INFO: Matched route "block_news". {"route_parameters":{"_controller":"\\Eccube\\Controller\\Block\\NewsController::index","_route":"block_news"},"request_uri":"http://newjoy.co.jp/block/news"} []
[2018-03-20 09:36:00] eccube.INFO: < 200 [] []
[2018-03-20 09:36:00] eccube.ERROR: Symfony\Component\HttpKernel\Exception\NotFoundHttpException: No route found for "GET /img/spin.svg" (from "http://newjoy.co.jp/") (uncaught exception) at /home/kir021669/public_html/newjoy.co.jp/vendor/symfony/http-kernel/EventListener/RouterListener.php line 159 {"exception":"[object] (Symfony\\Component\\HttpKernel\\Exception\\NotFoundHttpException(code: 0): No route found for \"GET /img/spin.svg\" (from \"http://newjoy.co.jp/\") at /home/kir021669/public_html/newjoy.co.jp/vendor/symfony/http-kernel/EventListener/RouterListener.php:159, Symfony\\Component\\Routing\\Exception\\ResourceNotFoundException(code: 0): No routes found for \"/img/spin.svg\". at /home/kir021669/public_html/newjoy.co.jp/vendor/symfony/routing/Matcher/UrlMatcher.php:98)"} []
[2018-03-20 09:36:00] eccube.INFO: < 404 [] []
[2018-03-20 09:36:00] eccube.ERROR: Symfony\Component\HttpKernel\Exception\NotFoundHttpException: No route found for "GET /img/spin.svg" (from "http://newjoy.co.jp/") (uncaught exception) at /home/kir021669/public_html/newjoy.co.jp/vendor/symfony/http-kernel/EventListener/RouterListener.php line 159 {"exception":"[object] (Symfony\\Component\\HttpKernel\\Exception\\NotFoundHttpException(code: 0): No route found for \"GET /img/spin.svg\" (from \"http://newjoy.co.jp/\") at /home/kir021669/public_html/newjoy.co.jp/vendor/symfony/http-kernel/EventListener/RouterListener.php:159, Symfony\\Component\\Routing\\Exception\\ResourceNotFoundException(code: 0): No routes found for \"/img/spin.svg\". at /home/kir021669/public_html/newjoy.co.jp/vendor/symfony/routing/Matcher/UrlMatcher.php:98)"} []
[2018-03-20 09:36:00] eccube.INFO: < 404 [] []
[2018-03-20 09:50:12] eccube.INFO: Matched route "admin_homepage". {"route_parameters":{"_controller":"\\Eccube\\Controller\\Admin\\AdminController::index","_route":"admin_homepage"},"request_uri":"http://newjoy.co.jp/admin/"} []
[2018-03-20 09:50:12] eccube.INFO: Populated the TokenStorage with an anonymous Token. [] []
[2018-03-20 09:50:12] eccube.INFO: Matched route "admin_login". {"route_parameters":{"_controller":"\\Eccube\\Controller\\Admin\\AdminController::login","_route":"admin_login"},"request_uri":"http://newjoy.co.jp/admin/login"} []
[2018-03-20 09:50:12] eccube.INFO: < 401 [] []
[2018-03-20 14:31:37] eccube.INFO: Matched route "homepage". {"route_parameters":{"_controller":"\\Eccube\\Controller\\TopController::index","_route":"homepage"},"request_uri":"http://newjoy.co.jp/"} []
[2018-03-20 14:31:37] eccube.INFO: Populated the TokenStorage with an anonymous Token. [] []
[2018-03-20 14:31:37] eccube.INFO: > GET / [] []
[2018-03-20 14:31:37] eccube.INFO: Matched route "block_cart". {"route_parameters":{"_controller":"\\Eccube\\Controller\\Block\\CartController::index","_route":"block_cart"},"request_uri":"http://newjoy.co.jp/block/cart"} []
[2018-03-20 14:31:37] eccube.INFO: Matched route "block_login". {"route_parameters":{"_controller":"\\Eccube\\Controller\\Block\\LoginController::index","_route":"block_login"},"request_uri":"http://newjoy.co.jp/block/login"} []
[2018-03-20 14:31:37] eccube.INFO: Matched route "block_search_product". {"route_parameters":{"_controller":"\\Eccube\\Controller\\Block\\SearchProductController::index","_route":"block_search_product"},"request_uri":"http://newjoy.co.jp/block/search_product"} []
[2018-03-20 14:31:37] eccube.INFO: Matched route "block_category". {"route_parameters":{"_controller":"\\Eccube\\Controller\\Block\\CategoryController::index","_route":"block_category"},"request_uri":"http://newjoy.co.jp/block/category"} []
[2018-03-20 14:31:37] eccube.INFO: Matched route "block_recommend_product_block". {"route_parameters":{"_controller":"\\Plugin\\Recommend\\Controller\\Block\\RecommendController::index","_route":"block_recommend_product_block"},"request_uri":"http://newjoy.co.jp/block/recommend_product_block"} []
[2018-03-20 14:31:37] eccube.INFO: Matched route "block_plg_shiro8_new_product_block". {"route_parameters":{"_controller":"\\Plugin\\Shiro8NewProductBlock3\\Controller\\Block\\Shiro8NewProductController::index","_route":"block_plg_shiro8_new_product_block"},"request_uri":"http://newjoy.co.jp/block/plg_shiro8_new_product_block"} []
[2018-03-20 14:31:37] eccube.INFO: Matched route "block_sales_ranking". {"route_parameters":{"_controller":"\\Plugin\\SalesRanking\\Controller\\SalesRankingController::index","_route":"block_sales_ranking"},"request_uri":"http://newjoy.co.jp/block/sales_ranking"} []
[2018-03-20 14:31:37] eccube.INFO: Matched route "block_checkeditem". {"route_parameters":{"_controller":"\\Plugin\\CheckedItem\\Controller\\CheckedItemController::index","_route":"block_checkeditem"},"request_uri":"http://newjoy.co.jp/block/checkeditem"} []
[2018-03-20 14:31:37] eccube.INFO: Matched route "block_main_menu". {"route_parameters":{"_controller":"\\Eccube\\Controller\\Block\\MainMenuController::index","_route":"block_main_menu"},"request_uri":"http://newjoy.co.jp/block/main_menu"} []
[2018-03-20 14:31:37] eccube.INFO: Matched route "block_news". {"route_parameters":{"_controller":"\\Eccube\\Controller\\Block\\NewsController::index","_route":"block_news"},"request_uri":"http://newjoy.co.jp/block/news"} []
[2018-03-20 14:31:37] eccube.INFO: < 200 [] []
[2018-03-20 14:31:56] eccube.ERROR: Symfony\Component\HttpKernel\Exception\NotFoundHttpException: No route found for "GET /img/spin.svg" (from "http://newjoy.co.jp/") (uncaught exception) at /home/kir021669/public_html/newjoy.co.jp/vendor/symfony/http-kernel/EventListener/RouterListener.php line 159 {"exception":"[object] (Symfony\\Component\\HttpKernel\\Exception\\NotFoundHttpException(code: 0): No route found for \"GET /img/spin.svg\" (from \"http://newjoy.co.jp/\") at /home/kir021669/public_html/newjoy.co.jp/vendor/symfony/http-kernel/EventListener/RouterListener.php:159, Symfony\\Component\\Routing\\Exception\\ResourceNotFoundException(code: 0): No routes found for \"/img/spin.svg\". at /home/kir021669/public_html/newjoy.co.jp/vendor/symfony/routing/Matcher/UrlMatcher.php:98)"} []
[2018-03-20 14:31:56] eccube.INFO: < 404 [] []
[2018-03-20 17:02:48] eccube.INFO: Matched route "product_list". {"route_parameters":{"_controller":"\\Eccube\\Controller\\ProductController::index","_route":"product_list"},"request_uri":"http://newjoy.co.jp/products/list?category_id=4&disp_number=15&mode=&name=&orderby=1&pageno=1"} []
[2018-03-20 17:02:48] eccube.INFO: Populated the TokenStorage with an anonymous Token. [] []
[2018-03-20 17:02:48] eccube.INFO: > GET /products/list?mode=&category_id=4&name=&pageno=1&disp_number=15&orderby=1 [] []
[2018-03-20 17:02:48] eccube.INFO: Matched route "block_cart". {"route_parameters":{"_controller":"\\Eccube\\Controller\\Block\\CartController::index","_route":"block_cart"},"request_uri":"http://newjoy.co.jp/block/cart"} []
[2018-03-20 17:02:48] eccube.INFO: Matched route "block_login". {"route_parameters":{"_controller":"\\Eccube\\Controller\\Block\\LoginController::index","_route":"block_login"},"request_uri":"http://newjoy.co.jp/block/login"} []
[2018-03-20 17:02:48] eccube.INFO: Matched route "block_search_product". {"route_parameters":{"_controller":"\\Eccube\\Controller\\Block\\SearchProductController::index","_route":"block_search_product"},"request_uri":"http://newjoy.co.jp/block/search_product"} []
[2018-03-20 17:02:48] eccube.INFO: Matched route "block_category". {"route_parameters":{"_controller":"\\Eccube\\Controller\\Block\\CategoryController::index","_route":"block_category"},"request_uri":"http://newjoy.co.jp/block/category"} []
[2018-03-20 17:02:48] eccube.INFO: Matched route "block_recommend_product_block". {"route_parameters":{"_controller":"\\Plugin\\Recommend\\Controller\\Block\\RecommendController::index","_route":"block_recommend_product_block"},"request_uri":"http://newjoy.co.jp/block/recommend_product_block"} []
[2018-03-20 17:02:48] eccube.INFO: Matched route "block_sales_ranking". {"route_parameters":{"_controller":"\\Plugin\\SalesRanking\\Controller\\SalesRankingController::index","_route":"block_sales_ranking"},"request_uri":"http://newjoy.co.jp/block/sales_ranking"} []
[2018-03-20 17:02:48] eccube.INFO: Matched route "block_checkeditem". {"route_parameters":{"_controller":"\\Plugin\\CheckedItem\\Controller\\CheckedItemController::index","_route":"block_checkeditem"},"request_uri":"http://newjoy.co.jp/block/checkeditem"} []
[2018-03-20 17:02:48] eccube.INFO: Matched route "block_main_menu". {"route_parameters":{"_controller":"\\Eccube\\Controller\\Block\\MainMenuController::index","_route":"block_main_menu"},"request_uri":"http://newjoy.co.jp/block/main_menu"} []
[2018-03-20 17:02:48] eccube.INFO: < 200 [] []
[2018-03-20 19:20:52] eccube.INFO: Matched route "product_list". {"route_parameters":{"_controller":"\\Eccube\\Controller\\ProductController::index","_route":"product_list"},"request_uri":"http://newjoy.co.jp/products/list?category_id=10&disp_number=30&mode=&name=&orderby=2&pageno=1"} []
[2018-03-20 19:20:52] eccube.INFO: Populated the TokenStorage with an anonymous Token. [] []
[2018-03-20 19:20:52] eccube.INFO: > GET /products/list?mode=&category_id=10&name=&pageno=1&disp_number=30&orderby=2 [] []
[2018-03-20 19:20:53] eccube.INFO: Matched route "block_cart". {"route_parameters":{"_controller":"\\Eccube\\Controller\\Block\\CartController::index","_route":"block_cart"},"request_uri":"http://newjoy.co.jp/block/cart"} []
[2018-03-20 19:20:53] eccube.INFO: Matched route "block_login". {"route_parameters":{"_controller":"\\Eccube\\Controller\\Block\\LoginController::index","_route":"block_login"},"request_uri":"http://newjoy.co.jp/block/login"} []
[2018-03-20 19:20:53] eccube.INFO: Matched route "block_search_product". {"route_parameters":{"_controller":"\\Eccube\\Controller\\Block\\SearchProductController::index","_route":"block_search_product"},"request_uri":"http://newjoy.co.jp/block/search_product"} []
[2018-03-20 19:20:53] eccube.INFO: Matched route "block_category". {"route_parameters":{"_controller":"\\Eccube\\Controller\\Block\\CategoryController::index","_route":"block_category"},"request_uri":"http://newjoy.co.jp/block/category"} []
[2018-03-20 19:20:53] eccube.INFO: Matched route "block_recommend_product_block". {"route_parameters":{"_controller":"\\Plugin\\Recommend\\Controller\\Block\\RecommendController::index","_route":"block_recommend_product_block"},"request_uri":"http://newjoy.co.jp/block/recommend_product_block"} []
[2018-03-20 19:20:53] eccube.INFO: Matched route "block_sales_ranking". {"route_parameters":{"_controller":"\\Plugin\\SalesRanking\\Controller\\SalesRankingController::index","_route":"block_sales_ranking"},"request_uri":"http://newjoy.co.jp/block/sales_ranking"} []
[2018-03-20 19:20:53] eccube.INFO: Matched route "block_checkeditem". {"route_parameters":{"_controller":"\\Plugin\\CheckedItem\\Controller\\CheckedItemController::index","_route":"block_checkeditem"},"request_uri":"http://newjoy.co.jp/block/checkeditem"} []
[2018-03-20 19:20:53] eccube.INFO: Matched route "block_main_menu". {"route_parameters":{"_controller":"\\Eccube\\Controller\\Block\\MainMenuController::index","_route":"block_main_menu"},"request_uri":"http://newjoy.co.jp/block/main_menu"} []
[2018-03-20 19:20:53] eccube.INFO: < 200 [] []
[2018-03-20 21:39:03] eccube.INFO: Matched route "product_list". {"route_parameters":{"_controller":"\\Eccube\\Controller\\ProductController::index","_route":"product_list"},"request_uri":"http://newjoy.co.jp/products/list?category_id=10&disp_number=15&mode=&name=&orderby=3&pageno=1"} []
[2018-03-20 21:39:03] eccube.INFO: Populated the TokenStorage with an anonymous Token. [] []
[2018-03-20 21:39:03] eccube.INFO: > GET /products/list?mode=&category_id=10&name=&pageno=1&disp_number=15&orderby=3 [] []
[2018-03-20 21:39:03] eccube.INFO: Matched route "block_cart". {"route_parameters":{"_controller":"\\Eccube\\Controller\\Block\\CartController::index","_route":"block_cart"},"request_uri":"http://newjoy.co.jp/block/cart"} []
[2018-03-20 21:39:03] eccube.INFO: Matched route "block_login". {"route_parameters":{"_controller":"\\Eccube\\Controller\\Block\\LoginController::index","_route":"block_login"},"request_uri":"http://newjoy.co.jp/block/login"} []
[2018-03-20 21:39:03] eccube.INFO: Matched route "block_search_product". {"route_parameters":{"_controller":"\\Eccube\\Controller\\Block\\SearchProductController::index","_route":"block_search_product"},"request_uri":"http://newjoy.co.jp/block/search_product"} []
[2018-03-20 21:39:03] eccube.INFO: Matched route "block_category". {"route_parameters":{"_controller":"\\Eccube\\Controller\\Block\\CategoryController::index","_route":"block_category"},"request_uri":"http://newjoy.co.jp/block/category"} []
[2018-03-20 21:39:03] eccube.INFO: Matched route "block_recommend_product_block". {"route_parameters":{"_controller":"\\Plugin\\Recommend\\Controller\\Block\\RecommendController::index","_route":"block_recommend_product_block"},"request_uri":"http://newjoy.co.jp/block/recommend_product_block"} []
[2018-03-20 21:39:03] eccube.INFO: Matched route "block_sales_ranking". {"route_parameters":{"_controller":"\\Plugin\\SalesRanking\\Controller\\SalesRankingController::index","_route":"block_sales_ranking"},"request_uri":"http://newjoy.co.jp/block/sales_ranking"} []
[2018-03-20 21:39:03] eccube.INFO: Matched route "block_checkeditem". {"route_parameters":{"_controller":"\\Plugin\\CheckedItem\\Controller\\CheckedItemController::index","_route":"block_checkeditem"},"request_uri":"http://newjoy.co.jp/block/checkeditem"} []
[2018-03-20 21:39:03] eccube.INFO: Matched route "block_main_menu". {"route_parameters":{"_controller":"\\Eccube\\Controller\\Block\\MainMenuController::index","_route":"block_main_menu"},"request_uri":"http://newjoy.co.jp/block/main_menu"} []
[2018-03-20 21:39:03] eccube.INFO: < 200 [] []
[2018-03-20 21:39:26] eccube.INFO: Matched route "product_list". {"route_parameters":{"_controller":"\\Eccube\\Controller\\ProductController::index","_route":"product_list"},"request_uri":"http://newjoy.co.jp/products/list?category_id=7&disp_number=30&mode=&name=&orderby=2&pageno=1"} []
[2018-03-20 21:39:26] eccube.INFO: Populated the TokenStorage with an anonymous Token. [] []
[2018-03-20 21:39:26] eccube.INFO: > GET /products/list?mode=&category_id=7&name=&pageno=1&disp_number=30&orderby=2 [] []
[2018-03-20 21:39:27] eccube.INFO: Matched route "block_cart". {"route_parameters":{"_controller":"\\Eccube\\Controller\\Block\\CartController::index","_route":"block_cart"},"request_uri":"http://newjoy.co.jp/block/cart"} []
[2018-03-20 21:39:27] eccube.INFO: Matched route "block_login". {"route_parameters":{"_controller":"\\Eccube\\Controller\\Block\\LoginController::index","_route":"block_login"},"request_uri":"http://newjoy.co.jp/block/login"} []
[2018-03-20 21:39:27] eccube.INFO: Matched route "block_search_product". {"route_parameters":{"_controller":"\\Eccube\\Controller\\Block\\SearchProductController::index","_route":"block_search_product"},"request_uri":"http://newjoy.co.jp/block/search_product"} []
[2018-03-20 21:39:27] eccube.INFO: Matched route "block_category". {"route_parameters":{"_controller":"\\Eccube\\Controller\\Block\\CategoryController::index","_route":"block_category"},"request_uri":"http://newjoy.co.jp/block/category"} []
[2018-03-20 21:39:27] eccube.INFO: Matched route "block_recommend_product_block". {"route_parameters":{"_controller":"\\Plugin\\Recommend\\Controller\\Block\\RecommendController::index","_route":"block_recommend_product_block"},"request_uri":"http://newjoy.co.jp/block/recommend_product_block"} []
[2018-03-20 21:39:27] eccube.INFO: Matched route "block_sales_ranking". {"route_parameters":{"_controller":"\\Plugin\\SalesRanking\\Controller\\SalesRankingController::index","_route":"block_sales_ranking"},"request_uri":"http://newjoy.co.jp/block/sales_ranking"} []
[2018-03-20 21:39:27] eccube.INFO: Matched route "block_checkeditem". {"route_parameters":{"_controller":"\\Plugin\\CheckedItem\\Controller\\CheckedItemController::index","_route":"block_checkeditem"},"request_uri":"http://newjoy.co.jp/block/checkeditem"} []
[2018-03-20 21:39:27] eccube.INFO: Matched route "block_main_menu". {"route_parameters":{"_controller":"\\Eccube\\Controller\\Block\\MainMenuController::index","_route":"block_main_menu"},"request_uri":"http://newjoy.co.jp/block/main_menu"} []
[2018-03-20 21:39:27] eccube.INFO: < 200 [] []
[2018-03-20 23:41:04] eccube.INFO: Matched route "product_list". {"route_parameters":{"_controller":"\\Eccube\\Controller\\ProductController::index","_route":"product_list"},"request_uri":"http://newjoy.co.jp/products/list?category_id=9&disp_number=30&mode=&name=&orderby=1&pageno=1"} []
[2018-03-20 23:41:04] eccube.INFO: Populated the TokenStorage with an anonymous Token. [] []
[2018-03-20 23:41:04] eccube.INFO: > GET /products/list?mode=&category_id=9&name=&pageno=1&disp_number=30&orderby=1 [] []
[2018-03-20 23:41:05] eccube.INFO: Matched route "block_cart". {"route_parameters":{"_controller":"\\Eccube\\Controller\\Block\\CartController::index","_route":"block_cart"},"request_uri":"http://newjoy.co.jp/block/cart"} []
[2018-03-20 23:41:05] eccube.INFO: Matched route "block_login". {"route_parameters":{"_controller":"\\Eccube\\Controller\\Block\\LoginController::index","_route":"block_login"},"request_uri":"http://newjoy.co.jp/block/login"} []
[2018-03-20 23:41:05] eccube.INFO: Matched route "block_search_product". {"route_parameters":{"_controller":"\\Eccube\\Controller\\Block\\SearchProductController::index","_route":"block_search_product"},"request_uri":"http://newjoy.co.jp/block/search_product"} []
[2018-03-20 23:41:05] eccube.INFO: Matched route "block_category". {"route_parameters":{"_controller":"\\Eccube\\Controller\\Block\\CategoryController::index","_route":"block_category"},"request_uri":"http://newjoy.co.jp/block/category"} []
[2018-03-20 23:41:05] eccube.INFO: Matched route "block_recommend_product_block". {"route_parameters":{"_controller":"\\Plugin\\Recommend\\Controller\\Block\\RecommendController::index","_route":"block_recommend_product_block"},"request_uri":"http://newjoy.co.jp/block/recommend_product_block"} []
[2018-03-20 23:41:05] eccube.INFO: Matched route "block_sales_ranking". {"route_parameters":{"_controller":"\\Plugin\\SalesRanking\\Controller\\SalesRankingController::index","_route":"block_sales_ranking"},"request_uri":"http://newjoy.co.jp/block/sales_ranking"} []
[2018-03-20 23:41:05] eccube.INFO: Matched route "block_checkeditem". {"route_parameters":{"_controller":"\\Plugin\\CheckedItem\\Controller\\CheckedItemController::index","_route":"block_checkeditem"},"request_uri":"http://newjoy.co.jp/block/checkeditem"} []
[2018-03-20 23:41:05] eccube.INFO: Matched route "block_main_menu". {"route_parameters":{"_controller":"\\Eccube\\Controller\\Block\\MainMenuController::index","_route":"block_main_menu"},"request_uri":"http://newjoy.co.jp/block/main_menu"} []
[2018-03-20 23:41:05] eccube.INFO: < 200 [] []
