[2018-05-06 00:07:48] eccube.INFO: Matched route "n/a". {"route_parameters":{"_controller":"[object] (Closure: {})","_route":null,"url":"https://www.newjoy.co.jp/"},"request_uri":"http://www.newjoy.co.jp/"} []
[2018-05-06 00:07:48] eccube.INFO: Populated the TokenStorage with an anonymous Token. [] []
[2018-05-06 00:07:48] eccube.INFO: > GET / [] []
[2018-05-06 00:07:48] eccube.INFO: < 301 https://www.newjoy.co.jp/ [] []
[2018-05-06 07:24:46] eccube.INFO: Matched route "product_list". {"route_parameters":{"_controller":"\\Eccube\\Controller\\ProductController::index","_route":"product_list"},"request_uri":"https://newjoy.co.jp/products/list?category_id=17&disp_number=30&mode=&name=&orderby=0&pageno=1"} []
[2018-05-06 07:24:46] eccube.INFO: Populated the TokenStorage with an anonymous Token. [] []
[2018-05-06 07:24:46] eccube.INFO: > GET /products/list?mode=&category_id=17&name=&pageno=1&disp_number=30&orderby=0 [] []
[2018-05-06 07:24:48] eccube.INFO: CategoryContent Product/list.twig start [] []
[2018-05-06 07:24:48] eccube.INFO: CategoryContent Product/list.twig end [] []
[2018-05-06 07:24:48] eccube.INFO: Matched route "block_cart". {"route_parameters":{"_controller":"\\Eccube\\Controller\\Block\\CartController::index","_route":"block_cart"},"request_uri":"https://newjoy.co.jp/block/cart"} []
[2018-05-06 07:24:48] eccube.INFO: Matched route "block_login". {"route_parameters":{"_controller":"\\Eccube\\Controller\\Block\\LoginController::index","_route":"block_login"},"request_uri":"https://newjoy.co.jp/block/login"} []
[2018-05-06 07:24:48] eccube.INFO: Matched route "block_search_product". {"route_parameters":{"_controller":"\\Eccube\\Controller\\Block\\SearchProductController::index","_route":"block_search_product"},"request_uri":"https://newjoy.co.jp/block/search_product"} []
[2018-05-06 07:24:49] eccube.INFO: Matched route "block_category". {"route_parameters":{"_controller":"\\Eccube\\Controller\\Block\\CategoryController::index","_route":"block_category"},"request_uri":"https://newjoy.co.jp/block/category"} []
[2018-05-06 07:24:49] eccube.INFO: Matched route "block_checkeditem". {"route_parameters":{"_controller":"\\Plugin\\CheckedItem\\Controller\\CheckedItemController::index","_route":"block_checkeditem"},"request_uri":"https://newjoy.co.jp/block/checkeditem"} []
[2018-05-06 07:24:49] eccube.INFO: Matched route "block_main_menu". {"route_parameters":{"_controller":"\\Eccube\\Controller\\Block\\MainMenuController::index","_route":"block_main_menu"},"request_uri":"https://newjoy.co.jp/block/main_menu"} []
[2018-05-06 07:24:49] eccube.INFO: < 200 [] []
[2018-05-06 08:24:56] eccube.ERROR: Symfony\Component\HttpKernel\Exception\NotFoundHttpException: No route found for "GET /.well-known/assetlinks.json" (uncaught exception) at /home/kir021669/public_html/newjoy.co.jp/vendor/symfony/http-kernel/EventListener/RouterListener.php line 159 {"exception":"[object] (Symfony\\Component\\HttpKernel\\Exception\\NotFoundHttpException(code: 0): No route found for \"GET /.well-known/assetlinks.json\" at /home/kir021669/public_html/newjoy.co.jp/vendor/symfony/http-kernel/EventListener/RouterListener.php:159, Symfony\\Component\\Routing\\Exception\\ResourceNotFoundException(code: 0): No routes found for \"/.well-known/assetlinks.json\". at /home/kir021669/public_html/newjoy.co.jp/vendor/symfony/routing/Matcher/UrlMatcher.php:98)"} []
[2018-05-06 08:24:56] eccube.INFO: < 404 [] []
[2018-05-06 16:41:31] eccube.INFO: Matched route "product_list". {"route_parameters":{"_controller":"\\Eccube\\Controller\\ProductController::index","_route":"product_list"},"request_uri":"https://newjoy.co.jp/products/list?category_id=&disp_number=30&mode=&name=%E3%83%9A%E3%82%A2%E3%83%AB%E3%83%83%E3%82%AF&orderby=0&pageno=1"} []
[2018-05-06 16:41:31] eccube.INFO: Populated the TokenStorage with an anonymous Token. [] []
[2018-05-06 16:41:31] eccube.INFO: > GET /products/list?mode=&category_id=&name=%E3%83%9A%E3%82%A2%E3%83%AB%E3%83%83%E3%82%AF&pageno=1&disp_number=30&orderby=0 [] []
[2018-05-06 16:41:32] eccube.INFO: CategoryContent Product/list.twig start [] []
[2018-05-06 16:41:32] eccube.INFO: Matched route "block_cart". {"route_parameters":{"_controller":"\\Eccube\\Controller\\Block\\CartController::index","_route":"block_cart"},"request_uri":"https://newjoy.co.jp/block/cart"} []
[2018-05-06 16:41:32] eccube.INFO: Matched route "block_login". {"route_parameters":{"_controller":"\\Eccube\\Controller\\Block\\LoginController::index","_route":"block_login"},"request_uri":"https://newjoy.co.jp/block/login"} []
[2018-05-06 16:41:32] eccube.INFO: Matched route "block_search_product". {"route_parameters":{"_controller":"\\Eccube\\Controller\\Block\\SearchProductController::index","_route":"block_search_product"},"request_uri":"https://newjoy.co.jp/block/search_product"} []
[2018-05-06 16:41:32] eccube.INFO: Matched route "block_category". {"route_parameters":{"_controller":"\\Eccube\\Controller\\Block\\CategoryController::index","_route":"block_category"},"request_uri":"https://newjoy.co.jp/block/category"} []
[2018-05-06 16:41:33] eccube.INFO: Matched route "block_checkeditem". {"route_parameters":{"_controller":"\\Plugin\\CheckedItem\\Controller\\CheckedItemController::index","_route":"block_checkeditem"},"request_uri":"https://newjoy.co.jp/block/checkeditem"} []
[2018-05-06 16:41:33] eccube.INFO: Matched route "block_main_menu". {"route_parameters":{"_controller":"\\Eccube\\Controller\\Block\\MainMenuController::index","_route":"block_main_menu"},"request_uri":"https://newjoy.co.jp/block/main_menu"} []
[2018-05-06 16:41:33] eccube.INFO: < 200 [] []
[2018-05-06 18:54:18] eccube.INFO: Matched route "product_detail". {"route_parameters":{"_controller":"\\Eccube\\Controller\\ProductController::detail","id":"4","_route":"product_detail"},"request_uri":"https://newjoy.co.jp/products/detail/4"} []
[2018-05-06 18:54:18] eccube.INFO: Populated the TokenStorage with an anonymous Token. [] []
[2018-05-06 18:54:18] eccube.INFO: > GET /products/detail/4 [] []
[2018-05-06 18:54:18] eccube.INFO: RelatedProduct trigger onRenderProductDetail start [] []
[2018-05-06 18:54:18] eccube.INFO: Event: product review hook into the product detail start. [] []
[2018-05-06 18:54:18] eccube.INFO: Event: product review render success. {"Product id":4} []
[2018-05-06 18:54:18] eccube.INFO: Event: product review hook into the product detail end. [] []
[2018-05-06 18:54:18] eccube.INFO: Matched route "block_cart". {"route_parameters":{"_controller":"\\Eccube\\Controller\\Block\\CartController::index","_route":"block_cart"},"request_uri":"https://newjoy.co.jp/block/cart"} []
[2018-05-06 18:54:18] eccube.INFO: Matched route "block_login". {"route_parameters":{"_controller":"\\Eccube\\Controller\\Block\\LoginController::index","_route":"block_login"},"request_uri":"https://newjoy.co.jp/block/login"} []
[2018-05-06 18:54:18] eccube.INFO: Matched route "block_search_product". {"route_parameters":{"_controller":"\\Eccube\\Controller\\Block\\SearchProductController::index","_route":"block_search_product"},"request_uri":"https://newjoy.co.jp/block/search_product"} []
[2018-05-06 18:54:19] eccube.INFO: Matched route "block_category". {"route_parameters":{"_controller":"\\Eccube\\Controller\\Block\\CategoryController::index","_route":"block_category"},"request_uri":"https://newjoy.co.jp/block/category"} []
[2018-05-06 18:54:19] eccube.INFO: Matched route "block_recommendify3_product_block". {"route_parameters":{"_controller":"\\Plugin\\Recommendify3\\Controller\\Block\\Recommendify3Controller::index","_route":"block_recommendify3_product_block"},"request_uri":"https://newjoy.co.jp/block/recommendify3_product_block"} []
[2018-05-06 18:54:19] eccube.INFO: Matched route "block_checkeditem". {"route_parameters":{"_controller":"\\Plugin\\CheckedItem\\Controller\\CheckedItemController::index","_route":"block_checkeditem"},"request_uri":"https://newjoy.co.jp/block/checkeditem"} []
[2018-05-06 18:54:19] eccube.INFO: Matched route "block_main_menu". {"route_parameters":{"_controller":"\\Eccube\\Controller\\Block\\MainMenuController::index","_route":"block_main_menu"},"request_uri":"https://newjoy.co.jp/block/main_menu"} []
[2018-05-06 18:54:19] eccube.INFO: < 200 [] []
[2018-05-06 19:04:45] eccube.INFO: Matched route "n/a". {"route_parameters":{"_controller":"[object] (Closure: {})","_route":null,"url":"https://newjoy.co.jp/products/list?category_id=11"},"request_uri":"http://newjoy.co.jp/products/list?category_id=11"} []
[2018-05-06 19:04:45] eccube.INFO: Populated the TokenStorage with an anonymous Token. [] []
[2018-05-06 19:04:45] eccube.INFO: > GET /products/list?category_id=11 [] []
[2018-05-06 19:04:45] eccube.INFO: < 301 https://newjoy.co.jp/products/list?category_id=11 [] []
[2018-05-06 19:04:46] eccube.INFO: Matched route "product_list". {"route_parameters":{"_controller":"\\Eccube\\Controller\\ProductController::index","_route":"product_list"},"request_uri":"https://newjoy.co.jp/products/list?category_id=11"} []
[2018-05-06 19:04:46] eccube.INFO: Populated the TokenStorage with an anonymous Token. [] []
[2018-05-06 19:04:46] eccube.INFO: > GET /products/list?category_id=11 [] []
[2018-05-06 19:04:46] eccube.INFO: CategoryContent Product/list.twig start [] []
[2018-05-06 19:04:46] eccube.INFO: Matched route "block_cart". {"route_parameters":{"_controller":"\\Eccube\\Controller\\Block\\CartController::index","_route":"block_cart"},"request_uri":"https://newjoy.co.jp/block/cart"} []
[2018-05-06 19:04:46] eccube.INFO: Matched route "block_login". {"route_parameters":{"_controller":"\\Eccube\\Controller\\Block\\LoginController::index","_route":"block_login"},"request_uri":"https://newjoy.co.jp/block/login"} []
[2018-05-06 19:04:46] eccube.INFO: Matched route "block_search_product". {"route_parameters":{"_controller":"\\Eccube\\Controller\\Block\\SearchProductController::index","_route":"block_search_product"},"request_uri":"https://newjoy.co.jp/block/search_product"} []
[2018-05-06 19:04:47] eccube.INFO: Matched route "block_category". {"route_parameters":{"_controller":"\\Eccube\\Controller\\Block\\CategoryController::index","_route":"block_category"},"request_uri":"https://newjoy.co.jp/block/category"} []
[2018-05-06 19:04:47] eccube.INFO: Matched route "block_checkeditem". {"route_parameters":{"_controller":"\\Plugin\\CheckedItem\\Controller\\CheckedItemController::index","_route":"block_checkeditem"},"request_uri":"https://newjoy.co.jp/block/checkeditem"} []
[2018-05-06 19:04:47] eccube.INFO: Matched route "block_main_menu". {"route_parameters":{"_controller":"\\Eccube\\Controller\\Block\\MainMenuController::index","_route":"block_main_menu"},"request_uri":"https://newjoy.co.jp/block/main_menu"} []
[2018-05-06 19:04:47] eccube.INFO: < 200 [] []
[2018-05-06 20:06:28] eccube.INFO: Matched route "product_list". {"route_parameters":{"_controller":"\\Eccube\\Controller\\ProductController::index","_route":"product_list"},"request_uri":"https://newjoy.co.jp/products/list?pageno=2"} []
[2018-05-06 20:06:28] eccube.INFO: Populated the TokenStorage with an anonymous Token. [] []
[2018-05-06 20:06:28] eccube.INFO: > GET /products/list?pageno=2 [] []
[2018-05-06 20:06:28] eccube.INFO: CategoryContent Product/list.twig start [] []
[2018-05-06 20:06:28] eccube.INFO: Matched route "block_cart". {"route_parameters":{"_controller":"\\Eccube\\Controller\\Block\\CartController::index","_route":"block_cart"},"request_uri":"https://newjoy.co.jp/block/cart"} []
[2018-05-06 20:06:28] eccube.INFO: Matched route "block_login". {"route_parameters":{"_controller":"\\Eccube\\Controller\\Block\\LoginController::index","_route":"block_login"},"request_uri":"https://newjoy.co.jp/block/login"} []
[2018-05-06 20:06:28] eccube.INFO: Matched route "block_search_product". {"route_parameters":{"_controller":"\\Eccube\\Controller\\Block\\SearchProductController::index","_route":"block_search_product"},"request_uri":"https://newjoy.co.jp/block/search_product"} []
[2018-05-06 20:06:29] eccube.INFO: Matched route "block_category". {"route_parameters":{"_controller":"\\Eccube\\Controller\\Block\\CategoryController::index","_route":"block_category"},"request_uri":"https://newjoy.co.jp/block/category"} []
[2018-05-06 20:06:29] eccube.INFO: Matched route "block_checkeditem". {"route_parameters":{"_controller":"\\Plugin\\CheckedItem\\Controller\\CheckedItemController::index","_route":"block_checkeditem"},"request_uri":"https://newjoy.co.jp/block/checkeditem"} []
[2018-05-06 20:06:29] eccube.INFO: Matched route "block_main_menu". {"route_parameters":{"_controller":"\\Eccube\\Controller\\Block\\MainMenuController::index","_route":"block_main_menu"},"request_uri":"https://newjoy.co.jp/block/main_menu"} []
[2018-05-06 20:06:29] eccube.INFO: < 200 [] []
[2018-05-06 20:06:34] eccube.INFO: Matched route "n/a". {"route_parameters":{"_controller":"[object] (Closure: {})","_route":null,"url":"https://newjoy.co.jp/products/detail/3"},"request_uri":"http://newjoy.co.jp/products/detail/3"} []
[2018-05-06 20:06:34] eccube.INFO: Populated the TokenStorage with an anonymous Token. [] []
[2018-05-06 20:06:34] eccube.INFO: > GET /products/detail/3 [] []
[2018-05-06 20:06:34] eccube.INFO: < 301 https://newjoy.co.jp/products/detail/3 [] []
[2018-05-06 20:06:36] eccube.INFO: Matched route "product_detail". {"route_parameters":{"_controller":"\\Eccube\\Controller\\ProductController::detail","id":"3","_route":"product_detail"},"request_uri":"https://newjoy.co.jp/products/detail/3"} []
[2018-05-06 20:06:36] eccube.INFO: Populated the TokenStorage with an anonymous Token. [] []
[2018-05-06 20:06:36] eccube.INFO: > GET /products/detail/3 [] []
[2018-05-06 20:06:36] eccube.INFO: RelatedProduct trigger onRenderProductDetail start [] []
[2018-05-06 20:06:36] eccube.INFO: Event: product review hook into the product detail start. [] []
[2018-05-06 20:06:36] eccube.INFO: Event: product review render success. {"Product id":3} []
[2018-05-06 20:06:36] eccube.INFO: Event: product review hook into the product detail end. [] []
[2018-05-06 20:06:36] eccube.INFO: Matched route "block_cart". {"route_parameters":{"_controller":"\\Eccube\\Controller\\Block\\CartController::index","_route":"block_cart"},"request_uri":"https://newjoy.co.jp/block/cart"} []
[2018-05-06 20:06:36] eccube.INFO: Matched route "block_login". {"route_parameters":{"_controller":"\\Eccube\\Controller\\Block\\LoginController::index","_route":"block_login"},"request_uri":"https://newjoy.co.jp/block/login"} []
[2018-05-06 20:06:37] eccube.INFO: Matched route "block_search_product". {"route_parameters":{"_controller":"\\Eccube\\Controller\\Block\\SearchProductController::index","_route":"block_search_product"},"request_uri":"https://newjoy.co.jp/block/search_product"} []
[2018-05-06 20:06:37] eccube.INFO: Matched route "block_category". {"route_parameters":{"_controller":"\\Eccube\\Controller\\Block\\CategoryController::index","_route":"block_category"},"request_uri":"https://newjoy.co.jp/block/category"} []
[2018-05-06 20:06:37] eccube.INFO: Matched route "block_recommendify3_product_block". {"route_parameters":{"_controller":"\\Plugin\\Recommendify3\\Controller\\Block\\Recommendify3Controller::index","_route":"block_recommendify3_product_block"},"request_uri":"https://newjoy.co.jp/block/recommendify3_product_block"} []
[2018-05-06 20:06:37] eccube.INFO: Matched route "block_checkeditem". {"route_parameters":{"_controller":"\\Plugin\\CheckedItem\\Controller\\CheckedItemController::index","_route":"block_checkeditem"},"request_uri":"https://newjoy.co.jp/block/checkeditem"} []
[2018-05-06 20:06:37] eccube.INFO: Matched route "block_main_menu". {"route_parameters":{"_controller":"\\Eccube\\Controller\\Block\\MainMenuController::index","_route":"block_main_menu"},"request_uri":"https://newjoy.co.jp/block/main_menu"} []
[2018-05-06 20:06:37] eccube.INFO: < 200 [] []
[2018-05-06 21:24:08] eccube.INFO: Matched route "product_detail". {"route_parameters":{"_controller":"\\Eccube\\Controller\\ProductController::detail","id":"5","_route":"product_detail"},"request_uri":"https://newjoy.co.jp/products/detail/5"} []
[2018-05-06 21:24:08] eccube.INFO: Populated the TokenStorage with an anonymous Token. [] []
[2018-05-06 21:24:08] eccube.INFO: > GET /products/detail/5 [] []
[2018-05-06 21:24:08] eccube.INFO: RelatedProduct trigger onRenderProductDetail start [] []
[2018-05-06 21:24:08] eccube.INFO: Render related product with  {"RELATED_PRODUCT_TAG":"<!--# related-product-plugin-tag #-->"} []
[2018-05-06 21:24:08] eccube.INFO: RelatedProduct trigger onRenderProductDetail finish [] []
[2018-05-06 21:24:08] eccube.INFO: Event: product review hook into the product detail start. [] []
[2018-05-06 21:24:08] eccube.INFO: Event: product review render success. {"Product id":5} []
[2018-05-06 21:24:08] eccube.INFO: Event: product review hook into the product detail end. [] []
[2018-05-06 21:24:08] eccube.INFO: Matched route "block_cart". {"route_parameters":{"_controller":"\\Eccube\\Controller\\Block\\CartController::index","_route":"block_cart"},"request_uri":"https://newjoy.co.jp/block/cart"} []
[2018-05-06 21:24:08] eccube.INFO: Matched route "block_login". {"route_parameters":{"_controller":"\\Eccube\\Controller\\Block\\LoginController::index","_route":"block_login"},"request_uri":"https://newjoy.co.jp/block/login"} []
[2018-05-06 21:24:08] eccube.INFO: Matched route "block_search_product". {"route_parameters":{"_controller":"\\Eccube\\Controller\\Block\\SearchProductController::index","_route":"block_search_product"},"request_uri":"https://newjoy.co.jp/block/search_product"} []
[2018-05-06 21:24:08] eccube.INFO: Matched route "block_category". {"route_parameters":{"_controller":"\\Eccube\\Controller\\Block\\CategoryController::index","_route":"block_category"},"request_uri":"https://newjoy.co.jp/block/category"} []
[2018-05-06 21:24:08] eccube.INFO: Matched route "block_recommendify3_product_block". {"route_parameters":{"_controller":"\\Plugin\\Recommendify3\\Controller\\Block\\Recommendify3Controller::index","_route":"block_recommendify3_product_block"},"request_uri":"https://newjoy.co.jp/block/recommendify3_product_block"} []
[2018-05-06 21:24:09] eccube.INFO: Matched route "block_checkeditem". {"route_parameters":{"_controller":"\\Plugin\\CheckedItem\\Controller\\CheckedItemController::index","_route":"block_checkeditem"},"request_uri":"https://newjoy.co.jp/block/checkeditem"} []
[2018-05-06 21:24:09] eccube.INFO: Matched route "block_main_menu". {"route_parameters":{"_controller":"\\Eccube\\Controller\\Block\\MainMenuController::index","_route":"block_main_menu"},"request_uri":"https://newjoy.co.jp/block/main_menu"} []
[2018-05-06 21:24:09] eccube.INFO: < 200 [] []
