[2018-05-19 01:42:40] eccube.INFO: Matched route "product_detail". {"route_parameters":{"_controller":"\\Eccube\\Controller\\ProductController::detail","id":"11","_route":"product_detail"},"request_uri":"https://newjoy.co.jp/products/detail/11"} []
[2018-05-19 01:42:40] eccube.INFO: Populated the TokenStorage with an anonymous Token. [] []
[2018-05-19 01:42:40] eccube.INFO: > GET /products/detail/11 [] []
[2018-05-19 01:42:40] eccube.INFO: RelatedProduct trigger onRenderProductDetail start [] []
[2018-05-19 01:42:40] eccube.INFO: Event: product review hook into the product detail start. [] []
[2018-05-19 01:42:40] eccube.INFO: Event: product review render success. {"Product id":11} []
[2018-05-19 01:42:40] eccube.INFO: Event: product review hook into the product detail end. [] []
[2018-05-19 01:42:40] eccube.INFO: Matched route "block_cart". {"route_parameters":{"_controller":"\\Eccube\\Controller\\Block\\CartController::index","_route":"block_cart"},"request_uri":"https://newjoy.co.jp/block/cart"} []
[2018-05-19 01:42:40] eccube.INFO: Matched route "block_login". {"route_parameters":{"_controller":"\\Eccube\\Controller\\Block\\LoginController::index","_route":"block_login"},"request_uri":"https://newjoy.co.jp/block/login"} []
[2018-05-19 01:42:40] eccube.INFO: Matched route "block_search_product". {"route_parameters":{"_controller":"\\Eccube\\Controller\\Block\\SearchProductController::index","_route":"block_search_product"},"request_uri":"https://newjoy.co.jp/block/search_product"} []
[2018-05-19 01:42:41] eccube.INFO: Matched route "block_category". {"route_parameters":{"_controller":"\\Eccube\\Controller\\Block\\CategoryController::index","_route":"block_category"},"request_uri":"https://newjoy.co.jp/block/category"} []
[2018-05-19 01:42:41] eccube.INFO: Matched route "block_recommendify3_product_block". {"route_parameters":{"_controller":"\\Plugin\\Recommendify3\\Controller\\Block\\Recommendify3Controller::index","_route":"block_recommendify3_product_block"},"request_uri":"https://newjoy.co.jp/block/recommendify3_product_block"} []
[2018-05-19 01:42:41] eccube.INFO: Matched route "block_checkeditem". {"route_parameters":{"_controller":"\\Plugin\\CheckedItem\\Controller\\CheckedItemController::index","_route":"block_checkeditem"},"request_uri":"https://newjoy.co.jp/block/checkeditem"} []
[2018-05-19 01:42:41] eccube.INFO: Matched route "block_main_menu". {"route_parameters":{"_controller":"\\Eccube\\Controller\\Block\\MainMenuController::index","_route":"block_main_menu"},"request_uri":"https://newjoy.co.jp/block/main_menu"} []
[2018-05-19 01:42:41] eccube.INFO: < 200 [] []
[2018-05-19 04:28:02] eccube.INFO: Matched route "product_list". {"route_parameters":{"_controller":"\\Eccube\\Controller\\ProductController::index","_route":"product_list"},"request_uri":"https://newjoy.co.jp/products/list?category_id=41"} []
[2018-05-19 04:28:02] eccube.INFO: Populated the TokenStorage with an anonymous Token. [] []
[2018-05-19 04:28:02] eccube.INFO: > GET /products/list?category_id=41 [] []
[2018-05-19 04:28:03] eccube.INFO: CategoryContent Product/list.twig start [] []
[2018-05-19 04:28:03] eccube.INFO: Matched route "block_cart". {"route_parameters":{"_controller":"\\Eccube\\Controller\\Block\\CartController::index","_route":"block_cart"},"request_uri":"https://newjoy.co.jp/block/cart"} []
[2018-05-19 04:28:03] eccube.INFO: Matched route "block_login". {"route_parameters":{"_controller":"\\Eccube\\Controller\\Block\\LoginController::index","_route":"block_login"},"request_uri":"https://newjoy.co.jp/block/login"} []
[2018-05-19 04:28:03] eccube.INFO: Matched route "block_search_product". {"route_parameters":{"_controller":"\\Eccube\\Controller\\Block\\SearchProductController::index","_route":"block_search_product"},"request_uri":"https://newjoy.co.jp/block/search_product"} []
[2018-05-19 04:28:03] eccube.INFO: Matched route "block_category". {"route_parameters":{"_controller":"\\Eccube\\Controller\\Block\\CategoryController::index","_route":"block_category"},"request_uri":"https://newjoy.co.jp/block/category"} []
[2018-05-19 04:28:04] eccube.INFO: Matched route "block_checkeditem". {"route_parameters":{"_controller":"\\Plugin\\CheckedItem\\Controller\\CheckedItemController::index","_route":"block_checkeditem"},"request_uri":"https://newjoy.co.jp/block/checkeditem"} []
[2018-05-19 04:28:04] eccube.INFO: Matched route "block_main_menu". {"route_parameters":{"_controller":"\\Eccube\\Controller\\Block\\MainMenuController::index","_route":"block_main_menu"},"request_uri":"https://newjoy.co.jp/block/main_menu"} []
[2018-05-19 04:28:04] eccube.INFO: < 200 [] []
[2018-05-19 07:34:43] eccube.INFO: Matched route "product_detail". {"route_parameters":{"_controller":"\\Eccube\\Controller\\ProductController::detail","id":"11","_route":"product_detail"},"request_uri":"https://newjoy.co.jp/products/detail/11"} []
[2018-05-19 07:34:43] eccube.INFO: Populated the TokenStorage with an anonymous Token. [] []
[2018-05-19 07:34:43] eccube.INFO: > GET /products/detail/11 [] []
[2018-05-19 07:34:43] eccube.INFO: RelatedProduct trigger onRenderProductDetail start [] []
[2018-05-19 07:34:43] eccube.INFO: Event: product review hook into the product detail start. [] []
[2018-05-19 07:34:43] eccube.INFO: Event: product review render success. {"Product id":11} []
[2018-05-19 07:34:43] eccube.INFO: Event: product review hook into the product detail end. [] []
[2018-05-19 07:34:43] eccube.INFO: Matched route "block_cart". {"route_parameters":{"_controller":"\\Eccube\\Controller\\Block\\CartController::index","_route":"block_cart"},"request_uri":"https://newjoy.co.jp/block/cart"} []
[2018-05-19 07:34:43] eccube.INFO: Matched route "block_login". {"route_parameters":{"_controller":"\\Eccube\\Controller\\Block\\LoginController::index","_route":"block_login"},"request_uri":"https://newjoy.co.jp/block/login"} []
[2018-05-19 07:34:43] eccube.INFO: Matched route "block_search_product". {"route_parameters":{"_controller":"\\Eccube\\Controller\\Block\\SearchProductController::index","_route":"block_search_product"},"request_uri":"https://newjoy.co.jp/block/search_product"} []
[2018-05-19 07:34:44] eccube.INFO: Matched route "block_category". {"route_parameters":{"_controller":"\\Eccube\\Controller\\Block\\CategoryController::index","_route":"block_category"},"request_uri":"https://newjoy.co.jp/block/category"} []
[2018-05-19 07:34:44] eccube.INFO: Matched route "block_recommendify3_product_block". {"route_parameters":{"_controller":"\\Plugin\\Recommendify3\\Controller\\Block\\Recommendify3Controller::index","_route":"block_recommendify3_product_block"},"request_uri":"https://newjoy.co.jp/block/recommendify3_product_block"} []
[2018-05-19 07:34:44] eccube.INFO: Matched route "block_checkeditem". {"route_parameters":{"_controller":"\\Plugin\\CheckedItem\\Controller\\CheckedItemController::index","_route":"block_checkeditem"},"request_uri":"https://newjoy.co.jp/block/checkeditem"} []
[2018-05-19 07:34:44] eccube.INFO: Matched route "block_main_menu". {"route_parameters":{"_controller":"\\Eccube\\Controller\\Block\\MainMenuController::index","_route":"block_main_menu"},"request_uri":"https://newjoy.co.jp/block/main_menu"} []
[2018-05-19 07:34:44] eccube.INFO: < 200 [] []
[2018-05-19 10:43:27] eccube.INFO: Matched route "n/a". {"route_parameters":{"_controller":"[object] (Closure: {})","_route":null,"url":"https://www.newjoy.co.jp/"},"request_uri":"http://www.newjoy.co.jp/"} []
[2018-05-19 10:43:27] eccube.INFO: Populated the TokenStorage with an anonymous Token. [] []
[2018-05-19 10:43:27] eccube.INFO: > GET / [] []
[2018-05-19 10:43:27] eccube.INFO: < 301 https://www.newjoy.co.jp/ [] []
[2018-05-19 16:01:58] eccube.INFO: Matched route "product_list". {"route_parameters":{"_controller":"\\Eccube\\Controller\\ProductController::index","_route":"product_list"},"request_uri":"https://newjoy.co.jp/products/list?category_id=40"} []
[2018-05-19 16:01:58] eccube.INFO: Populated the TokenStorage with an anonymous Token. [] []
[2018-05-19 16:01:58] eccube.INFO: > GET /products/list?category_id=40 [] []
[2018-05-19 16:02:00] eccube.INFO: CategoryContent Product/list.twig start [] []
[2018-05-19 16:02:00] eccube.INFO: Matched route "block_cart". {"route_parameters":{"_controller":"\\Eccube\\Controller\\Block\\CartController::index","_route":"block_cart"},"request_uri":"https://newjoy.co.jp/block/cart"} []
[2018-05-19 16:02:00] eccube.INFO: Matched route "block_login". {"route_parameters":{"_controller":"\\Eccube\\Controller\\Block\\LoginController::index","_route":"block_login"},"request_uri":"https://newjoy.co.jp/block/login"} []
[2018-05-19 16:02:01] eccube.INFO: Matched route "block_search_product". {"route_parameters":{"_controller":"\\Eccube\\Controller\\Block\\SearchProductController::index","_route":"block_search_product"},"request_uri":"https://newjoy.co.jp/block/search_product"} []
[2018-05-19 16:02:01] eccube.INFO: Matched route "block_category". {"route_parameters":{"_controller":"\\Eccube\\Controller\\Block\\CategoryController::index","_route":"block_category"},"request_uri":"https://newjoy.co.jp/block/category"} []
[2018-05-19 16:02:01] eccube.INFO: Matched route "block_checkeditem". {"route_parameters":{"_controller":"\\Plugin\\CheckedItem\\Controller\\CheckedItemController::index","_route":"block_checkeditem"},"request_uri":"https://newjoy.co.jp/block/checkeditem"} []
[2018-05-19 16:02:01] eccube.INFO: Matched route "block_main_menu". {"route_parameters":{"_controller":"\\Eccube\\Controller\\Block\\MainMenuController::index","_route":"block_main_menu"},"request_uri":"https://newjoy.co.jp/block/main_menu"} []
[2018-05-19 16:02:01] eccube.INFO: < 200 [] []
[2018-05-19 17:32:17] eccube.INFO: Matched route "n/a". {"route_parameters":{"_controller":"[object] (Closure: {})","_route":null,"url":"https://newjoy.co.jp/products/list?mode=&category_id=7&name=&pageno=1&disp_number=15&orderby=1"},"request_uri":"http://newjoy.co.jp/products/list?category_id=7&disp_number=15&mode=&name=&orderby=1&pageno=1"} []
[2018-05-19 17:32:17] eccube.INFO: Populated the TokenStorage with an anonymous Token. [] []
[2018-05-19 17:32:17] eccube.INFO: > GET /products/list?mode=&category_id=7&name=&pageno=1&disp_number=15&orderby=1 [] []
[2018-05-19 17:32:17] eccube.INFO: < 301 https://newjoy.co.jp/products/list?mode=&category_id=7&name=&pageno=1&disp_number=15&orderby=1 [] []
[2018-05-19 17:32:18] eccube.INFO: Matched route "product_list". {"route_parameters":{"_controller":"\\Eccube\\Controller\\ProductController::index","_route":"product_list"},"request_uri":"https://newjoy.co.jp/products/list?category_id=7&disp_number=15&mode=&name=&orderby=1&pageno=1"} []
[2018-05-19 17:32:18] eccube.INFO: Populated the TokenStorage with an anonymous Token. [] []
[2018-05-19 17:32:18] eccube.INFO: > GET /products/list?mode=&category_id=7&name=&pageno=1&disp_number=15&orderby=1 [] []
[2018-05-19 17:32:19] eccube.INFO: CategoryContent Product/list.twig start [] []
[2018-05-19 17:32:19] eccube.INFO: Matched route "block_cart". {"route_parameters":{"_controller":"\\Eccube\\Controller\\Block\\CartController::index","_route":"block_cart"},"request_uri":"https://newjoy.co.jp/block/cart"} []
[2018-05-19 17:32:19] eccube.INFO: Matched route "block_login". {"route_parameters":{"_controller":"\\Eccube\\Controller\\Block\\LoginController::index","_route":"block_login"},"request_uri":"https://newjoy.co.jp/block/login"} []
[2018-05-19 17:32:19] eccube.INFO: Matched route "block_search_product". {"route_parameters":{"_controller":"\\Eccube\\Controller\\Block\\SearchProductController::index","_route":"block_search_product"},"request_uri":"https://newjoy.co.jp/block/search_product"} []
[2018-05-19 17:32:20] eccube.INFO: Matched route "block_category". {"route_parameters":{"_controller":"\\Eccube\\Controller\\Block\\CategoryController::index","_route":"block_category"},"request_uri":"https://newjoy.co.jp/block/category"} []
[2018-05-19 17:32:20] eccube.INFO: Matched route "block_checkeditem". {"route_parameters":{"_controller":"\\Plugin\\CheckedItem\\Controller\\CheckedItemController::index","_route":"block_checkeditem"},"request_uri":"https://newjoy.co.jp/block/checkeditem"} []
[2018-05-19 17:32:20] eccube.INFO: Matched route "block_main_menu". {"route_parameters":{"_controller":"\\Eccube\\Controller\\Block\\MainMenuController::index","_route":"block_main_menu"},"request_uri":"https://newjoy.co.jp/block/main_menu"} []
[2018-05-19 17:32:20] eccube.INFO: < 200 [] []
[2018-05-19 18:03:31] eccube.INFO: Matched route "homepage". {"route_parameters":{"_controller":"\\Eccube\\Controller\\TopController::index","_route":"homepage"},"request_uri":"https://newjoy.co.jp/"} []
[2018-05-19 18:03:31] eccube.INFO: Populated the TokenStorage with an anonymous Token. [] []
[2018-05-19 18:03:31] eccube.INFO: > GET / [] []
[2018-05-19 18:03:31] eccube.INFO: Matched route "block_cart". {"route_parameters":{"_controller":"\\Eccube\\Controller\\Block\\CartController::index","_route":"block_cart"},"request_uri":"https://newjoy.co.jp/block/cart"} []
[2018-05-19 18:03:31] eccube.INFO: Matched route "block_login". {"route_parameters":{"_controller":"\\Eccube\\Controller\\Block\\LoginController::index","_route":"block_login"},"request_uri":"https://newjoy.co.jp/block/login"} []
[2018-05-19 18:03:31] eccube.INFO: Matched route "block_search_product". {"route_parameters":{"_controller":"\\Eccube\\Controller\\Block\\SearchProductController::index","_route":"block_search_product"},"request_uri":"https://newjoy.co.jp/block/search_product"} []
[2018-05-19 18:03:31] eccube.INFO: Matched route "block_category". {"route_parameters":{"_controller":"\\Eccube\\Controller\\Block\\CategoryController::index","_route":"block_category"},"request_uri":"https://newjoy.co.jp/block/category"} []
[2018-05-19 18:03:31] eccube.INFO: Matched route "block_recommend_product_block". {"route_parameters":{"_controller":"\\Plugin\\Recommend\\Controller\\Block\\RecommendController::index","_route":"block_recommend_product_block"},"request_uri":"https://newjoy.co.jp/block/recommend_product_block"} []
[2018-05-19 18:03:32] eccube.INFO: Matched route "block_plg_shiro8_new_product_block". {"route_parameters":{"_controller":"\\Plugin\\Shiro8NewProductBlock3\\Controller\\Block\\Shiro8NewProductController::index","_route":"block_plg_shiro8_new_product_block"},"request_uri":"https://newjoy.co.jp/block/plg_shiro8_new_product_block"} []
[2018-05-19 18:03:32] eccube.INFO: Matched route "block_checkeditem". {"route_parameters":{"_controller":"\\Plugin\\CheckedItem\\Controller\\CheckedItemController::index","_route":"block_checkeditem"},"request_uri":"https://newjoy.co.jp/block/checkeditem"} []
[2018-05-19 18:03:32] eccube.INFO: Matched route "block_main_menu". {"route_parameters":{"_controller":"\\Eccube\\Controller\\Block\\MainMenuController::index","_route":"block_main_menu"},"request_uri":"https://newjoy.co.jp/block/main_menu"} []
[2018-05-19 18:03:32] eccube.INFO: Matched route "block_news". {"route_parameters":{"_controller":"\\Eccube\\Controller\\Block\\NewsController::index","_route":"block_news"},"request_uri":"https://newjoy.co.jp/block/news"} []
[2018-05-19 18:03:32] eccube.INFO: < 200 [] []
