[2018-06-10 01:05:58] eccube.INFO: Matched route "n/a". {"route_parameters":{"_controller":"[object] (Closure: {})","_route":null,"url":"https://newjoy.co.jp/"},"request_uri":"http://newjoy.co.jp/"} []
[2018-06-10 01:05:58] eccube.INFO: Populated the TokenStorage with an anonymous Token. [] []
[2018-06-10 01:05:58] eccube.INFO: > GET / [] []
[2018-06-10 01:05:58] eccube.INFO: < 301 https://newjoy.co.jp/ [] []
[2018-06-10 01:08:52] eccube.INFO: Matched route "n/a". {"route_parameters":{"_controller":"[object] (Closure: {})","_route":null,"url":"https://newjoy.co.jp/products/list?category_id=29"},"request_uri":"http://newjoy.co.jp/products/list?category_id=29"} []
[2018-06-10 01:08:52] eccube.INFO: Populated the TokenStorage with an anonymous Token. [] []
[2018-06-10 01:08:52] eccube.INFO: > GET /products/list?category_id=29 [] []
[2018-06-10 01:08:52] eccube.INFO: < 301 https://newjoy.co.jp/products/list?category_id=29 [] []
[2018-06-10 01:28:47] eccube.INFO: Matched route "n/a". {"route_parameters":{"_controller":"[object] (Closure: {})","_route":null,"url":"https://newjoy.co.jp/products/detail/9"},"request_uri":"http://newjoy.co.jp/products/detail/9"} []
[2018-06-10 01:28:47] eccube.INFO: Populated the TokenStorage with an anonymous Token. [] []
[2018-06-10 01:28:47] eccube.INFO: > GET /products/detail/9 [] []
[2018-06-10 01:28:47] eccube.INFO: < 301 https://newjoy.co.jp/products/detail/9 [] []
[2018-06-10 01:59:18] eccube.INFO: Matched route "n/a". {"route_parameters":{"_controller":"[object] (Closure: {})","_route":null,"url":"https://newjoy.co.jp/help/about"},"request_uri":"http://newjoy.co.jp/help/about"} []
[2018-06-10 01:59:18] eccube.INFO: Populated the TokenStorage with an anonymous Token. [] []
[2018-06-10 01:59:18] eccube.INFO: > GET /help/about [] []
[2018-06-10 01:59:18] eccube.INFO: < 301 https://newjoy.co.jp/help/about [] []
[2018-06-10 01:59:19] eccube.INFO: Matched route "help_about". {"route_parameters":{"_controller":"\\Eccube\\Controller\\HelpController::about","_route":"help_about"},"request_uri":"https://newjoy.co.jp/help/about"} []
[2018-06-10 01:59:19] eccube.INFO: Populated the TokenStorage with an anonymous Token. [] []
[2018-06-10 01:59:19] eccube.INFO: > GET /help/about [] []
[2018-06-10 01:59:19] eccube.INFO: Matched route "block_cart". {"route_parameters":{"_controller":"\\Eccube\\Controller\\Block\\CartController::index","_route":"block_cart"},"request_uri":"https://newjoy.co.jp/block/cart"} []
[2018-06-10 01:59:19] eccube.INFO: Matched route "block_login". {"route_parameters":{"_controller":"\\Eccube\\Controller\\Block\\LoginController::index","_route":"block_login"},"request_uri":"https://newjoy.co.jp/block/login"} []
[2018-06-10 01:59:19] eccube.INFO: Matched route "block_search_product". {"route_parameters":{"_controller":"\\Eccube\\Controller\\Block\\SearchProductController::index","_route":"block_search_product"},"request_uri":"https://newjoy.co.jp/block/search_product"} []
[2018-06-10 01:59:19] eccube.INFO: Matched route "block_category". {"route_parameters":{"_controller":"\\Eccube\\Controller\\Block\\CategoryController::index","_route":"block_category"},"request_uri":"https://newjoy.co.jp/block/category"} []
[2018-06-10 01:59:19] eccube.INFO: Matched route "block_checkeditem". {"route_parameters":{"_controller":"\\Plugin\\CheckedItem\\Controller\\CheckedItemController::index","_route":"block_checkeditem"},"request_uri":"https://newjoy.co.jp/block/checkeditem"} []
[2018-06-10 01:59:19] eccube.INFO: Matched route "block_main_menu". {"route_parameters":{"_controller":"\\Eccube\\Controller\\Block\\MainMenuController::index","_route":"block_main_menu"},"request_uri":"https://newjoy.co.jp/block/main_menu"} []
[2018-06-10 01:59:19] eccube.INFO: < 200 [] []
[2018-06-10 02:38:52] eccube.INFO: Matched route "n/a". {"route_parameters":{"_controller":"[object] (Closure: {})","_route":null,"url":"https://newjoy.co.jp/products/list?category_id=31"},"request_uri":"http://newjoy.co.jp/products/list?category_id=31"} []
[2018-06-10 02:38:52] eccube.INFO: Populated the TokenStorage with an anonymous Token. [] []
[2018-06-10 02:38:52] eccube.INFO: > GET /products/list?category_id=31 [] []
[2018-06-10 02:38:52] eccube.INFO: < 301 https://newjoy.co.jp/products/list?category_id=31 [] []
[2018-06-10 02:38:55] eccube.INFO: Matched route "n/a". {"route_parameters":{"_controller":"[object] (Closure: {})","_route":null,"url":"https://newjoy.co.jp/products/list?category_id=54"},"request_uri":"http://newjoy.co.jp/products/list?category_id=54"} []
[2018-06-10 02:38:55] eccube.INFO: Populated the TokenStorage with an anonymous Token. [] []
[2018-06-10 02:38:55] eccube.INFO: > GET /products/list?category_id=54 [] []
[2018-06-10 02:38:55] eccube.INFO: < 301 https://newjoy.co.jp/products/list?category_id=54 [] []
[2018-06-10 03:01:20] eccube.INFO: Matched route "n/a". {"route_parameters":{"_controller":"[object] (Closure: {})","_route":null,"url":"https://newjoy.co.jp/products/list?category_id=17"},"request_uri":"http://newjoy.co.jp/products/list?category_id=17"} []
[2018-06-10 03:01:20] eccube.INFO: Populated the TokenStorage with an anonymous Token. [] []
[2018-06-10 03:01:20] eccube.INFO: > GET /products/list?category_id=17 [] []
[2018-06-10 03:01:20] eccube.INFO: < 301 https://newjoy.co.jp/products/list?category_id=17 [] []
[2018-06-10 03:01:23] eccube.INFO: Matched route "n/a". {"route_parameters":{"_controller":"[object] (Closure: {})","_route":null,"url":"https://newjoy.co.jp/products/list?category_id=38"},"request_uri":"http://newjoy.co.jp/products/list?category_id=38"} []
[2018-06-10 03:01:23] eccube.INFO: Populated the TokenStorage with an anonymous Token. [] []
[2018-06-10 03:01:23] eccube.INFO: > GET /products/list?category_id=38 [] []
[2018-06-10 03:01:23] eccube.INFO: < 301 https://newjoy.co.jp/products/list?category_id=38 [] []
[2018-06-10 03:23:55] eccube.INFO: Matched route "n/a". {"route_parameters":{"_controller":"[object] (Closure: {})","_route":null,"url":"https://newjoy.co.jp/products/list?category_id=&name=%E3%82%AD%E3%83%83%E3%82%BA%E3%83%89%E3%83%AC%E3%82%B9"},"request_uri":"http://newjoy.co.jp/products/list?category_id=&name=%E3%82%AD%E3%83%83%E3%82%BA%E3%83%89%E3%83%AC%E3%82%B9"} []
[2018-06-10 03:23:55] eccube.INFO: Populated the TokenStorage with an anonymous Token. [] []
[2018-06-10 03:23:55] eccube.INFO: > GET /products/list?category_id=&name=%E3%82%AD%E3%83%83%E3%82%BA%E3%83%89%E3%83%AC%E3%82%B9 [] []
[2018-06-10 03:23:55] eccube.INFO: < 301 https://newjoy.co.jp/products/list?category_id=&name=%E3%82%AD%E3%83%83%E3%82%BA%E3%83%89%E3%83%AC%E3%82%B9 [] []
[2018-06-10 03:24:21] eccube.INFO: Matched route "n/a". {"route_parameters":{"_controller":"[object] (Closure: {})","_route":null,"url":"https://newjoy.co.jp/products/list?category_id=15"},"request_uri":"http://newjoy.co.jp/products/list?category_id=15"} []
[2018-06-10 03:24:21] eccube.INFO: Populated the TokenStorage with an anonymous Token. [] []
[2018-06-10 03:24:21] eccube.INFO: > GET /products/list?category_id=15 [] []
[2018-06-10 03:24:21] eccube.INFO: < 301 https://newjoy.co.jp/products/list?category_id=15 [] []
[2018-06-10 03:24:39] eccube.INFO: Matched route "product_list". {"route_parameters":{"_controller":"\\Eccube\\Controller\\ProductController::index","_route":"product_list"},"request_uri":"https://newjoy.co.jp/products/list?category_id=&name=%E3%82%AD%E3%83%83%E3%82%BA%E3%83%89%E3%83%AC%E3%82%B9"} []
[2018-06-10 03:24:39] eccube.INFO: Populated the TokenStorage with an anonymous Token. [] []
[2018-06-10 03:24:39] eccube.INFO: > GET /products/list?category_id=&name=%E3%82%AD%E3%83%83%E3%82%BA%E3%83%89%E3%83%AC%E3%82%B9 [] []
[2018-06-10 03:24:39] eccube.INFO: CategoryContent Product/list.twig start [] []
[2018-06-10 03:24:39] eccube.INFO: Matched route "block_cart". {"route_parameters":{"_controller":"\\Eccube\\Controller\\Block\\CartController::index","_route":"block_cart"},"request_uri":"https://newjoy.co.jp/block/cart"} []
[2018-06-10 03:24:39] eccube.INFO: Matched route "block_login". {"route_parameters":{"_controller":"\\Eccube\\Controller\\Block\\LoginController::index","_route":"block_login"},"request_uri":"https://newjoy.co.jp/block/login"} []
[2018-06-10 03:24:39] eccube.INFO: Matched route "block_search_product". {"route_parameters":{"_controller":"\\Eccube\\Controller\\Block\\SearchProductController::index","_route":"block_search_product"},"request_uri":"https://newjoy.co.jp/block/search_product"} []
[2018-06-10 03:24:39] eccube.INFO: Matched route "block_category". {"route_parameters":{"_controller":"\\Eccube\\Controller\\Block\\CategoryController::index","_route":"block_category"},"request_uri":"https://newjoy.co.jp/block/category"} []
[2018-06-10 03:24:39] eccube.INFO: Matched route "block_checkeditem". {"route_parameters":{"_controller":"\\Plugin\\CheckedItem\\Controller\\CheckedItemController::index","_route":"block_checkeditem"},"request_uri":"https://newjoy.co.jp/block/checkeditem"} []
[2018-06-10 03:24:39] eccube.INFO: Matched route "block_main_menu". {"route_parameters":{"_controller":"\\Eccube\\Controller\\Block\\MainMenuController::index","_route":"block_main_menu"},"request_uri":"https://newjoy.co.jp/block/main_menu"} []
[2018-06-10 03:24:39] eccube.INFO: < 200 [] []
[2018-06-10 03:25:11] eccube.INFO: Matched route "product_list". {"route_parameters":{"_controller":"\\Eccube\\Controller\\ProductController::index","_route":"product_list"},"request_uri":"https://newjoy.co.jp/products/list?category_id=&name=%E3%82%AD%E3%83%83%E3%82%BA%E3%83%89%E3%83%AC%E3%82%B9"} []
[2018-06-10 03:25:11] eccube.INFO: Populated the TokenStorage with an anonymous Token. [] []
[2018-06-10 03:25:11] eccube.INFO: > GET /products/list?category_id=&name=%E3%82%AD%E3%83%83%E3%82%BA%E3%83%89%E3%83%AC%E3%82%B9 [] []
[2018-06-10 03:25:12] eccube.INFO: CategoryContent Product/list.twig start [] []
[2018-06-10 03:25:12] eccube.INFO: Matched route "block_cart". {"route_parameters":{"_controller":"\\Eccube\\Controller\\Block\\CartController::index","_route":"block_cart"},"request_uri":"https://newjoy.co.jp/block/cart"} []
[2018-06-10 03:25:12] eccube.INFO: Matched route "block_login". {"route_parameters":{"_controller":"\\Eccube\\Controller\\Block\\LoginController::index","_route":"block_login"},"request_uri":"https://newjoy.co.jp/block/login"} []
[2018-06-10 03:25:12] eccube.INFO: Matched route "block_search_product". {"route_parameters":{"_controller":"\\Eccube\\Controller\\Block\\SearchProductController::index","_route":"block_search_product"},"request_uri":"https://newjoy.co.jp/block/search_product"} []
[2018-06-10 03:25:12] eccube.INFO: Matched route "block_category". {"route_parameters":{"_controller":"\\Eccube\\Controller\\Block\\CategoryController::index","_route":"block_category"},"request_uri":"https://newjoy.co.jp/block/category"} []
[2018-06-10 03:25:12] eccube.INFO: Matched route "block_checkeditem". {"route_parameters":{"_controller":"\\Plugin\\CheckedItem\\Controller\\CheckedItemController::index","_route":"block_checkeditem"},"request_uri":"https://newjoy.co.jp/block/checkeditem"} []
[2018-06-10 03:25:12] eccube.INFO: Matched route "block_main_menu". {"route_parameters":{"_controller":"\\Eccube\\Controller\\Block\\MainMenuController::index","_route":"block_main_menu"},"request_uri":"https://newjoy.co.jp/block/main_menu"} []
[2018-06-10 03:25:12] eccube.INFO: < 200 [] []
[2018-06-10 03:25:32] eccube.INFO: Matched route "n/a". {"route_parameters":{"_controller":"[object] (Closure: {})","_route":null,"url":"https://newjoy.co.jp/products/list?category_id=&name=%E3%82%B5%E3%83%B3%E3%83%80%E3%83%AB"},"request_uri":"http://newjoy.co.jp/products/list?category_id=&name=%E3%82%B5%E3%83%B3%E3%83%80%E3%83%AB"} []
[2018-06-10 03:25:32] eccube.INFO: Populated the TokenStorage with an anonymous Token. [] []
[2018-06-10 03:25:32] eccube.INFO: > GET /products/list?category_id=&name=%E3%82%B5%E3%83%B3%E3%83%80%E3%83%AB [] []
[2018-06-10 03:25:32] eccube.INFO: < 301 https://newjoy.co.jp/products/list?category_id=&name=%E3%82%B5%E3%83%B3%E3%83%80%E3%83%AB [] []
[2018-06-10 03:25:54] eccube.INFO: Matched route "product_list". {"route_parameters":{"_controller":"\\Eccube\\Controller\\ProductController::index","_route":"product_list"},"request_uri":"https://newjoy.co.jp/products/list?category_id=&name=%E3%82%B5%E3%83%B3%E3%83%80%E3%83%AB"} []
[2018-06-10 03:25:54] eccube.INFO: Populated the TokenStorage with an anonymous Token. [] []
[2018-06-10 03:25:54] eccube.INFO: > GET /products/list?category_id=&name=%E3%82%B5%E3%83%B3%E3%83%80%E3%83%AB [] []
[2018-06-10 03:25:54] eccube.INFO: CategoryContent Product/list.twig start [] []
[2018-06-10 03:25:54] eccube.INFO: Matched route "block_cart". {"route_parameters":{"_controller":"\\Eccube\\Controller\\Block\\CartController::index","_route":"block_cart"},"request_uri":"https://newjoy.co.jp/block/cart"} []
[2018-06-10 03:25:54] eccube.INFO: Matched route "block_login". {"route_parameters":{"_controller":"\\Eccube\\Controller\\Block\\LoginController::index","_route":"block_login"},"request_uri":"https://newjoy.co.jp/block/login"} []
[2018-06-10 03:25:54] eccube.INFO: Matched route "block_search_product". {"route_parameters":{"_controller":"\\Eccube\\Controller\\Block\\SearchProductController::index","_route":"block_search_product"},"request_uri":"https://newjoy.co.jp/block/search_product"} []
[2018-06-10 03:25:54] eccube.INFO: Matched route "block_category". {"route_parameters":{"_controller":"\\Eccube\\Controller\\Block\\CategoryController::index","_route":"block_category"},"request_uri":"https://newjoy.co.jp/block/category"} []
[2018-06-10 03:25:54] eccube.INFO: Matched route "block_checkeditem". {"route_parameters":{"_controller":"\\Plugin\\CheckedItem\\Controller\\CheckedItemController::index","_route":"block_checkeditem"},"request_uri":"https://newjoy.co.jp/block/checkeditem"} []
[2018-06-10 03:25:54] eccube.INFO: Matched route "block_main_menu". {"route_parameters":{"_controller":"\\Eccube\\Controller\\Block\\MainMenuController::index","_route":"block_main_menu"},"request_uri":"https://newjoy.co.jp/block/main_menu"} []
[2018-06-10 03:25:54] eccube.INFO: < 200 [] []
[2018-06-10 03:26:17] eccube.INFO: Matched route "product_list". {"route_parameters":{"_controller":"\\Eccube\\Controller\\ProductController::index","_route":"product_list"},"request_uri":"https://newjoy.co.jp/products/list?category_id=&name=%E3%82%B5%E3%83%B3%E3%83%80%E3%83%AB"} []
[2018-06-10 03:26:17] eccube.INFO: Populated the TokenStorage with an anonymous Token. [] []
[2018-06-10 03:26:17] eccube.INFO: > GET /products/list?category_id=&name=%E3%82%B5%E3%83%B3%E3%83%80%E3%83%AB [] []
[2018-06-10 03:26:17] eccube.INFO: CategoryContent Product/list.twig start [] []
[2018-06-10 03:26:17] eccube.INFO: Matched route "block_cart". {"route_parameters":{"_controller":"\\Eccube\\Controller\\Block\\CartController::index","_route":"block_cart"},"request_uri":"https://newjoy.co.jp/block/cart"} []
[2018-06-10 03:26:17] eccube.INFO: Matched route "block_login". {"route_parameters":{"_controller":"\\Eccube\\Controller\\Block\\LoginController::index","_route":"block_login"},"request_uri":"https://newjoy.co.jp/block/login"} []
[2018-06-10 03:26:17] eccube.INFO: Matched route "block_search_product". {"route_parameters":{"_controller":"\\Eccube\\Controller\\Block\\SearchProductController::index","_route":"block_search_product"},"request_uri":"https://newjoy.co.jp/block/search_product"} []
[2018-06-10 03:26:17] eccube.INFO: Matched route "block_category". {"route_parameters":{"_controller":"\\Eccube\\Controller\\Block\\CategoryController::index","_route":"block_category"},"request_uri":"https://newjoy.co.jp/block/category"} []
[2018-06-10 03:26:17] eccube.INFO: Matched route "block_checkeditem". {"route_parameters":{"_controller":"\\Plugin\\CheckedItem\\Controller\\CheckedItemController::index","_route":"block_checkeditem"},"request_uri":"https://newjoy.co.jp/block/checkeditem"} []
[2018-06-10 03:26:17] eccube.INFO: Matched route "block_main_menu". {"route_parameters":{"_controller":"\\Eccube\\Controller\\Block\\MainMenuController::index","_route":"block_main_menu"},"request_uri":"https://newjoy.co.jp/block/main_menu"} []
[2018-06-10 03:26:17] eccube.INFO: < 200 [] []
[2018-06-10 03:26:40] eccube.INFO: Matched route "n/a". {"route_parameters":{"_controller":"[object] (Closure: {})","_route":null,"url":"https://newjoy.co.jp/products/list?category_id=&name=%E3%82%BB%E3%83%83%E3%83%88%E5%95%86%E5%93%81"},"request_uri":"http://newjoy.co.jp/products/list?category_id=&name=%E3%82%BB%E3%83%83%E3%83%88%E5%95%86%E5%93%81"} []
[2018-06-10 03:26:40] eccube.INFO: Populated the TokenStorage with an anonymous Token. [] []
[2018-06-10 03:26:40] eccube.INFO: > GET /products/list?category_id=&name=%E3%82%BB%E3%83%83%E3%83%88%E5%95%86%E5%93%81 [] []
[2018-06-10 03:26:40] eccube.INFO: < 301 https://newjoy.co.jp/products/list?category_id=&name=%E3%82%BB%E3%83%83%E3%83%88%E5%95%86%E5%93%81 [] []
[2018-06-10 03:26:58] eccube.INFO: Matched route "product_list". {"route_parameters":{"_controller":"\\Eccube\\Controller\\ProductController::index","_route":"product_list"},"request_uri":"https://newjoy.co.jp/products/list?category_id=&name=%E3%82%BB%E3%83%83%E3%83%88%E5%95%86%E5%93%81"} []
[2018-06-10 03:26:58] eccube.INFO: Populated the TokenStorage with an anonymous Token. [] []
[2018-06-10 03:26:58] eccube.INFO: > GET /products/list?category_id=&name=%E3%82%BB%E3%83%83%E3%83%88%E5%95%86%E5%93%81 [] []
[2018-06-10 03:26:58] eccube.INFO: CategoryContent Product/list.twig start [] []
[2018-06-10 03:26:58] eccube.INFO: Matched route "block_cart". {"route_parameters":{"_controller":"\\Eccube\\Controller\\Block\\CartController::index","_route":"block_cart"},"request_uri":"https://newjoy.co.jp/block/cart"} []
[2018-06-10 03:26:58] eccube.INFO: Matched route "block_login". {"route_parameters":{"_controller":"\\Eccube\\Controller\\Block\\LoginController::index","_route":"block_login"},"request_uri":"https://newjoy.co.jp/block/login"} []
[2018-06-10 03:26:58] eccube.INFO: Matched route "block_search_product". {"route_parameters":{"_controller":"\\Eccube\\Controller\\Block\\SearchProductController::index","_route":"block_search_product"},"request_uri":"https://newjoy.co.jp/block/search_product"} []
[2018-06-10 03:26:59] eccube.INFO: Matched route "block_category". {"route_parameters":{"_controller":"\\Eccube\\Controller\\Block\\CategoryController::index","_route":"block_category"},"request_uri":"https://newjoy.co.jp/block/category"} []
[2018-06-10 03:26:59] eccube.INFO: Matched route "block_checkeditem". {"route_parameters":{"_controller":"\\Plugin\\CheckedItem\\Controller\\CheckedItemController::index","_route":"block_checkeditem"},"request_uri":"https://newjoy.co.jp/block/checkeditem"} []
[2018-06-10 03:26:59] eccube.INFO: Matched route "block_main_menu". {"route_parameters":{"_controller":"\\Eccube\\Controller\\Block\\MainMenuController::index","_route":"block_main_menu"},"request_uri":"https://newjoy.co.jp/block/main_menu"} []
[2018-06-10 03:26:59] eccube.INFO: < 200 [] []
[2018-06-10 03:27:19] eccube.INFO: Matched route "product_list". {"route_parameters":{"_controller":"\\Eccube\\Controller\\ProductController::index","_route":"product_list"},"request_uri":"https://newjoy.co.jp/products/list?category_id=&name=%E3%82%BB%E3%83%83%E3%83%88%E5%95%86%E5%93%81"} []
[2018-06-10 03:27:19] eccube.INFO: Populated the TokenStorage with an anonymous Token. [] []
[2018-06-10 03:27:19] eccube.INFO: > GET /products/list?category_id=&name=%E3%82%BB%E3%83%83%E3%83%88%E5%95%86%E5%93%81 [] []
[2018-06-10 03:27:19] eccube.INFO: CategoryContent Product/list.twig start [] []
[2018-06-10 03:27:19] eccube.INFO: Matched route "block_cart". {"route_parameters":{"_controller":"\\Eccube\\Controller\\Block\\CartController::index","_route":"block_cart"},"request_uri":"https://newjoy.co.jp/block/cart"} []
[2018-06-10 03:27:19] eccube.INFO: Matched route "block_login". {"route_parameters":{"_controller":"\\Eccube\\Controller\\Block\\LoginController::index","_route":"block_login"},"request_uri":"https://newjoy.co.jp/block/login"} []
[2018-06-10 03:27:19] eccube.INFO: Matched route "block_search_product". {"route_parameters":{"_controller":"\\Eccube\\Controller\\Block\\SearchProductController::index","_route":"block_search_product"},"request_uri":"https://newjoy.co.jp/block/search_product"} []
[2018-06-10 03:27:19] eccube.INFO: Matched route "block_category". {"route_parameters":{"_controller":"\\Eccube\\Controller\\Block\\CategoryController::index","_route":"block_category"},"request_uri":"https://newjoy.co.jp/block/category"} []
[2018-06-10 03:27:20] eccube.INFO: Matched route "block_checkeditem". {"route_parameters":{"_controller":"\\Plugin\\CheckedItem\\Controller\\CheckedItemController::index","_route":"block_checkeditem"},"request_uri":"https://newjoy.co.jp/block/checkeditem"} []
[2018-06-10 03:27:20] eccube.INFO: Matched route "block_main_menu". {"route_parameters":{"_controller":"\\Eccube\\Controller\\Block\\MainMenuController::index","_route":"block_main_menu"},"request_uri":"https://newjoy.co.jp/block/main_menu"} []
[2018-06-10 03:27:20] eccube.INFO: < 200 [] []
[2018-06-10 03:27:37] eccube.INFO: Matched route "n/a". {"route_parameters":{"_controller":"[object] (Closure: {})","_route":null,"url":"https://newjoy.co.jp/products/list?category_id=&name=%E3%83%8F%E3%83%BC%E3%83%95%E3%83%91%E3%83%B3%E3%83%84"},"request_uri":"http://newjoy.co.jp/products/list?category_id=&name=%E3%83%8F%E3%83%BC%E3%83%95%E3%83%91%E3%83%B3%E3%83%84"} []
[2018-06-10 03:27:37] eccube.INFO: Populated the TokenStorage with an anonymous Token. [] []
[2018-06-10 03:27:37] eccube.INFO: > GET /products/list?category_id=&name=%E3%83%8F%E3%83%BC%E3%83%95%E3%83%91%E3%83%B3%E3%83%84 [] []
[2018-06-10 03:27:37] eccube.INFO: < 301 https://newjoy.co.jp/products/list?category_id=&name=%E3%83%8F%E3%83%BC%E3%83%95%E3%83%91%E3%83%B3%E3%83%84 [] []
[2018-06-10 03:27:55] eccube.INFO: Matched route "product_list". {"route_parameters":{"_controller":"\\Eccube\\Controller\\ProductController::index","_route":"product_list"},"request_uri":"https://newjoy.co.jp/products/list?category_id=&name=%E3%83%8F%E3%83%BC%E3%83%95%E3%83%91%E3%83%B3%E3%83%84"} []
[2018-06-10 03:27:55] eccube.INFO: Populated the TokenStorage with an anonymous Token. [] []
[2018-06-10 03:27:55] eccube.INFO: > GET /products/list?category_id=&name=%E3%83%8F%E3%83%BC%E3%83%95%E3%83%91%E3%83%B3%E3%83%84 [] []
[2018-06-10 03:27:55] eccube.INFO: CategoryContent Product/list.twig start [] []
[2018-06-10 03:27:55] eccube.INFO: Matched route "block_cart". {"route_parameters":{"_controller":"\\Eccube\\Controller\\Block\\CartController::index","_route":"block_cart"},"request_uri":"https://newjoy.co.jp/block/cart"} []
[2018-06-10 03:27:55] eccube.INFO: Matched route "block_login". {"route_parameters":{"_controller":"\\Eccube\\Controller\\Block\\LoginController::index","_route":"block_login"},"request_uri":"https://newjoy.co.jp/block/login"} []
[2018-06-10 03:27:55] eccube.INFO: Matched route "block_search_product". {"route_parameters":{"_controller":"\\Eccube\\Controller\\Block\\SearchProductController::index","_route":"block_search_product"},"request_uri":"https://newjoy.co.jp/block/search_product"} []
[2018-06-10 03:27:55] eccube.INFO: Matched route "block_category". {"route_parameters":{"_controller":"\\Eccube\\Controller\\Block\\CategoryController::index","_route":"block_category"},"request_uri":"https://newjoy.co.jp/block/category"} []
[2018-06-10 03:27:56] eccube.INFO: Matched route "block_checkeditem". {"route_parameters":{"_controller":"\\Plugin\\CheckedItem\\Controller\\CheckedItemController::index","_route":"block_checkeditem"},"request_uri":"https://newjoy.co.jp/block/checkeditem"} []
[2018-06-10 03:27:56] eccube.INFO: Matched route "block_main_menu". {"route_parameters":{"_controller":"\\Eccube\\Controller\\Block\\MainMenuController::index","_route":"block_main_menu"},"request_uri":"https://newjoy.co.jp/block/main_menu"} []
[2018-06-10 03:27:56] eccube.INFO: < 200 [] []
[2018-06-10 03:28:13] eccube.INFO: Matched route "product_list". {"route_parameters":{"_controller":"\\Eccube\\Controller\\ProductController::index","_route":"product_list"},"request_uri":"https://newjoy.co.jp/products/list?category_id=&name=%E3%83%8F%E3%83%BC%E3%83%95%E3%83%91%E3%83%B3%E3%83%84"} []
[2018-06-10 03:28:13] eccube.INFO: Populated the TokenStorage with an anonymous Token. [] []
[2018-06-10 03:28:13] eccube.INFO: > GET /products/list?category_id=&name=%E3%83%8F%E3%83%BC%E3%83%95%E3%83%91%E3%83%B3%E3%83%84 [] []
[2018-06-10 03:28:13] eccube.INFO: CategoryContent Product/list.twig start [] []
[2018-06-10 03:28:13] eccube.INFO: Matched route "block_cart". {"route_parameters":{"_controller":"\\Eccube\\Controller\\Block\\CartController::index","_route":"block_cart"},"request_uri":"https://newjoy.co.jp/block/cart"} []
[2018-06-10 03:28:13] eccube.INFO: Matched route "block_login". {"route_parameters":{"_controller":"\\Eccube\\Controller\\Block\\LoginController::index","_route":"block_login"},"request_uri":"https://newjoy.co.jp/block/login"} []
[2018-06-10 03:28:13] eccube.INFO: Matched route "block_search_product". {"route_parameters":{"_controller":"\\Eccube\\Controller\\Block\\SearchProductController::index","_route":"block_search_product"},"request_uri":"https://newjoy.co.jp/block/search_product"} []
[2018-06-10 03:28:13] eccube.INFO: Matched route "block_category". {"route_parameters":{"_controller":"\\Eccube\\Controller\\Block\\CategoryController::index","_route":"block_category"},"request_uri":"https://newjoy.co.jp/block/category"} []
[2018-06-10 03:28:13] eccube.INFO: Matched route "block_checkeditem". {"route_parameters":{"_controller":"\\Plugin\\CheckedItem\\Controller\\CheckedItemController::index","_route":"block_checkeditem"},"request_uri":"https://newjoy.co.jp/block/checkeditem"} []
[2018-06-10 03:28:13] eccube.INFO: Matched route "block_main_menu". {"route_parameters":{"_controller":"\\Eccube\\Controller\\Block\\MainMenuController::index","_route":"block_main_menu"},"request_uri":"https://newjoy.co.jp/block/main_menu"} []
[2018-06-10 03:28:13] eccube.INFO: < 200 [] []
[2018-06-10 03:28:40] eccube.INFO: Matched route "n/a". {"route_parameters":{"_controller":"[object] (Closure: {})","_route":null,"url":"https://newjoy.co.jp/products/list?category_id=&name=%E3%83%96%E3%83%A9%E3%82%A4%E3%82%BA%E3%83%A1%E3%82%A4%E3%83%89"},"request_uri":"http://newjoy.co.jp/products/list?category_id=&name=%E3%83%96%E3%83%A9%E3%82%A4%E3%82%BA%E3%83%A1%E3%82%A4%E3%83%89"} []
[2018-06-10 03:28:40] eccube.INFO: Populated the TokenStorage with an anonymous Token. [] []
[2018-06-10 03:28:40] eccube.INFO: > GET /products/list?category_id=&name=%E3%83%96%E3%83%A9%E3%82%A4%E3%82%BA%E3%83%A1%E3%82%A4%E3%83%89 [] []
[2018-06-10 03:28:40] eccube.INFO: < 301 https://newjoy.co.jp/products/list?category_id=&name=%E3%83%96%E3%83%A9%E3%82%A4%E3%82%BA%E3%83%A1%E3%82%A4%E3%83%89 [] []
[2018-06-10 03:28:58] eccube.INFO: Matched route "product_list". {"route_parameters":{"_controller":"\\Eccube\\Controller\\ProductController::index","_route":"product_list"},"request_uri":"https://newjoy.co.jp/products/list?category_id=&name=%E3%83%96%E3%83%A9%E3%82%A4%E3%82%BA%E3%83%A1%E3%82%A4%E3%83%89"} []
[2018-06-10 03:28:58] eccube.INFO: Populated the TokenStorage with an anonymous Token. [] []
[2018-06-10 03:28:58] eccube.INFO: > GET /products/list?category_id=&name=%E3%83%96%E3%83%A9%E3%82%A4%E3%82%BA%E3%83%A1%E3%82%A4%E3%83%89 [] []
[2018-06-10 03:28:58] eccube.INFO: CategoryContent Product/list.twig start [] []
[2018-06-10 03:28:58] eccube.INFO: Matched route "block_cart". {"route_parameters":{"_controller":"\\Eccube\\Controller\\Block\\CartController::index","_route":"block_cart"},"request_uri":"https://newjoy.co.jp/block/cart"} []
[2018-06-10 03:28:58] eccube.INFO: Matched route "block_login". {"route_parameters":{"_controller":"\\Eccube\\Controller\\Block\\LoginController::index","_route":"block_login"},"request_uri":"https://newjoy.co.jp/block/login"} []
[2018-06-10 03:28:58] eccube.INFO: Matched route "block_search_product". {"route_parameters":{"_controller":"\\Eccube\\Controller\\Block\\SearchProductController::index","_route":"block_search_product"},"request_uri":"https://newjoy.co.jp/block/search_product"} []
[2018-06-10 03:28:58] eccube.INFO: Matched route "block_category". {"route_parameters":{"_controller":"\\Eccube\\Controller\\Block\\CategoryController::index","_route":"block_category"},"request_uri":"https://newjoy.co.jp/block/category"} []
[2018-06-10 03:28:58] eccube.INFO: Matched route "block_checkeditem". {"route_parameters":{"_controller":"\\Plugin\\CheckedItem\\Controller\\CheckedItemController::index","_route":"block_checkeditem"},"request_uri":"https://newjoy.co.jp/block/checkeditem"} []
[2018-06-10 03:28:58] eccube.INFO: Matched route "block_main_menu". {"route_parameters":{"_controller":"\\Eccube\\Controller\\Block\\MainMenuController::index","_route":"block_main_menu"},"request_uri":"https://newjoy.co.jp/block/main_menu"} []
[2018-06-10 03:28:58] eccube.INFO: < 200 [] []
[2018-06-10 03:29:21] eccube.INFO: Matched route "product_list". {"route_parameters":{"_controller":"\\Eccube\\Controller\\ProductController::index","_route":"product_list"},"request_uri":"https://newjoy.co.jp/products/list?category_id=&name=%E3%83%96%E3%83%A9%E3%82%A4%E3%82%BA%E3%83%A1%E3%82%A4%E3%83%89"} []
[2018-06-10 03:29:21] eccube.INFO: Populated the TokenStorage with an anonymous Token. [] []
[2018-06-10 03:29:21] eccube.INFO: > GET /products/list?category_id=&name=%E3%83%96%E3%83%A9%E3%82%A4%E3%82%BA%E3%83%A1%E3%82%A4%E3%83%89 [] []
[2018-06-10 03:29:21] eccube.INFO: CategoryContent Product/list.twig start [] []
[2018-06-10 03:29:21] eccube.INFO: Matched route "block_cart". {"route_parameters":{"_controller":"\\Eccube\\Controller\\Block\\CartController::index","_route":"block_cart"},"request_uri":"https://newjoy.co.jp/block/cart"} []
[2018-06-10 03:29:21] eccube.INFO: Matched route "block_login". {"route_parameters":{"_controller":"\\Eccube\\Controller\\Block\\LoginController::index","_route":"block_login"},"request_uri":"https://newjoy.co.jp/block/login"} []
[2018-06-10 03:29:21] eccube.INFO: Matched route "block_search_product". {"route_parameters":{"_controller":"\\Eccube\\Controller\\Block\\SearchProductController::index","_route":"block_search_product"},"request_uri":"https://newjoy.co.jp/block/search_product"} []
[2018-06-10 03:29:21] eccube.INFO: Matched route "block_category". {"route_parameters":{"_controller":"\\Eccube\\Controller\\Block\\CategoryController::index","_route":"block_category"},"request_uri":"https://newjoy.co.jp/block/category"} []
[2018-06-10 03:29:21] eccube.INFO: Matched route "block_checkeditem". {"route_parameters":{"_controller":"\\Plugin\\CheckedItem\\Controller\\CheckedItemController::index","_route":"block_checkeditem"},"request_uri":"https://newjoy.co.jp/block/checkeditem"} []
[2018-06-10 03:29:21] eccube.INFO: Matched route "block_main_menu". {"route_parameters":{"_controller":"\\Eccube\\Controller\\Block\\MainMenuController::index","_route":"block_main_menu"},"request_uri":"https://newjoy.co.jp/block/main_menu"} []
[2018-06-10 03:29:21] eccube.INFO: < 200 [] []
[2018-06-10 03:29:41] eccube.INFO: Matched route "n/a". {"route_parameters":{"_controller":"[object] (Closure: {})","_route":null,"url":"https://newjoy.co.jp/products/list?category_id=&name=%E3%83%9A%E3%82%A2%E3%83%AB%E3%83%83%E3%82%AF"},"request_uri":"http://newjoy.co.jp/products/list?category_id=&name=%E3%83%9A%E3%82%A2%E3%83%AB%E3%83%83%E3%82%AF"} []
[2018-06-10 03:29:41] eccube.INFO: Populated the TokenStorage with an anonymous Token. [] []
[2018-06-10 03:29:41] eccube.INFO: > GET /products/list?category_id=&name=%E3%83%9A%E3%82%A2%E3%83%AB%E3%83%83%E3%82%AF [] []
[2018-06-10 03:29:41] eccube.INFO: < 301 https://newjoy.co.jp/products/list?category_id=&name=%E3%83%9A%E3%82%A2%E3%83%AB%E3%83%83%E3%82%AF [] []
[2018-06-10 03:30:08] eccube.INFO: Matched route "product_list". {"route_parameters":{"_controller":"\\Eccube\\Controller\\ProductController::index","_route":"product_list"},"request_uri":"https://newjoy.co.jp/products/list?category_id=&name=%E3%83%9A%E3%82%A2%E3%83%AB%E3%83%83%E3%82%AF"} []
[2018-06-10 03:30:08] eccube.INFO: Populated the TokenStorage with an anonymous Token. [] []
[2018-06-10 03:30:08] eccube.INFO: > GET /products/list?category_id=&name=%E3%83%9A%E3%82%A2%E3%83%AB%E3%83%83%E3%82%AF [] []
[2018-06-10 03:30:08] eccube.INFO: CategoryContent Product/list.twig start [] []
[2018-06-10 03:30:08] eccube.INFO: Matched route "block_cart". {"route_parameters":{"_controller":"\\Eccube\\Controller\\Block\\CartController::index","_route":"block_cart"},"request_uri":"https://newjoy.co.jp/block/cart"} []
[2018-06-10 03:30:08] eccube.INFO: Matched route "block_login". {"route_parameters":{"_controller":"\\Eccube\\Controller\\Block\\LoginController::index","_route":"block_login"},"request_uri":"https://newjoy.co.jp/block/login"} []
[2018-06-10 03:30:08] eccube.INFO: Matched route "block_search_product". {"route_parameters":{"_controller":"\\Eccube\\Controller\\Block\\SearchProductController::index","_route":"block_search_product"},"request_uri":"https://newjoy.co.jp/block/search_product"} []
[2018-06-10 03:30:09] eccube.INFO: Matched route "block_category". {"route_parameters":{"_controller":"\\Eccube\\Controller\\Block\\CategoryController::index","_route":"block_category"},"request_uri":"https://newjoy.co.jp/block/category"} []
[2018-06-10 03:30:09] eccube.INFO: Matched route "block_checkeditem". {"route_parameters":{"_controller":"\\Plugin\\CheckedItem\\Controller\\CheckedItemController::index","_route":"block_checkeditem"},"request_uri":"https://newjoy.co.jp/block/checkeditem"} []
[2018-06-10 03:30:09] eccube.INFO: Matched route "block_main_menu". {"route_parameters":{"_controller":"\\Eccube\\Controller\\Block\\MainMenuController::index","_route":"block_main_menu"},"request_uri":"https://newjoy.co.jp/block/main_menu"} []
[2018-06-10 03:30:09] eccube.INFO: < 200 [] []
[2018-06-10 03:30:22] eccube.INFO: Matched route "product_list". {"route_parameters":{"_controller":"\\Eccube\\Controller\\ProductController::index","_route":"product_list"},"request_uri":"https://newjoy.co.jp/products/list?category_id=&name=%E3%83%9A%E3%82%A2%E3%83%AB%E3%83%83%E3%82%AF"} []
[2018-06-10 03:30:22] eccube.INFO: Populated the TokenStorage with an anonymous Token. [] []
[2018-06-10 03:30:22] eccube.INFO: > GET /products/list?category_id=&name=%E3%83%9A%E3%82%A2%E3%83%AB%E3%83%83%E3%82%AF [] []
[2018-06-10 03:30:22] eccube.INFO: CategoryContent Product/list.twig start [] []
[2018-06-10 03:30:22] eccube.INFO: Matched route "block_cart". {"route_parameters":{"_controller":"\\Eccube\\Controller\\Block\\CartController::index","_route":"block_cart"},"request_uri":"https://newjoy.co.jp/block/cart"} []
[2018-06-10 03:30:22] eccube.INFO: Matched route "block_login". {"route_parameters":{"_controller":"\\Eccube\\Controller\\Block\\LoginController::index","_route":"block_login"},"request_uri":"https://newjoy.co.jp/block/login"} []
[2018-06-10 03:30:22] eccube.INFO: Matched route "block_search_product". {"route_parameters":{"_controller":"\\Eccube\\Controller\\Block\\SearchProductController::index","_route":"block_search_product"},"request_uri":"https://newjoy.co.jp/block/search_product"} []
[2018-06-10 03:30:22] eccube.INFO: Matched route "block_category". {"route_parameters":{"_controller":"\\Eccube\\Controller\\Block\\CategoryController::index","_route":"block_category"},"request_uri":"https://newjoy.co.jp/block/category"} []
[2018-06-10 03:30:23] eccube.INFO: Matched route "block_checkeditem". {"route_parameters":{"_controller":"\\Plugin\\CheckedItem\\Controller\\CheckedItemController::index","_route":"block_checkeditem"},"request_uri":"https://newjoy.co.jp/block/checkeditem"} []
[2018-06-10 03:30:23] eccube.INFO: Matched route "block_main_menu". {"route_parameters":{"_controller":"\\Eccube\\Controller\\Block\\MainMenuController::index","_route":"block_main_menu"},"request_uri":"https://newjoy.co.jp/block/main_menu"} []
[2018-06-10 03:30:23] eccube.INFO: < 200 [] []
[2018-06-10 03:30:40] eccube.INFO: Matched route "n/a". {"route_parameters":{"_controller":"[object] (Closure: {})","_route":null,"url":"https://newjoy.co.jp/products/list?category_id=&name=%E3%83%AC%E3%82%A4%E3%83%B3%E3%82%B7%E3%83%A5%E3%83%BC%E3%82%BA"},"request_uri":"http://newjoy.co.jp/products/list?category_id=&name=%E3%83%AC%E3%82%A4%E3%83%B3%E3%82%B7%E3%83%A5%E3%83%BC%E3%82%BA"} []
[2018-06-10 03:30:40] eccube.INFO: Populated the TokenStorage with an anonymous Token. [] []
[2018-06-10 03:30:40] eccube.INFO: > GET /products/list?category_id=&name=%E3%83%AC%E3%82%A4%E3%83%B3%E3%82%B7%E3%83%A5%E3%83%BC%E3%82%BA [] []
[2018-06-10 03:30:40] eccube.INFO: < 301 https://newjoy.co.jp/products/list?category_id=&name=%E3%83%AC%E3%82%A4%E3%83%B3%E3%82%B7%E3%83%A5%E3%83%BC%E3%82%BA [] []
[2018-06-10 03:30:59] eccube.INFO: Matched route "product_list". {"route_parameters":{"_controller":"\\Eccube\\Controller\\ProductController::index","_route":"product_list"},"request_uri":"https://newjoy.co.jp/products/list?category_id=&name=%E3%83%AC%E3%82%A4%E3%83%B3%E3%82%B7%E3%83%A5%E3%83%BC%E3%82%BA"} []
[2018-06-10 03:30:59] eccube.INFO: Populated the TokenStorage with an anonymous Token. [] []
[2018-06-10 03:30:59] eccube.INFO: > GET /products/list?category_id=&name=%E3%83%AC%E3%82%A4%E3%83%B3%E3%82%B7%E3%83%A5%E3%83%BC%E3%82%BA [] []
[2018-06-10 03:31:00] eccube.INFO: CategoryContent Product/list.twig start [] []
[2018-06-10 03:31:00] eccube.INFO: Matched route "block_cart". {"route_parameters":{"_controller":"\\Eccube\\Controller\\Block\\CartController::index","_route":"block_cart"},"request_uri":"https://newjoy.co.jp/block/cart"} []
[2018-06-10 03:31:00] eccube.INFO: Matched route "block_login". {"route_parameters":{"_controller":"\\Eccube\\Controller\\Block\\LoginController::index","_route":"block_login"},"request_uri":"https://newjoy.co.jp/block/login"} []
[2018-06-10 03:31:00] eccube.INFO: Matched route "block_search_product". {"route_parameters":{"_controller":"\\Eccube\\Controller\\Block\\SearchProductController::index","_route":"block_search_product"},"request_uri":"https://newjoy.co.jp/block/search_product"} []
[2018-06-10 03:31:00] eccube.INFO: Matched route "block_category". {"route_parameters":{"_controller":"\\Eccube\\Controller\\Block\\CategoryController::index","_route":"block_category"},"request_uri":"https://newjoy.co.jp/block/category"} []
[2018-06-10 03:31:00] eccube.INFO: Matched route "block_checkeditem". {"route_parameters":{"_controller":"\\Plugin\\CheckedItem\\Controller\\CheckedItemController::index","_route":"block_checkeditem"},"request_uri":"https://newjoy.co.jp/block/checkeditem"} []
[2018-06-10 03:31:00] eccube.INFO: Matched route "block_main_menu". {"route_parameters":{"_controller":"\\Eccube\\Controller\\Block\\MainMenuController::index","_route":"block_main_menu"},"request_uri":"https://newjoy.co.jp/block/main_menu"} []
[2018-06-10 03:31:00] eccube.INFO: < 200 [] []
[2018-06-10 03:31:17] eccube.INFO: Matched route "product_list". {"route_parameters":{"_controller":"\\Eccube\\Controller\\ProductController::index","_route":"product_list"},"request_uri":"https://newjoy.co.jp/products/list?category_id=&name=%E3%83%AC%E3%82%A4%E3%83%B3%E3%82%B7%E3%83%A5%E3%83%BC%E3%82%BA"} []
[2018-06-10 03:31:17] eccube.INFO: Populated the TokenStorage with an anonymous Token. [] []
[2018-06-10 03:31:17] eccube.INFO: > GET /products/list?category_id=&name=%E3%83%AC%E3%82%A4%E3%83%B3%E3%82%B7%E3%83%A5%E3%83%BC%E3%82%BA [] []
[2018-06-10 03:31:17] eccube.INFO: CategoryContent Product/list.twig start [] []
[2018-06-10 03:31:17] eccube.INFO: Matched route "block_cart". {"route_parameters":{"_controller":"\\Eccube\\Controller\\Block\\CartController::index","_route":"block_cart"},"request_uri":"https://newjoy.co.jp/block/cart"} []
[2018-06-10 03:31:17] eccube.INFO: Matched route "block_login". {"route_parameters":{"_controller":"\\Eccube\\Controller\\Block\\LoginController::index","_route":"block_login"},"request_uri":"https://newjoy.co.jp/block/login"} []
[2018-06-10 03:31:17] eccube.INFO: Matched route "block_search_product". {"route_parameters":{"_controller":"\\Eccube\\Controller\\Block\\SearchProductController::index","_route":"block_search_product"},"request_uri":"https://newjoy.co.jp/block/search_product"} []
[2018-06-10 03:31:17] eccube.INFO: Matched route "block_category". {"route_parameters":{"_controller":"\\Eccube\\Controller\\Block\\CategoryController::index","_route":"block_category"},"request_uri":"https://newjoy.co.jp/block/category"} []
[2018-06-10 03:31:18] eccube.INFO: Matched route "block_checkeditem". {"route_parameters":{"_controller":"\\Plugin\\CheckedItem\\Controller\\CheckedItemController::index","_route":"block_checkeditem"},"request_uri":"https://newjoy.co.jp/block/checkeditem"} []
[2018-06-10 03:31:18] eccube.INFO: Matched route "block_main_menu". {"route_parameters":{"_controller":"\\Eccube\\Controller\\Block\\MainMenuController::index","_route":"block_main_menu"},"request_uri":"https://newjoy.co.jp/block/main_menu"} []
[2018-06-10 03:31:18] eccube.INFO: < 200 [] []
[2018-06-10 03:31:37] eccube.INFO: Matched route "n/a". {"route_parameters":{"_controller":"[object] (Closure: {})","_route":null,"url":"https://newjoy.co.jp/products/list?category_id=&name=%E5%A4%8F%E3%81%AE%E6%96%B0%E4%BD%9C"},"request_uri":"http://newjoy.co.jp/products/list?category_id=&name=%E5%A4%8F%E3%81%AE%E6%96%B0%E4%BD%9C"} []
[2018-06-10 03:31:37] eccube.INFO: Populated the TokenStorage with an anonymous Token. [] []
[2018-06-10 03:31:37] eccube.INFO: > GET /products/list?category_id=&name=%E5%A4%8F%E3%81%AE%E6%96%B0%E4%BD%9C [] []
[2018-06-10 03:31:37] eccube.INFO: < 301 https://newjoy.co.jp/products/list?category_id=&name=%E5%A4%8F%E3%81%AE%E6%96%B0%E4%BD%9C [] []
[2018-06-10 03:31:58] eccube.INFO: Matched route "product_list". {"route_parameters":{"_controller":"\\Eccube\\Controller\\ProductController::index","_route":"product_list"},"request_uri":"https://newjoy.co.jp/products/list?category_id=&name=%E5%A4%8F%E3%81%AE%E6%96%B0%E4%BD%9C"} []
[2018-06-10 03:31:58] eccube.INFO: Populated the TokenStorage with an anonymous Token. [] []
[2018-06-10 03:31:58] eccube.INFO: > GET /products/list?category_id=&name=%E5%A4%8F%E3%81%AE%E6%96%B0%E4%BD%9C [] []
[2018-06-10 03:31:58] eccube.INFO: CategoryContent Product/list.twig start [] []
[2018-06-10 03:31:58] eccube.INFO: Matched route "block_cart". {"route_parameters":{"_controller":"\\Eccube\\Controller\\Block\\CartController::index","_route":"block_cart"},"request_uri":"https://newjoy.co.jp/block/cart"} []
[2018-06-10 03:31:58] eccube.INFO: Matched route "block_login". {"route_parameters":{"_controller":"\\Eccube\\Controller\\Block\\LoginController::index","_route":"block_login"},"request_uri":"https://newjoy.co.jp/block/login"} []
[2018-06-10 03:31:58] eccube.INFO: Matched route "block_search_product". {"route_parameters":{"_controller":"\\Eccube\\Controller\\Block\\SearchProductController::index","_route":"block_search_product"},"request_uri":"https://newjoy.co.jp/block/search_product"} []
[2018-06-10 03:31:58] eccube.INFO: Matched route "block_category". {"route_parameters":{"_controller":"\\Eccube\\Controller\\Block\\CategoryController::index","_route":"block_category"},"request_uri":"https://newjoy.co.jp/block/category"} []
[2018-06-10 03:31:58] eccube.INFO: Matched route "block_checkeditem". {"route_parameters":{"_controller":"\\Plugin\\CheckedItem\\Controller\\CheckedItemController::index","_route":"block_checkeditem"},"request_uri":"https://newjoy.co.jp/block/checkeditem"} []
[2018-06-10 03:31:58] eccube.INFO: Matched route "block_main_menu". {"route_parameters":{"_controller":"\\Eccube\\Controller\\Block\\MainMenuController::index","_route":"block_main_menu"},"request_uri":"https://newjoy.co.jp/block/main_menu"} []
[2018-06-10 03:31:58] eccube.INFO: < 200 [] []
[2018-06-10 03:32:18] eccube.INFO: Matched route "product_list". {"route_parameters":{"_controller":"\\Eccube\\Controller\\ProductController::index","_route":"product_list"},"request_uri":"https://newjoy.co.jp/products/list?category_id=&name=%E5%A4%8F%E3%81%AE%E6%96%B0%E4%BD%9C"} []
[2018-06-10 03:32:18] eccube.INFO: Populated the TokenStorage with an anonymous Token. [] []
[2018-06-10 03:32:18] eccube.INFO: > GET /products/list?category_id=&name=%E5%A4%8F%E3%81%AE%E6%96%B0%E4%BD%9C [] []
[2018-06-10 03:32:18] eccube.INFO: CategoryContent Product/list.twig start [] []
[2018-06-10 03:32:18] eccube.INFO: Matched route "block_cart". {"route_parameters":{"_controller":"\\Eccube\\Controller\\Block\\CartController::index","_route":"block_cart"},"request_uri":"https://newjoy.co.jp/block/cart"} []
[2018-06-10 03:32:18] eccube.INFO: Matched route "block_login". {"route_parameters":{"_controller":"\\Eccube\\Controller\\Block\\LoginController::index","_route":"block_login"},"request_uri":"https://newjoy.co.jp/block/login"} []
[2018-06-10 03:32:18] eccube.INFO: Matched route "block_search_product". {"route_parameters":{"_controller":"\\Eccube\\Controller\\Block\\SearchProductController::index","_route":"block_search_product"},"request_uri":"https://newjoy.co.jp/block/search_product"} []
[2018-06-10 03:32:18] eccube.INFO: Matched route "block_category". {"route_parameters":{"_controller":"\\Eccube\\Controller\\Block\\CategoryController::index","_route":"block_category"},"request_uri":"https://newjoy.co.jp/block/category"} []
[2018-06-10 03:32:18] eccube.INFO: Matched route "block_checkeditem". {"route_parameters":{"_controller":"\\Plugin\\CheckedItem\\Controller\\CheckedItemController::index","_route":"block_checkeditem"},"request_uri":"https://newjoy.co.jp/block/checkeditem"} []
[2018-06-10 03:32:18] eccube.INFO: Matched route "block_main_menu". {"route_parameters":{"_controller":"\\Eccube\\Controller\\Block\\MainMenuController::index","_route":"block_main_menu"},"request_uri":"https://newjoy.co.jp/block/main_menu"} []
[2018-06-10 03:32:18] eccube.INFO: < 200 [] []
[2018-06-10 03:32:34] eccube.INFO: Matched route "n/a". {"route_parameters":{"_controller":"[object] (Closure: {})","_route":null,"url":"https://newjoy.co.jp/products/list?category_id=&name=%E6%B0%B4%E7%9D%80"},"request_uri":"http://newjoy.co.jp/products/list?category_id=&name=%E6%B0%B4%E7%9D%80"} []
[2018-06-10 03:32:34] eccube.INFO: Populated the TokenStorage with an anonymous Token. [] []
[2018-06-10 03:32:34] eccube.INFO: > GET /products/list?category_id=&name=%E6%B0%B4%E7%9D%80 [] []
[2018-06-10 03:32:34] eccube.INFO: < 301 https://newjoy.co.jp/products/list?category_id=&name=%E6%B0%B4%E7%9D%80 [] []
[2018-06-10 03:32:48] eccube.INFO: Matched route "product_list". {"route_parameters":{"_controller":"\\Eccube\\Controller\\ProductController::index","_route":"product_list"},"request_uri":"https://newjoy.co.jp/products/list?category_id=&name=%E6%B0%B4%E7%9D%80"} []
[2018-06-10 03:32:48] eccube.INFO: Populated the TokenStorage with an anonymous Token. [] []
[2018-06-10 03:32:48] eccube.INFO: > GET /products/list?category_id=&name=%E6%B0%B4%E7%9D%80 [] []
[2018-06-10 03:32:48] eccube.INFO: CategoryContent Product/list.twig start [] []
[2018-06-10 03:32:48] eccube.INFO: Matched route "block_cart". {"route_parameters":{"_controller":"\\Eccube\\Controller\\Block\\CartController::index","_route":"block_cart"},"request_uri":"https://newjoy.co.jp/block/cart"} []
[2018-06-10 03:32:48] eccube.INFO: Matched route "block_login". {"route_parameters":{"_controller":"\\Eccube\\Controller\\Block\\LoginController::index","_route":"block_login"},"request_uri":"https://newjoy.co.jp/block/login"} []
[2018-06-10 03:32:48] eccube.INFO: Matched route "block_search_product". {"route_parameters":{"_controller":"\\Eccube\\Controller\\Block\\SearchProductController::index","_route":"block_search_product"},"request_uri":"https://newjoy.co.jp/block/search_product"} []
[2018-06-10 03:32:48] eccube.INFO: Matched route "block_category". {"route_parameters":{"_controller":"\\Eccube\\Controller\\Block\\CategoryController::index","_route":"block_category"},"request_uri":"https://newjoy.co.jp/block/category"} []
[2018-06-10 03:32:48] eccube.INFO: Matched route "block_checkeditem". {"route_parameters":{"_controller":"\\Plugin\\CheckedItem\\Controller\\CheckedItemController::index","_route":"block_checkeditem"},"request_uri":"https://newjoy.co.jp/block/checkeditem"} []
[2018-06-10 03:32:48] eccube.INFO: Matched route "block_main_menu". {"route_parameters":{"_controller":"\\Eccube\\Controller\\Block\\MainMenuController::index","_route":"block_main_menu"},"request_uri":"https://newjoy.co.jp/block/main_menu"} []
[2018-06-10 03:32:48] eccube.INFO: < 200 [] []
[2018-06-10 03:33:11] eccube.INFO: Matched route "product_list". {"route_parameters":{"_controller":"\\Eccube\\Controller\\ProductController::index","_route":"product_list"},"request_uri":"https://newjoy.co.jp/products/list?category_id=&name=%E6%B0%B4%E7%9D%80"} []
[2018-06-10 03:33:11] eccube.INFO: Populated the TokenStorage with an anonymous Token. [] []
[2018-06-10 03:33:11] eccube.INFO: > GET /products/list?category_id=&name=%E6%B0%B4%E7%9D%80 [] []
[2018-06-10 03:33:11] eccube.INFO: CategoryContent Product/list.twig start [] []
[2018-06-10 03:33:11] eccube.INFO: Matched route "block_cart". {"route_parameters":{"_controller":"\\Eccube\\Controller\\Block\\CartController::index","_route":"block_cart"},"request_uri":"https://newjoy.co.jp/block/cart"} []
[2018-06-10 03:33:11] eccube.INFO: Matched route "block_login". {"route_parameters":{"_controller":"\\Eccube\\Controller\\Block\\LoginController::index","_route":"block_login"},"request_uri":"https://newjoy.co.jp/block/login"} []
[2018-06-10 03:33:11] eccube.INFO: Matched route "block_search_product". {"route_parameters":{"_controller":"\\Eccube\\Controller\\Block\\SearchProductController::index","_route":"block_search_product"},"request_uri":"https://newjoy.co.jp/block/search_product"} []
[2018-06-10 03:33:11] eccube.INFO: Matched route "block_category". {"route_parameters":{"_controller":"\\Eccube\\Controller\\Block\\CategoryController::index","_route":"block_category"},"request_uri":"https://newjoy.co.jp/block/category"} []
[2018-06-10 03:33:11] eccube.INFO: Matched route "block_checkeditem". {"route_parameters":{"_controller":"\\Plugin\\CheckedItem\\Controller\\CheckedItemController::index","_route":"block_checkeditem"},"request_uri":"https://newjoy.co.jp/block/checkeditem"} []
[2018-06-10 03:33:11] eccube.INFO: Matched route "block_main_menu". {"route_parameters":{"_controller":"\\Eccube\\Controller\\Block\\MainMenuController::index","_route":"block_main_menu"},"request_uri":"https://newjoy.co.jp/block/main_menu"} []
[2018-06-10 03:33:11] eccube.INFO: < 200 [] []
[2018-06-10 03:46:06] eccube.INFO: Matched route "n/a". {"route_parameters":{"_controller":"[object] (Closure: {})","_route":null,"url":"https://newjoy.co.jp/products/list?category_id=24"},"request_uri":"http://newjoy.co.jp/products/list?category_id=24"} []
[2018-06-10 03:46:06] eccube.INFO: Populated the TokenStorage with an anonymous Token. [] []
[2018-06-10 03:46:06] eccube.INFO: > GET /products/list?category_id=24 [] []
[2018-06-10 03:46:06] eccube.INFO: < 301 https://newjoy.co.jp/products/list?category_id=24 [] []
[2018-06-10 03:46:09] eccube.INFO: Matched route "n/a". {"route_parameters":{"_controller":"[object] (Closure: {})","_route":null,"url":"https://newjoy.co.jp/products/list?category_id=45"},"request_uri":"http://newjoy.co.jp/products/list?category_id=45"} []
[2018-06-10 03:46:09] eccube.INFO: Populated the TokenStorage with an anonymous Token. [] []
[2018-06-10 03:46:09] eccube.INFO: > GET /products/list?category_id=45 [] []
[2018-06-10 03:46:09] eccube.INFO: < 301 https://newjoy.co.jp/products/list?category_id=45 [] []
[2018-06-10 03:46:12] eccube.INFO: Matched route "n/a". {"route_parameters":{"_controller":"[object] (Closure: {})","_route":null,"url":"https://newjoy.co.jp/products/list?category_id=61"},"request_uri":"http://newjoy.co.jp/products/list?category_id=61"} []
[2018-06-10 03:46:12] eccube.INFO: Populated the TokenStorage with an anonymous Token. [] []
[2018-06-10 03:46:12] eccube.INFO: > GET /products/list?category_id=61 [] []
[2018-06-10 03:46:12] eccube.INFO: < 301 https://newjoy.co.jp/products/list?category_id=61 [] []
[2018-06-10 04:51:48] eccube.INFO: Matched route "n/a". {"route_parameters":{"_controller":"[object] (Closure: {})","_route":null,"url":"https://newjoy.co.jp/products/list?category_id=36"},"request_uri":"http://newjoy.co.jp/products/list?category_id=36"} []
[2018-06-10 04:51:48] eccube.INFO: Populated the TokenStorage with an anonymous Token. [] []
[2018-06-10 04:51:48] eccube.INFO: > GET /products/list?category_id=36 [] []
[2018-06-10 04:51:48] eccube.INFO: < 301 https://newjoy.co.jp/products/list?category_id=36 [] []
[2018-06-10 05:12:40] eccube.INFO: Matched route "n/a". {"route_parameters":{"_controller":"[object] (Closure: {})","_route":null,"url":"https://newjoy.co.jp/products/list?category_id=23"},"request_uri":"http://newjoy.co.jp/products/list?category_id=23"} []
[2018-06-10 05:12:40] eccube.INFO: Populated the TokenStorage with an anonymous Token. [] []
[2018-06-10 05:12:40] eccube.INFO: > GET /products/list?category_id=23 [] []
[2018-06-10 05:12:40] eccube.INFO: < 301 https://newjoy.co.jp/products/list?category_id=23 [] []
[2018-06-10 05:56:37] eccube.INFO: Matched route "n/a". {"route_parameters":{"_controller":"[object] (Closure: {})","_route":null,"url":"https://newjoy.co.jp/products/list?category_id=27"},"request_uri":"http://newjoy.co.jp/products/list?category_id=27"} []
[2018-06-10 05:56:37] eccube.INFO: Populated the TokenStorage with an anonymous Token. [] []
[2018-06-10 05:56:37] eccube.INFO: > GET /products/list?category_id=27 [] []
[2018-06-10 05:56:37] eccube.INFO: < 301 https://newjoy.co.jp/products/list?category_id=27 [] []
[2018-06-10 06:05:27] eccube.INFO: Matched route "n/a". {"route_parameters":{"_controller":"[object] (Closure: {})","_route":null,"url":"https://newjoy.co.jp/"},"request_uri":"http://newjoy.co.jp/"} []
[2018-06-10 06:05:27] eccube.INFO: Populated the TokenStorage with an anonymous Token. [] []
[2018-06-10 06:05:27] eccube.INFO: > GET / [] []
[2018-06-10 06:05:27] eccube.INFO: < 301 https://newjoy.co.jp/ [] []
[2018-06-10 07:00:24] eccube.INFO: Matched route "n/a". {"route_parameters":{"_controller":"[object] (Closure: {})","_route":null,"url":"https://newjoy.co.jp/products/detail/16"},"request_uri":"http://newjoy.co.jp/products/detail/16"} []
[2018-06-10 07:00:24] eccube.INFO: Populated the TokenStorage with an anonymous Token. [] []
[2018-06-10 07:00:24] eccube.INFO: > GET /products/detail/16 [] []
[2018-06-10 07:00:24] eccube.INFO: < 301 https://newjoy.co.jp/products/detail/16 [] []
[2018-06-10 07:02:04] eccube.INFO: Matched route "n/a". {"route_parameters":{"_controller":"[object] (Closure: {})","_route":null,"url":"https://newjoy.co.jp/products/list?category_id=9"},"request_uri":"http://newjoy.co.jp/products/list?category_id=9"} []
[2018-06-10 07:02:04] eccube.INFO: Populated the TokenStorage with an anonymous Token. [] []
[2018-06-10 07:02:04] eccube.INFO: > GET /products/list?category_id=9 [] []
[2018-06-10 07:02:04] eccube.INFO: < 301 https://newjoy.co.jp/products/list?category_id=9 [] []
[2018-06-10 07:02:15] eccube.INFO: Matched route "n/a". {"route_parameters":{"_controller":"[object] (Closure: {})","_route":null,"url":"https://newjoy.co.jp/products/list?category_id=47"},"request_uri":"http://newjoy.co.jp/products/list?category_id=47"} []
[2018-06-10 07:02:15] eccube.INFO: Populated the TokenStorage with an anonymous Token. [] []
[2018-06-10 07:02:15] eccube.INFO: > GET /products/list?category_id=47 [] []
[2018-06-10 07:02:15] eccube.INFO: < 301 https://newjoy.co.jp/products/list?category_id=47 [] []
[2018-06-10 07:26:49] eccube.INFO: Matched route "n/a". {"route_parameters":{"_controller":"[object] (Closure: {})","_route":null,"url":"https://newjoy.co.jp/products/list?category_id=3"},"request_uri":"http://newjoy.co.jp/products/list?category_id=3"} []
[2018-06-10 07:26:49] eccube.INFO: Populated the TokenStorage with an anonymous Token. [] []
[2018-06-10 07:26:49] eccube.INFO: > GET /products/list?category_id=3 [] []
[2018-06-10 07:26:49] eccube.INFO: < 301 https://newjoy.co.jp/products/list?category_id=3 [] []
[2018-06-10 07:27:06] eccube.INFO: Matched route "n/a". {"route_parameters":{"_controller":"[object] (Closure: {})","_route":null,"url":"https://newjoy.co.jp/products/list?category_id=21"},"request_uri":"http://newjoy.co.jp/products/list?category_id=21"} []
[2018-06-10 07:27:06] eccube.INFO: Populated the TokenStorage with an anonymous Token. [] []
[2018-06-10 07:27:06] eccube.INFO: > GET /products/list?category_id=21 [] []
[2018-06-10 07:27:06] eccube.INFO: < 301 https://newjoy.co.jp/products/list?category_id=21 [] []
[2018-06-10 07:27:08] eccube.INFO: Matched route "n/a". {"route_parameters":{"_controller":"[object] (Closure: {})","_route":null,"url":"https://newjoy.co.jp/products/list?category_id=42"},"request_uri":"http://newjoy.co.jp/products/list?category_id=42"} []
[2018-06-10 07:27:08] eccube.INFO: Populated the TokenStorage with an anonymous Token. [] []
[2018-06-10 07:27:08] eccube.INFO: > GET /products/list?category_id=42 [] []
[2018-06-10 07:27:08] eccube.INFO: < 301 https://newjoy.co.jp/products/list?category_id=42 [] []
[2018-06-10 07:49:10] eccube.INFO: Matched route "n/a". {"route_parameters":{"_controller":"[object] (Closure: {})","_route":null,"url":"https://newjoy.co.jp/products/list?category_id=53"},"request_uri":"http://newjoy.co.jp/products/list?category_id=53"} []
[2018-06-10 07:49:10] eccube.INFO: Populated the TokenStorage with an anonymous Token. [] []
[2018-06-10 07:49:10] eccube.INFO: > GET /products/list?category_id=53 [] []
[2018-06-10 07:49:11] eccube.INFO: < 301 https://newjoy.co.jp/products/list?category_id=53 [] []
[2018-06-10 07:49:52] eccube.INFO: Matched route "n/a". {"route_parameters":{"_controller":"[object] (Closure: {})","_route":null,"url":"https://newjoy.co.jp/products/list?category_id=&name=%E3%82%B5%E3%83%B3%E3%83%80%E3%83%AB"},"request_uri":"http://newjoy.co.jp/products/list?category_id=&name=%E3%82%B5%E3%83%B3%E3%83%80%E3%83%AB"} []
[2018-06-10 07:49:52] eccube.INFO: Populated the TokenStorage with an anonymous Token. [] []
[2018-06-10 07:49:52] eccube.INFO: > GET /products/list?category_id=&name=%E3%82%B5%E3%83%B3%E3%83%80%E3%83%AB [] []
[2018-06-10 07:49:52] eccube.INFO: < 301 https://newjoy.co.jp/products/list?category_id=&name=%E3%82%B5%E3%83%B3%E3%83%80%E3%83%AB [] []
[2018-06-10 08:12:13] eccube.INFO: Matched route "n/a". {"route_parameters":{"_controller":"[object] (Closure: {})","_route":null,"url":"https://newjoy.co.jp/products/list?category_id=10"},"request_uri":"http://newjoy.co.jp/products/list?category_id=10"} []
[2018-06-10 08:12:13] eccube.INFO: Populated the TokenStorage with an anonymous Token. [] []
[2018-06-10 08:12:13] eccube.INFO: > GET /products/list?category_id=10 [] []
[2018-06-10 08:12:13] eccube.INFO: < 301 https://newjoy.co.jp/products/list?category_id=10 [] []
[2018-06-10 09:16:53] eccube.INFO: Matched route "n/a". {"route_parameters":{"_controller":"[object] (Closure: {})","_route":null,"url":"https://newjoy.co.jp/products/detail/11"},"request_uri":"http://newjoy.co.jp/products/detail/11"} []
[2018-06-10 09:16:53] eccube.INFO: Populated the TokenStorage with an anonymous Token. [] []
[2018-06-10 09:16:53] eccube.INFO: > GET /products/detail/11 [] []
[2018-06-10 09:16:53] eccube.INFO: < 301 https://newjoy.co.jp/products/detail/11 [] []
[2018-06-10 10:00:23] eccube.INFO: Matched route "n/a". {"route_parameters":{"_controller":"[object] (Closure: {})","_route":null,"url":"https://newjoy.co.jp/products/detail/17"},"request_uri":"http://newjoy.co.jp/products/detail/17"} []
[2018-06-10 10:00:23] eccube.INFO: Populated the TokenStorage with an anonymous Token. [] []
[2018-06-10 10:00:23] eccube.INFO: > GET /products/detail/17 [] []
[2018-06-10 10:00:23] eccube.INFO: < 301 https://newjoy.co.jp/products/detail/17 [] []
[2018-06-10 10:02:52] eccube.INFO: Matched route "n/a". {"route_parameters":{"_controller":"[object] (Closure: {})","_route":null,"url":"https://newjoy.co.jp/products/list?category_id=30"},"request_uri":"http://newjoy.co.jp/products/list?category_id=30"} []
[2018-06-10 10:02:52] eccube.INFO: Populated the TokenStorage with an anonymous Token. [] []
[2018-06-10 10:02:52] eccube.INFO: > GET /products/list?category_id=30 [] []
[2018-06-10 10:02:52] eccube.INFO: < 301 https://newjoy.co.jp/products/list?category_id=30 [] []
[2018-06-10 10:02:56] eccube.INFO: Matched route "n/a". {"route_parameters":{"_controller":"[object] (Closure: {})","_route":null,"url":"https://newjoy.co.jp/products/list?category_id=65"},"request_uri":"http://newjoy.co.jp/products/list?category_id=65"} []
[2018-06-10 10:02:56] eccube.INFO: Populated the TokenStorage with an anonymous Token. [] []
[2018-06-10 10:02:56] eccube.INFO: > GET /products/list?category_id=65 [] []
[2018-06-10 10:02:56] eccube.INFO: < 301 https://newjoy.co.jp/products/list?category_id=65 [] []
[2018-06-10 10:39:29] eccube.INFO: Matched route "homepage". {"route_parameters":{"_controller":"\\Eccube\\Controller\\TopController::index","_route":"homepage"},"request_uri":"https://newjoy.co.jp/"} []
[2018-06-10 10:39:29] eccube.INFO: Populated the TokenStorage with an anonymous Token. [] []
[2018-06-10 10:39:29] eccube.INFO: > GET / [] []
[2018-06-10 10:39:29] eccube.INFO: Matched route "block_cart". {"route_parameters":{"_controller":"\\Eccube\\Controller\\Block\\CartController::index","_route":"block_cart"},"request_uri":"https://newjoy.co.jp/block/cart"} []
[2018-06-10 10:39:29] eccube.INFO: Matched route "block_login". {"route_parameters":{"_controller":"\\Eccube\\Controller\\Block\\LoginController::index","_route":"block_login"},"request_uri":"https://newjoy.co.jp/block/login"} []
[2018-06-10 10:39:29] eccube.INFO: Matched route "block_search_product". {"route_parameters":{"_controller":"\\Eccube\\Controller\\Block\\SearchProductController::index","_route":"block_search_product"},"request_uri":"https://newjoy.co.jp/block/search_product"} []
[2018-06-10 10:39:29] eccube.INFO: Matched route "block_category". {"route_parameters":{"_controller":"\\Eccube\\Controller\\Block\\CategoryController::index","_route":"block_category"},"request_uri":"https://newjoy.co.jp/block/category"} []
[2018-06-10 10:39:29] eccube.INFO: Matched route "block_recommend_product_block". {"route_parameters":{"_controller":"\\Plugin\\Recommend\\Controller\\Block\\RecommendController::index","_route":"block_recommend_product_block"},"request_uri":"https://newjoy.co.jp/block/recommend_product_block"} []
[2018-06-10 10:39:29] eccube.INFO: Matched route "block_plg_shiro8_new_product_block". {"route_parameters":{"_controller":"\\Plugin\\Shiro8NewProductBlock3\\Controller\\Block\\Shiro8NewProductController::index","_route":"block_plg_shiro8_new_product_block"},"request_uri":"https://newjoy.co.jp/block/plg_shiro8_new_product_block"} []
[2018-06-10 10:39:29] eccube.INFO: Matched route "block_checkeditem". {"route_parameters":{"_controller":"\\Plugin\\CheckedItem\\Controller\\CheckedItemController::index","_route":"block_checkeditem"},"request_uri":"https://newjoy.co.jp/block/checkeditem"} []
[2018-06-10 10:39:29] eccube.INFO: Matched route "block_main_menu". {"route_parameters":{"_controller":"\\Eccube\\Controller\\Block\\MainMenuController::index","_route":"block_main_menu"},"request_uri":"https://newjoy.co.jp/block/main_menu"} []
[2018-06-10 10:39:29] eccube.INFO: Matched route "block_news". {"route_parameters":{"_controller":"\\Eccube\\Controller\\Block\\NewsController::index","_route":"block_news"},"request_uri":"https://newjoy.co.jp/block/news"} []
[2018-06-10 10:39:29] eccube.INFO: < 200 [] []
[2018-06-10 11:29:58] eccube.INFO: Matched route "n/a". {"route_parameters":{"_controller":"[object] (Closure: {})","_route":null,"url":"https://newjoy.co.jp/help/privacy"},"request_uri":"http://newjoy.co.jp/help/privacy"} []
[2018-06-10 11:29:58] eccube.INFO: Populated the TokenStorage with an anonymous Token. [] []
[2018-06-10 11:29:58] eccube.INFO: > GET /help/privacy [] []
[2018-06-10 11:29:58] eccube.INFO: < 301 https://newjoy.co.jp/help/privacy [] []
[2018-06-10 11:32:22] eccube.INFO: Matched route "n/a". {"route_parameters":{"_controller":"[object] (Closure: {})","_route":null,"url":"https://newjoy.co.jp/products/list?category_id=55"},"request_uri":"http://newjoy.co.jp/products/list?category_id=55"} []
[2018-06-10 11:32:22] eccube.INFO: Populated the TokenStorage with an anonymous Token. [] []
[2018-06-10 11:32:22] eccube.INFO: > GET /products/list?category_id=55 [] []
[2018-06-10 11:32:22] eccube.INFO: < 301 https://newjoy.co.jp/products/list?category_id=55 [] []
[2018-06-10 11:51:57] eccube.INFO: Matched route "n/a". {"route_parameters":{"_controller":"[object] (Closure: {})","_route":null,"url":"https://newjoy.co.jp/help/tradelaw"},"request_uri":"http://newjoy.co.jp/help/tradelaw"} []
[2018-06-10 11:51:57] eccube.INFO: Populated the TokenStorage with an anonymous Token. [] []
[2018-06-10 11:51:57] eccube.INFO: > GET /help/tradelaw [] []
[2018-06-10 11:51:57] eccube.INFO: < 301 https://newjoy.co.jp/help/tradelaw [] []
[2018-06-10 11:54:20] eccube.INFO: Matched route "n/a". {"route_parameters":{"_controller":"[object] (Closure: {})","_route":null,"url":"https://newjoy.co.jp/products/list?category_id=16"},"request_uri":"http://newjoy.co.jp/products/list?category_id=16"} []
[2018-06-10 11:54:20] eccube.INFO: Populated the TokenStorage with an anonymous Token. [] []
[2018-06-10 11:54:20] eccube.INFO: > GET /products/list?category_id=16 [] []
[2018-06-10 11:54:20] eccube.INFO: < 301 https://newjoy.co.jp/products/list?category_id=16 [] []
[2018-06-10 12:35:31] eccube.INFO: Matched route "n/a". {"route_parameters":{"_controller":"[object] (Closure: {})","_route":null,"url":"https://newjoy.co.jp/products/detail/2"},"request_uri":"http://newjoy.co.jp/products/detail/2"} []
[2018-06-10 12:35:31] eccube.INFO: Populated the TokenStorage with an anonymous Token. [] []
[2018-06-10 12:35:31] eccube.INFO: > GET /products/detail/2 [] []
[2018-06-10 12:35:31] eccube.INFO: < 301 https://newjoy.co.jp/products/detail/2 [] []
[2018-06-10 13:23:20] eccube.INFO: Matched route "n/a". {"route_parameters":{"_controller":"[object] (Closure: {})","_route":null,"url":"https://newjoy.co.jp/products/list?category_id=33"},"request_uri":"http://newjoy.co.jp/products/list?category_id=33"} []
[2018-06-10 13:23:20] eccube.INFO: Populated the TokenStorage with an anonymous Token. [] []
[2018-06-10 13:23:20] eccube.INFO: > GET /products/list?category_id=33 [] []
[2018-06-10 13:23:20] eccube.INFO: < 301 https://newjoy.co.jp/products/list?category_id=33 [] []
[2018-06-10 13:44:38] eccube.INFO: Matched route "n/a". {"route_parameters":{"_controller":"[object] (Closure: {})","_route":null,"url":"https://newjoy.co.jp/products/list?category_id=&name=%E6%B0%B4%E7%9D%80"},"request_uri":"http://newjoy.co.jp/products/list?category_id=&name=%E6%B0%B4%E7%9D%80"} []
[2018-06-10 13:44:38] eccube.INFO: Populated the TokenStorage with an anonymous Token. [] []
[2018-06-10 13:44:38] eccube.INFO: > GET /products/list?category_id=&name=%E6%B0%B4%E7%9D%80 [] []
[2018-06-10 13:44:38] eccube.INFO: < 301 https://newjoy.co.jp/products/list?category_id=&name=%E6%B0%B4%E7%9D%80 [] []
[2018-06-10 13:45:35] eccube.INFO: Matched route "n/a". {"route_parameters":{"_controller":"[object] (Closure: {})","_route":null,"url":"https://newjoy.co.jp/products/list?category_id=57"},"request_uri":"http://newjoy.co.jp/products/list?category_id=57"} []
[2018-06-10 13:45:35] eccube.INFO: Populated the TokenStorage with an anonymous Token. [] []
[2018-06-10 13:45:35] eccube.INFO: > GET /products/list?category_id=57 [] []
[2018-06-10 13:45:35] eccube.INFO: < 301 https://newjoy.co.jp/products/list?category_id=57 [] []
[2018-06-10 14:29:40] eccube.INFO: Matched route "n/a". {"route_parameters":{"_controller":"[object] (Closure: {})","_route":null,"url":"https://newjoy.co.jp/products/list?category_id=14"},"request_uri":"http://newjoy.co.jp/products/list?category_id=14"} []
[2018-06-10 14:29:40] eccube.INFO: Populated the TokenStorage with an anonymous Token. [] []
[2018-06-10 14:29:40] eccube.INFO: > GET /products/list?category_id=14 [] []
[2018-06-10 14:29:40] eccube.INFO: < 301 https://newjoy.co.jp/products/list?category_id=14 [] []
[2018-06-10 14:51:47] eccube.INFO: Matched route "n/a". {"route_parameters":{"_controller":"[object] (Closure: {})","_route":null,"url":"https://newjoy.co.jp/products/list?category_id=39"},"request_uri":"http://newjoy.co.jp/products/list?category_id=39"} []
[2018-06-10 14:51:47] eccube.INFO: Populated the TokenStorage with an anonymous Token. [] []
[2018-06-10 14:51:47] eccube.INFO: > GET /products/list?category_id=39 [] []
[2018-06-10 14:51:47] eccube.INFO: < 301 https://newjoy.co.jp/products/list?category_id=39 [] []
[2018-06-10 15:55:38] eccube.INFO: Matched route "n/a". {"route_parameters":{"_controller":"[object] (Closure: {})","_route":null,"url":"https://newjoy.co.jp/user_data/all_category"},"request_uri":"http://newjoy.co.jp/user_data/all_category"} []
[2018-06-10 15:55:38] eccube.INFO: Populated the TokenStorage with an anonymous Token. [] []
[2018-06-10 15:55:38] eccube.INFO: > GET /user_data/all_category [] []
[2018-06-10 15:55:38] eccube.INFO: < 301 https://newjoy.co.jp/user_data/all_category [] []
[2018-06-10 15:55:41] eccube.INFO: Matched route "n/a". {"route_parameters":{"_controller":"[object] (Closure: {})","_route":null,"url":"https://newjoy.co.jp/user_data/ranking"},"request_uri":"http://newjoy.co.jp/user_data/ranking"} []
[2018-06-10 15:55:41] eccube.INFO: Populated the TokenStorage with an anonymous Token. [] []
[2018-06-10 15:55:41] eccube.INFO: > GET /user_data/ranking [] []
[2018-06-10 15:55:41] eccube.INFO: < 301 https://newjoy.co.jp/user_data/ranking [] []
[2018-06-10 15:57:51] eccube.INFO: Matched route "n/a". {"route_parameters":{"_controller":"[object] (Closure: {})","_route":null,"url":"https://newjoy.co.jp/products/list?category_id=8"},"request_uri":"http://newjoy.co.jp/products/list?category_id=8"} []
[2018-06-10 15:57:51] eccube.INFO: Populated the TokenStorage with an anonymous Token. [] []
[2018-06-10 15:57:51] eccube.INFO: > GET /products/list?category_id=8 [] []
[2018-06-10 15:57:51] eccube.INFO: < 301 https://newjoy.co.jp/products/list?category_id=8 [] []
[2018-06-10 16:40:03] eccube.INFO: Matched route "n/a". {"route_parameters":{"_controller":"[object] (Closure: {})","_route":null,"url":"https://newjoy.co.jp/products/detail/15"},"request_uri":"http://newjoy.co.jp/products/detail/15"} []
[2018-06-10 16:40:03] eccube.INFO: Populated the TokenStorage with an anonymous Token. [] []
[2018-06-10 16:40:03] eccube.INFO: > GET /products/detail/15 [] []
[2018-06-10 16:40:03] eccube.INFO: < 301 https://newjoy.co.jp/products/detail/15 [] []
[2018-06-10 16:42:27] eccube.INFO: Matched route "n/a". {"route_parameters":{"_controller":"[object] (Closure: {})","_route":null,"url":"https://newjoy.co.jp/products/list?category_id=20"},"request_uri":"http://newjoy.co.jp/products/list?category_id=20"} []
[2018-06-10 16:42:27] eccube.INFO: Populated the TokenStorage with an anonymous Token. [] []
[2018-06-10 16:42:27] eccube.INFO: > GET /products/list?category_id=20 [] []
[2018-06-10 16:42:27] eccube.INFO: < 301 https://newjoy.co.jp/products/list?category_id=20 [] []
[2018-06-10 17:22:59] eccube.INFO: Matched route "n/a". {"route_parameters":{"_controller":"[object] (Closure: {})","_route":null,"url":"https://newjoy.co.jp/products/list?category_id=11"},"request_uri":"http://newjoy.co.jp/products/list?category_id=11"} []
[2018-06-10 17:22:59] eccube.INFO: Populated the TokenStorage with an anonymous Token. [] []
[2018-06-10 17:22:59] eccube.INFO: > GET /products/list?category_id=11 [] []
[2018-06-10 17:22:59] eccube.INFO: < 301 https://newjoy.co.jp/products/list?category_id=11 [] []
[2018-06-10 17:44:12] eccube.INFO: Matched route "n/a". {"route_parameters":{"_controller":"[object] (Closure: {})","_route":null,"url":"https://newjoy.co.jp/products/list?category_id=32"},"request_uri":"http://newjoy.co.jp/products/list?category_id=32"} []
[2018-06-10 17:44:12] eccube.INFO: Populated the TokenStorage with an anonymous Token. [] []
[2018-06-10 17:44:12] eccube.INFO: > GET /products/list?category_id=32 [] []
[2018-06-10 17:44:12] eccube.INFO: < 301 https://newjoy.co.jp/products/list?category_id=32 [] []
[2018-06-10 19:32:05] eccube.INFO: Matched route "n/a". {"route_parameters":{"_controller":"[object] (Closure: {})","_route":null,"url":"https://newjoy.co.jp/products/list?category_id=6"},"request_uri":"http://newjoy.co.jp/products/list?category_id=6"} []
[2018-06-10 19:32:05] eccube.INFO: Populated the TokenStorage with an anonymous Token. [] []
[2018-06-10 19:32:05] eccube.INFO: > GET /products/list?category_id=6 [] []
[2018-06-10 19:32:05] eccube.INFO: < 301 https://newjoy.co.jp/products/list?category_id=6 [] []
[2018-06-10 20:15:34] eccube.INFO: Matched route "n/a". {"route_parameters":{"_controller":"[object] (Closure: {})","_route":null,"url":"https://newjoy.co.jp/products/list?category_id=22"},"request_uri":"http://newjoy.co.jp/products/list?category_id=22"} []
[2018-06-10 20:15:34] eccube.INFO: Populated the TokenStorage with an anonymous Token. [] []
[2018-06-10 20:15:34] eccube.INFO: > GET /products/list?category_id=22 [] []
[2018-06-10 20:15:34] eccube.INFO: < 301 https://newjoy.co.jp/products/list?category_id=22 [] []
[2018-06-10 20:17:03] eccube.INFO: Matched route "n/a". {"route_parameters":{"_controller":"[object] (Closure: {})","_route":null,"url":"https://newjoy.co.jp/products/list?category_id=&name=%E3%83%AC%E3%82%A4%E3%83%B3%E3%82%B7%E3%83%A5%E3%83%BC%E3%82%BA"},"request_uri":"http://newjoy.co.jp/products/list?category_id=&name=%E3%83%AC%E3%82%A4%E3%83%B3%E3%82%B7%E3%83%A5%E3%83%BC%E3%82%BA"} []
[2018-06-10 20:17:03] eccube.INFO: Populated the TokenStorage with an anonymous Token. [] []
[2018-06-10 20:17:03] eccube.INFO: > GET /products/list?category_id=&name=%E3%83%AC%E3%82%A4%E3%83%B3%E3%82%B7%E3%83%A5%E3%83%BC%E3%82%BA [] []
[2018-06-10 20:17:03] eccube.INFO: < 301 https://newjoy.co.jp/products/list?category_id=&name=%E3%83%AC%E3%82%A4%E3%83%B3%E3%82%B7%E3%83%A5%E3%83%BC%E3%82%BA [] []
[2018-06-10 20:36:21] eccube.INFO: Matched route "n/a". {"route_parameters":{"_controller":"[object] (Closure: {})","_route":null,"url":"https://newjoy.co.jp/help/about"},"request_uri":"http://newjoy.co.jp/help/about"} []
[2018-06-10 20:36:21] eccube.INFO: Populated the TokenStorage with an anonymous Token. [] []
[2018-06-10 20:36:21] eccube.INFO: > GET /help/about [] []
[2018-06-10 20:36:21] eccube.INFO: < 301 https://newjoy.co.jp/help/about [] []
[2018-06-10 20:57:42] eccube.INFO: Matched route "n/a". {"route_parameters":{"_controller":"[object] (Closure: {})","_route":null,"url":"https://newjoy.co.jp/products/list?category_id=&name="},"request_uri":"http://newjoy.co.jp/products/list?category_id=&name="} []
[2018-06-10 20:57:42] eccube.INFO: Populated the TokenStorage with an anonymous Token. [] []
[2018-06-10 20:57:42] eccube.INFO: > GET /products/list?category_id=&name= [] []
[2018-06-10 20:57:43] eccube.INFO: < 301 https://newjoy.co.jp/products/list?category_id=&name= [] []
[2018-06-10 20:58:09] eccube.INFO: Matched route "n/a". {"route_parameters":{"_controller":"[object] (Closure: {})","_route":null,"url":"https://newjoy.co.jp/products/list?category_id=1"},"request_uri":"http://newjoy.co.jp/products/list?category_id=1"} []
[2018-06-10 20:58:09] eccube.INFO: Populated the TokenStorage with an anonymous Token. [] []
[2018-06-10 20:58:09] eccube.INFO: > GET /products/list?category_id=1 [] []
[2018-06-10 20:58:09] eccube.INFO: < 301 https://newjoy.co.jp/products/list?category_id=1 [] []
[2018-06-10 21:42:42] eccube.INFO: Matched route "n/a". {"route_parameters":{"_controller":"[object] (Closure: {})","_route":null,"url":"https://newjoy.co.jp/user_data/faq"},"request_uri":"http://newjoy.co.jp/user_data/faq"} []
[2018-06-10 21:42:42] eccube.INFO: Populated the TokenStorage with an anonymous Token. [] []
[2018-06-10 21:42:42] eccube.INFO: > GET /user_data/faq [] []
[2018-06-10 21:42:42] eccube.INFO: < 301 https://newjoy.co.jp/user_data/faq [] []
[2018-06-10 21:45:33] eccube.INFO: Matched route "n/a". {"route_parameters":{"_controller":"[object] (Closure: {})","_route":null,"url":"https://newjoy.co.jp/products/list?category_id=49"},"request_uri":"http://newjoy.co.jp/products/list?category_id=49"} []
[2018-06-10 21:45:33] eccube.INFO: Populated the TokenStorage with an anonymous Token. [] []
[2018-06-10 21:45:33] eccube.INFO: > GET /products/list?category_id=49 [] []
[2018-06-10 21:45:33] eccube.INFO: < 301 https://newjoy.co.jp/products/list?category_id=49 [] []
[2018-06-10 22:04:55] eccube.INFO: Matched route "n/a". {"route_parameters":{"_controller":"[object] (Closure: {})","_route":null,"url":"https://newjoy.co.jp/products/detail/12"},"request_uri":"http://newjoy.co.jp/products/detail/12"} []
[2018-06-10 22:04:55] eccube.INFO: Populated the TokenStorage with an anonymous Token. [] []
[2018-06-10 22:04:55] eccube.INFO: > GET /products/detail/12 [] []
[2018-06-10 22:04:55] eccube.INFO: < 301 https://newjoy.co.jp/products/detail/12 [] []
[2018-06-10 22:07:39] eccube.INFO: Matched route "n/a". {"route_parameters":{"_controller":"[object] (Closure: {})","_route":null,"url":"https://newjoy.co.jp/products/list?category_id=35"},"request_uri":"http://newjoy.co.jp/products/list?category_id=35"} []
[2018-06-10 22:07:39] eccube.INFO: Populated the TokenStorage with an anonymous Token. [] []
[2018-06-10 22:07:39] eccube.INFO: > GET /products/list?category_id=35 [] []
[2018-06-10 22:07:39] eccube.INFO: < 301 https://newjoy.co.jp/products/list?category_id=35 [] []
[2018-06-10 22:26:52] eccube.INFO: Matched route "n/a". {"route_parameters":{"_controller":"[object] (Closure: {})","_route":null,"url":"https://newjoy.co.jp/products/detail/18"},"request_uri":"http://newjoy.co.jp/products/detail/18"} []
[2018-06-10 22:26:52] eccube.INFO: Populated the TokenStorage with an anonymous Token. [] []
[2018-06-10 22:26:52] eccube.INFO: > GET /products/detail/18 [] []
[2018-06-10 22:26:52] eccube.INFO: < 301 https://newjoy.co.jp/products/detail/18 [] []
[2018-06-10 22:29:37] eccube.INFO: Matched route "n/a". {"route_parameters":{"_controller":"[object] (Closure: {})","_route":null,"url":"https://newjoy.co.jp/products/list?category_id=59"},"request_uri":"http://newjoy.co.jp/products/list?category_id=59"} []
[2018-06-10 22:29:37] eccube.INFO: Populated the TokenStorage with an anonymous Token. [] []
[2018-06-10 22:29:37] eccube.INFO: > GET /products/list?category_id=59 [] []
[2018-06-10 22:29:37] eccube.INFO: < 301 https://newjoy.co.jp/products/list?category_id=59 [] []
[2018-06-10 23:57:47] eccube.INFO: Matched route "n/a". {"route_parameters":{"_controller":"[object] (Closure: {})","_route":null,"url":"https://newjoy.co.jp/products/list?category_id=2"},"request_uri":"http://newjoy.co.jp/products/list?category_id=2"} []
[2018-06-10 23:57:47] eccube.INFO: Populated the TokenStorage with an anonymous Token. [] []
[2018-06-10 23:57:47] eccube.INFO: > GET /products/list?category_id=2 [] []
[2018-06-10 23:57:47] eccube.INFO: < 301 https://newjoy.co.jp/products/list?category_id=2 [] []
[2018-06-10 23:58:00] eccube.INFO: Matched route "n/a". {"route_parameters":{"_controller":"[object] (Closure: {})","_route":null,"url":"https://newjoy.co.jp/products/list?category_id=41"},"request_uri":"http://newjoy.co.jp/products/list?category_id=41"} []
[2018-06-10 23:58:00] eccube.INFO: Populated the TokenStorage with an anonymous Token. [] []
[2018-06-10 23:58:00] eccube.INFO: > GET /products/list?category_id=41 [] []
[2018-06-10 23:58:00] eccube.INFO: < 301 https://newjoy.co.jp/products/list?category_id=41 [] []
[2018-06-10 23:58:03] eccube.INFO: Matched route "n/a". {"route_parameters":{"_controller":"[object] (Closure: {})","_route":null,"url":"https://newjoy.co.jp/products/list?category_id=64"},"request_uri":"http://newjoy.co.jp/products/list?category_id=64"} []
[2018-06-10 23:58:03] eccube.INFO: Populated the TokenStorage with an anonymous Token. [] []
[2018-06-10 23:58:03] eccube.INFO: > GET /products/list?category_id=64 [] []
[2018-06-10 23:58:03] eccube.INFO: < 301 https://newjoy.co.jp/products/list?category_id=64 [] []
