[2018-06-09 00:36:28] eccube.INFO: Matched route "n/a". {"route_parameters":{"_controller":"[object] (Closure: {})","_route":null,"url":"https://newjoy.co.jp/products/list?category_id=33"},"request_uri":"http://newjoy.co.jp/products/list?category_id=33"} []
[2018-06-09 00:36:28] eccube.INFO: Populated the TokenStorage with an anonymous Token. [] []
[2018-06-09 00:36:28] eccube.INFO: > GET /products/list?category_id=33 [] []
[2018-06-09 00:36:28] eccube.INFO: < 301 https://newjoy.co.jp/products/list?category_id=33 [] []
[2018-06-09 00:55:35] eccube.INFO: Matched route "n/a". {"route_parameters":{"_controller":"[object] (Closure: {})","_route":null,"url":"https://newjoy.co.jp/products/list?category_id=&name=%E6%B0%B4%E7%9D%80"},"request_uri":"http://newjoy.co.jp/products/list?category_id=&name=%E6%B0%B4%E7%9D%80"} []
[2018-06-09 00:55:35] eccube.INFO: Populated the TokenStorage with an anonymous Token. [] []
[2018-06-09 00:55:35] eccube.INFO: > GET /products/list?category_id=&name=%E6%B0%B4%E7%9D%80 [] []
[2018-06-09 00:55:35] eccube.INFO: < 301 https://newjoy.co.jp/products/list?category_id=&name=%E6%B0%B4%E7%9D%80 [] []
[2018-06-09 00:57:36] eccube.INFO: Matched route "n/a". {"route_parameters":{"_controller":"[object] (Closure: {})","_route":null,"url":"https://newjoy.co.jp/products/list?category_id=57"},"request_uri":"http://newjoy.co.jp/products/list?category_id=57"} []
[2018-06-09 00:57:36] eccube.INFO: Populated the TokenStorage with an anonymous Token. [] []
[2018-06-09 00:57:36] eccube.INFO: > GET /products/list?category_id=57 [] []
[2018-06-09 00:57:36] eccube.INFO: < 301 https://newjoy.co.jp/products/list?category_id=57 [] []
[2018-06-09 01:41:42] eccube.INFO: Matched route "n/a". {"route_parameters":{"_controller":"[object] (Closure: {})","_route":null,"url":"https://newjoy.co.jp/products/list?category_id=14"},"request_uri":"http://newjoy.co.jp/products/list?category_id=14"} []
[2018-06-09 01:41:42] eccube.INFO: Populated the TokenStorage with an anonymous Token. [] []
[2018-06-09 01:41:42] eccube.INFO: > GET /products/list?category_id=14 [] []
[2018-06-09 01:41:42] eccube.INFO: < 301 https://newjoy.co.jp/products/list?category_id=14 [] []
[2018-06-09 02:03:51] eccube.INFO: Matched route "n/a". {"route_parameters":{"_controller":"[object] (Closure: {})","_route":null,"url":"https://newjoy.co.jp/products/list?category_id=39"},"request_uri":"http://newjoy.co.jp/products/list?category_id=39"} []
[2018-06-09 02:03:51] eccube.INFO: Populated the TokenStorage with an anonymous Token. [] []
[2018-06-09 02:03:51] eccube.INFO: > GET /products/list?category_id=39 [] []
[2018-06-09 02:03:51] eccube.INFO: < 301 https://newjoy.co.jp/products/list?category_id=39 [] []
[2018-06-09 03:07:02] eccube.INFO: Matched route "n/a". {"route_parameters":{"_controller":"[object] (Closure: {})","_route":null,"url":"https://newjoy.co.jp/user_data/all_category"},"request_uri":"http://newjoy.co.jp/user_data/all_category"} []
[2018-06-09 03:07:02] eccube.INFO: Populated the TokenStorage with an anonymous Token. [] []
[2018-06-09 03:07:02] eccube.INFO: > GET /user_data/all_category [] []
[2018-06-09 03:07:02] eccube.INFO: < 301 https://newjoy.co.jp/user_data/all_category [] []
[2018-06-09 03:07:05] eccube.INFO: Matched route "n/a". {"route_parameters":{"_controller":"[object] (Closure: {})","_route":null,"url":"https://newjoy.co.jp/user_data/ranking"},"request_uri":"http://newjoy.co.jp/user_data/ranking"} []
[2018-06-09 03:07:05] eccube.INFO: Populated the TokenStorage with an anonymous Token. [] []
[2018-06-09 03:07:05] eccube.INFO: > GET /user_data/ranking [] []
[2018-06-09 03:07:05] eccube.INFO: < 301 https://newjoy.co.jp/user_data/ranking [] []
[2018-06-09 03:10:02] eccube.INFO: Matched route "n/a". {"route_parameters":{"_controller":"[object] (Closure: {})","_route":null,"url":"https://newjoy.co.jp/products/list?category_id=8"},"request_uri":"http://newjoy.co.jp/products/list?category_id=8"} []
[2018-06-09 03:10:02] eccube.INFO: Populated the TokenStorage with an anonymous Token. [] []
[2018-06-09 03:10:02] eccube.INFO: > GET /products/list?category_id=8 [] []
[2018-06-09 03:10:02] eccube.INFO: < 301 https://newjoy.co.jp/products/list?category_id=8 [] []
[2018-06-09 03:51:13] eccube.INFO: Matched route "n/a". {"route_parameters":{"_controller":"[object] (Closure: {})","_route":null,"url":"https://newjoy.co.jp/products/detail/15"},"request_uri":"http://newjoy.co.jp/products/detail/15"} []
[2018-06-09 03:51:13] eccube.INFO: Populated the TokenStorage with an anonymous Token. [] []
[2018-06-09 03:51:13] eccube.INFO: > GET /products/detail/15 [] []
[2018-06-09 03:51:13] eccube.INFO: < 301 https://newjoy.co.jp/products/detail/15 [] []
[2018-06-09 03:54:32] eccube.INFO: Matched route "n/a". {"route_parameters":{"_controller":"[object] (Closure: {})","_route":null,"url":"https://newjoy.co.jp/products/list?category_id=20"},"request_uri":"http://newjoy.co.jp/products/list?category_id=20"} []
[2018-06-09 03:54:32] eccube.INFO: Populated the TokenStorage with an anonymous Token. [] []
[2018-06-09 03:54:32] eccube.INFO: > GET /products/list?category_id=20 [] []
[2018-06-09 03:54:32] eccube.INFO: < 301 https://newjoy.co.jp/products/list?category_id=20 [] []
[2018-06-09 04:37:57] eccube.INFO: Matched route "n/a". {"route_parameters":{"_controller":"[object] (Closure: {})","_route":null,"url":"https://newjoy.co.jp/products/list?category_id=11"},"request_uri":"http://newjoy.co.jp/products/list?category_id=11"} []
[2018-06-09 04:37:57] eccube.INFO: Populated the TokenStorage with an anonymous Token. [] []
[2018-06-09 04:37:57] eccube.INFO: > GET /products/list?category_id=11 [] []
[2018-06-09 04:37:57] eccube.INFO: < 301 https://newjoy.co.jp/products/list?category_id=11 [] []
[2018-06-09 04:58:36] eccube.INFO: Matched route "product_detail". {"route_parameters":{"_controller":"\\Eccube\\Controller\\ProductController::detail","id":"15","_route":"product_detail"},"request_uri":"https://newjoy.co.jp/products/detail/15"} []
[2018-06-09 04:58:36] eccube.INFO: Populated the TokenStorage with an anonymous Token. [] []
[2018-06-09 04:58:36] eccube.INFO: > GET /products/detail/15 [] []
[2018-06-09 04:58:36] eccube.INFO: RelatedProduct trigger onRenderProductDetail start [] []
[2018-06-09 04:58:36] eccube.INFO: Event: product review hook into the product detail start. [] []
[2018-06-09 04:58:36] eccube.INFO: Event: product review render success. {"Product id":15} []
[2018-06-09 04:58:36] eccube.INFO: Event: product review hook into the product detail end. [] []
[2018-06-09 04:58:36] eccube.INFO: Matched route "block_cart". {"route_parameters":{"_controller":"\\Eccube\\Controller\\Block\\CartController::index","_route":"block_cart"},"request_uri":"https://newjoy.co.jp/block/cart"} []
[2018-06-09 04:58:36] eccube.INFO: Matched route "block_login". {"route_parameters":{"_controller":"\\Eccube\\Controller\\Block\\LoginController::index","_route":"block_login"},"request_uri":"https://newjoy.co.jp/block/login"} []
[2018-06-09 04:58:36] eccube.INFO: Matched route "block_search_product". {"route_parameters":{"_controller":"\\Eccube\\Controller\\Block\\SearchProductController::index","_route":"block_search_product"},"request_uri":"https://newjoy.co.jp/block/search_product"} []
[2018-06-09 04:58:36] eccube.INFO: Matched route "block_category". {"route_parameters":{"_controller":"\\Eccube\\Controller\\Block\\CategoryController::index","_route":"block_category"},"request_uri":"https://newjoy.co.jp/block/category"} []
[2018-06-09 04:58:37] eccube.INFO: Matched route "block_recommendify3_product_block". {"route_parameters":{"_controller":"\\Plugin\\Recommendify3\\Controller\\Block\\Recommendify3Controller::index","_route":"block_recommendify3_product_block"},"request_uri":"https://newjoy.co.jp/block/recommendify3_product_block"} []
[2018-06-09 04:58:37] eccube.INFO: Matched route "block_checkeditem". {"route_parameters":{"_controller":"\\Plugin\\CheckedItem\\Controller\\CheckedItemController::index","_route":"block_checkeditem"},"request_uri":"https://newjoy.co.jp/block/checkeditem"} []
[2018-06-09 04:58:37] eccube.INFO: Matched route "block_main_menu". {"route_parameters":{"_controller":"\\Eccube\\Controller\\Block\\MainMenuController::index","_route":"block_main_menu"},"request_uri":"https://newjoy.co.jp/block/main_menu"} []
[2018-06-09 04:58:37] eccube.INFO: < 200 [] []
[2018-06-09 04:59:46] eccube.INFO: Matched route "n/a". {"route_parameters":{"_controller":"[object] (Closure: {})","_route":null,"url":"https://newjoy.co.jp/products/list?category_id=32"},"request_uri":"http://newjoy.co.jp/products/list?category_id=32"} []
[2018-06-09 04:59:46] eccube.INFO: Populated the TokenStorage with an anonymous Token. [] []
[2018-06-09 04:59:46] eccube.INFO: > GET /products/list?category_id=32 [] []
[2018-06-09 04:59:46] eccube.INFO: < 301 https://newjoy.co.jp/products/list?category_id=32 [] []
[2018-06-09 06:50:25] eccube.INFO: Matched route "n/a". {"route_parameters":{"_controller":"[object] (Closure: {})","_route":null,"url":"https://newjoy.co.jp/products/list?category_id=6"},"request_uri":"http://newjoy.co.jp/products/list?category_id=6"} []
[2018-06-09 06:50:25] eccube.INFO: Populated the TokenStorage with an anonymous Token. [] []
[2018-06-09 06:50:25] eccube.INFO: > GET /products/list?category_id=6 [] []
[2018-06-09 06:50:25] eccube.INFO: < 301 https://newjoy.co.jp/products/list?category_id=6 [] []
[2018-06-09 07:34:28] eccube.INFO: Matched route "n/a". {"route_parameters":{"_controller":"[object] (Closure: {})","_route":null,"url":"https://newjoy.co.jp/products/list?category_id=22"},"request_uri":"http://newjoy.co.jp/products/list?category_id=22"} []
[2018-06-09 07:34:28] eccube.INFO: Populated the TokenStorage with an anonymous Token. [] []
[2018-06-09 07:34:28] eccube.INFO: > GET /products/list?category_id=22 [] []
[2018-06-09 07:34:28] eccube.INFO: < 301 https://newjoy.co.jp/products/list?category_id=22 [] []
[2018-06-09 07:38:21] eccube.INFO: Matched route "n/a". {"route_parameters":{"_controller":"[object] (Closure: {})","_route":null,"url":"https://newjoy.co.jp/products/list?category_id=&name=%E3%83%AC%E3%82%A4%E3%83%B3%E3%82%B7%E3%83%A5%E3%83%BC%E3%82%BA"},"request_uri":"http://newjoy.co.jp/products/list?category_id=&name=%E3%83%AC%E3%82%A4%E3%83%B3%E3%82%B7%E3%83%A5%E3%83%BC%E3%82%BA"} []
[2018-06-09 07:38:21] eccube.INFO: Populated the TokenStorage with an anonymous Token. [] []
[2018-06-09 07:38:21] eccube.INFO: > GET /products/list?category_id=&name=%E3%83%AC%E3%82%A4%E3%83%B3%E3%82%B7%E3%83%A5%E3%83%BC%E3%82%BA [] []
[2018-06-09 07:38:21] eccube.INFO: < 301 https://newjoy.co.jp/products/list?category_id=&name=%E3%83%AC%E3%82%A4%E3%83%B3%E3%82%B7%E3%83%A5%E3%83%BC%E3%82%BA [] []
[2018-06-09 07:53:53] eccube.INFO: Matched route "n/a". {"route_parameters":{"_controller":"[object] (Closure: {})","_route":null,"url":"https://newjoy.co.jp/help/about"},"request_uri":"http://newjoy.co.jp/help/about"} []
[2018-06-09 07:53:53] eccube.INFO: Populated the TokenStorage with an anonymous Token. [] []
[2018-06-09 07:53:53] eccube.INFO: > GET /help/about [] []
[2018-06-09 07:53:53] eccube.INFO: < 301 https://newjoy.co.jp/help/about [] []
[2018-06-09 08:17:23] eccube.INFO: Matched route "n/a". {"route_parameters":{"_controller":"[object] (Closure: {})","_route":null,"url":"https://newjoy.co.jp/products/list?category_id=&name="},"request_uri":"http://newjoy.co.jp/products/list?category_id=&name="} []
[2018-06-09 08:17:23] eccube.INFO: Populated the TokenStorage with an anonymous Token. [] []
[2018-06-09 08:17:23] eccube.INFO: > GET /products/list?category_id=&name= [] []
[2018-06-09 08:17:23] eccube.INFO: < 301 https://newjoy.co.jp/products/list?category_id=&name= [] []
[2018-06-09 08:19:23] eccube.INFO: Matched route "n/a". {"route_parameters":{"_controller":"[object] (Closure: {})","_route":null,"url":"https://newjoy.co.jp/products/list?category_id=1"},"request_uri":"http://newjoy.co.jp/products/list?category_id=1"} []
[2018-06-09 08:19:23] eccube.INFO: Populated the TokenStorage with an anonymous Token. [] []
[2018-06-09 08:19:23] eccube.INFO: > GET /products/list?category_id=1 [] []
[2018-06-09 08:19:23] eccube.INFO: < 301 https://newjoy.co.jp/products/list?category_id=1 [] []
[2018-06-09 08:50:27] eccube.INFO: Matched route "product_detail". {"route_parameters":{"_controller":"\\Eccube\\Controller\\ProductController::detail","id":"15","_route":"product_detail"},"request_uri":"https://newjoy.co.jp/products/detail/15"} []
[2018-06-09 08:50:27] eccube.INFO: Populated the TokenStorage with an anonymous Token. [] []
[2018-06-09 08:50:27] eccube.INFO: > GET /products/detail/15 [] []
[2018-06-09 08:50:27] eccube.INFO: RelatedProduct trigger onRenderProductDetail start [] []
[2018-06-09 08:50:27] eccube.INFO: Event: product review hook into the product detail start. [] []
[2018-06-09 08:50:27] eccube.INFO: Event: product review render success. {"Product id":15} []
[2018-06-09 08:50:27] eccube.INFO: Event: product review hook into the product detail end. [] []
[2018-06-09 08:50:27] eccube.INFO: Matched route "block_cart". {"route_parameters":{"_controller":"\\Eccube\\Controller\\Block\\CartController::index","_route":"block_cart"},"request_uri":"https://newjoy.co.jp/block/cart"} []
[2018-06-09 08:50:27] eccube.INFO: Matched route "block_login". {"route_parameters":{"_controller":"\\Eccube\\Controller\\Block\\LoginController::index","_route":"block_login"},"request_uri":"https://newjoy.co.jp/block/login"} []
[2018-06-09 08:50:27] eccube.INFO: Matched route "block_search_product". {"route_parameters":{"_controller":"\\Eccube\\Controller\\Block\\SearchProductController::index","_route":"block_search_product"},"request_uri":"https://newjoy.co.jp/block/search_product"} []
[2018-06-09 08:50:27] eccube.INFO: Matched route "block_category". {"route_parameters":{"_controller":"\\Eccube\\Controller\\Block\\CategoryController::index","_route":"block_category"},"request_uri":"https://newjoy.co.jp/block/category"} []
[2018-06-09 08:50:27] eccube.INFO: Matched route "block_recommendify3_product_block". {"route_parameters":{"_controller":"\\Plugin\\Recommendify3\\Controller\\Block\\Recommendify3Controller::index","_route":"block_recommendify3_product_block"},"request_uri":"https://newjoy.co.jp/block/recommendify3_product_block"} []
[2018-06-09 08:50:27] eccube.INFO: Matched route "block_checkeditem". {"route_parameters":{"_controller":"\\Plugin\\CheckedItem\\Controller\\CheckedItemController::index","_route":"block_checkeditem"},"request_uri":"https://newjoy.co.jp/block/checkeditem"} []
[2018-06-09 08:50:27] eccube.INFO: Matched route "block_main_menu". {"route_parameters":{"_controller":"\\Eccube\\Controller\\Block\\MainMenuController::index","_route":"block_main_menu"},"request_uri":"https://newjoy.co.jp/block/main_menu"} []
[2018-06-09 08:50:27] eccube.INFO: < 200 [] []
[2018-06-09 09:01:40] eccube.INFO: Matched route "n/a". {"route_parameters":{"_controller":"[object] (Closure: {})","_route":null,"url":"https://newjoy.co.jp/user_data/faq"},"request_uri":"http://newjoy.co.jp/user_data/faq"} []
[2018-06-09 09:01:40] eccube.INFO: Populated the TokenStorage with an anonymous Token. [] []
[2018-06-09 09:01:40] eccube.INFO: > GET /user_data/faq [] []
[2018-06-09 09:01:40] eccube.INFO: < 301 https://newjoy.co.jp/user_data/faq [] []
[2018-06-09 09:04:21] eccube.INFO: Matched route "n/a". {"route_parameters":{"_controller":"[object] (Closure: {})","_route":null,"url":"https://newjoy.co.jp/products/list?category_id=49"},"request_uri":"http://newjoy.co.jp/products/list?category_id=49"} []
[2018-06-09 09:04:21] eccube.INFO: Populated the TokenStorage with an anonymous Token. [] []
[2018-06-09 09:04:21] eccube.INFO: > GET /products/list?category_id=49 [] []
[2018-06-09 09:04:21] eccube.INFO: < 301 https://newjoy.co.jp/products/list?category_id=49 [] []
[2018-06-09 09:05:43] eccube.INFO: Matched route "n/a". {"route_parameters":{"_controller":"[object] (Closure: {})","_route":null,"url":"https://www.newjoy.co.jp/"},"request_uri":"http://www.newjoy.co.jp/"} []
[2018-06-09 09:05:43] eccube.INFO: Populated the TokenStorage with an anonymous Token. [] []
[2018-06-09 09:05:43] eccube.INFO: > GET / [] []
[2018-06-09 09:05:43] eccube.INFO: < 301 https://www.newjoy.co.jp/ [] []
[2018-06-09 09:23:30] eccube.INFO: Matched route "n/a". {"route_parameters":{"_controller":"[object] (Closure: {})","_route":null,"url":"https://newjoy.co.jp/products/detail/12"},"request_uri":"http://newjoy.co.jp/products/detail/12"} []
[2018-06-09 09:23:30] eccube.INFO: Populated the TokenStorage with an anonymous Token. [] []
[2018-06-09 09:23:30] eccube.INFO: > GET /products/detail/12 [] []
[2018-06-09 09:23:30] eccube.INFO: < 301 https://newjoy.co.jp/products/detail/12 [] []
[2018-06-09 09:26:05] eccube.INFO: Matched route "n/a". {"route_parameters":{"_controller":"[object] (Closure: {})","_route":null,"url":"https://newjoy.co.jp/products/list?category_id=35"},"request_uri":"http://newjoy.co.jp/products/list?category_id=35"} []
[2018-06-09 09:26:05] eccube.INFO: Populated the TokenStorage with an anonymous Token. [] []
[2018-06-09 09:26:05] eccube.INFO: > GET /products/list?category_id=35 [] []
[2018-06-09 09:26:05] eccube.INFO: < 301 https://newjoy.co.jp/products/list?category_id=35 [] []
[2018-06-09 09:45:15] eccube.INFO: Matched route "n/a". {"route_parameters":{"_controller":"[object] (Closure: {})","_route":null,"url":"https://newjoy.co.jp/products/detail/18"},"request_uri":"http://newjoy.co.jp/products/detail/18"} []
[2018-06-09 09:45:15] eccube.INFO: Populated the TokenStorage with an anonymous Token. [] []
[2018-06-09 09:45:15] eccube.INFO: > GET /products/detail/18 [] []
[2018-06-09 09:45:15] eccube.INFO: < 301 https://newjoy.co.jp/products/detail/18 [] []
[2018-06-09 09:47:50] eccube.INFO: Matched route "n/a". {"route_parameters":{"_controller":"[object] (Closure: {})","_route":null,"url":"https://newjoy.co.jp/products/list?category_id=59"},"request_uri":"http://newjoy.co.jp/products/list?category_id=59"} []
[2018-06-09 09:47:50] eccube.INFO: Populated the TokenStorage with an anonymous Token. [] []
[2018-06-09 09:47:50] eccube.INFO: > GET /products/list?category_id=59 [] []
[2018-06-09 09:47:50] eccube.INFO: < 301 https://newjoy.co.jp/products/list?category_id=59 [] []
[2018-06-09 11:15:24] eccube.INFO: Matched route "n/a". {"route_parameters":{"_controller":"[object] (Closure: {})","_route":null,"url":"https://newjoy.co.jp/products/list?category_id=2"},"request_uri":"http://newjoy.co.jp/products/list?category_id=2"} []
[2018-06-09 11:15:24] eccube.INFO: Populated the TokenStorage with an anonymous Token. [] []
[2018-06-09 11:15:24] eccube.INFO: > GET /products/list?category_id=2 [] []
[2018-06-09 11:15:24] eccube.INFO: < 301 https://newjoy.co.jp/products/list?category_id=2 [] []
[2018-06-09 11:15:36] eccube.INFO: Matched route "n/a". {"route_parameters":{"_controller":"[object] (Closure: {})","_route":null,"url":"https://newjoy.co.jp/products/list?category_id=41"},"request_uri":"http://newjoy.co.jp/products/list?category_id=41"} []
[2018-06-09 11:15:36] eccube.INFO: Populated the TokenStorage with an anonymous Token. [] []
[2018-06-09 11:15:36] eccube.INFO: > GET /products/list?category_id=41 [] []
[2018-06-09 11:15:36] eccube.INFO: < 301 https://newjoy.co.jp/products/list?category_id=41 [] []
[2018-06-09 11:15:39] eccube.INFO: Matched route "n/a". {"route_parameters":{"_controller":"[object] (Closure: {})","_route":null,"url":"https://newjoy.co.jp/products/list?category_id=64"},"request_uri":"http://newjoy.co.jp/products/list?category_id=64"} []
[2018-06-09 11:15:39] eccube.INFO: Populated the TokenStorage with an anonymous Token. [] []
[2018-06-09 11:15:39] eccube.INFO: > GET /products/list?category_id=64 [] []
[2018-06-09 11:15:39] eccube.INFO: < 301 https://newjoy.co.jp/products/list?category_id=64 [] []
[2018-06-09 12:21:54] eccube.INFO: Matched route "n/a". {"route_parameters":{"_controller":"[object] (Closure: {})","_route":null,"url":"https://newjoy.co.jp/products/list?category_id=12"},"request_uri":"http://newjoy.co.jp/products/list?category_id=12"} []
[2018-06-09 12:21:54] eccube.INFO: Populated the TokenStorage with an anonymous Token. [] []
[2018-06-09 12:21:54] eccube.INFO: > GET /products/list?category_id=12 [] []
[2018-06-09 12:21:54] eccube.INFO: < 301 https://newjoy.co.jp/products/list?category_id=12 [] []
[2018-06-09 12:46:00] eccube.INFO: Matched route "n/a". {"route_parameters":{"_controller":"[object] (Closure: {})","_route":null,"url":"https://newjoy.co.jp/products/list?pageno=2"},"request_uri":"http://newjoy.co.jp/products/list?pageno=2"} []
[2018-06-09 12:46:00] eccube.INFO: Populated the TokenStorage with an anonymous Token. [] []
[2018-06-09 12:46:00] eccube.INFO: > GET /products/list?pageno=2 [] []
[2018-06-09 12:46:00] eccube.INFO: < 301 https://newjoy.co.jp/products/list?pageno=2 [] []
[2018-06-09 12:46:01] eccube.INFO: Matched route "product_list". {"route_parameters":{"_controller":"\\Eccube\\Controller\\ProductController::index","_route":"product_list"},"request_uri":"https://newjoy.co.jp/products/list?pageno=2"} []
[2018-06-09 12:46:01] eccube.INFO: Populated the TokenStorage with an anonymous Token. [] []
[2018-06-09 12:46:01] eccube.INFO: > GET /products/list?pageno=2 [] []
[2018-06-09 12:46:01] eccube.INFO: CategoryContent Product/list.twig start [] []
[2018-06-09 12:46:01] eccube.INFO: Matched route "block_cart". {"route_parameters":{"_controller":"\\Eccube\\Controller\\Block\\CartController::index","_route":"block_cart"},"request_uri":"https://newjoy.co.jp/block/cart"} []
[2018-06-09 12:46:01] eccube.INFO: Matched route "block_login". {"route_parameters":{"_controller":"\\Eccube\\Controller\\Block\\LoginController::index","_route":"block_login"},"request_uri":"https://newjoy.co.jp/block/login"} []
[2018-06-09 12:46:01] eccube.INFO: Matched route "block_search_product". {"route_parameters":{"_controller":"\\Eccube\\Controller\\Block\\SearchProductController::index","_route":"block_search_product"},"request_uri":"https://newjoy.co.jp/block/search_product"} []
[2018-06-09 12:46:02] eccube.INFO: Matched route "block_category". {"route_parameters":{"_controller":"\\Eccube\\Controller\\Block\\CategoryController::index","_route":"block_category"},"request_uri":"https://newjoy.co.jp/block/category"} []
[2018-06-09 12:46:02] eccube.INFO: Matched route "block_checkeditem". {"route_parameters":{"_controller":"\\Plugin\\CheckedItem\\Controller\\CheckedItemController::index","_route":"block_checkeditem"},"request_uri":"https://newjoy.co.jp/block/checkeditem"} []
[2018-06-09 12:46:02] eccube.INFO: Matched route "block_main_menu". {"route_parameters":{"_controller":"\\Eccube\\Controller\\Block\\MainMenuController::index","_route":"block_main_menu"},"request_uri":"https://newjoy.co.jp/block/main_menu"} []
[2018-06-09 12:46:02] eccube.INFO: < 200 [] []
[2018-06-09 13:05:41] eccube.INFO: Matched route "n/a". {"route_parameters":{"_controller":"[object] (Closure: {})","_route":null,"url":"https://newjoy.co.jp/products/list?category_id=46"},"request_uri":"http://newjoy.co.jp/products/list?category_id=46"} []
[2018-06-09 13:05:41] eccube.INFO: Populated the TokenStorage with an anonymous Token. [] []
[2018-06-09 13:05:41] eccube.INFO: > GET /products/list?category_id=46 [] []
[2018-06-09 13:05:41] eccube.INFO: < 301 https://newjoy.co.jp/products/list?category_id=46 [] []
[2018-06-09 13:05:44] eccube.INFO: Matched route "n/a". {"route_parameters":{"_controller":"[object] (Closure: {})","_route":null,"url":"https://newjoy.co.jp/products/list?category_id=51"},"request_uri":"http://newjoy.co.jp/products/list?category_id=51"} []
[2018-06-09 13:05:44] eccube.INFO: Populated the TokenStorage with an anonymous Token. [] []
[2018-06-09 13:05:44] eccube.INFO: > GET /products/list?category_id=51 [] []
[2018-06-09 13:05:44] eccube.INFO: < 301 https://newjoy.co.jp/products/list?category_id=51 [] []
[2018-06-09 13:46:40] eccube.INFO: Matched route "n/a". {"route_parameters":{"_controller":"[object] (Closure: {})","_route":null,"url":"https://newjoy.co.jp/products/list?category_id=44"},"request_uri":"http://newjoy.co.jp/products/list?category_id=44"} []
[2018-06-09 13:46:40] eccube.INFO: Populated the TokenStorage with an anonymous Token. [] []
[2018-06-09 13:46:40] eccube.INFO: > GET /products/list?category_id=44 [] []
[2018-06-09 13:46:40] eccube.INFO: < 301 https://newjoy.co.jp/products/list?category_id=44 [] []
[2018-06-09 14:11:31] eccube.INFO: Matched route "n/a". {"route_parameters":{"_controller":"[object] (Closure: {})","_route":null,"url":"https://newjoy.co.jp/products/list?category_id=19"},"request_uri":"http://newjoy.co.jp/products/list?category_id=19"} []
[2018-06-09 14:11:31] eccube.INFO: Populated the TokenStorage with an anonymous Token. [] []
[2018-06-09 14:11:31] eccube.INFO: > GET /products/list?category_id=19 [] []
[2018-06-09 14:11:31] eccube.INFO: < 301 https://newjoy.co.jp/products/list?category_id=19 [] []
[2018-06-09 14:11:34] eccube.INFO: Matched route "n/a". {"route_parameters":{"_controller":"[object] (Closure: {})","_route":null,"url":"https://newjoy.co.jp/products/list?category_id=37"},"request_uri":"http://newjoy.co.jp/products/list?category_id=37"} []
[2018-06-09 14:11:34] eccube.INFO: Populated the TokenStorage with an anonymous Token. [] []
[2018-06-09 14:11:34] eccube.INFO: > GET /products/list?category_id=37 [] []
[2018-06-09 14:11:34] eccube.INFO: < 301 https://newjoy.co.jp/products/list?category_id=37 [] []
[2018-06-09 14:13:38] eccube.INFO: Matched route "n/a". {"route_parameters":{"_controller":"[object] (Closure: {})","_route":null,"url":"https://newjoy.co.jp/products/list?category_id=&name=%E3%82%BB%E3%83%83%E3%83%88%E5%95%86%E5%93%81"},"request_uri":"http://newjoy.co.jp/products/list?category_id=&name=%E3%82%BB%E3%83%83%E3%83%88%E5%95%86%E5%93%81"} []
[2018-06-09 14:13:38] eccube.INFO: Populated the TokenStorage with an anonymous Token. [] []
[2018-06-09 14:13:38] eccube.INFO: > GET /products/list?category_id=&name=%E3%82%BB%E3%83%83%E3%83%88%E5%95%86%E5%93%81 [] []
[2018-06-09 14:13:38] eccube.INFO: < 301 https://newjoy.co.jp/products/list?category_id=&name=%E3%82%BB%E3%83%83%E3%83%88%E5%95%86%E5%93%81 [] []
[2018-06-09 14:13:41] eccube.INFO: Matched route "n/a". {"route_parameters":{"_controller":"[object] (Closure: {})","_route":null,"url":"https://newjoy.co.jp/products/list?category_id=&name=%E3%83%9A%E3%82%A2%E3%83%AB%E3%83%83%E3%82%AF"},"request_uri":"http://newjoy.co.jp/products/list?category_id=&name=%E3%83%9A%E3%82%A2%E3%83%AB%E3%83%83%E3%82%AF"} []
[2018-06-09 14:13:41] eccube.INFO: Populated the TokenStorage with an anonymous Token. [] []
[2018-06-09 14:13:41] eccube.INFO: > GET /products/list?category_id=&name=%E3%83%9A%E3%82%A2%E3%83%AB%E3%83%83%E3%82%AF [] []
[2018-06-09 14:13:41] eccube.INFO: < 301 https://newjoy.co.jp/products/list?category_id=&name=%E3%83%9A%E3%82%A2%E3%83%AB%E3%83%83%E3%82%AF [] []
[2018-06-09 14:33:20] eccube.INFO: Matched route "n/a". {"route_parameters":{"_controller":"[object] (Closure: {})","_route":null,"url":"https://newjoy.co.jp/products/list?category_id=7"},"request_uri":"http://newjoy.co.jp/products/list?category_id=7"} []
[2018-06-09 14:33:20] eccube.INFO: Populated the TokenStorage with an anonymous Token. [] []
[2018-06-09 14:33:20] eccube.INFO: > GET /products/list?category_id=7 [] []
[2018-06-09 14:33:20] eccube.INFO: < 301 https://newjoy.co.jp/products/list?category_id=7 [] []
[2018-06-09 14:33:38] eccube.INFO: Matched route "n/a". {"route_parameters":{"_controller":"[object] (Closure: {})","_route":null,"url":"https://newjoy.co.jp/products/list?category_id=40"},"request_uri":"http://newjoy.co.jp/products/list?category_id=40"} []
[2018-06-09 14:33:38] eccube.INFO: Populated the TokenStorage with an anonymous Token. [] []
[2018-06-09 14:33:38] eccube.INFO: > GET /products/list?category_id=40 [] []
[2018-06-09 14:33:38] eccube.INFO: < 301 https://newjoy.co.jp/products/list?category_id=40 [] []
[2018-06-09 14:56:19] eccube.INFO: Matched route "n/a". {"route_parameters":{"_controller":"[object] (Closure: {})","_route":null,"url":"https://newjoy.co.jp/products/list?category_id=48"},"request_uri":"http://newjoy.co.jp/products/list?category_id=48"} []
[2018-06-09 14:56:19] eccube.INFO: Populated the TokenStorage with an anonymous Token. [] []
[2018-06-09 14:56:19] eccube.INFO: > GET /products/list?category_id=48 [] []
[2018-06-09 14:56:19] eccube.INFO: < 301 https://newjoy.co.jp/products/list?category_id=48 [] []
[2018-06-09 14:59:49] eccube.INFO: Matched route "n/a". {"route_parameters":{"_controller":"[object] (Closure: {})","_route":null,"url":"https://newjoy.co.jp/products/list?category_id=&name=%E3%82%AD%E3%83%83%E3%82%BA%E3%83%89%E3%83%AC%E3%82%B9"},"request_uri":"http://newjoy.co.jp/products/list?category_id=&name=%E3%82%AD%E3%83%83%E3%82%BA%E3%83%89%E3%83%AC%E3%82%B9"} []
[2018-06-09 14:59:49] eccube.INFO: Populated the TokenStorage with an anonymous Token. [] []
[2018-06-09 14:59:49] eccube.INFO: > GET /products/list?category_id=&name=%E3%82%AD%E3%83%83%E3%82%BA%E3%83%89%E3%83%AC%E3%82%B9 [] []
[2018-06-09 14:59:49] eccube.INFO: < 301 https://newjoy.co.jp/products/list?category_id=&name=%E3%82%AD%E3%83%83%E3%82%BA%E3%83%89%E3%83%AC%E3%82%B9 [] []
[2018-06-09 15:15:28] eccube.INFO: Matched route "n/a". {"route_parameters":{"_controller":"[object] (Closure: {})","_route":null,"url":"https://newjoy.co.jp/contact"},"request_uri":"http://newjoy.co.jp/contact"} []
[2018-06-09 15:15:28] eccube.INFO: Populated the TokenStorage with an anonymous Token. [] []
[2018-06-09 15:15:28] eccube.INFO: > GET /contact [] []
[2018-06-09 15:15:28] eccube.INFO: < 301 https://newjoy.co.jp/contact [] []
[2018-06-09 15:40:09] eccube.INFO: Matched route "n/a". {"route_parameters":{"_controller":"[object] (Closure: {})","_route":null,"url":"https://newjoy.co.jp/products/list?category_id=28"},"request_uri":"http://newjoy.co.jp/products/list?category_id=28"} []
[2018-06-09 15:40:09] eccube.INFO: Populated the TokenStorage with an anonymous Token. [] []
[2018-06-09 15:40:09] eccube.INFO: > GET /products/list?category_id=28 [] []
[2018-06-09 15:40:09] eccube.INFO: < 301 https://newjoy.co.jp/products/list?category_id=28 [] []
[2018-06-09 15:43:39] eccube.INFO: Matched route "n/a". {"route_parameters":{"_controller":"[object] (Closure: {})","_route":null,"url":"https://newjoy.co.jp/products/list?category_id=&name=%E3%83%8F%E3%83%BC%E3%83%95%E3%83%91%E3%83%B3%E3%83%84"},"request_uri":"http://newjoy.co.jp/products/list?category_id=&name=%E3%83%8F%E3%83%BC%E3%83%95%E3%83%91%E3%83%B3%E3%83%84"} []
[2018-06-09 15:43:39] eccube.INFO: Populated the TokenStorage with an anonymous Token. [] []
[2018-06-09 15:43:39] eccube.INFO: > GET /products/list?category_id=&name=%E3%83%8F%E3%83%BC%E3%83%95%E3%83%91%E3%83%B3%E3%83%84 [] []
[2018-06-09 15:43:39] eccube.INFO: < 301 https://newjoy.co.jp/products/list?category_id=&name=%E3%83%8F%E3%83%BC%E3%83%95%E3%83%91%E3%83%B3%E3%83%84 [] []
[2018-06-09 16:00:58] eccube.INFO: Matched route "product_list". {"route_parameters":{"_controller":"\\Eccube\\Controller\\ProductController::index","_route":"product_list"},"request_uri":"https://newjoy.co.jp/products/list?pageno=2"} []
[2018-06-09 16:00:58] eccube.INFO: Populated the TokenStorage with an anonymous Token. [] []
[2018-06-09 16:00:58] eccube.INFO: > GET /products/list?pageno=2 [] []
[2018-06-09 16:00:59] eccube.INFO: CategoryContent Product/list.twig start [] []
[2018-06-09 16:00:59] eccube.INFO: Matched route "block_cart". {"route_parameters":{"_controller":"\\Eccube\\Controller\\Block\\CartController::index","_route":"block_cart"},"request_uri":"https://newjoy.co.jp/block/cart"} []
[2018-06-09 16:00:59] eccube.INFO: Matched route "block_login". {"route_parameters":{"_controller":"\\Eccube\\Controller\\Block\\LoginController::index","_route":"block_login"},"request_uri":"https://newjoy.co.jp/block/login"} []
[2018-06-09 16:00:59] eccube.INFO: Matched route "block_search_product". {"route_parameters":{"_controller":"\\Eccube\\Controller\\Block\\SearchProductController::index","_route":"block_search_product"},"request_uri":"https://newjoy.co.jp/block/search_product"} []
[2018-06-09 16:00:59] eccube.INFO: Matched route "block_category". {"route_parameters":{"_controller":"\\Eccube\\Controller\\Block\\CategoryController::index","_route":"block_category"},"request_uri":"https://newjoy.co.jp/block/category"} []
[2018-06-09 16:00:59] eccube.INFO: Matched route "block_checkeditem". {"route_parameters":{"_controller":"\\Plugin\\CheckedItem\\Controller\\CheckedItemController::index","_route":"block_checkeditem"},"request_uri":"https://newjoy.co.jp/block/checkeditem"} []
[2018-06-09 16:00:59] eccube.INFO: Matched route "block_main_menu". {"route_parameters":{"_controller":"\\Eccube\\Controller\\Block\\MainMenuController::index","_route":"block_main_menu"},"request_uri":"https://newjoy.co.jp/block/main_menu"} []
[2018-06-09 16:00:59] eccube.INFO: < 200 [] []
[2018-06-09 17:04:44] eccube.INFO: Matched route "n/a". {"route_parameters":{"_controller":"[object] (Closure: {})","_route":null,"url":"https://newjoy.co.jp/mypage/login"},"request_uri":"http://newjoy.co.jp/mypage/login"} []
[2018-06-09 17:04:44] eccube.INFO: Populated the TokenStorage with an anonymous Token. [] []
[2018-06-09 17:04:44] eccube.INFO: > GET /mypage/login [] []
[2018-06-09 17:04:44] eccube.INFO: < 301 https://newjoy.co.jp/mypage/login [] []
[2018-06-09 17:08:22] eccube.INFO: Matched route "n/a". {"route_parameters":{"_controller":"[object] (Closure: {})","_route":null,"url":"https://newjoy.co.jp/products/list?category_id=26"},"request_uri":"http://newjoy.co.jp/products/list?category_id=26"} []
[2018-06-09 17:08:22] eccube.INFO: Populated the TokenStorage with an anonymous Token. [] []
[2018-06-09 17:08:22] eccube.INFO: > GET /products/list?category_id=26 [] []
[2018-06-09 17:08:22] eccube.INFO: < 301 https://newjoy.co.jp/products/list?category_id=26 [] []
[2018-06-09 17:08:25] eccube.INFO: Matched route "n/a". {"route_parameters":{"_controller":"[object] (Closure: {})","_route":null,"url":"https://newjoy.co.jp/products/list?category_id=34"},"request_uri":"http://newjoy.co.jp/products/list?category_id=34"} []
[2018-06-09 17:08:25] eccube.INFO: Populated the TokenStorage with an anonymous Token. [] []
[2018-06-09 17:08:25] eccube.INFO: > GET /products/list?category_id=34 [] []
[2018-06-09 17:08:25] eccube.INFO: < 301 https://newjoy.co.jp/products/list?category_id=34 [] []
[2018-06-09 17:56:33] eccube.INFO: Matched route "n/a". {"route_parameters":{"_controller":"[object] (Closure: {})","_route":null,"url":"https://newjoy.co.jp/products/list?category_id=&name=%E3%83%96%E3%83%A9%E3%82%A4%E3%82%BA%E3%83%A1%E3%82%A4%E3%83%89"},"request_uri":"http://newjoy.co.jp/products/list?category_id=&name=%E3%83%96%E3%83%A9%E3%82%A4%E3%82%BA%E3%83%A1%E3%82%A4%E3%83%89"} []
[2018-06-09 17:56:33] eccube.INFO: Populated the TokenStorage with an anonymous Token. [] []
[2018-06-09 17:56:33] eccube.INFO: > GET /products/list?category_id=&name=%E3%83%96%E3%83%A9%E3%82%A4%E3%82%BA%E3%83%A1%E3%82%A4%E3%83%89 [] []
[2018-06-09 17:56:33] eccube.INFO: < 301 https://newjoy.co.jp/products/list?category_id=&name=%E3%83%96%E3%83%A9%E3%82%A4%E3%82%BA%E3%83%A1%E3%82%A4%E3%83%89 [] []
[2018-06-09 18:31:36] eccube.INFO: Matched route "n/a". {"route_parameters":{"_controller":"[object] (Closure: {})","_route":null,"url":"https://newjoy.co.jp/products/list?category_id=58"},"request_uri":"http://newjoy.co.jp/products/list?category_id=58"} []
[2018-06-09 18:31:36] eccube.INFO: Populated the TokenStorage with an anonymous Token. [] []
[2018-06-09 18:31:36] eccube.INFO: > GET /products/list?category_id=58 [] []
[2018-06-09 18:31:36] eccube.INFO: < 301 https://newjoy.co.jp/products/list?category_id=58 [] []
[2018-06-09 18:31:41] eccube.INFO: Matched route "n/a". {"route_parameters":{"_controller":"[object] (Closure: {})","_route":null,"url":"https://newjoy.co.jp/products/list?category_id=&name=%E5%A4%8F%E3%81%AE%E6%96%B0%E4%BD%9C"},"request_uri":"http://newjoy.co.jp/products/list?category_id=&name=%E5%A4%8F%E3%81%AE%E6%96%B0%E4%BD%9C"} []
[2018-06-09 18:31:41] eccube.INFO: Populated the TokenStorage with an anonymous Token. [] []
[2018-06-09 18:31:41] eccube.INFO: > GET /products/list?category_id=&name=%E5%A4%8F%E3%81%AE%E6%96%B0%E4%BD%9C [] []
[2018-06-09 18:31:41] eccube.INFO: < 301 https://newjoy.co.jp/products/list?category_id=&name=%E5%A4%8F%E3%81%AE%E6%96%B0%E4%BD%9C [] []
[2018-06-09 19:35:26] eccube.INFO: Matched route "n/a". {"route_parameters":{"_controller":"[object] (Closure: {})","_route":null,"url":"https://newjoy.co.jp/entry"},"request_uri":"http://newjoy.co.jp/entry"} []
[2018-06-09 19:35:26] eccube.INFO: Populated the TokenStorage with an anonymous Token. [] []
[2018-06-09 19:35:26] eccube.INFO: > GET /entry [] []
[2018-06-09 19:35:26] eccube.INFO: < 301 https://newjoy.co.jp/entry [] []
[2018-06-09 20:16:03] eccube.ERROR: Symfony\Component\HttpKernel\Exception\NotFoundHttpException: No route found for "GET /.well-known/assetlinks.json" (uncaught exception) at /home/kir021669/public_html/newjoy.co.jp/vendor/symfony/http-kernel/EventListener/RouterListener.php line 159 {"exception":"[object] (Symfony\\Component\\HttpKernel\\Exception\\NotFoundHttpException(code: 0): No route found for \"GET /.well-known/assetlinks.json\" at /home/kir021669/public_html/newjoy.co.jp/vendor/symfony/http-kernel/EventListener/RouterListener.php:159, Symfony\\Component\\Routing\\Exception\\ResourceNotFoundException(code: 0): No routes found for \"/.well-known/assetlinks.json\". at /home/kir021669/public_html/newjoy.co.jp/vendor/symfony/routing/Matcher/UrlMatcher.php:98)"} []
[2018-06-09 20:16:03] eccube.INFO: < 404 [] []
[2018-06-09 21:01:46] eccube.INFO: Matched route "n/a". {"route_parameters":{"_controller":"[object] (Closure: {})","_route":null,"url":"https://newjoy.co.jp/products/list?category_id=43"},"request_uri":"http://newjoy.co.jp/products/list?category_id=43"} []
[2018-06-09 21:01:46] eccube.INFO: Populated the TokenStorage with an anonymous Token. [] []
[2018-06-09 21:01:46] eccube.INFO: > GET /products/list?category_id=43 [] []
[2018-06-09 21:01:46] eccube.INFO: < 301 https://newjoy.co.jp/products/list?category_id=43 [] []
[2018-06-09 21:01:49] eccube.INFO: Matched route "n/a". {"route_parameters":{"_controller":"[object] (Closure: {})","_route":null,"url":"https://newjoy.co.jp/products/list?category_id=56"},"request_uri":"http://newjoy.co.jp/products/list?category_id=56"} []
[2018-06-09 21:01:49] eccube.INFO: Populated the TokenStorage with an anonymous Token. [] []
[2018-06-09 21:01:49] eccube.INFO: > GET /products/list?category_id=56 [] []
[2018-06-09 21:01:49] eccube.INFO: < 301 https://newjoy.co.jp/products/list?category_id=56 [] []
[2018-06-09 22:31:32] eccube.INFO: Matched route "n/a". {"route_parameters":{"_controller":"[object] (Closure: {})","_route":null,"url":"https://newjoy.co.jp/plugin/products/detail/10/review"},"request_uri":"http://newjoy.co.jp/plugin/products/detail/10/review"} []
[2018-06-09 22:31:32] eccube.INFO: Populated the TokenStorage with an anonymous Token. [] []
[2018-06-09 22:31:32] eccube.INFO: > GET /plugin/products/detail/10/review [] []
[2018-06-09 22:31:32] eccube.INFO: < 301 https://newjoy.co.jp/plugin/products/detail/10/review [] []
[2018-06-09 22:55:38] eccube.INFO: Matched route "n/a". {"route_parameters":{"_controller":"[object] (Closure: {})","_route":null,"url":"https://newjoy.co.jp/products/list?category_id=60"},"request_uri":"http://newjoy.co.jp/products/list?category_id=60"} []
[2018-06-09 22:55:38] eccube.INFO: Populated the TokenStorage with an anonymous Token. [] []
[2018-06-09 22:55:38] eccube.INFO: > GET /products/list?category_id=60 [] []
[2018-06-09 22:55:38] eccube.INFO: < 301 https://newjoy.co.jp/products/list?category_id=60 [] []
[2018-06-09 23:12:34] eccube.INFO: Matched route "product_list". {"route_parameters":{"_controller":"\\Eccube\\Controller\\ProductController::index","_route":"product_list"},"request_uri":"https://newjoy.co.jp/products/list?category_id=26"} []
[2018-06-09 23:12:34] eccube.INFO: Populated the TokenStorage with an anonymous Token. [] []
[2018-06-09 23:12:34] eccube.INFO: > GET /products/list?category_id=26 [] []
[2018-06-09 23:12:35] eccube.INFO: CategoryContent Product/list.twig start [] []
[2018-06-09 23:12:35] eccube.INFO: CategoryContent Product/list.twig end [] []
[2018-06-09 23:12:35] eccube.INFO: Matched route "block_cart". {"route_parameters":{"_controller":"\\Eccube\\Controller\\Block\\CartController::index","_route":"block_cart"},"request_uri":"https://newjoy.co.jp/block/cart"} []
[2018-06-09 23:12:36] eccube.INFO: Matched route "block_login". {"route_parameters":{"_controller":"\\Eccube\\Controller\\Block\\LoginController::index","_route":"block_login"},"request_uri":"https://newjoy.co.jp/block/login"} []
[2018-06-09 23:12:36] eccube.INFO: Matched route "block_search_product". {"route_parameters":{"_controller":"\\Eccube\\Controller\\Block\\SearchProductController::index","_route":"block_search_product"},"request_uri":"https://newjoy.co.jp/block/search_product"} []
[2018-06-09 23:12:36] eccube.INFO: Matched route "block_category". {"route_parameters":{"_controller":"\\Eccube\\Controller\\Block\\CategoryController::index","_route":"block_category"},"request_uri":"https://newjoy.co.jp/block/category"} []
[2018-06-09 23:12:36] eccube.INFO: Matched route "block_checkeditem". {"route_parameters":{"_controller":"\\Plugin\\CheckedItem\\Controller\\CheckedItemController::index","_route":"block_checkeditem"},"request_uri":"https://newjoy.co.jp/block/checkeditem"} []
[2018-06-09 23:12:36] eccube.INFO: Matched route "block_main_menu". {"route_parameters":{"_controller":"\\Eccube\\Controller\\Block\\MainMenuController::index","_route":"block_main_menu"},"request_uri":"https://newjoy.co.jp/block/main_menu"} []
[2018-06-09 23:12:36] eccube.INFO: < 200 [] []
[2018-06-09 23:16:19] eccube.INFO: Matched route "homepage". {"route_parameters":{"_controller":"\\Eccube\\Controller\\TopController::index","_route":"homepage"},"request_uri":"https://newjoy.co.jp/"} []
[2018-06-09 23:16:19] eccube.INFO: Populated the TokenStorage with an anonymous Token. [] []
[2018-06-09 23:16:19] eccube.INFO: > GET / [] []
[2018-06-09 23:16:19] eccube.INFO: Matched route "block_cart". {"route_parameters":{"_controller":"\\Eccube\\Controller\\Block\\CartController::index","_route":"block_cart"},"request_uri":"https://newjoy.co.jp/block/cart"} []
[2018-06-09 23:16:19] eccube.INFO: Matched route "block_login". {"route_parameters":{"_controller":"\\Eccube\\Controller\\Block\\LoginController::index","_route":"block_login"},"request_uri":"https://newjoy.co.jp/block/login"} []
[2018-06-09 23:16:19] eccube.INFO: Matched route "block_search_product". {"route_parameters":{"_controller":"\\Eccube\\Controller\\Block\\SearchProductController::index","_route":"block_search_product"},"request_uri":"https://newjoy.co.jp/block/search_product"} []
[2018-06-09 23:16:19] eccube.INFO: Matched route "block_category". {"route_parameters":{"_controller":"\\Eccube\\Controller\\Block\\CategoryController::index","_route":"block_category"},"request_uri":"https://newjoy.co.jp/block/category"} []
[2018-06-09 23:16:19] eccube.INFO: Matched route "block_recommend_product_block". {"route_parameters":{"_controller":"\\Plugin\\Recommend\\Controller\\Block\\RecommendController::index","_route":"block_recommend_product_block"},"request_uri":"https://newjoy.co.jp/block/recommend_product_block"} []
[2018-06-09 23:16:19] eccube.INFO: Matched route "block_plg_shiro8_new_product_block". {"route_parameters":{"_controller":"\\Plugin\\Shiro8NewProductBlock3\\Controller\\Block\\Shiro8NewProductController::index","_route":"block_plg_shiro8_new_product_block"},"request_uri":"https://newjoy.co.jp/block/plg_shiro8_new_product_block"} []
[2018-06-09 23:16:19] eccube.INFO: Matched route "block_checkeditem". {"route_parameters":{"_controller":"\\Plugin\\CheckedItem\\Controller\\CheckedItemController::index","_route":"block_checkeditem"},"request_uri":"https://newjoy.co.jp/block/checkeditem"} []
[2018-06-09 23:16:19] eccube.INFO: Matched route "block_main_menu". {"route_parameters":{"_controller":"\\Eccube\\Controller\\Block\\MainMenuController::index","_route":"block_main_menu"},"request_uri":"https://newjoy.co.jp/block/main_menu"} []
[2018-06-09 23:16:19] eccube.INFO: Matched route "block_news". {"route_parameters":{"_controller":"\\Eccube\\Controller\\Block\\NewsController::index","_route":"block_news"},"request_uri":"https://newjoy.co.jp/block/news"} []
[2018-06-09 23:16:19] eccube.INFO: < 200 [] []
[2018-06-09 23:17:35] eccube.INFO: Matched route "n/a". {"route_parameters":{"_controller":"[object] (Closure: {})","_route":null,"url":"https://newjoy.co.jp/products/list?category_id=4"},"request_uri":"http://newjoy.co.jp/products/list?category_id=4"} []
[2018-06-09 23:17:35] eccube.INFO: Populated the TokenStorage with an anonymous Token. [] []
[2018-06-09 23:17:35] eccube.INFO: > GET /products/list?category_id=4 [] []
[2018-06-09 23:17:35] eccube.INFO: < 301 https://newjoy.co.jp/products/list?category_id=4 [] []
[2018-06-09 23:40:14] eccube.INFO: Matched route "n/a". {"route_parameters":{"_controller":"[object] (Closure: {})","_route":null,"url":"https://newjoy.co.jp/products/list?category_id=52"},"request_uri":"http://newjoy.co.jp/products/list?category_id=52"} []
[2018-06-09 23:40:14] eccube.INFO: Populated the TokenStorage with an anonymous Token. [] []
[2018-06-09 23:40:14] eccube.INFO: > GET /products/list?category_id=52 [] []
[2018-06-09 23:40:14] eccube.INFO: < 301 https://newjoy.co.jp/products/list?category_id=52 [] []
