[2018-03-24 12:26:37] eccube.INFO: Matched route "homepage". {"route_parameters":{"_controller":"\\Eccube\\Controller\\TopController::index","_route":"homepage"},"request_uri":"http://newjoy.co.jp/"} []
[2018-03-24 12:26:37] eccube.INFO: Populated the TokenStorage with an anonymous Token. [] []
[2018-03-24 12:26:37] eccube.INFO: > GET / [] []
[2018-03-24 12:26:37] eccube.INFO: Matched route "block_cart". {"route_parameters":{"_controller":"\\Eccube\\Controller\\Block\\CartController::index","_route":"block_cart"},"request_uri":"http://newjoy.co.jp/block/cart"} []
[2018-03-24 12:26:37] eccube.INFO: Matched route "block_login". {"route_parameters":{"_controller":"\\Eccube\\Controller\\Block\\LoginController::index","_route":"block_login"},"request_uri":"http://newjoy.co.jp/block/login"} []
[2018-03-24 12:26:38] eccube.INFO: Matched route "block_search_product". {"route_parameters":{"_controller":"\\Eccube\\Controller\\Block\\SearchProductController::index","_route":"block_search_product"},"request_uri":"http://newjoy.co.jp/block/search_product"} []
[2018-03-24 12:26:38] eccube.INFO: Matched route "block_category". {"route_parameters":{"_controller":"\\Eccube\\Controller\\Block\\CategoryController::index","_route":"block_category"},"request_uri":"http://newjoy.co.jp/block/category"} []
[2018-03-24 12:26:38] eccube.INFO: Matched route "block_recommend_product_block". {"route_parameters":{"_controller":"\\Plugin\\Recommend\\Controller\\Block\\RecommendController::index","_route":"block_recommend_product_block"},"request_uri":"http://newjoy.co.jp/block/recommend_product_block"} []
[2018-03-24 12:26:38] eccube.INFO: Matched route "block_plg_shiro8_new_product_block". {"route_parameters":{"_controller":"\\Plugin\\Shiro8NewProductBlock3\\Controller\\Block\\Shiro8NewProductController::index","_route":"block_plg_shiro8_new_product_block"},"request_uri":"http://newjoy.co.jp/block/plg_shiro8_new_product_block"} []
[2018-03-24 12:26:38] eccube.INFO: Matched route "block_sales_ranking". {"route_parameters":{"_controller":"\\Plugin\\SalesRanking\\Controller\\SalesRankingController::index","_route":"block_sales_ranking"},"request_uri":"http://newjoy.co.jp/block/sales_ranking"} []
[2018-03-24 12:26:39] eccube.INFO: Matched route "block_checkeditem". {"route_parameters":{"_controller":"\\Plugin\\CheckedItem\\Controller\\CheckedItemController::index","_route":"block_checkeditem"},"request_uri":"http://newjoy.co.jp/block/checkeditem"} []
[2018-03-24 12:26:39] eccube.INFO: Matched route "block_main_menu". {"route_parameters":{"_controller":"\\Eccube\\Controller\\Block\\MainMenuController::index","_route":"block_main_menu"},"request_uri":"http://newjoy.co.jp/block/main_menu"} []
[2018-03-24 12:26:39] eccube.INFO: Matched route "block_news". {"route_parameters":{"_controller":"\\Eccube\\Controller\\Block\\NewsController::index","_route":"block_news"},"request_uri":"http://newjoy.co.jp/block/news"} []
[2018-03-24 12:26:39] eccube.INFO: < 200 [] []
[2018-03-24 16:35:24] eccube.INFO: Matched route "homepage". {"route_parameters":{"_controller":"\\Eccube\\Controller\\TopController::index","_route":"homepage"},"request_uri":"http://newjoy.co.jp/"} []
[2018-03-24 16:35:24] eccube.INFO: Populated the TokenStorage with an anonymous Token. [] []
[2018-03-24 16:35:24] eccube.INFO: > GET / [] []
[2018-03-24 16:35:24] eccube.INFO: Matched route "block_cart". {"route_parameters":{"_controller":"\\Eccube\\Controller\\Block\\CartController::index","_route":"block_cart"},"request_uri":"http://newjoy.co.jp/block/cart"} []
[2018-03-24 16:35:24] eccube.INFO: Matched route "block_login". {"route_parameters":{"_controller":"\\Eccube\\Controller\\Block\\LoginController::index","_route":"block_login"},"request_uri":"http://newjoy.co.jp/block/login"} []
[2018-03-24 16:35:24] eccube.INFO: Matched route "block_search_product". {"route_parameters":{"_controller":"\\Eccube\\Controller\\Block\\SearchProductController::index","_route":"block_search_product"},"request_uri":"http://newjoy.co.jp/block/search_product"} []
[2018-03-24 16:35:24] eccube.INFO: Matched route "block_category". {"route_parameters":{"_controller":"\\Eccube\\Controller\\Block\\CategoryController::index","_route":"block_category"},"request_uri":"http://newjoy.co.jp/block/category"} []
[2018-03-24 16:35:24] eccube.INFO: Matched route "block_recommend_product_block". {"route_parameters":{"_controller":"\\Plugin\\Recommend\\Controller\\Block\\RecommendController::index","_route":"block_recommend_product_block"},"request_uri":"http://newjoy.co.jp/block/recommend_product_block"} []
[2018-03-24 16:35:24] eccube.INFO: Matched route "block_plg_shiro8_new_product_block". {"route_parameters":{"_controller":"\\Plugin\\Shiro8NewProductBlock3\\Controller\\Block\\Shiro8NewProductController::index","_route":"block_plg_shiro8_new_product_block"},"request_uri":"http://newjoy.co.jp/block/plg_shiro8_new_product_block"} []
[2018-03-24 16:35:24] eccube.INFO: Matched route "block_sales_ranking". {"route_parameters":{"_controller":"\\Plugin\\SalesRanking\\Controller\\SalesRankingController::index","_route":"block_sales_ranking"},"request_uri":"http://newjoy.co.jp/block/sales_ranking"} []
[2018-03-24 16:35:24] eccube.INFO: Matched route "block_checkeditem". {"route_parameters":{"_controller":"\\Plugin\\CheckedItem\\Controller\\CheckedItemController::index","_route":"block_checkeditem"},"request_uri":"http://newjoy.co.jp/block/checkeditem"} []
[2018-03-24 16:35:24] eccube.INFO: Matched route "block_main_menu". {"route_parameters":{"_controller":"\\Eccube\\Controller\\Block\\MainMenuController::index","_route":"block_main_menu"},"request_uri":"http://newjoy.co.jp/block/main_menu"} []
[2018-03-24 16:35:24] eccube.INFO: Matched route "block_news". {"route_parameters":{"_controller":"\\Eccube\\Controller\\Block\\NewsController::index","_route":"block_news"},"request_uri":"http://newjoy.co.jp/block/news"} []
[2018-03-24 16:35:24] eccube.INFO: < 200 [] []
[2018-03-24 16:37:59] eccube.INFO: Matched route "homepage". {"route_parameters":{"_controller":"\\Eccube\\Controller\\TopController::index","_route":"homepage"},"request_uri":"http://newjoy.co.jp/"} []
[2018-03-24 16:37:59] eccube.INFO: Populated the TokenStorage with an anonymous Token. [] []
[2018-03-24 16:37:59] eccube.INFO: > GET / [] []
[2018-03-24 16:37:59] eccube.INFO: Matched route "block_cart". {"route_parameters":{"_controller":"\\Eccube\\Controller\\Block\\CartController::index","_route":"block_cart"},"request_uri":"http://newjoy.co.jp/block/cart"} []
[2018-03-24 16:37:59] eccube.INFO: Matched route "block_login". {"route_parameters":{"_controller":"\\Eccube\\Controller\\Block\\LoginController::index","_route":"block_login"},"request_uri":"http://newjoy.co.jp/block/login"} []
[2018-03-24 16:37:59] eccube.INFO: Matched route "block_search_product". {"route_parameters":{"_controller":"\\Eccube\\Controller\\Block\\SearchProductController::index","_route":"block_search_product"},"request_uri":"http://newjoy.co.jp/block/search_product"} []
[2018-03-24 16:37:59] eccube.INFO: Matched route "block_category". {"route_parameters":{"_controller":"\\Eccube\\Controller\\Block\\CategoryController::index","_route":"block_category"},"request_uri":"http://newjoy.co.jp/block/category"} []
[2018-03-24 16:37:59] eccube.INFO: Matched route "block_recommend_product_block". {"route_parameters":{"_controller":"\\Plugin\\Recommend\\Controller\\Block\\RecommendController::index","_route":"block_recommend_product_block"},"request_uri":"http://newjoy.co.jp/block/recommend_product_block"} []
[2018-03-24 16:37:59] eccube.INFO: Matched route "block_plg_shiro8_new_product_block". {"route_parameters":{"_controller":"\\Plugin\\Shiro8NewProductBlock3\\Controller\\Block\\Shiro8NewProductController::index","_route":"block_plg_shiro8_new_product_block"},"request_uri":"http://newjoy.co.jp/block/plg_shiro8_new_product_block"} []
[2018-03-24 16:37:59] eccube.INFO: Matched route "block_sales_ranking". {"route_parameters":{"_controller":"\\Plugin\\SalesRanking\\Controller\\SalesRankingController::index","_route":"block_sales_ranking"},"request_uri":"http://newjoy.co.jp/block/sales_ranking"} []
[2018-03-24 16:37:59] eccube.INFO: Matched route "block_checkeditem". {"route_parameters":{"_controller":"\\Plugin\\CheckedItem\\Controller\\CheckedItemController::index","_route":"block_checkeditem"},"request_uri":"http://newjoy.co.jp/block/checkeditem"} []
[2018-03-24 16:37:59] eccube.INFO: Matched route "block_main_menu". {"route_parameters":{"_controller":"\\Eccube\\Controller\\Block\\MainMenuController::index","_route":"block_main_menu"},"request_uri":"http://newjoy.co.jp/block/main_menu"} []
[2018-03-24 16:37:59] eccube.INFO: Matched route "block_news". {"route_parameters":{"_controller":"\\Eccube\\Controller\\Block\\NewsController::index","_route":"block_news"},"request_uri":"http://newjoy.co.jp/block/news"} []
[2018-03-24 16:37:59] eccube.INFO: < 200 [] []
[2018-03-24 16:38:02] eccube.ERROR: Symfony\Component\HttpKernel\Exception\NotFoundHttpException: No route found for "GET /img/spin.svg" (from "http://newjoy.co.jp/") (uncaught exception) at /home/kir021669/public_html/newjoy.co.jp/vendor/symfony/http-kernel/EventListener/RouterListener.php line 159 {"exception":"[object] (Symfony\\Component\\HttpKernel\\Exception\\NotFoundHttpException(code: 0): No route found for \"GET /img/spin.svg\" (from \"http://newjoy.co.jp/\") at /home/kir021669/public_html/newjoy.co.jp/vendor/symfony/http-kernel/EventListener/RouterListener.php:159, Symfony\\Component\\Routing\\Exception\\ResourceNotFoundException(code: 0): No routes found for \"/img/spin.svg\". at /home/kir021669/public_html/newjoy.co.jp/vendor/symfony/routing/Matcher/UrlMatcher.php:98)"} []
[2018-03-24 16:38:02] eccube.INFO: < 404 [] []
[2018-03-24 16:41:31] eccube.INFO: Matched route "n/a". {"route_parameters":{"_controller":"[object] (Closure: {})","_route":null,"url":"/admin/"},"request_uri":"http://newjoy.co.jp/admin"} []
[2018-03-24 16:41:31] eccube.INFO: Populated the TokenStorage with an anonymous Token. [] []
[2018-03-24 16:41:31] eccube.INFO: Matched route "admin_login". {"route_parameters":{"_controller":"\\Eccube\\Controller\\Admin\\AdminController::login","_route":"admin_login"},"request_uri":"http://newjoy.co.jp/admin/login"} []
[2018-03-24 16:41:31] eccube.INFO: < 401 [] []
[2018-03-24 16:46:14] eccube.INFO: Matched route "admin_login_check". {"route_parameters":{"_controller":null,"_route":"admin_login_check"},"request_uri":"http://newjoy.co.jp/admin/login_check"} []
[2018-03-24 16:46:14] eccube.INFO: User has been authenticated successfully. {"username":"admin"} []
[2018-03-24 16:46:14] eccube.INFO: < 302 http://newjoy.co.jp/admin [] []
[2018-03-24 16:46:15] eccube.INFO: Matched route "n/a". {"route_parameters":{"_controller":"[object] (Closure: {})","_route":null,"url":"/admin/"},"request_uri":"http://newjoy.co.jp/admin"} []
[2018-03-24 16:46:15] eccube.INFO: > GET /admin [] []
[2018-03-24 16:46:15] eccube.INFO: < 301 /admin/ [] []
[2018-03-24 16:46:15] eccube.INFO: Matched route "admin_homepage". {"route_parameters":{"_controller":"\\Eccube\\Controller\\Admin\\AdminController::index","_route":"admin_homepage"},"request_uri":"http://newjoy.co.jp/admin/"} []
[2018-03-24 16:46:15] eccube.INFO: > GET /admin/ [] []
[2018-03-24 16:46:16] eccube.INFO: < 200 [] []
[2018-03-24 16:46:21] eccube.INFO: Matched route "admin_content_file". {"route_parameters":{"_controller":"\\Eccube\\Controller\\Admin\\Content\\FileController::index","_route":"admin_content_file"},"request_uri":"http://newjoy.co.jp/admin/content/file_manager"} []
[2018-03-24 16:46:21] eccube.INFO: > GET /admin/content/file_manager [] []
[2018-03-24 16:46:21] eccube.INFO: < 200 [] []
[2018-03-24 16:49:56] eccube.INFO: Matched route "admin_content_block". {"route_parameters":{"_controller":"\\Eccube\\Controller\\Admin\\Content\\BlockController::index","_route":"admin_content_block"},"request_uri":"http://newjoy.co.jp/admin/content/block"} []
[2018-03-24 16:49:56] eccube.INFO: > GET /admin/content/block [] []
[2018-03-24 16:49:56] eccube.INFO: < 200 [] []
