[2018-03-31 01:34:28] eccube.INFO: Matched route "product_detail". {"route_parameters":{"_controller":"\\Eccube\\Controller\\ProductController::detail","id":"4","_route":"product_detail"},"request_uri":"http://newjoy.co.jp/products/detail/4"} []
[2018-03-31 01:34:28] eccube.INFO: Matched route "product_detail". {"route_parameters":{"_controller":"\\Eccube\\Controller\\ProductController::detail","id":"4","_route":"product_detail"},"request_uri":"http://newjoy.co.jp/products/detail/4"} []
[2018-03-31 01:34:28] eccube.INFO: Populated the TokenStorage with an anonymous Token. [] []
[2018-03-31 01:34:28] eccube.INFO: Populated the TokenStorage with an anonymous Token. [] []
[2018-03-31 01:34:28] eccube.INFO: > GET /products/detail/4 [] []
[2018-03-31 01:34:28] eccube.INFO: > GET /products/detail/4 [] []
[2018-03-31 01:34:29] eccube.INFO: RelatedProduct trigger onRenderProductDetail start [] []
[2018-03-31 01:34:29] eccube.INFO: RelatedProduct trigger onRenderProductDetail start [] []
[2018-03-31 01:34:30] eccube.INFO: Matched route "block_cart". {"route_parameters":{"_controller":"\\Eccube\\Controller\\Block\\CartController::index","_route":"block_cart"},"request_uri":"http://newjoy.co.jp/block/cart"} []
[2018-03-31 01:34:30] eccube.INFO: Matched route "block_cart". {"route_parameters":{"_controller":"\\Eccube\\Controller\\Block\\CartController::index","_route":"block_cart"},"request_uri":"http://newjoy.co.jp/block/cart"} []
[2018-03-31 01:34:30] eccube.INFO: Matched route "product_detail". {"route_parameters":{"_controller":"\\Eccube\\Controller\\ProductController::detail","id":"4","_route":"product_detail"},"request_uri":"http://newjoy.co.jp/products/detail/4"} []
[2018-03-31 01:34:30] eccube.INFO: Populated the TokenStorage with an anonymous Token. [] []
[2018-03-31 01:34:30] eccube.INFO: > GET /products/detail/4 [] []
[2018-03-31 01:34:30] eccube.INFO: Matched route "block_login". {"route_parameters":{"_controller":"\\Eccube\\Controller\\Block\\LoginController::index","_route":"block_login"},"request_uri":"http://newjoy.co.jp/block/login"} []
[2018-03-31 01:34:30] eccube.INFO: Matched route "block_login". {"route_parameters":{"_controller":"\\Eccube\\Controller\\Block\\LoginController::index","_route":"block_login"},"request_uri":"http://newjoy.co.jp/block/login"} []
[2018-03-31 01:34:30] eccube.INFO: RelatedProduct trigger onRenderProductDetail start [] []
[2018-03-31 01:34:30] eccube.INFO: Matched route "block_search_product". {"route_parameters":{"_controller":"\\Eccube\\Controller\\Block\\SearchProductController::index","_route":"block_search_product"},"request_uri":"http://newjoy.co.jp/block/search_product"} []
[2018-03-31 01:34:30] eccube.INFO: Matched route "block_search_product". {"route_parameters":{"_controller":"\\Eccube\\Controller\\Block\\SearchProductController::index","_route":"block_search_product"},"request_uri":"http://newjoy.co.jp/block/search_product"} []
[2018-03-31 01:34:30] eccube.INFO: Matched route "block_cart". {"route_parameters":{"_controller":"\\Eccube\\Controller\\Block\\CartController::index","_route":"block_cart"},"request_uri":"http://newjoy.co.jp/block/cart"} []
[2018-03-31 01:34:30] eccube.INFO: Matched route "block_login". {"route_parameters":{"_controller":"\\Eccube\\Controller\\Block\\LoginController::index","_route":"block_login"},"request_uri":"http://newjoy.co.jp/block/login"} []
[2018-03-31 01:34:30] eccube.INFO: Matched route "block_search_product". {"route_parameters":{"_controller":"\\Eccube\\Controller\\Block\\SearchProductController::index","_route":"block_search_product"},"request_uri":"http://newjoy.co.jp/block/search_product"} []
[2018-03-31 01:34:30] eccube.INFO: Matched route "block_category". {"route_parameters":{"_controller":"\\Eccube\\Controller\\Block\\CategoryController::index","_route":"block_category"},"request_uri":"http://newjoy.co.jp/block/category"} []
[2018-03-31 01:34:30] eccube.INFO: Matched route "block_category". {"route_parameters":{"_controller":"\\Eccube\\Controller\\Block\\CategoryController::index","_route":"block_category"},"request_uri":"http://newjoy.co.jp/block/category"} []
[2018-03-31 01:34:30] eccube.INFO: Matched route "block_category". {"route_parameters":{"_controller":"\\Eccube\\Controller\\Block\\CategoryController::index","_route":"block_category"},"request_uri":"http://newjoy.co.jp/block/category"} []
[2018-03-31 01:34:30] eccube.INFO: Matched route "block_checkeditem". {"route_parameters":{"_controller":"\\Plugin\\CheckedItem\\Controller\\CheckedItemController::index","_route":"block_checkeditem"},"request_uri":"http://newjoy.co.jp/block/checkeditem"} []
[2018-03-31 01:34:30] eccube.INFO: Matched route "block_checkeditem". {"route_parameters":{"_controller":"\\Plugin\\CheckedItem\\Controller\\CheckedItemController::index","_route":"block_checkeditem"},"request_uri":"http://newjoy.co.jp/block/checkeditem"} []
[2018-03-31 01:34:30] eccube.INFO: Matched route "block_checkeditem". {"route_parameters":{"_controller":"\\Plugin\\CheckedItem\\Controller\\CheckedItemController::index","_route":"block_checkeditem"},"request_uri":"http://newjoy.co.jp/block/checkeditem"} []
[2018-03-31 01:34:31] eccube.INFO: Matched route "block_main_menu". {"route_parameters":{"_controller":"\\Eccube\\Controller\\Block\\MainMenuController::index","_route":"block_main_menu"},"request_uri":"http://newjoy.co.jp/block/main_menu"} []
[2018-03-31 01:34:31] eccube.INFO: Matched route "block_main_menu". {"route_parameters":{"_controller":"\\Eccube\\Controller\\Block\\MainMenuController::index","_route":"block_main_menu"},"request_uri":"http://newjoy.co.jp/block/main_menu"} []
[2018-03-31 01:34:31] eccube.INFO: Matched route "block_main_menu". {"route_parameters":{"_controller":"\\Eccube\\Controller\\Block\\MainMenuController::index","_route":"block_main_menu"},"request_uri":"http://newjoy.co.jp/block/main_menu"} []
[2018-03-31 01:34:31] eccube.INFO: < 200 [] []
[2018-03-31 01:34:31] eccube.INFO: < 200 [] []
[2018-03-31 01:34:32] eccube.INFO: < 200 [] []
[2018-03-31 03:47:07] eccube.INFO: Matched route "homepage". {"route_parameters":{"_controller":"\\Eccube\\Controller\\TopController::index","_route":"homepage"},"request_uri":"http://newjoy.co.jp/"} []
[2018-03-31 03:47:07] eccube.INFO: Populated the TokenStorage with an anonymous Token. [] []
[2018-03-31 03:47:07] eccube.INFO: > GET / [] []
[2018-03-31 03:47:07] eccube.INFO: Matched route "block_cart". {"route_parameters":{"_controller":"\\Eccube\\Controller\\Block\\CartController::index","_route":"block_cart"},"request_uri":"http://newjoy.co.jp/block/cart"} []
[2018-03-31 03:47:07] eccube.INFO: Matched route "block_login". {"route_parameters":{"_controller":"\\Eccube\\Controller\\Block\\LoginController::index","_route":"block_login"},"request_uri":"http://newjoy.co.jp/block/login"} []
[2018-03-31 03:47:08] eccube.INFO: Matched route "block_search_product". {"route_parameters":{"_controller":"\\Eccube\\Controller\\Block\\SearchProductController::index","_route":"block_search_product"},"request_uri":"http://newjoy.co.jp/block/search_product"} []
[2018-03-31 03:47:08] eccube.INFO: Matched route "block_category". {"route_parameters":{"_controller":"\\Eccube\\Controller\\Block\\CategoryController::index","_route":"block_category"},"request_uri":"http://newjoy.co.jp/block/category"} []
[2018-03-31 03:47:08] eccube.INFO: Matched route "block_recommend_product_block". {"route_parameters":{"_controller":"\\Plugin\\Recommend\\Controller\\Block\\RecommendController::index","_route":"block_recommend_product_block"},"request_uri":"http://newjoy.co.jp/block/recommend_product_block"} []
[2018-03-31 03:47:08] eccube.INFO: Matched route "block_plg_shiro8_new_product_block". {"route_parameters":{"_controller":"\\Plugin\\Shiro8NewProductBlock3\\Controller\\Block\\Shiro8NewProductController::index","_route":"block_plg_shiro8_new_product_block"},"request_uri":"http://newjoy.co.jp/block/plg_shiro8_new_product_block"} []
[2018-03-31 03:47:08] eccube.INFO: Matched route "block_checkeditem". {"route_parameters":{"_controller":"\\Plugin\\CheckedItem\\Controller\\CheckedItemController::index","_route":"block_checkeditem"},"request_uri":"http://newjoy.co.jp/block/checkeditem"} []
[2018-03-31 03:47:08] eccube.INFO: Matched route "block_main_menu". {"route_parameters":{"_controller":"\\Eccube\\Controller\\Block\\MainMenuController::index","_route":"block_main_menu"},"request_uri":"http://newjoy.co.jp/block/main_menu"} []
[2018-03-31 03:47:08] eccube.INFO: Matched route "block_news". {"route_parameters":{"_controller":"\\Eccube\\Controller\\Block\\NewsController::index","_route":"block_news"},"request_uri":"http://newjoy.co.jp/block/news"} []
[2018-03-31 03:47:08] eccube.INFO: < 200 [] []
[2018-03-31 17:30:20] eccube.INFO: Matched route "homepage". {"route_parameters":{"_controller":"\\Eccube\\Controller\\TopController::index","_route":"homepage"},"request_uri":"http://newjoy.co.jp/"} []
[2018-03-31 17:30:20] eccube.INFO: Populated the TokenStorage with an anonymous Token. [] []
[2018-03-31 17:30:20] eccube.INFO: > GET / [] []
[2018-03-31 17:30:20] eccube.INFO: Matched route "block_cart". {"route_parameters":{"_controller":"\\Eccube\\Controller\\Block\\CartController::index","_route":"block_cart"},"request_uri":"http://newjoy.co.jp/block/cart"} []
[2018-03-31 17:30:20] eccube.INFO: Matched route "block_login". {"route_parameters":{"_controller":"\\Eccube\\Controller\\Block\\LoginController::index","_route":"block_login"},"request_uri":"http://newjoy.co.jp/block/login"} []
[2018-03-31 17:30:20] eccube.INFO: Matched route "block_search_product". {"route_parameters":{"_controller":"\\Eccube\\Controller\\Block\\SearchProductController::index","_route":"block_search_product"},"request_uri":"http://newjoy.co.jp/block/search_product"} []
[2018-03-31 17:30:20] eccube.INFO: Matched route "block_category". {"route_parameters":{"_controller":"\\Eccube\\Controller\\Block\\CategoryController::index","_route":"block_category"},"request_uri":"http://newjoy.co.jp/block/category"} []
[2018-03-31 17:30:20] eccube.INFO: Matched route "block_recommend_product_block". {"route_parameters":{"_controller":"\\Plugin\\Recommend\\Controller\\Block\\RecommendController::index","_route":"block_recommend_product_block"},"request_uri":"http://newjoy.co.jp/block/recommend_product_block"} []
[2018-03-31 17:30:21] eccube.INFO: Matched route "block_plg_shiro8_new_product_block". {"route_parameters":{"_controller":"\\Plugin\\Shiro8NewProductBlock3\\Controller\\Block\\Shiro8NewProductController::index","_route":"block_plg_shiro8_new_product_block"},"request_uri":"http://newjoy.co.jp/block/plg_shiro8_new_product_block"} []
[2018-03-31 17:30:21] eccube.INFO: Matched route "block_checkeditem". {"route_parameters":{"_controller":"\\Plugin\\CheckedItem\\Controller\\CheckedItemController::index","_route":"block_checkeditem"},"request_uri":"http://newjoy.co.jp/block/checkeditem"} []
[2018-03-31 17:30:21] eccube.INFO: Matched route "block_main_menu". {"route_parameters":{"_controller":"\\Eccube\\Controller\\Block\\MainMenuController::index","_route":"block_main_menu"},"request_uri":"http://newjoy.co.jp/block/main_menu"} []
[2018-03-31 17:30:21] eccube.INFO: Matched route "block_news". {"route_parameters":{"_controller":"\\Eccube\\Controller\\Block\\NewsController::index","_route":"block_news"},"request_uri":"http://newjoy.co.jp/block/news"} []
[2018-03-31 17:30:21] eccube.INFO: < 200 [] []
[2018-03-31 19:47:47] eccube.INFO: Matched route "homepage". {"route_parameters":{"_controller":"\\Eccube\\Controller\\TopController::index","_route":"homepage"},"request_uri":"http://newjoy.co.jp/"} []
[2018-03-31 19:47:47] eccube.INFO: Populated the TokenStorage with an anonymous Token. [] []
[2018-03-31 19:47:47] eccube.INFO: > GET / [] []
[2018-03-31 19:47:47] eccube.INFO: Matched route "block_cart". {"route_parameters":{"_controller":"\\Eccube\\Controller\\Block\\CartController::index","_route":"block_cart"},"request_uri":"http://newjoy.co.jp/block/cart"} []
[2018-03-31 19:47:47] eccube.INFO: Matched route "block_login". {"route_parameters":{"_controller":"\\Eccube\\Controller\\Block\\LoginController::index","_route":"block_login"},"request_uri":"http://newjoy.co.jp/block/login"} []
[2018-03-31 19:47:47] eccube.INFO: Matched route "block_search_product". {"route_parameters":{"_controller":"\\Eccube\\Controller\\Block\\SearchProductController::index","_route":"block_search_product"},"request_uri":"http://newjoy.co.jp/block/search_product"} []
[2018-03-31 19:47:47] eccube.INFO: Matched route "block_category". {"route_parameters":{"_controller":"\\Eccube\\Controller\\Block\\CategoryController::index","_route":"block_category"},"request_uri":"http://newjoy.co.jp/block/category"} []
[2018-03-31 19:47:47] eccube.INFO: Matched route "block_recommend_product_block". {"route_parameters":{"_controller":"\\Plugin\\Recommend\\Controller\\Block\\RecommendController::index","_route":"block_recommend_product_block"},"request_uri":"http://newjoy.co.jp/block/recommend_product_block"} []
[2018-03-31 19:47:47] eccube.INFO: Matched route "block_plg_shiro8_new_product_block". {"route_parameters":{"_controller":"\\Plugin\\Shiro8NewProductBlock3\\Controller\\Block\\Shiro8NewProductController::index","_route":"block_plg_shiro8_new_product_block"},"request_uri":"http://newjoy.co.jp/block/plg_shiro8_new_product_block"} []
[2018-03-31 19:47:47] eccube.INFO: Matched route "block_checkeditem". {"route_parameters":{"_controller":"\\Plugin\\CheckedItem\\Controller\\CheckedItemController::index","_route":"block_checkeditem"},"request_uri":"http://newjoy.co.jp/block/checkeditem"} []
[2018-03-31 19:47:47] eccube.INFO: Matched route "block_main_menu". {"route_parameters":{"_controller":"\\Eccube\\Controller\\Block\\MainMenuController::index","_route":"block_main_menu"},"request_uri":"http://newjoy.co.jp/block/main_menu"} []
[2018-03-31 19:47:47] eccube.INFO: Matched route "block_news". {"route_parameters":{"_controller":"\\Eccube\\Controller\\Block\\NewsController::index","_route":"block_news"},"request_uri":"http://newjoy.co.jp/block/news"} []
[2018-03-31 19:47:47] eccube.INFO: < 200 [] []
[2018-03-31 19:51:03] eccube.INFO: Matched route "homepage". {"route_parameters":{"_controller":"\\Eccube\\Controller\\TopController::index","_route":"homepage"},"request_uri":"http://newjoy.co.jp/"} []
[2018-03-31 19:51:03] eccube.INFO: Populated the TokenStorage with an anonymous Token. [] []
[2018-03-31 19:51:03] eccube.INFO: > GET / [] []
[2018-03-31 19:51:03] eccube.INFO: Matched route "block_cart". {"route_parameters":{"_controller":"\\Eccube\\Controller\\Block\\CartController::index","_route":"block_cart"},"request_uri":"http://newjoy.co.jp/block/cart"} []
[2018-03-31 19:51:03] eccube.INFO: Matched route "block_login". {"route_parameters":{"_controller":"\\Eccube\\Controller\\Block\\LoginController::index","_route":"block_login"},"request_uri":"http://newjoy.co.jp/block/login"} []
[2018-03-31 19:51:03] eccube.INFO: Matched route "block_search_product". {"route_parameters":{"_controller":"\\Eccube\\Controller\\Block\\SearchProductController::index","_route":"block_search_product"},"request_uri":"http://newjoy.co.jp/block/search_product"} []
[2018-03-31 19:51:03] eccube.INFO: Matched route "block_category". {"route_parameters":{"_controller":"\\Eccube\\Controller\\Block\\CategoryController::index","_route":"block_category"},"request_uri":"http://newjoy.co.jp/block/category"} []
[2018-03-31 19:51:03] eccube.INFO: Matched route "block_recommend_product_block". {"route_parameters":{"_controller":"\\Plugin\\Recommend\\Controller\\Block\\RecommendController::index","_route":"block_recommend_product_block"},"request_uri":"http://newjoy.co.jp/block/recommend_product_block"} []
[2018-03-31 19:51:03] eccube.INFO: Matched route "block_plg_shiro8_new_product_block". {"route_parameters":{"_controller":"\\Plugin\\Shiro8NewProductBlock3\\Controller\\Block\\Shiro8NewProductController::index","_route":"block_plg_shiro8_new_product_block"},"request_uri":"http://newjoy.co.jp/block/plg_shiro8_new_product_block"} []
[2018-03-31 19:51:03] eccube.INFO: Matched route "block_checkeditem". {"route_parameters":{"_controller":"\\Plugin\\CheckedItem\\Controller\\CheckedItemController::index","_route":"block_checkeditem"},"request_uri":"http://newjoy.co.jp/block/checkeditem"} []
[2018-03-31 19:51:03] eccube.INFO: Matched route "block_main_menu". {"route_parameters":{"_controller":"\\Eccube\\Controller\\Block\\MainMenuController::index","_route":"block_main_menu"},"request_uri":"http://newjoy.co.jp/block/main_menu"} []
[2018-03-31 19:51:03] eccube.INFO: Matched route "block_news". {"route_parameters":{"_controller":"\\Eccube\\Controller\\Block\\NewsController::index","_route":"block_news"},"request_uri":"http://newjoy.co.jp/block/news"} []
[2018-03-31 19:51:03] eccube.INFO: < 200 [] []
