[2018-03-22 09:31:59] eccube.INFO: Matched route "homepage". {"route_parameters":{"_controller":"\\Eccube\\Controller\\TopController::index","_route":"homepage"},"request_uri":"http://newjoy.co.jp/"} []
[2018-03-22 09:31:59] eccube.INFO: Matched route "admin_homepage". {"route_parameters":{"_controller":"\\Eccube\\Controller\\Admin\\AdminController::index","_route":"admin_homepage"},"request_uri":"http://newjoy.co.jp/admin/"} []
[2018-03-22 09:31:59] eccube.INFO: Populated the TokenStorage with an anonymous Token. [] []
[2018-03-22 09:31:59] eccube.INFO: Populated the TokenStorage with an anonymous Token. [] []
[2018-03-22 09:31:59] eccube.INFO: > GET / [] []
[2018-03-22 09:31:59] eccube.INFO: Matched route "admin_login". {"route_parameters":{"_controller":"\\Eccube\\Controller\\Admin\\AdminController::login","_route":"admin_login"},"request_uri":"http://newjoy.co.jp/admin/login"} []
[2018-03-22 09:31:59] eccube.INFO: Matched route "block_cart". {"route_parameters":{"_controller":"\\Eccube\\Controller\\Block\\CartController::index","_route":"block_cart"},"request_uri":"http://newjoy.co.jp/block/cart"} []
[2018-03-22 09:31:59] eccube.INFO: Matched route "block_login". {"route_parameters":{"_controller":"\\Eccube\\Controller\\Block\\LoginController::index","_route":"block_login"},"request_uri":"http://newjoy.co.jp/block/login"} []
[2018-03-22 09:31:59] eccube.INFO: Matched route "block_search_product". {"route_parameters":{"_controller":"\\Eccube\\Controller\\Block\\SearchProductController::index","_route":"block_search_product"},"request_uri":"http://newjoy.co.jp/block/search_product"} []
[2018-03-22 09:31:59] eccube.INFO: < 401 [] []
[2018-03-22 09:31:59] eccube.INFO: Matched route "block_category". {"route_parameters":{"_controller":"\\Eccube\\Controller\\Block\\CategoryController::index","_route":"block_category"},"request_uri":"http://newjoy.co.jp/block/category"} []
[2018-03-22 09:31:59] eccube.INFO: Matched route "block_recommend_product_block". {"route_parameters":{"_controller":"\\Plugin\\Recommend\\Controller\\Block\\RecommendController::index","_route":"block_recommend_product_block"},"request_uri":"http://newjoy.co.jp/block/recommend_product_block"} []
[2018-03-22 09:31:59] eccube.INFO: Matched route "block_plg_shiro8_new_product_block". {"route_parameters":{"_controller":"\\Plugin\\Shiro8NewProductBlock3\\Controller\\Block\\Shiro8NewProductController::index","_route":"block_plg_shiro8_new_product_block"},"request_uri":"http://newjoy.co.jp/block/plg_shiro8_new_product_block"} []
[2018-03-22 09:31:59] eccube.INFO: Matched route "block_sales_ranking". {"route_parameters":{"_controller":"\\Plugin\\SalesRanking\\Controller\\SalesRankingController::index","_route":"block_sales_ranking"},"request_uri":"http://newjoy.co.jp/block/sales_ranking"} []
[2018-03-22 09:31:59] eccube.INFO: Matched route "block_checkeditem". {"route_parameters":{"_controller":"\\Plugin\\CheckedItem\\Controller\\CheckedItemController::index","_route":"block_checkeditem"},"request_uri":"http://newjoy.co.jp/block/checkeditem"} []
[2018-03-22 09:31:59] eccube.INFO: Matched route "block_main_menu". {"route_parameters":{"_controller":"\\Eccube\\Controller\\Block\\MainMenuController::index","_route":"block_main_menu"},"request_uri":"http://newjoy.co.jp/block/main_menu"} []
[2018-03-22 09:31:59] eccube.INFO: Matched route "block_news". {"route_parameters":{"_controller":"\\Eccube\\Controller\\Block\\NewsController::index","_route":"block_news"},"request_uri":"http://newjoy.co.jp/block/news"} []
[2018-03-22 09:31:59] eccube.INFO: < 200 [] []
[2018-03-22 11:46:43] eccube.INFO: Matched route "product_list". {"route_parameters":{"_controller":"\\Eccube\\Controller\\ProductController::index","_route":"product_list"},"request_uri":"http://newjoy.co.jp/products/list?category_id=6&disp_number=15&mode=&name=&orderby=1&pageno=1"} []
[2018-03-22 11:46:43] eccube.INFO: Populated the TokenStorage with an anonymous Token. [] []
[2018-03-22 11:46:43] eccube.INFO: > GET /products/list?mode=&category_id=6&name=&pageno=1&disp_number=15&orderby=1 [] []
[2018-03-22 11:46:43] eccube.INFO: Matched route "block_cart". {"route_parameters":{"_controller":"\\Eccube\\Controller\\Block\\CartController::index","_route":"block_cart"},"request_uri":"http://newjoy.co.jp/block/cart"} []
[2018-03-22 11:46:43] eccube.INFO: Matched route "block_login". {"route_parameters":{"_controller":"\\Eccube\\Controller\\Block\\LoginController::index","_route":"block_login"},"request_uri":"http://newjoy.co.jp/block/login"} []
[2018-03-22 11:46:43] eccube.INFO: Matched route "block_search_product". {"route_parameters":{"_controller":"\\Eccube\\Controller\\Block\\SearchProductController::index","_route":"block_search_product"},"request_uri":"http://newjoy.co.jp/block/search_product"} []
[2018-03-22 11:46:43] eccube.INFO: Matched route "block_category". {"route_parameters":{"_controller":"\\Eccube\\Controller\\Block\\CategoryController::index","_route":"block_category"},"request_uri":"http://newjoy.co.jp/block/category"} []
[2018-03-22 11:46:44] eccube.INFO: Matched route "block_recommend_product_block". {"route_parameters":{"_controller":"\\Plugin\\Recommend\\Controller\\Block\\RecommendController::index","_route":"block_recommend_product_block"},"request_uri":"http://newjoy.co.jp/block/recommend_product_block"} []
[2018-03-22 11:46:44] eccube.INFO: Matched route "block_sales_ranking". {"route_parameters":{"_controller":"\\Plugin\\SalesRanking\\Controller\\SalesRankingController::index","_route":"block_sales_ranking"},"request_uri":"http://newjoy.co.jp/block/sales_ranking"} []
[2018-03-22 11:46:44] eccube.INFO: Matched route "block_checkeditem". {"route_parameters":{"_controller":"\\Plugin\\CheckedItem\\Controller\\CheckedItemController::index","_route":"block_checkeditem"},"request_uri":"http://newjoy.co.jp/block/checkeditem"} []
[2018-03-22 11:46:44] eccube.INFO: Matched route "block_main_menu". {"route_parameters":{"_controller":"\\Eccube\\Controller\\Block\\MainMenuController::index","_route":"block_main_menu"},"request_uri":"http://newjoy.co.jp/block/main_menu"} []
[2018-03-22 11:46:44] eccube.INFO: < 200 [] []
[2018-03-22 13:45:37] eccube.INFO: Matched route "product_list". {"route_parameters":{"_controller":"\\Eccube\\Controller\\ProductController::index","_route":"product_list"},"request_uri":"http://newjoy.co.jp/products/list?category_id=4&disp_number=15&mode=&name=&orderby=3&pageno=1"} []
[2018-03-22 13:45:37] eccube.INFO: Populated the TokenStorage with an anonymous Token. [] []
[2018-03-22 13:45:37] eccube.INFO: > GET /products/list?mode=&category_id=4&name=&pageno=1&disp_number=15&orderby=3 [] []
[2018-03-22 13:45:38] eccube.INFO: Matched route "block_cart". {"route_parameters":{"_controller":"\\Eccube\\Controller\\Block\\CartController::index","_route":"block_cart"},"request_uri":"http://newjoy.co.jp/block/cart"} []
[2018-03-22 13:45:38] eccube.INFO: Matched route "block_login". {"route_parameters":{"_controller":"\\Eccube\\Controller\\Block\\LoginController::index","_route":"block_login"},"request_uri":"http://newjoy.co.jp/block/login"} []
[2018-03-22 13:45:38] eccube.INFO: Matched route "block_search_product". {"route_parameters":{"_controller":"\\Eccube\\Controller\\Block\\SearchProductController::index","_route":"block_search_product"},"request_uri":"http://newjoy.co.jp/block/search_product"} []
[2018-03-22 13:45:38] eccube.INFO: Matched route "block_category". {"route_parameters":{"_controller":"\\Eccube\\Controller\\Block\\CategoryController::index","_route":"block_category"},"request_uri":"http://newjoy.co.jp/block/category"} []
[2018-03-22 13:45:38] eccube.INFO: Matched route "block_recommend_product_block". {"route_parameters":{"_controller":"\\Plugin\\Recommend\\Controller\\Block\\RecommendController::index","_route":"block_recommend_product_block"},"request_uri":"http://newjoy.co.jp/block/recommend_product_block"} []
[2018-03-22 13:45:38] eccube.INFO: Matched route "block_sales_ranking". {"route_parameters":{"_controller":"\\Plugin\\SalesRanking\\Controller\\SalesRankingController::index","_route":"block_sales_ranking"},"request_uri":"http://newjoy.co.jp/block/sales_ranking"} []
[2018-03-22 13:45:38] eccube.INFO: Matched route "block_checkeditem". {"route_parameters":{"_controller":"\\Plugin\\CheckedItem\\Controller\\CheckedItemController::index","_route":"block_checkeditem"},"request_uri":"http://newjoy.co.jp/block/checkeditem"} []
[2018-03-22 13:45:38] eccube.INFO: Matched route "block_main_menu". {"route_parameters":{"_controller":"\\Eccube\\Controller\\Block\\MainMenuController::index","_route":"block_main_menu"},"request_uri":"http://newjoy.co.jp/block/main_menu"} []
[2018-03-22 13:45:38] eccube.INFO: < 200 [] []
[2018-03-22 16:36:02] eccube.INFO: Matched route "homepage". {"route_parameters":{"_controller":"\\Eccube\\Controller\\TopController::index","_route":"homepage"},"request_uri":"http://newjoy.co.jp/"} []
[2018-03-22 16:36:02] eccube.INFO: Populated the TokenStorage with an anonymous Token. [] []
[2018-03-22 16:36:02] eccube.INFO: > GET / [] []
[2018-03-22 16:36:02] eccube.INFO: Matched route "block_cart". {"route_parameters":{"_controller":"\\Eccube\\Controller\\Block\\CartController::index","_route":"block_cart"},"request_uri":"http://newjoy.co.jp/block/cart"} []
[2018-03-22 16:36:02] eccube.INFO: Matched route "block_login". {"route_parameters":{"_controller":"\\Eccube\\Controller\\Block\\LoginController::index","_route":"block_login"},"request_uri":"http://newjoy.co.jp/block/login"} []
[2018-03-22 16:36:02] eccube.INFO: Matched route "block_search_product". {"route_parameters":{"_controller":"\\Eccube\\Controller\\Block\\SearchProductController::index","_route":"block_search_product"},"request_uri":"http://newjoy.co.jp/block/search_product"} []
[2018-03-22 16:36:02] eccube.INFO: Matched route "block_category". {"route_parameters":{"_controller":"\\Eccube\\Controller\\Block\\CategoryController::index","_route":"block_category"},"request_uri":"http://newjoy.co.jp/block/category"} []
[2018-03-22 16:36:02] eccube.INFO: Matched route "block_recommend_product_block". {"route_parameters":{"_controller":"\\Plugin\\Recommend\\Controller\\Block\\RecommendController::index","_route":"block_recommend_product_block"},"request_uri":"http://newjoy.co.jp/block/recommend_product_block"} []
[2018-03-22 16:36:02] eccube.INFO: Matched route "block_plg_shiro8_new_product_block". {"route_parameters":{"_controller":"\\Plugin\\Shiro8NewProductBlock3\\Controller\\Block\\Shiro8NewProductController::index","_route":"block_plg_shiro8_new_product_block"},"request_uri":"http://newjoy.co.jp/block/plg_shiro8_new_product_block"} []
[2018-03-22 16:36:02] eccube.INFO: Matched route "block_sales_ranking". {"route_parameters":{"_controller":"\\Plugin\\SalesRanking\\Controller\\SalesRankingController::index","_route":"block_sales_ranking"},"request_uri":"http://newjoy.co.jp/block/sales_ranking"} []
[2018-03-22 16:36:02] eccube.INFO: Matched route "block_checkeditem". {"route_parameters":{"_controller":"\\Plugin\\CheckedItem\\Controller\\CheckedItemController::index","_route":"block_checkeditem"},"request_uri":"http://newjoy.co.jp/block/checkeditem"} []
[2018-03-22 16:36:03] eccube.INFO: Matched route "block_main_menu". {"route_parameters":{"_controller":"\\Eccube\\Controller\\Block\\MainMenuController::index","_route":"block_main_menu"},"request_uri":"http://newjoy.co.jp/block/main_menu"} []
[2018-03-22 16:36:03] eccube.INFO: Matched route "block_news". {"route_parameters":{"_controller":"\\Eccube\\Controller\\Block\\NewsController::index","_route":"block_news"},"request_uri":"http://newjoy.co.jp/block/news"} []
[2018-03-22 16:36:03] eccube.INFO: < 200 [] []
[2018-03-22 16:36:03] eccube.ERROR: Symfony\Component\HttpKernel\Exception\NotFoundHttpException: No route found for "GET /img/spin.svg" (from "http://newjoy.co.jp/") (uncaught exception) at /home/kir021669/public_html/newjoy.co.jp/vendor/symfony/http-kernel/EventListener/RouterListener.php line 159 {"exception":"[object] (Symfony\\Component\\HttpKernel\\Exception\\NotFoundHttpException(code: 0): No route found for \"GET /img/spin.svg\" (from \"http://newjoy.co.jp/\") at /home/kir021669/public_html/newjoy.co.jp/vendor/symfony/http-kernel/EventListener/RouterListener.php:159, Symfony\\Component\\Routing\\Exception\\ResourceNotFoundException(code: 0): No routes found for \"/img/spin.svg\". at /home/kir021669/public_html/newjoy.co.jp/vendor/symfony/routing/Matcher/UrlMatcher.php:98)"} []
[2018-03-22 16:36:03] eccube.INFO: < 404 [] []
[2018-03-22 16:39:07] eccube.INFO: Matched route "admin_content_block_edit". {"route_parameters":{"_controller":"\\Eccube\\Controller\\Admin\\Content\\BlockController::edit","id":"13","_route":"admin_content_block_edit"},"request_uri":"http://newjoy.co.jp/admin/content/block/13/edit"} []
[2018-03-22 16:39:07] eccube.INFO: Populated the TokenStorage with an anonymous Token. [] []
[2018-03-22 16:39:07] eccube.INFO: Matched route "admin_login". {"route_parameters":{"_controller":"\\Eccube\\Controller\\Admin\\AdminController::login","_route":"admin_login"},"request_uri":"http://newjoy.co.jp/admin/login"} []
[2018-03-22 16:39:07] eccube.INFO: < 401 [] []
[2018-03-22 16:39:16] eccube.INFO: Matched route "admin_login_check". {"route_parameters":{"_controller":null,"_route":"admin_login_check"},"request_uri":"http://newjoy.co.jp/admin/login_check"} []
[2018-03-22 16:39:17] eccube.INFO: Authentication request failed. {"exception":"[object] (Symfony\\Component\\Security\\Core\\Exception\\BadCredentialsException(code: 0): Bad credentials. at /home/kir021669/public_html/newjoy.co.jp/vendor/symfony/security/Core/Authentication/Provider/UserAuthenticationProvider.php:90, Symfony\\Component\\Security\\Core\\Exception\\BadCredentialsException(code: 0): The presented password is invalid. at /home/kir021669/public_html/newjoy.co.jp/vendor/symfony/security/Core/Authentication/Provider/DaoAuthenticationProvider.php:67)"} []
[2018-03-22 16:39:17] eccube.INFO: < 302 http://newjoy.co.jp/admin/login [] []
[2018-03-22 16:39:17] eccube.INFO: Matched route "admin_login". {"route_parameters":{"_controller":"\\Eccube\\Controller\\Admin\\AdminController::login","_route":"admin_login"},"request_uri":"http://newjoy.co.jp/admin/login"} []
[2018-03-22 16:39:17] eccube.INFO: Populated the TokenStorage with an anonymous Token. [] []
[2018-03-22 16:39:17] eccube.INFO: > GET /admin/login [] []
[2018-03-22 16:39:17] eccube.INFO: < 200 [] []
[2018-03-22 16:39:26] eccube.INFO: Matched route "admin_login_check". {"route_parameters":{"_controller":null,"_route":"admin_login_check"},"request_uri":"http://newjoy.co.jp/admin/login_check"} []
[2018-03-22 16:39:27] eccube.INFO: User has been authenticated successfully. {"username":"admin"} []
[2018-03-22 16:39:27] eccube.INFO: < 302 http://newjoy.co.jp/admin/content/block/13/edit [] []
[2018-03-22 16:39:27] eccube.INFO: Matched route "admin_content_block_edit". {"route_parameters":{"_controller":"\\Eccube\\Controller\\Admin\\Content\\BlockController::edit","id":"13","_route":"admin_content_block_edit"},"request_uri":"http://newjoy.co.jp/admin/content/block/13/edit"} []
[2018-03-22 16:39:27] eccube.INFO: > GET /admin/content/block/13/edit [] []
[2018-03-22 16:39:27] eccube.INFO: < 200 [] []
[2018-03-22 16:41:12] eccube.INFO: Matched route "admin_content_block". {"route_parameters":{"_controller":"\\Eccube\\Controller\\Admin\\Content\\BlockController::index","_route":"admin_content_block"},"request_uri":"http://newjoy.co.jp/admin/content/block"} []
[2018-03-22 16:41:12] eccube.INFO: > GET /admin/content/block [] []
[2018-03-22 16:41:12] eccube.INFO: < 200 [] []
[2018-03-22 16:42:13] eccube.INFO: Matched route "admin_content_page". {"route_parameters":{"_controller":"\\Eccube\\Controller\\Admin\\Content\\PageController::index","_route":"admin_content_page"},"request_uri":"http://newjoy.co.jp/admin/content/page"} []
[2018-03-22 16:42:13] eccube.INFO: > GET /admin/content/page [] []
[2018-03-22 16:42:13] eccube.INFO: < 200 [] []
[2018-03-22 16:42:16] eccube.INFO: Matched route "admin_content_layout_edit". {"route_parameters":{"_controller":"\\Eccube\\Controller\\Admin\\Content\\LayoutController::index","id":"1","_route":"admin_content_layout_edit"},"request_uri":"http://newjoy.co.jp/admin/content/layout/1/edit"} []
[2018-03-22 16:42:16] eccube.INFO: > GET /admin/content/layout/1/edit [] []
[2018-03-22 16:42:16] eccube.INFO: < 200 [] []
[2018-03-22 16:42:42] eccube.INFO: Matched route "admin_content_layout_edit". {"route_parameters":{"_controller":"\\Eccube\\Controller\\Admin\\Content\\LayoutController::index","id":"1","_route":"admin_content_layout_edit"},"request_uri":"http://newjoy.co.jp/admin/content/layout/1/edit"} []
[2018-03-22 16:42:42] eccube.INFO: > POST /admin/content/layout/1/edit [] []
[2018-03-22 16:42:42] eccube.INFO: < 302 http://newjoy.co.jp/admin/content/layout/1/edit [] []
[2018-03-22 16:42:42] eccube.INFO: Matched route "admin_content_layout_edit". {"route_parameters":{"_controller":"\\Eccube\\Controller\\Admin\\Content\\LayoutController::index","id":"1","_route":"admin_content_layout_edit"},"request_uri":"http://newjoy.co.jp/admin/content/layout/1/edit"} []
[2018-03-22 16:42:42] eccube.INFO: > GET /admin/content/layout/1/edit [] []
[2018-03-22 16:42:43] eccube.INFO: < 200 [] []
[2018-03-22 16:42:47] eccube.INFO: Matched route "homepage". {"route_parameters":{"_controller":"\\Eccube\\Controller\\TopController::index","_route":"homepage"},"request_uri":"http://newjoy.co.jp/"} []
[2018-03-22 16:42:47] eccube.INFO: Populated the TokenStorage with an anonymous Token. [] []
[2018-03-22 16:42:47] eccube.INFO: > GET / [] []
[2018-03-22 16:42:47] eccube.INFO: Matched route "block_cart". {"route_parameters":{"_controller":"\\Eccube\\Controller\\Block\\CartController::index","_route":"block_cart"},"request_uri":"http://newjoy.co.jp/block/cart"} []
[2018-03-22 16:42:47] eccube.INFO: Matched route "block_login". {"route_parameters":{"_controller":"\\Eccube\\Controller\\Block\\LoginController::index","_route":"block_login"},"request_uri":"http://newjoy.co.jp/block/login"} []
[2018-03-22 16:42:47] eccube.INFO: Matched route "block_search_product". {"route_parameters":{"_controller":"\\Eccube\\Controller\\Block\\SearchProductController::index","_route":"block_search_product"},"request_uri":"http://newjoy.co.jp/block/search_product"} []
[2018-03-22 16:42:48] eccube.INFO: Matched route "block_category". {"route_parameters":{"_controller":"\\Eccube\\Controller\\Block\\CategoryController::index","_route":"block_category"},"request_uri":"http://newjoy.co.jp/block/category"} []
[2018-03-22 16:42:48] eccube.INFO: Matched route "block_recommend_product_block". {"route_parameters":{"_controller":"\\Plugin\\Recommend\\Controller\\Block\\RecommendController::index","_route":"block_recommend_product_block"},"request_uri":"http://newjoy.co.jp/block/recommend_product_block"} []
[2018-03-22 16:42:48] eccube.INFO: Matched route "block_plg_shiro8_new_product_block". {"route_parameters":{"_controller":"\\Plugin\\Shiro8NewProductBlock3\\Controller\\Block\\Shiro8NewProductController::index","_route":"block_plg_shiro8_new_product_block"},"request_uri":"http://newjoy.co.jp/block/plg_shiro8_new_product_block"} []
[2018-03-22 16:42:48] eccube.INFO: Matched route "block_sales_ranking". {"route_parameters":{"_controller":"\\Plugin\\SalesRanking\\Controller\\SalesRankingController::index","_route":"block_sales_ranking"},"request_uri":"http://newjoy.co.jp/block/sales_ranking"} []
[2018-03-22 16:42:48] eccube.INFO: Matched route "block_checkeditem". {"route_parameters":{"_controller":"\\Plugin\\CheckedItem\\Controller\\CheckedItemController::index","_route":"block_checkeditem"},"request_uri":"http://newjoy.co.jp/block/checkeditem"} []
[2018-03-22 16:42:48] eccube.INFO: Matched route "block_main_menu". {"route_parameters":{"_controller":"\\Eccube\\Controller\\Block\\MainMenuController::index","_route":"block_main_menu"},"request_uri":"http://newjoy.co.jp/block/main_menu"} []
[2018-03-22 16:42:48] eccube.INFO: Matched route "block_news". {"route_parameters":{"_controller":"\\Eccube\\Controller\\Block\\NewsController::index","_route":"block_news"},"request_uri":"http://newjoy.co.jp/block/news"} []
[2018-03-22 16:42:48] eccube.INFO: < 200 [] []
[2018-03-22 16:42:48] eccube.ERROR: Symfony\Component\HttpKernel\Exception\NotFoundHttpException: No route found for "GET /img/spin.svg" (from "http://newjoy.co.jp/") (uncaught exception) at /home/kir021669/public_html/newjoy.co.jp/vendor/symfony/http-kernel/EventListener/RouterListener.php line 159 {"exception":"[object] (Symfony\\Component\\HttpKernel\\Exception\\NotFoundHttpException(code: 0): No route found for \"GET /img/spin.svg\" (from \"http://newjoy.co.jp/\") at /home/kir021669/public_html/newjoy.co.jp/vendor/symfony/http-kernel/EventListener/RouterListener.php:159, Symfony\\Component\\Routing\\Exception\\ResourceNotFoundException(code: 0): No routes found for \"/img/spin.svg\". at /home/kir021669/public_html/newjoy.co.jp/vendor/symfony/routing/Matcher/UrlMatcher.php:98)"} []
[2018-03-22 16:42:48] eccube.INFO: < 404 [] []
[2018-03-22 16:43:22] eccube.INFO: Matched route "admin_content_block". {"route_parameters":{"_controller":"\\Eccube\\Controller\\Admin\\Content\\BlockController::index","_route":"admin_content_block"},"request_uri":"http://newjoy.co.jp/admin/content/block"} []
[2018-03-22 16:43:22] eccube.INFO: > GET /admin/content/block [] []
[2018-03-22 16:43:23] eccube.INFO: < 200 [] []
[2018-03-22 16:43:27] eccube.INFO: Matched route "admin_content_block_edit". {"route_parameters":{"_controller":"\\Eccube\\Controller\\Admin\\Content\\BlockController::edit","id":"19","_route":"admin_content_block_edit"},"request_uri":"http://newjoy.co.jp/admin/content/block/19/edit"} []
[2018-03-22 16:43:27] eccube.INFO: > GET /admin/content/block/19/edit [] []
[2018-03-22 16:43:27] eccube.INFO: < 200 [] []
[2018-03-22 16:43:49] eccube.INFO: Matched route "homepage". {"route_parameters":{"_controller":"\\Eccube\\Controller\\TopController::index","_route":"homepage"},"request_uri":"http://newjoy.co.jp/"} []
[2018-03-22 16:43:49] eccube.INFO: Populated the TokenStorage with an anonymous Token. [] []
[2018-03-22 16:43:49] eccube.INFO: > GET / [] []
[2018-03-22 16:43:49] eccube.INFO: Matched route "block_cart". {"route_parameters":{"_controller":"\\Eccube\\Controller\\Block\\CartController::index","_route":"block_cart"},"request_uri":"http://newjoy.co.jp/block/cart"} []
[2018-03-22 16:43:49] eccube.INFO: Matched route "block_login". {"route_parameters":{"_controller":"\\Eccube\\Controller\\Block\\LoginController::index","_route":"block_login"},"request_uri":"http://newjoy.co.jp/block/login"} []
[2018-03-22 16:43:50] eccube.INFO: Matched route "block_search_product". {"route_parameters":{"_controller":"\\Eccube\\Controller\\Block\\SearchProductController::index","_route":"block_search_product"},"request_uri":"http://newjoy.co.jp/block/search_product"} []
[2018-03-22 16:43:50] eccube.INFO: Matched route "block_category". {"route_parameters":{"_controller":"\\Eccube\\Controller\\Block\\CategoryController::index","_route":"block_category"},"request_uri":"http://newjoy.co.jp/block/category"} []
[2018-03-22 16:43:50] eccube.INFO: Matched route "block_recommend_product_block". {"route_parameters":{"_controller":"\\Plugin\\Recommend\\Controller\\Block\\RecommendController::index","_route":"block_recommend_product_block"},"request_uri":"http://newjoy.co.jp/block/recommend_product_block"} []
[2018-03-22 16:43:50] eccube.INFO: Matched route "block_plg_shiro8_new_product_block". {"route_parameters":{"_controller":"\\Plugin\\Shiro8NewProductBlock3\\Controller\\Block\\Shiro8NewProductController::index","_route":"block_plg_shiro8_new_product_block"},"request_uri":"http://newjoy.co.jp/block/plg_shiro8_new_product_block"} []
[2018-03-22 16:43:50] eccube.INFO: Matched route "block_sales_ranking". {"route_parameters":{"_controller":"\\Plugin\\SalesRanking\\Controller\\SalesRankingController::index","_route":"block_sales_ranking"},"request_uri":"http://newjoy.co.jp/block/sales_ranking"} []
[2018-03-22 16:43:50] eccube.INFO: Matched route "block_checkeditem". {"route_parameters":{"_controller":"\\Plugin\\CheckedItem\\Controller\\CheckedItemController::index","_route":"block_checkeditem"},"request_uri":"http://newjoy.co.jp/block/checkeditem"} []
[2018-03-22 16:43:50] eccube.INFO: Matched route "block_main_menu". {"route_parameters":{"_controller":"\\Eccube\\Controller\\Block\\MainMenuController::index","_route":"block_main_menu"},"request_uri":"http://newjoy.co.jp/block/main_menu"} []
[2018-03-22 16:43:50] eccube.INFO: Matched route "block_news". {"route_parameters":{"_controller":"\\Eccube\\Controller\\Block\\NewsController::index","_route":"block_news"},"request_uri":"http://newjoy.co.jp/block/news"} []
[2018-03-22 16:43:50] eccube.INFO: < 200 [] []
[2018-03-22 16:43:50] eccube.ERROR: Symfony\Component\HttpKernel\Exception\NotFoundHttpException: No route found for "GET /img/spin.svg" (from "http://newjoy.co.jp/") (uncaught exception) at /home/kir021669/public_html/newjoy.co.jp/vendor/symfony/http-kernel/EventListener/RouterListener.php line 159 {"exception":"[object] (Symfony\\Component\\HttpKernel\\Exception\\NotFoundHttpException(code: 0): No route found for \"GET /img/spin.svg\" (from \"http://newjoy.co.jp/\") at /home/kir021669/public_html/newjoy.co.jp/vendor/symfony/http-kernel/EventListener/RouterListener.php:159, Symfony\\Component\\Routing\\Exception\\ResourceNotFoundException(code: 0): No routes found for \"/img/spin.svg\". at /home/kir021669/public_html/newjoy.co.jp/vendor/symfony/routing/Matcher/UrlMatcher.php:98)"} []
[2018-03-22 16:43:50] eccube.INFO: < 404 [] []
[2018-03-22 16:43:51] eccube.ERROR: Symfony\Component\HttpKernel\Exception\NotFoundHttpException: No route found for "GET /img/spin.svg" (from "http://newjoy.co.jp/") (uncaught exception) at /home/kir021669/public_html/newjoy.co.jp/vendor/symfony/http-kernel/EventListener/RouterListener.php line 159 {"exception":"[object] (Symfony\\Component\\HttpKernel\\Exception\\NotFoundHttpException(code: 0): No route found for \"GET /img/spin.svg\" (from \"http://newjoy.co.jp/\") at /home/kir021669/public_html/newjoy.co.jp/vendor/symfony/http-kernel/EventListener/RouterListener.php:159, Symfony\\Component\\Routing\\Exception\\ResourceNotFoundException(code: 0): No routes found for \"/img/spin.svg\". at /home/kir021669/public_html/newjoy.co.jp/vendor/symfony/routing/Matcher/UrlMatcher.php:98)"} []
[2018-03-22 16:43:51] eccube.INFO: < 404 [] []
[2018-03-22 16:45:14] eccube.INFO: Matched route "admin_content_block_edit". {"route_parameters":{"_controller":"\\Eccube\\Controller\\Admin\\Content\\BlockController::edit","id":"19","_route":"admin_content_block_edit"},"request_uri":"http://newjoy.co.jp/admin/content/block/19/edit"} []
[2018-03-22 16:45:14] eccube.INFO: > POST /admin/content/block/19/edit [] []
[2018-03-22 16:45:15] eccube.INFO: < 302 http://newjoy.co.jp/admin/content/block/19/edit [] []
[2018-03-22 16:45:15] eccube.INFO: Matched route "admin_content_block_edit". {"route_parameters":{"_controller":"\\Eccube\\Controller\\Admin\\Content\\BlockController::edit","id":"19","_route":"admin_content_block_edit"},"request_uri":"http://newjoy.co.jp/admin/content/block/19/edit"} []
[2018-03-22 16:45:15] eccube.INFO: > GET /admin/content/block/19/edit [] []
[2018-03-22 16:45:15] eccube.INFO: < 200 [] []
[2018-03-22 16:45:19] eccube.INFO: Matched route "homepage". {"route_parameters":{"_controller":"\\Eccube\\Controller\\TopController::index","_route":"homepage"},"request_uri":"http://newjoy.co.jp/"} []
[2018-03-22 16:45:19] eccube.INFO: Populated the TokenStorage with an anonymous Token. [] []
[2018-03-22 16:45:19] eccube.INFO: > GET / [] []
[2018-03-22 16:45:19] eccube.INFO: Matched route "block_cart". {"route_parameters":{"_controller":"\\Eccube\\Controller\\Block\\CartController::index","_route":"block_cart"},"request_uri":"http://newjoy.co.jp/block/cart"} []
[2018-03-22 16:45:19] eccube.INFO: Matched route "block_login". {"route_parameters":{"_controller":"\\Eccube\\Controller\\Block\\LoginController::index","_route":"block_login"},"request_uri":"http://newjoy.co.jp/block/login"} []
[2018-03-22 16:45:19] eccube.INFO: Matched route "block_search_product". {"route_parameters":{"_controller":"\\Eccube\\Controller\\Block\\SearchProductController::index","_route":"block_search_product"},"request_uri":"http://newjoy.co.jp/block/search_product"} []
[2018-03-22 16:45:19] eccube.INFO: Matched route "block_category". {"route_parameters":{"_controller":"\\Eccube\\Controller\\Block\\CategoryController::index","_route":"block_category"},"request_uri":"http://newjoy.co.jp/block/category"} []
[2018-03-22 16:45:19] eccube.INFO: Matched route "block_recommend_product_block". {"route_parameters":{"_controller":"\\Plugin\\Recommend\\Controller\\Block\\RecommendController::index","_route":"block_recommend_product_block"},"request_uri":"http://newjoy.co.jp/block/recommend_product_block"} []
[2018-03-22 16:45:19] eccube.INFO: Matched route "block_plg_shiro8_new_product_block". {"route_parameters":{"_controller":"\\Plugin\\Shiro8NewProductBlock3\\Controller\\Block\\Shiro8NewProductController::index","_route":"block_plg_shiro8_new_product_block"},"request_uri":"http://newjoy.co.jp/block/plg_shiro8_new_product_block"} []
[2018-03-22 16:45:19] eccube.INFO: Matched route "block_sales_ranking". {"route_parameters":{"_controller":"\\Plugin\\SalesRanking\\Controller\\SalesRankingController::index","_route":"block_sales_ranking"},"request_uri":"http://newjoy.co.jp/block/sales_ranking"} []
[2018-03-22 16:45:19] eccube.INFO: Matched route "block_checkeditem". {"route_parameters":{"_controller":"\\Plugin\\CheckedItem\\Controller\\CheckedItemController::index","_route":"block_checkeditem"},"request_uri":"http://newjoy.co.jp/block/checkeditem"} []
[2018-03-22 16:45:19] eccube.INFO: Matched route "block_main_menu". {"route_parameters":{"_controller":"\\Eccube\\Controller\\Block\\MainMenuController::index","_route":"block_main_menu"},"request_uri":"http://newjoy.co.jp/block/main_menu"} []
[2018-03-22 16:45:19] eccube.INFO: Matched route "block_news". {"route_parameters":{"_controller":"\\Eccube\\Controller\\Block\\NewsController::index","_route":"block_news"},"request_uri":"http://newjoy.co.jp/block/news"} []
[2018-03-22 16:45:19] eccube.INFO: < 200 [] []
[2018-03-22 16:45:20] eccube.ERROR: Symfony\Component\HttpKernel\Exception\NotFoundHttpException: No route found for "GET /img/spin.svg" (from "http://newjoy.co.jp/") (uncaught exception) at /home/kir021669/public_html/newjoy.co.jp/vendor/symfony/http-kernel/EventListener/RouterListener.php line 159 {"exception":"[object] (Symfony\\Component\\HttpKernel\\Exception\\NotFoundHttpException(code: 0): No route found for \"GET /img/spin.svg\" (from \"http://newjoy.co.jp/\") at /home/kir021669/public_html/newjoy.co.jp/vendor/symfony/http-kernel/EventListener/RouterListener.php:159, Symfony\\Component\\Routing\\Exception\\ResourceNotFoundException(code: 0): No routes found for \"/img/spin.svg\". at /home/kir021669/public_html/newjoy.co.jp/vendor/symfony/routing/Matcher/UrlMatcher.php:98)"} []
[2018-03-22 16:45:20] eccube.INFO: < 404 [] []
[2018-03-22 17:58:09] eccube.INFO: Matched route "admin_homepage". {"route_parameters":{"_controller":"\\Eccube\\Controller\\Admin\\AdminController::index","_route":"admin_homepage"},"request_uri":"http://newjoy.co.jp/admin/"} []
[2018-03-22 17:58:09] eccube.INFO: Populated the TokenStorage with an anonymous Token. [] []
[2018-03-22 17:58:09] eccube.INFO: Matched route "admin_login". {"route_parameters":{"_controller":"\\Eccube\\Controller\\Admin\\AdminController::login","_route":"admin_login"},"request_uri":"http://newjoy.co.jp/admin/login"} []
[2018-03-22 17:58:10] eccube.INFO: < 401 [] []
[2018-03-22 22:02:15] eccube.INFO: Matched route "product_list". {"route_parameters":{"_controller":"\\Eccube\\Controller\\ProductController::index","_route":"product_list"},"request_uri":"http://newjoy.co.jp/products/list?category_id=11&disp_number=15&mode=&name=&orderby=2&pageno=1"} []
[2018-03-22 22:02:15] eccube.INFO: Populated the TokenStorage with an anonymous Token. [] []
[2018-03-22 22:02:15] eccube.INFO: > GET /products/list?mode=&category_id=11&name=&pageno=1&disp_number=15&orderby=2 [] []
[2018-03-22 22:02:16] eccube.INFO: Matched route "block_cart". {"route_parameters":{"_controller":"\\Eccube\\Controller\\Block\\CartController::index","_route":"block_cart"},"request_uri":"http://newjoy.co.jp/block/cart"} []
[2018-03-22 22:02:16] eccube.INFO: Matched route "block_login". {"route_parameters":{"_controller":"\\Eccube\\Controller\\Block\\LoginController::index","_route":"block_login"},"request_uri":"http://newjoy.co.jp/block/login"} []
[2018-03-22 22:02:16] eccube.INFO: Matched route "block_search_product". {"route_parameters":{"_controller":"\\Eccube\\Controller\\Block\\SearchProductController::index","_route":"block_search_product"},"request_uri":"http://newjoy.co.jp/block/search_product"} []
[2018-03-22 22:02:16] eccube.INFO: Matched route "block_category". {"route_parameters":{"_controller":"\\Eccube\\Controller\\Block\\CategoryController::index","_route":"block_category"},"request_uri":"http://newjoy.co.jp/block/category"} []
[2018-03-22 22:02:16] eccube.INFO: Matched route "block_recommend_product_block". {"route_parameters":{"_controller":"\\Plugin\\Recommend\\Controller\\Block\\RecommendController::index","_route":"block_recommend_product_block"},"request_uri":"http://newjoy.co.jp/block/recommend_product_block"} []
[2018-03-22 22:02:16] eccube.INFO: Matched route "block_sales_ranking". {"route_parameters":{"_controller":"\\Plugin\\SalesRanking\\Controller\\SalesRankingController::index","_route":"block_sales_ranking"},"request_uri":"http://newjoy.co.jp/block/sales_ranking"} []
[2018-03-22 22:02:16] eccube.INFO: Matched route "block_checkeditem". {"route_parameters":{"_controller":"\\Plugin\\CheckedItem\\Controller\\CheckedItemController::index","_route":"block_checkeditem"},"request_uri":"http://newjoy.co.jp/block/checkeditem"} []
[2018-03-22 22:02:16] eccube.INFO: Matched route "block_main_menu". {"route_parameters":{"_controller":"\\Eccube\\Controller\\Block\\MainMenuController::index","_route":"block_main_menu"},"request_uri":"http://newjoy.co.jp/block/main_menu"} []
[2018-03-22 22:02:16] eccube.INFO: < 200 [] []
