[2018-03-17 19:54:32] eccube.INFO: Matched route "product_list". {"route_parameters":{"_controller":"\\Eccube\\Controller\\ProductController::index","_route":"product_list"},"request_uri":"http://newjoy.co.jp/products/list?category_id=7&disp_number=30&mode=&name=&orderby=3&pageno=1"} []
[2018-03-17 19:54:32] eccube.INFO: Populated the TokenStorage with an anonymous Token. [] []
[2018-03-17 19:54:32] eccube.INFO: > GET /products/list?mode=&category_id=7&name=&pageno=1&disp_number=30&orderby=3 [] []
[2018-03-17 19:54:34] eccube.INFO: Matched route "block_cart". {"route_parameters":{"_controller":"\\Eccube\\Controller\\Block\\CartController::index","_route":"block_cart"},"request_uri":"http://newjoy.co.jp/block/cart"} []
[2018-03-17 19:54:34] eccube.INFO: Matched route "block_login". {"route_parameters":{"_controller":"\\Eccube\\Controller\\Block\\LoginController::index","_route":"block_login"},"request_uri":"http://newjoy.co.jp/block/login"} []
[2018-03-17 19:54:34] eccube.INFO: Matched route "block_search_product". {"route_parameters":{"_controller":"\\Eccube\\Controller\\Block\\SearchProductController::index","_route":"block_search_product"},"request_uri":"http://newjoy.co.jp/block/search_product"} []
[2018-03-17 19:54:34] eccube.INFO: Matched route "block_category". {"route_parameters":{"_controller":"\\Eccube\\Controller\\Block\\CategoryController::index","_route":"block_category"},"request_uri":"http://newjoy.co.jp/block/category"} []
[2018-03-17 19:54:34] eccube.INFO: Matched route "block_recommend_product_block". {"route_parameters":{"_controller":"\\Plugin\\Recommend\\Controller\\Block\\RecommendController::index","_route":"block_recommend_product_block"},"request_uri":"http://newjoy.co.jp/block/recommend_product_block"} []
[2018-03-17 19:54:34] eccube.INFO: Matched route "block_sales_ranking". {"route_parameters":{"_controller":"\\Plugin\\SalesRanking\\Controller\\SalesRankingController::index","_route":"block_sales_ranking"},"request_uri":"http://newjoy.co.jp/block/sales_ranking"} []
[2018-03-17 19:54:34] eccube.INFO: Matched route "block_checkeditem". {"route_parameters":{"_controller":"\\Plugin\\CheckedItem\\Controller\\CheckedItemController::index","_route":"block_checkeditem"},"request_uri":"http://newjoy.co.jp/block/checkeditem"} []
[2018-03-17 19:54:34] eccube.INFO: Matched route "block_main_menu". {"route_parameters":{"_controller":"\\Eccube\\Controller\\Block\\MainMenuController::index","_route":"block_main_menu"},"request_uri":"http://newjoy.co.jp/block/main_menu"} []
[2018-03-17 19:54:34] eccube.INFO: < 200 [] []
[2018-03-17 19:56:20] eccube.INFO: Matched route "product_list". {"route_parameters":{"_controller":"\\Eccube\\Controller\\ProductController::index","_route":"product_list"},"request_uri":"http://newjoy.co.jp/products/list?category_id=3&disp_number=50&mode=&name=&orderby=2&pageno=1"} []
[2018-03-17 19:56:20] eccube.INFO: Populated the TokenStorage with an anonymous Token. [] []
[2018-03-17 19:56:20] eccube.INFO: > GET /products/list?mode=&category_id=3&name=&pageno=1&disp_number=50&orderby=2 [] []
[2018-03-17 19:56:21] eccube.INFO: Matched route "block_cart". {"route_parameters":{"_controller":"\\Eccube\\Controller\\Block\\CartController::index","_route":"block_cart"},"request_uri":"http://newjoy.co.jp/block/cart"} []
[2018-03-17 19:56:21] eccube.INFO: Matched route "block_login". {"route_parameters":{"_controller":"\\Eccube\\Controller\\Block\\LoginController::index","_route":"block_login"},"request_uri":"http://newjoy.co.jp/block/login"} []
[2018-03-17 19:56:21] eccube.INFO: Matched route "block_search_product". {"route_parameters":{"_controller":"\\Eccube\\Controller\\Block\\SearchProductController::index","_route":"block_search_product"},"request_uri":"http://newjoy.co.jp/block/search_product"} []
[2018-03-17 19:56:21] eccube.INFO: Matched route "block_category". {"route_parameters":{"_controller":"\\Eccube\\Controller\\Block\\CategoryController::index","_route":"block_category"},"request_uri":"http://newjoy.co.jp/block/category"} []
[2018-03-17 19:56:21] eccube.INFO: Matched route "block_recommend_product_block". {"route_parameters":{"_controller":"\\Plugin\\Recommend\\Controller\\Block\\RecommendController::index","_route":"block_recommend_product_block"},"request_uri":"http://newjoy.co.jp/block/recommend_product_block"} []
[2018-03-17 19:56:21] eccube.INFO: Matched route "block_sales_ranking". {"route_parameters":{"_controller":"\\Plugin\\SalesRanking\\Controller\\SalesRankingController::index","_route":"block_sales_ranking"},"request_uri":"http://newjoy.co.jp/block/sales_ranking"} []
[2018-03-17 19:56:21] eccube.INFO: Matched route "block_checkeditem". {"route_parameters":{"_controller":"\\Plugin\\CheckedItem\\Controller\\CheckedItemController::index","_route":"block_checkeditem"},"request_uri":"http://newjoy.co.jp/block/checkeditem"} []
[2018-03-17 19:56:21] eccube.INFO: Matched route "block_main_menu". {"route_parameters":{"_controller":"\\Eccube\\Controller\\Block\\MainMenuController::index","_route":"block_main_menu"},"request_uri":"http://newjoy.co.jp/block/main_menu"} []
[2018-03-17 19:56:21] eccube.INFO: < 200 [] []
[2018-03-17 19:56:58] eccube.INFO: Matched route "product_list". {"route_parameters":{"_controller":"\\Eccube\\Controller\\ProductController::index","_route":"product_list"},"request_uri":"http://newjoy.co.jp/products/list?category_id=5&disp_number=50&mode=&name=&orderby=2&pageno=1"} []
[2018-03-17 19:56:58] eccube.INFO: Populated the TokenStorage with an anonymous Token. [] []
[2018-03-17 19:56:58] eccube.INFO: > GET /products/list?mode=&category_id=5&name=&pageno=1&disp_number=50&orderby=2 [] []
[2018-03-17 19:56:58] eccube.INFO: Matched route "block_cart". {"route_parameters":{"_controller":"\\Eccube\\Controller\\Block\\CartController::index","_route":"block_cart"},"request_uri":"http://newjoy.co.jp/block/cart"} []
[2018-03-17 19:56:58] eccube.INFO: Matched route "block_login". {"route_parameters":{"_controller":"\\Eccube\\Controller\\Block\\LoginController::index","_route":"block_login"},"request_uri":"http://newjoy.co.jp/block/login"} []
[2018-03-17 19:56:58] eccube.INFO: Matched route "block_search_product". {"route_parameters":{"_controller":"\\Eccube\\Controller\\Block\\SearchProductController::index","_route":"block_search_product"},"request_uri":"http://newjoy.co.jp/block/search_product"} []
[2018-03-17 19:56:58] eccube.INFO: Matched route "block_category". {"route_parameters":{"_controller":"\\Eccube\\Controller\\Block\\CategoryController::index","_route":"block_category"},"request_uri":"http://newjoy.co.jp/block/category"} []
[2018-03-17 19:56:58] eccube.INFO: Matched route "block_recommend_product_block". {"route_parameters":{"_controller":"\\Plugin\\Recommend\\Controller\\Block\\RecommendController::index","_route":"block_recommend_product_block"},"request_uri":"http://newjoy.co.jp/block/recommend_product_block"} []
[2018-03-17 19:56:58] eccube.INFO: Matched route "block_sales_ranking". {"route_parameters":{"_controller":"\\Plugin\\SalesRanking\\Controller\\SalesRankingController::index","_route":"block_sales_ranking"},"request_uri":"http://newjoy.co.jp/block/sales_ranking"} []
[2018-03-17 19:56:58] eccube.INFO: Matched route "block_checkeditem". {"route_parameters":{"_controller":"\\Plugin\\CheckedItem\\Controller\\CheckedItemController::index","_route":"block_checkeditem"},"request_uri":"http://newjoy.co.jp/block/checkeditem"} []
[2018-03-17 19:56:58] eccube.INFO: Matched route "block_main_menu". {"route_parameters":{"_controller":"\\Eccube\\Controller\\Block\\MainMenuController::index","_route":"block_main_menu"},"request_uri":"http://newjoy.co.jp/block/main_menu"} []
[2018-03-17 19:56:58] eccube.INFO: < 200 [] []
[2018-03-17 19:59:50] eccube.INFO: Matched route "product_list". {"route_parameters":{"_controller":"\\Eccube\\Controller\\ProductController::index","_route":"product_list"},"request_uri":"http://newjoy.co.jp/products/list?category_id=1&disp_number=50&mode=&name=&orderby=1&pageno=1"} []
[2018-03-17 19:59:50] eccube.INFO: Populated the TokenStorage with an anonymous Token. [] []
[2018-03-17 19:59:50] eccube.INFO: > GET /products/list?mode=&category_id=1&name=&pageno=1&disp_number=50&orderby=1 [] []
[2018-03-17 19:59:50] eccube.INFO: Matched route "block_cart". {"route_parameters":{"_controller":"\\Eccube\\Controller\\Block\\CartController::index","_route":"block_cart"},"request_uri":"http://newjoy.co.jp/block/cart"} []
[2018-03-17 19:59:50] eccube.INFO: Matched route "block_login". {"route_parameters":{"_controller":"\\Eccube\\Controller\\Block\\LoginController::index","_route":"block_login"},"request_uri":"http://newjoy.co.jp/block/login"} []
[2018-03-17 19:59:50] eccube.INFO: Matched route "block_search_product". {"route_parameters":{"_controller":"\\Eccube\\Controller\\Block\\SearchProductController::index","_route":"block_search_product"},"request_uri":"http://newjoy.co.jp/block/search_product"} []
[2018-03-17 19:59:51] eccube.INFO: Matched route "block_category". {"route_parameters":{"_controller":"\\Eccube\\Controller\\Block\\CategoryController::index","_route":"block_category"},"request_uri":"http://newjoy.co.jp/block/category"} []
[2018-03-17 19:59:51] eccube.INFO: Matched route "block_recommend_product_block". {"route_parameters":{"_controller":"\\Plugin\\Recommend\\Controller\\Block\\RecommendController::index","_route":"block_recommend_product_block"},"request_uri":"http://newjoy.co.jp/block/recommend_product_block"} []
[2018-03-17 19:59:51] eccube.INFO: Matched route "block_sales_ranking". {"route_parameters":{"_controller":"\\Plugin\\SalesRanking\\Controller\\SalesRankingController::index","_route":"block_sales_ranking"},"request_uri":"http://newjoy.co.jp/block/sales_ranking"} []
[2018-03-17 19:59:51] eccube.INFO: Matched route "block_checkeditem". {"route_parameters":{"_controller":"\\Plugin\\CheckedItem\\Controller\\CheckedItemController::index","_route":"block_checkeditem"},"request_uri":"http://newjoy.co.jp/block/checkeditem"} []
[2018-03-17 19:59:51] eccube.INFO: Matched route "block_main_menu". {"route_parameters":{"_controller":"\\Eccube\\Controller\\Block\\MainMenuController::index","_route":"block_main_menu"},"request_uri":"http://newjoy.co.jp/block/main_menu"} []
[2018-03-17 19:59:51] eccube.INFO: < 200 [] []
[2018-03-17 21:31:10] eccube.INFO: Matched route "product_list". {"route_parameters":{"_controller":"\\Eccube\\Controller\\ProductController::index","_route":"product_list"},"request_uri":"http://newjoy.co.jp/products/list?category_id=7&disp_number=30&mode=&name=&orderby=3&pageno=1"} []
[2018-03-17 21:31:10] eccube.INFO: Populated the TokenStorage with an anonymous Token. [] []
[2018-03-17 21:31:10] eccube.INFO: > GET /products/list?mode=&category_id=7&name=&pageno=1&disp_number=30&orderby=3 [] []
[2018-03-17 21:31:11] eccube.INFO: Matched route "block_cart". {"route_parameters":{"_controller":"\\Eccube\\Controller\\Block\\CartController::index","_route":"block_cart"},"request_uri":"http://newjoy.co.jp/block/cart"} []
[2018-03-17 21:31:11] eccube.INFO: Matched route "block_login". {"route_parameters":{"_controller":"\\Eccube\\Controller\\Block\\LoginController::index","_route":"block_login"},"request_uri":"http://newjoy.co.jp/block/login"} []
[2018-03-17 21:31:11] eccube.INFO: Matched route "block_search_product". {"route_parameters":{"_controller":"\\Eccube\\Controller\\Block\\SearchProductController::index","_route":"block_search_product"},"request_uri":"http://newjoy.co.jp/block/search_product"} []
[2018-03-17 21:31:11] eccube.INFO: Matched route "block_category". {"route_parameters":{"_controller":"\\Eccube\\Controller\\Block\\CategoryController::index","_route":"block_category"},"request_uri":"http://newjoy.co.jp/block/category"} []
[2018-03-17 21:31:11] eccube.INFO: Matched route "block_recommend_product_block". {"route_parameters":{"_controller":"\\Plugin\\Recommend\\Controller\\Block\\RecommendController::index","_route":"block_recommend_product_block"},"request_uri":"http://newjoy.co.jp/block/recommend_product_block"} []
[2018-03-17 21:31:11] eccube.INFO: Matched route "block_sales_ranking". {"route_parameters":{"_controller":"\\Plugin\\SalesRanking\\Controller\\SalesRankingController::index","_route":"block_sales_ranking"},"request_uri":"http://newjoy.co.jp/block/sales_ranking"} []
[2018-03-17 21:31:11] eccube.INFO: Matched route "block_checkeditem". {"route_parameters":{"_controller":"\\Plugin\\CheckedItem\\Controller\\CheckedItemController::index","_route":"block_checkeditem"},"request_uri":"http://newjoy.co.jp/block/checkeditem"} []
[2018-03-17 21:31:11] eccube.INFO: Matched route "block_main_menu". {"route_parameters":{"_controller":"\\Eccube\\Controller\\Block\\MainMenuController::index","_route":"block_main_menu"},"request_uri":"http://newjoy.co.jp/block/main_menu"} []
[2018-03-17 21:31:11] eccube.INFO: < 200 [] []
[2018-03-17 21:32:49] eccube.INFO: Matched route "product_list". {"route_parameters":{"_controller":"\\Eccube\\Controller\\ProductController::index","_route":"product_list"},"request_uri":"http://newjoy.co.jp/products/list?category_id=5&disp_number=50&mode=&name=&orderby=2&pageno=1"} []
[2018-03-17 21:32:49] eccube.INFO: Populated the TokenStorage with an anonymous Token. [] []
[2018-03-17 21:32:49] eccube.INFO: > GET /products/list?mode=&category_id=5&name=&pageno=1&disp_number=50&orderby=2 [] []
[2018-03-17 21:32:49] eccube.INFO: Matched route "block_cart". {"route_parameters":{"_controller":"\\Eccube\\Controller\\Block\\CartController::index","_route":"block_cart"},"request_uri":"http://newjoy.co.jp/block/cart"} []
[2018-03-17 21:32:49] eccube.INFO: Matched route "block_login". {"route_parameters":{"_controller":"\\Eccube\\Controller\\Block\\LoginController::index","_route":"block_login"},"request_uri":"http://newjoy.co.jp/block/login"} []
[2018-03-17 21:32:49] eccube.INFO: Matched route "block_search_product". {"route_parameters":{"_controller":"\\Eccube\\Controller\\Block\\SearchProductController::index","_route":"block_search_product"},"request_uri":"http://newjoy.co.jp/block/search_product"} []
[2018-03-17 21:32:50] eccube.INFO: Matched route "block_category". {"route_parameters":{"_controller":"\\Eccube\\Controller\\Block\\CategoryController::index","_route":"block_category"},"request_uri":"http://newjoy.co.jp/block/category"} []
[2018-03-17 21:32:50] eccube.INFO: Matched route "block_recommend_product_block". {"route_parameters":{"_controller":"\\Plugin\\Recommend\\Controller\\Block\\RecommendController::index","_route":"block_recommend_product_block"},"request_uri":"http://newjoy.co.jp/block/recommend_product_block"} []
[2018-03-17 21:32:50] eccube.INFO: Matched route "block_sales_ranking". {"route_parameters":{"_controller":"\\Plugin\\SalesRanking\\Controller\\SalesRankingController::index","_route":"block_sales_ranking"},"request_uri":"http://newjoy.co.jp/block/sales_ranking"} []
[2018-03-17 21:32:50] eccube.INFO: Matched route "block_checkeditem". {"route_parameters":{"_controller":"\\Plugin\\CheckedItem\\Controller\\CheckedItemController::index","_route":"block_checkeditem"},"request_uri":"http://newjoy.co.jp/block/checkeditem"} []
[2018-03-17 21:32:50] eccube.INFO: Matched route "block_main_menu". {"route_parameters":{"_controller":"\\Eccube\\Controller\\Block\\MainMenuController::index","_route":"block_main_menu"},"request_uri":"http://newjoy.co.jp/block/main_menu"} []
[2018-03-17 21:32:50] eccube.INFO: < 200 [] []
[2018-03-17 21:33:01] eccube.INFO: Matched route "product_list". {"route_parameters":{"_controller":"\\Eccube\\Controller\\ProductController::index","_route":"product_list"},"request_uri":"http://newjoy.co.jp/products/list?category_id=3&disp_number=50&mode=&name=&orderby=2&pageno=1"} []
[2018-03-17 21:33:01] eccube.INFO: Populated the TokenStorage with an anonymous Token. [] []
[2018-03-17 21:33:01] eccube.INFO: > GET /products/list?mode=&category_id=3&name=&pageno=1&disp_number=50&orderby=2 [] []
[2018-03-17 21:33:02] eccube.INFO: Matched route "block_cart". {"route_parameters":{"_controller":"\\Eccube\\Controller\\Block\\CartController::index","_route":"block_cart"},"request_uri":"http://newjoy.co.jp/block/cart"} []
[2018-03-17 21:33:02] eccube.INFO: Matched route "block_login". {"route_parameters":{"_controller":"\\Eccube\\Controller\\Block\\LoginController::index","_route":"block_login"},"request_uri":"http://newjoy.co.jp/block/login"} []
[2018-03-17 21:33:02] eccube.INFO: Matched route "block_search_product". {"route_parameters":{"_controller":"\\Eccube\\Controller\\Block\\SearchProductController::index","_route":"block_search_product"},"request_uri":"http://newjoy.co.jp/block/search_product"} []
[2018-03-17 21:33:02] eccube.INFO: Matched route "block_category". {"route_parameters":{"_controller":"\\Eccube\\Controller\\Block\\CategoryController::index","_route":"block_category"},"request_uri":"http://newjoy.co.jp/block/category"} []
[2018-03-17 21:33:02] eccube.INFO: Matched route "block_recommend_product_block". {"route_parameters":{"_controller":"\\Plugin\\Recommend\\Controller\\Block\\RecommendController::index","_route":"block_recommend_product_block"},"request_uri":"http://newjoy.co.jp/block/recommend_product_block"} []
[2018-03-17 21:33:02] eccube.INFO: Matched route "block_sales_ranking". {"route_parameters":{"_controller":"\\Plugin\\SalesRanking\\Controller\\SalesRankingController::index","_route":"block_sales_ranking"},"request_uri":"http://newjoy.co.jp/block/sales_ranking"} []
[2018-03-17 21:33:02] eccube.INFO: Matched route "block_checkeditem". {"route_parameters":{"_controller":"\\Plugin\\CheckedItem\\Controller\\CheckedItemController::index","_route":"block_checkeditem"},"request_uri":"http://newjoy.co.jp/block/checkeditem"} []
[2018-03-17 21:33:02] eccube.INFO: Matched route "block_main_menu". {"route_parameters":{"_controller":"\\Eccube\\Controller\\Block\\MainMenuController::index","_route":"block_main_menu"},"request_uri":"http://newjoy.co.jp/block/main_menu"} []
[2018-03-17 21:33:02] eccube.INFO: < 200 [] []
[2018-03-17 22:33:18] eccube.INFO: Matched route "product_list". {"route_parameters":{"_controller":"\\Eccube\\Controller\\ProductController::index","_route":"product_list"},"request_uri":"http://newjoy.co.jp/products/list?category_id=8&disp_number=50&mode=&name=&orderby=1&pageno=1"} []
[2018-03-17 22:33:18] eccube.INFO: Populated the TokenStorage with an anonymous Token. [] []
[2018-03-17 22:33:18] eccube.INFO: > GET /products/list?mode=&category_id=8&name=&pageno=1&disp_number=50&orderby=1 [] []
[2018-03-17 22:33:18] eccube.INFO: Matched route "block_cart". {"route_parameters":{"_controller":"\\Eccube\\Controller\\Block\\CartController::index","_route":"block_cart"},"request_uri":"http://newjoy.co.jp/block/cart"} []
[2018-03-17 22:33:18] eccube.INFO: Matched route "block_login". {"route_parameters":{"_controller":"\\Eccube\\Controller\\Block\\LoginController::index","_route":"block_login"},"request_uri":"http://newjoy.co.jp/block/login"} []
[2018-03-17 22:33:18] eccube.INFO: Matched route "block_search_product". {"route_parameters":{"_controller":"\\Eccube\\Controller\\Block\\SearchProductController::index","_route":"block_search_product"},"request_uri":"http://newjoy.co.jp/block/search_product"} []
[2018-03-17 22:33:19] eccube.INFO: Matched route "block_category". {"route_parameters":{"_controller":"\\Eccube\\Controller\\Block\\CategoryController::index","_route":"block_category"},"request_uri":"http://newjoy.co.jp/block/category"} []
[2018-03-17 22:33:19] eccube.INFO: Matched route "block_recommend_product_block". {"route_parameters":{"_controller":"\\Plugin\\Recommend\\Controller\\Block\\RecommendController::index","_route":"block_recommend_product_block"},"request_uri":"http://newjoy.co.jp/block/recommend_product_block"} []
[2018-03-17 22:33:19] eccube.INFO: Matched route "block_sales_ranking". {"route_parameters":{"_controller":"\\Plugin\\SalesRanking\\Controller\\SalesRankingController::index","_route":"block_sales_ranking"},"request_uri":"http://newjoy.co.jp/block/sales_ranking"} []
[2018-03-17 22:33:19] eccube.INFO: Matched route "block_checkeditem". {"route_parameters":{"_controller":"\\Plugin\\CheckedItem\\Controller\\CheckedItemController::index","_route":"block_checkeditem"},"request_uri":"http://newjoy.co.jp/block/checkeditem"} []
[2018-03-17 22:33:19] eccube.INFO: Matched route "block_main_menu". {"route_parameters":{"_controller":"\\Eccube\\Controller\\Block\\MainMenuController::index","_route":"block_main_menu"},"request_uri":"http://newjoy.co.jp/block/main_menu"} []
[2018-03-17 22:33:19] eccube.INFO: < 200 [] []
[2018-03-17 22:42:33] eccube.INFO: Matched route "product_list". {"route_parameters":{"_controller":"\\Eccube\\Controller\\ProductController::index","_route":"product_list"},"request_uri":"http://newjoy.co.jp/products/list?category_id=4&disp_number=50&mode=&name=&orderby=3&pageno=1"} []
[2018-03-17 22:42:33] eccube.INFO: Populated the TokenStorage with an anonymous Token. [] []
[2018-03-17 22:42:33] eccube.INFO: > GET /products/list?mode=&category_id=4&name=&pageno=1&disp_number=50&orderby=3 [] []
[2018-03-17 22:42:34] eccube.INFO: Matched route "block_cart". {"route_parameters":{"_controller":"\\Eccube\\Controller\\Block\\CartController::index","_route":"block_cart"},"request_uri":"http://newjoy.co.jp/block/cart"} []
[2018-03-17 22:42:34] eccube.INFO: Matched route "block_login". {"route_parameters":{"_controller":"\\Eccube\\Controller\\Block\\LoginController::index","_route":"block_login"},"request_uri":"http://newjoy.co.jp/block/login"} []
[2018-03-17 22:42:34] eccube.INFO: Matched route "block_search_product". {"route_parameters":{"_controller":"\\Eccube\\Controller\\Block\\SearchProductController::index","_route":"block_search_product"},"request_uri":"http://newjoy.co.jp/block/search_product"} []
[2018-03-17 22:42:34] eccube.INFO: Matched route "block_category". {"route_parameters":{"_controller":"\\Eccube\\Controller\\Block\\CategoryController::index","_route":"block_category"},"request_uri":"http://newjoy.co.jp/block/category"} []
[2018-03-17 22:42:34] eccube.INFO: Matched route "block_recommend_product_block". {"route_parameters":{"_controller":"\\Plugin\\Recommend\\Controller\\Block\\RecommendController::index","_route":"block_recommend_product_block"},"request_uri":"http://newjoy.co.jp/block/recommend_product_block"} []
[2018-03-17 22:42:34] eccube.INFO: Matched route "block_sales_ranking". {"route_parameters":{"_controller":"\\Plugin\\SalesRanking\\Controller\\SalesRankingController::index","_route":"block_sales_ranking"},"request_uri":"http://newjoy.co.jp/block/sales_ranking"} []
[2018-03-17 22:42:34] eccube.INFO: Matched route "block_checkeditem". {"route_parameters":{"_controller":"\\Plugin\\CheckedItem\\Controller\\CheckedItemController::index","_route":"block_checkeditem"},"request_uri":"http://newjoy.co.jp/block/checkeditem"} []
[2018-03-17 22:42:34] eccube.INFO: Matched route "block_main_menu". {"route_parameters":{"_controller":"\\Eccube\\Controller\\Block\\MainMenuController::index","_route":"block_main_menu"},"request_uri":"http://newjoy.co.jp/block/main_menu"} []
[2018-03-17 22:42:34] eccube.INFO: < 200 [] []
[2018-03-17 22:43:48] eccube.INFO: Matched route "product_list". {"route_parameters":{"_controller":"\\Eccube\\Controller\\ProductController::index","_route":"product_list"},"request_uri":"http://newjoy.co.jp/products/list?category_id=5&disp_number=30&mode=&name=&orderby=3&pageno=1"} []
[2018-03-17 22:43:48] eccube.INFO: Populated the TokenStorage with an anonymous Token. [] []
[2018-03-17 22:43:48] eccube.INFO: > GET /products/list?mode=&category_id=5&name=&pageno=1&disp_number=30&orderby=3 [] []
[2018-03-17 22:43:48] eccube.INFO: Matched route "block_cart". {"route_parameters":{"_controller":"\\Eccube\\Controller\\Block\\CartController::index","_route":"block_cart"},"request_uri":"http://newjoy.co.jp/block/cart"} []
[2018-03-17 22:43:48] eccube.INFO: Matched route "block_login". {"route_parameters":{"_controller":"\\Eccube\\Controller\\Block\\LoginController::index","_route":"block_login"},"request_uri":"http://newjoy.co.jp/block/login"} []
[2018-03-17 22:43:48] eccube.INFO: Matched route "block_search_product". {"route_parameters":{"_controller":"\\Eccube\\Controller\\Block\\SearchProductController::index","_route":"block_search_product"},"request_uri":"http://newjoy.co.jp/block/search_product"} []
[2018-03-17 22:43:49] eccube.INFO: Matched route "block_category". {"route_parameters":{"_controller":"\\Eccube\\Controller\\Block\\CategoryController::index","_route":"block_category"},"request_uri":"http://newjoy.co.jp/block/category"} []
[2018-03-17 22:43:49] eccube.INFO: Matched route "block_recommend_product_block". {"route_parameters":{"_controller":"\\Plugin\\Recommend\\Controller\\Block\\RecommendController::index","_route":"block_recommend_product_block"},"request_uri":"http://newjoy.co.jp/block/recommend_product_block"} []
[2018-03-17 22:43:49] eccube.INFO: Matched route "block_sales_ranking". {"route_parameters":{"_controller":"\\Plugin\\SalesRanking\\Controller\\SalesRankingController::index","_route":"block_sales_ranking"},"request_uri":"http://newjoy.co.jp/block/sales_ranking"} []
[2018-03-17 22:43:49] eccube.INFO: Matched route "block_checkeditem". {"route_parameters":{"_controller":"\\Plugin\\CheckedItem\\Controller\\CheckedItemController::index","_route":"block_checkeditem"},"request_uri":"http://newjoy.co.jp/block/checkeditem"} []
[2018-03-17 22:43:49] eccube.INFO: Matched route "block_main_menu". {"route_parameters":{"_controller":"\\Eccube\\Controller\\Block\\MainMenuController::index","_route":"block_main_menu"},"request_uri":"http://newjoy.co.jp/block/main_menu"} []
[2018-03-17 22:43:49] eccube.INFO: < 200 [] []
[2018-03-17 23:20:18] eccube.INFO: Matched route "product_detail". {"route_parameters":{"_controller":"\\Eccube\\Controller\\ProductController::detail","id":"4","_route":"product_detail"},"request_uri":"http://newjoy.co.jp/products/detail/4"} []
[2018-03-17 23:20:18] eccube.INFO: Populated the TokenStorage with an anonymous Token. [] []
[2018-03-17 23:20:18] eccube.INFO: > GET /products/detail/4 [] []
[2018-03-17 23:20:18] eccube.INFO: RelatedProduct trigger onRenderProductDetail start [] []
[2018-03-17 23:20:18] eccube.INFO: Matched route "block_cart". {"route_parameters":{"_controller":"\\Eccube\\Controller\\Block\\CartController::index","_route":"block_cart"},"request_uri":"http://newjoy.co.jp/block/cart"} []
[2018-03-17 23:20:18] eccube.INFO: Matched route "block_login". {"route_parameters":{"_controller":"\\Eccube\\Controller\\Block\\LoginController::index","_route":"block_login"},"request_uri":"http://newjoy.co.jp/block/login"} []
[2018-03-17 23:20:18] eccube.INFO: Matched route "block_search_product". {"route_parameters":{"_controller":"\\Eccube\\Controller\\Block\\SearchProductController::index","_route":"block_search_product"},"request_uri":"http://newjoy.co.jp/block/search_product"} []
[2018-03-17 23:20:18] eccube.INFO: Matched route "block_category". {"route_parameters":{"_controller":"\\Eccube\\Controller\\Block\\CategoryController::index","_route":"block_category"},"request_uri":"http://newjoy.co.jp/block/category"} []
[2018-03-17 23:20:19] eccube.INFO: Matched route "block_recommend_product_block". {"route_parameters":{"_controller":"\\Plugin\\Recommend\\Controller\\Block\\RecommendController::index","_route":"block_recommend_product_block"},"request_uri":"http://newjoy.co.jp/block/recommend_product_block"} []
[2018-03-17 23:20:19] eccube.INFO: Matched route "block_sales_ranking". {"route_parameters":{"_controller":"\\Plugin\\SalesRanking\\Controller\\SalesRankingController::index","_route":"block_sales_ranking"},"request_uri":"http://newjoy.co.jp/block/sales_ranking"} []
[2018-03-17 23:20:19] eccube.INFO: Matched route "block_checkeditem". {"route_parameters":{"_controller":"\\Plugin\\CheckedItem\\Controller\\CheckedItemController::index","_route":"block_checkeditem"},"request_uri":"http://newjoy.co.jp/block/checkeditem"} []
[2018-03-17 23:20:19] eccube.INFO: Matched route "block_main_menu". {"route_parameters":{"_controller":"\\Eccube\\Controller\\Block\\MainMenuController::index","_route":"block_main_menu"},"request_uri":"http://newjoy.co.jp/block/main_menu"} []
[2018-03-17 23:20:19] eccube.INFO: < 200 [] []
[2018-03-17 23:40:59] eccube.INFO: Matched route "product_list". {"route_parameters":{"_controller":"\\Eccube\\Controller\\ProductController::index","_route":"product_list"},"request_uri":"http://newjoy.co.jp/products/list?category_id=1&disp_number=30&mode=&name=&orderby=3&pageno=1"} []
[2018-03-17 23:40:59] eccube.INFO: Populated the TokenStorage with an anonymous Token. [] []
[2018-03-17 23:40:59] eccube.INFO: > GET /products/list?mode=&category_id=1&name=&pageno=1&disp_number=30&orderby=3 [] []
[2018-03-17 23:40:59] eccube.INFO: Matched route "block_cart". {"route_parameters":{"_controller":"\\Eccube\\Controller\\Block\\CartController::index","_route":"block_cart"},"request_uri":"http://newjoy.co.jp/block/cart"} []
[2018-03-17 23:40:59] eccube.INFO: Matched route "block_login". {"route_parameters":{"_controller":"\\Eccube\\Controller\\Block\\LoginController::index","_route":"block_login"},"request_uri":"http://newjoy.co.jp/block/login"} []
[2018-03-17 23:40:59] eccube.INFO: Matched route "block_search_product". {"route_parameters":{"_controller":"\\Eccube\\Controller\\Block\\SearchProductController::index","_route":"block_search_product"},"request_uri":"http://newjoy.co.jp/block/search_product"} []
[2018-03-17 23:40:59] eccube.INFO: Matched route "block_category". {"route_parameters":{"_controller":"\\Eccube\\Controller\\Block\\CategoryController::index","_route":"block_category"},"request_uri":"http://newjoy.co.jp/block/category"} []
[2018-03-17 23:40:59] eccube.INFO: Matched route "block_recommend_product_block". {"route_parameters":{"_controller":"\\Plugin\\Recommend\\Controller\\Block\\RecommendController::index","_route":"block_recommend_product_block"},"request_uri":"http://newjoy.co.jp/block/recommend_product_block"} []
[2018-03-17 23:40:59] eccube.INFO: Matched route "block_sales_ranking". {"route_parameters":{"_controller":"\\Plugin\\SalesRanking\\Controller\\SalesRankingController::index","_route":"block_sales_ranking"},"request_uri":"http://newjoy.co.jp/block/sales_ranking"} []
[2018-03-17 23:40:59] eccube.INFO: Matched route "block_checkeditem". {"route_parameters":{"_controller":"\\Plugin\\CheckedItem\\Controller\\CheckedItemController::index","_route":"block_checkeditem"},"request_uri":"http://newjoy.co.jp/block/checkeditem"} []
[2018-03-17 23:40:59] eccube.INFO: Matched route "block_main_menu". {"route_parameters":{"_controller":"\\Eccube\\Controller\\Block\\MainMenuController::index","_route":"block_main_menu"},"request_uri":"http://newjoy.co.jp/block/main_menu"} []
[2018-03-17 23:40:59] eccube.INFO: < 200 [] []
[2018-03-17 23:45:33] eccube.INFO: Matched route "product_detail". {"route_parameters":{"_controller":"\\Eccube\\Controller\\ProductController::detail","id":"6","_route":"product_detail"},"request_uri":"http://newjoy.co.jp/products/detail/6"} []
[2018-03-17 23:45:33] eccube.INFO: Populated the TokenStorage with an anonymous Token. [] []
[2018-03-17 23:45:33] eccube.INFO: > GET /products/detail/6 [] []
[2018-03-17 23:45:33] eccube.INFO: RelatedProduct trigger onRenderProductDetail start [] []
[2018-03-17 23:45:33] eccube.INFO: Matched route "block_cart". {"route_parameters":{"_controller":"\\Eccube\\Controller\\Block\\CartController::index","_route":"block_cart"},"request_uri":"http://newjoy.co.jp/block/cart"} []
[2018-03-17 23:45:33] eccube.INFO: Matched route "block_login". {"route_parameters":{"_controller":"\\Eccube\\Controller\\Block\\LoginController::index","_route":"block_login"},"request_uri":"http://newjoy.co.jp/block/login"} []
[2018-03-17 23:45:33] eccube.INFO: Matched route "block_search_product". {"route_parameters":{"_controller":"\\Eccube\\Controller\\Block\\SearchProductController::index","_route":"block_search_product"},"request_uri":"http://newjoy.co.jp/block/search_product"} []
[2018-03-17 23:45:33] eccube.INFO: Matched route "block_category". {"route_parameters":{"_controller":"\\Eccube\\Controller\\Block\\CategoryController::index","_route":"block_category"},"request_uri":"http://newjoy.co.jp/block/category"} []
[2018-03-17 23:45:33] eccube.INFO: Matched route "block_recommend_product_block". {"route_parameters":{"_controller":"\\Plugin\\Recommend\\Controller\\Block\\RecommendController::index","_route":"block_recommend_product_block"},"request_uri":"http://newjoy.co.jp/block/recommend_product_block"} []
[2018-03-17 23:45:33] eccube.INFO: Matched route "block_sales_ranking". {"route_parameters":{"_controller":"\\Plugin\\SalesRanking\\Controller\\SalesRankingController::index","_route":"block_sales_ranking"},"request_uri":"http://newjoy.co.jp/block/sales_ranking"} []
[2018-03-17 23:45:33] eccube.INFO: Matched route "block_checkeditem". {"route_parameters":{"_controller":"\\Plugin\\CheckedItem\\Controller\\CheckedItemController::index","_route":"block_checkeditem"},"request_uri":"http://newjoy.co.jp/block/checkeditem"} []
[2018-03-17 23:45:34] eccube.INFO: Matched route "block_main_menu". {"route_parameters":{"_controller":"\\Eccube\\Controller\\Block\\MainMenuController::index","_route":"block_main_menu"},"request_uri":"http://newjoy.co.jp/block/main_menu"} []
[2018-03-17 23:45:34] eccube.INFO: < 200 [] []
