[2018-04-28 02:17:15] eccube.INFO: Matched route "product_list". {"route_parameters":{"_controller":"\\Eccube\\Controller\\ProductController::index","_route":"product_list"},"request_uri":"https://newjoy.co.jp/products/list?category_id=2&disp_number=30&mode=&name=&orderby=0&pageno=1"} []
[2018-04-28 02:17:15] eccube.INFO: Populated the TokenStorage with an anonymous Token. [] []
[2018-04-28 02:17:15] eccube.INFO: > GET /products/list?mode=&category_id=2&name=&pageno=1&disp_number=30&orderby=0 [] []
[2018-04-28 02:17:16] eccube.INFO: CategoryContent Product/list.twig start [] []
[2018-04-28 02:17:16] eccube.INFO: Matched route "block_cart". {"route_parameters":{"_controller":"\\Eccube\\Controller\\Block\\CartController::index","_route":"block_cart"},"request_uri":"https://newjoy.co.jp/block/cart"} []
[2018-04-28 02:17:16] eccube.INFO: Matched route "block_login". {"route_parameters":{"_controller":"\\Eccube\\Controller\\Block\\LoginController::index","_route":"block_login"},"request_uri":"https://newjoy.co.jp/block/login"} []
[2018-04-28 02:17:16] eccube.INFO: Matched route "block_search_product". {"route_parameters":{"_controller":"\\Eccube\\Controller\\Block\\SearchProductController::index","_route":"block_search_product"},"request_uri":"https://newjoy.co.jp/block/search_product"} []
[2018-04-28 02:17:16] eccube.INFO: Matched route "block_category". {"route_parameters":{"_controller":"\\Eccube\\Controller\\Block\\CategoryController::index","_route":"block_category"},"request_uri":"https://newjoy.co.jp/block/category"} []
[2018-04-28 02:17:16] eccube.INFO: Matched route "block_checkeditem". {"route_parameters":{"_controller":"\\Plugin\\CheckedItem\\Controller\\CheckedItemController::index","_route":"block_checkeditem"},"request_uri":"https://newjoy.co.jp/block/checkeditem"} []
[2018-04-28 02:17:16] eccube.INFO: Matched route "block_main_menu". {"route_parameters":{"_controller":"\\Eccube\\Controller\\Block\\MainMenuController::index","_route":"block_main_menu"},"request_uri":"https://newjoy.co.jp/block/main_menu"} []
[2018-04-28 02:17:16] eccube.INFO: < 200 [] []
[2018-04-28 02:19:55] eccube.INFO: Matched route "n/a". {"route_parameters":{"_controller":"[object] (Closure: {})","_route":null,"url":"https://newjoy.co.jp/help/tradelaw"},"request_uri":"http://newjoy.co.jp/help/tradelaw"} []
[2018-04-28 02:19:55] eccube.INFO: Populated the TokenStorage with an anonymous Token. [] []
[2018-04-28 02:19:55] eccube.INFO: > GET /help/tradelaw [] []
[2018-04-28 02:19:55] eccube.INFO: < 301 https://newjoy.co.jp/help/tradelaw [] []
[2018-04-28 02:19:57] eccube.INFO: Matched route "help_tradelaw". {"route_parameters":{"_controller":"\\Eccube\\Controller\\HelpController::tradelaw","_route":"help_tradelaw"},"request_uri":"https://newjoy.co.jp/help/tradelaw"} []
[2018-04-28 02:19:57] eccube.INFO: Populated the TokenStorage with an anonymous Token. [] []
[2018-04-28 02:19:57] eccube.INFO: > GET /help/tradelaw [] []
[2018-04-28 02:19:57] eccube.INFO: Matched route "block_cart". {"route_parameters":{"_controller":"\\Eccube\\Controller\\Block\\CartController::index","_route":"block_cart"},"request_uri":"https://newjoy.co.jp/block/cart"} []
[2018-04-28 02:19:57] eccube.INFO: Matched route "block_login". {"route_parameters":{"_controller":"\\Eccube\\Controller\\Block\\LoginController::index","_route":"block_login"},"request_uri":"https://newjoy.co.jp/block/login"} []
[2018-04-28 02:19:57] eccube.INFO: Matched route "block_search_product". {"route_parameters":{"_controller":"\\Eccube\\Controller\\Block\\SearchProductController::index","_route":"block_search_product"},"request_uri":"https://newjoy.co.jp/block/search_product"} []
[2018-04-28 02:19:57] eccube.INFO: Matched route "block_category". {"route_parameters":{"_controller":"\\Eccube\\Controller\\Block\\CategoryController::index","_route":"block_category"},"request_uri":"https://newjoy.co.jp/block/category"} []
[2018-04-28 02:19:57] eccube.INFO: Matched route "block_checkeditem". {"route_parameters":{"_controller":"\\Plugin\\CheckedItem\\Controller\\CheckedItemController::index","_route":"block_checkeditem"},"request_uri":"https://newjoy.co.jp/block/checkeditem"} []
[2018-04-28 02:19:57] eccube.INFO: Matched route "block_main_menu". {"route_parameters":{"_controller":"\\Eccube\\Controller\\Block\\MainMenuController::index","_route":"block_main_menu"},"request_uri":"https://newjoy.co.jp/block/main_menu"} []
[2018-04-28 02:19:57] eccube.INFO: < 200 [] []
[2018-04-28 03:22:01] eccube.INFO: Matched route "n/a". {"route_parameters":{"_controller":"[object] (Closure: {})","_route":null,"url":"https://newjoy.co.jp/products/list?category_id=29"},"request_uri":"http://newjoy.co.jp/products/list?category_id=29"} []
[2018-04-28 03:22:01] eccube.INFO: Populated the TokenStorage with an anonymous Token. [] []
[2018-04-28 03:22:01] eccube.INFO: > GET /products/list?category_id=29 [] []
[2018-04-28 03:22:01] eccube.INFO: < 301 https://newjoy.co.jp/products/list?category_id=29 [] []
[2018-04-28 03:22:01] eccube.INFO: Matched route "product_list". {"route_parameters":{"_controller":"\\Eccube\\Controller\\ProductController::index","_route":"product_list"},"request_uri":"https://newjoy.co.jp/products/list?category_id=29"} []
[2018-04-28 03:22:01] eccube.INFO: Populated the TokenStorage with an anonymous Token. [] []
[2018-04-28 03:22:01] eccube.INFO: > GET /products/list?category_id=29 [] []
[2018-04-28 03:22:02] eccube.INFO: CategoryContent Product/list.twig start [] []
[2018-04-28 03:22:02] eccube.INFO: Matched route "block_cart". {"route_parameters":{"_controller":"\\Eccube\\Controller\\Block\\CartController::index","_route":"block_cart"},"request_uri":"https://newjoy.co.jp/block/cart"} []
[2018-04-28 03:22:02] eccube.INFO: Matched route "block_login". {"route_parameters":{"_controller":"\\Eccube\\Controller\\Block\\LoginController::index","_route":"block_login"},"request_uri":"https://newjoy.co.jp/block/login"} []
[2018-04-28 03:22:02] eccube.INFO: Matched route "block_search_product". {"route_parameters":{"_controller":"\\Eccube\\Controller\\Block\\SearchProductController::index","_route":"block_search_product"},"request_uri":"https://newjoy.co.jp/block/search_product"} []
[2018-04-28 03:22:02] eccube.INFO: Matched route "block_category". {"route_parameters":{"_controller":"\\Eccube\\Controller\\Block\\CategoryController::index","_route":"block_category"},"request_uri":"https://newjoy.co.jp/block/category"} []
[2018-04-28 03:22:02] eccube.INFO: Matched route "block_checkeditem". {"route_parameters":{"_controller":"\\Plugin\\CheckedItem\\Controller\\CheckedItemController::index","_route":"block_checkeditem"},"request_uri":"https://newjoy.co.jp/block/checkeditem"} []
[2018-04-28 03:22:02] eccube.INFO: Matched route "block_main_menu". {"route_parameters":{"_controller":"\\Eccube\\Controller\\Block\\MainMenuController::index","_route":"block_main_menu"},"request_uri":"https://newjoy.co.jp/block/main_menu"} []
[2018-04-28 03:22:02] eccube.INFO: < 200 [] []
[2018-04-28 03:25:49] eccube.INFO: Matched route "n/a". {"route_parameters":{"_controller":"[object] (Closure: {})","_route":null,"url":"https://newjoy.co.jp/user_data/all_category"},"request_uri":"http://newjoy.co.jp/user_data/all_category"} []
[2018-04-28 03:25:49] eccube.INFO: Populated the TokenStorage with an anonymous Token. [] []
[2018-04-28 03:25:49] eccube.INFO: > GET /user_data/all_category [] []
[2018-04-28 03:25:49] eccube.INFO: < 301 https://newjoy.co.jp/user_data/all_category [] []
[2018-04-28 03:25:50] eccube.INFO: Matched route "user_data". {"route_parameters":{"_controller":"\\Eccube\\Controller\\UserDataController::index","route":"all_category","_route":"user_data"},"request_uri":"https://newjoy.co.jp/user_data/all_category"} []
[2018-04-28 03:25:50] eccube.INFO: Populated the TokenStorage with an anonymous Token. [] []
[2018-04-28 03:25:50] eccube.INFO: > GET /user_data/all_category [] []
[2018-04-28 03:25:50] eccube.INFO: Matched route "block_cart". {"route_parameters":{"_controller":"\\Eccube\\Controller\\Block\\CartController::index","_route":"block_cart"},"request_uri":"https://newjoy.co.jp/block/cart"} []
[2018-04-28 03:25:50] eccube.INFO: Matched route "block_login". {"route_parameters":{"_controller":"\\Eccube\\Controller\\Block\\LoginController::index","_route":"block_login"},"request_uri":"https://newjoy.co.jp/block/login"} []
[2018-04-28 03:25:50] eccube.INFO: Matched route "block_search_product". {"route_parameters":{"_controller":"\\Eccube\\Controller\\Block\\SearchProductController::index","_route":"block_search_product"},"request_uri":"https://newjoy.co.jp/block/search_product"} []
[2018-04-28 03:25:50] eccube.INFO: Matched route "block_category". {"route_parameters":{"_controller":"\\Eccube\\Controller\\Block\\CategoryController::index","_route":"block_category"},"request_uri":"https://newjoy.co.jp/block/category"} []
[2018-04-28 03:25:50] eccube.INFO: Matched route "block_all_category". {"route_parameters":{"_controller":"\\Eccube\\Controller\\Block\\AllMenuController::index","_route":"block_all_category"},"request_uri":"https://newjoy.co.jp/block/all_category"} []
[2018-04-28 03:25:50] eccube.INFO: Matched route "block_all_category_sm". {"route_parameters":{"_controller":"\\Eccube\\Controller\\Block\\AllMenuSMController::index","_route":"block_all_category_sm"},"request_uri":"https://newjoy.co.jp/block/all_category_sm"} []
[2018-04-28 03:25:50] eccube.INFO: Matched route "block_checkeditem". {"route_parameters":{"_controller":"\\Plugin\\CheckedItem\\Controller\\CheckedItemController::index","_route":"block_checkeditem"},"request_uri":"https://newjoy.co.jp/block/checkeditem"} []
[2018-04-28 03:25:50] eccube.INFO: Matched route "block_main_menu". {"route_parameters":{"_controller":"\\Eccube\\Controller\\Block\\MainMenuController::index","_route":"block_main_menu"},"request_uri":"https://newjoy.co.jp/block/main_menu"} []
[2018-04-28 03:25:50] eccube.INFO: < 200 [] []
[2018-04-28 04:00:41] eccube.INFO: Matched route "n/a". {"route_parameters":{"_controller":"[object] (Closure: {})","_route":null,"url":"https://newjoy.co.jp/products/detail/18"},"request_uri":"http://newjoy.co.jp/products/detail/18"} []
[2018-04-28 04:00:41] eccube.INFO: Populated the TokenStorage with an anonymous Token. [] []
[2018-04-28 04:00:41] eccube.INFO: > GET /products/detail/18 [] []
[2018-04-28 04:00:41] eccube.INFO: < 301 https://newjoy.co.jp/products/detail/18 [] []
[2018-04-28 04:00:42] eccube.INFO: Matched route "product_detail". {"route_parameters":{"_controller":"\\Eccube\\Controller\\ProductController::detail","id":"18","_route":"product_detail"},"request_uri":"https://newjoy.co.jp/products/detail/18"} []
[2018-04-28 04:00:42] eccube.INFO: Populated the TokenStorage with an anonymous Token. [] []
[2018-04-28 04:00:42] eccube.INFO: > GET /products/detail/18 [] []
[2018-04-28 04:00:42] eccube.INFO: RelatedProduct trigger onRenderProductDetail start [] []
[2018-04-28 04:00:42] eccube.INFO: Event: product review hook into the product detail start. [] []
[2018-04-28 04:00:42] eccube.INFO: Event: product review render success. {"Product id":18} []
[2018-04-28 04:00:42] eccube.INFO: Event: product review hook into the product detail end. [] []
[2018-04-28 04:00:42] eccube.INFO: Matched route "block_cart". {"route_parameters":{"_controller":"\\Eccube\\Controller\\Block\\CartController::index","_route":"block_cart"},"request_uri":"https://newjoy.co.jp/block/cart"} []
[2018-04-28 04:00:42] eccube.INFO: Matched route "block_login". {"route_parameters":{"_controller":"\\Eccube\\Controller\\Block\\LoginController::index","_route":"block_login"},"request_uri":"https://newjoy.co.jp/block/login"} []
[2018-04-28 04:00:43] eccube.INFO: Matched route "block_search_product". {"route_parameters":{"_controller":"\\Eccube\\Controller\\Block\\SearchProductController::index","_route":"block_search_product"},"request_uri":"https://newjoy.co.jp/block/search_product"} []
[2018-04-28 04:00:43] eccube.INFO: Matched route "block_category". {"route_parameters":{"_controller":"\\Eccube\\Controller\\Block\\CategoryController::index","_route":"block_category"},"request_uri":"https://newjoy.co.jp/block/category"} []
[2018-04-28 04:00:43] eccube.INFO: Matched route "block_recommendify3_product_block". {"route_parameters":{"_controller":"\\Plugin\\Recommendify3\\Controller\\Block\\Recommendify3Controller::index","_route":"block_recommendify3_product_block"},"request_uri":"https://newjoy.co.jp/block/recommendify3_product_block"} []
[2018-04-28 04:00:43] eccube.INFO: Matched route "block_checkeditem". {"route_parameters":{"_controller":"\\Plugin\\CheckedItem\\Controller\\CheckedItemController::index","_route":"block_checkeditem"},"request_uri":"https://newjoy.co.jp/block/checkeditem"} []
[2018-04-28 04:00:43] eccube.INFO: Matched route "block_main_menu". {"route_parameters":{"_controller":"\\Eccube\\Controller\\Block\\MainMenuController::index","_route":"block_main_menu"},"request_uri":"https://newjoy.co.jp/block/main_menu"} []
[2018-04-28 04:00:43] eccube.INFO: < 200 [] []
[2018-04-28 04:01:02] eccube.INFO: Matched route "plugin_products_detail_review". {"route_parameters":{"_controller":"Plugin\\ProductReview\\Controller\\ProductReviewController::review","id":"18","_route":"plugin_products_detail_review"},"request_uri":"https://newjoy.co.jp/plugin/products/detail/18/review"} []
[2018-04-28 04:01:02] eccube.INFO: Populated the TokenStorage with an anonymous Token. [] []
[2018-04-28 04:01:02] eccube.INFO: > GET /plugin/products/detail/18/review [] []
[2018-04-28 04:01:02] eccube.INFO: Matched route "block_cart". {"route_parameters":{"_controller":"\\Eccube\\Controller\\Block\\CartController::index","_route":"block_cart"},"request_uri":"https://newjoy.co.jp/block/cart"} []
[2018-04-28 04:01:02] eccube.INFO: Matched route "block_login". {"route_parameters":{"_controller":"\\Eccube\\Controller\\Block\\LoginController::index","_route":"block_login"},"request_uri":"https://newjoy.co.jp/block/login"} []
[2018-04-28 04:01:02] eccube.INFO: Matched route "block_search_product". {"route_parameters":{"_controller":"\\Eccube\\Controller\\Block\\SearchProductController::index","_route":"block_search_product"},"request_uri":"https://newjoy.co.jp/block/search_product"} []
[2018-04-28 04:01:02] eccube.INFO: Matched route "block_category". {"route_parameters":{"_controller":"\\Eccube\\Controller\\Block\\CategoryController::index","_route":"block_category"},"request_uri":"https://newjoy.co.jp/block/category"} []
[2018-04-28 04:01:03] eccube.INFO: Matched route "block_checkeditem". {"route_parameters":{"_controller":"\\Plugin\\CheckedItem\\Controller\\CheckedItemController::index","_route":"block_checkeditem"},"request_uri":"https://newjoy.co.jp/block/checkeditem"} []
[2018-04-28 04:01:03] eccube.INFO: Matched route "block_main_menu". {"route_parameters":{"_controller":"\\Eccube\\Controller\\Block\\MainMenuController::index","_route":"block_main_menu"},"request_uri":"https://newjoy.co.jp/block/main_menu"} []
[2018-04-28 04:01:03] eccube.INFO: < 200 [] []
[2018-04-28 04:20:26] eccube.INFO: Matched route "product_detail". {"route_parameters":{"_controller":"\\Eccube\\Controller\\ProductController::detail","id":"14","_route":"product_detail"},"request_uri":"https://newjoy.co.jp/products/detail/14"} []
[2018-04-28 04:20:26] eccube.INFO: Populated the TokenStorage with an anonymous Token. [] []
[2018-04-28 04:20:26] eccube.INFO: > GET /products/detail/14 [] []
[2018-04-28 04:20:26] eccube.INFO: RelatedProduct trigger onRenderProductDetail start [] []
[2018-04-28 04:20:26] eccube.INFO: Event: product review hook into the product detail start. [] []
[2018-04-28 04:20:27] eccube.INFO: Event: product review render success. {"Product id":14} []
[2018-04-28 04:20:27] eccube.INFO: Event: product review hook into the product detail end. [] []
[2018-04-28 04:20:27] eccube.INFO: Matched route "block_cart". {"route_parameters":{"_controller":"\\Eccube\\Controller\\Block\\CartController::index","_route":"block_cart"},"request_uri":"https://newjoy.co.jp/block/cart"} []
[2018-04-28 04:20:27] eccube.INFO: Matched route "block_login". {"route_parameters":{"_controller":"\\Eccube\\Controller\\Block\\LoginController::index","_route":"block_login"},"request_uri":"https://newjoy.co.jp/block/login"} []
[2018-04-28 04:20:27] eccube.INFO: Matched route "block_search_product". {"route_parameters":{"_controller":"\\Eccube\\Controller\\Block\\SearchProductController::index","_route":"block_search_product"},"request_uri":"https://newjoy.co.jp/block/search_product"} []
[2018-04-28 04:20:27] eccube.INFO: Matched route "block_category". {"route_parameters":{"_controller":"\\Eccube\\Controller\\Block\\CategoryController::index","_route":"block_category"},"request_uri":"https://newjoy.co.jp/block/category"} []
[2018-04-28 04:20:27] eccube.INFO: Matched route "block_recommendify3_product_block". {"route_parameters":{"_controller":"\\Plugin\\Recommendify3\\Controller\\Block\\Recommendify3Controller::index","_route":"block_recommendify3_product_block"},"request_uri":"https://newjoy.co.jp/block/recommendify3_product_block"} []
[2018-04-28 04:20:27] eccube.INFO: Matched route "block_checkeditem". {"route_parameters":{"_controller":"\\Plugin\\CheckedItem\\Controller\\CheckedItemController::index","_route":"block_checkeditem"},"request_uri":"https://newjoy.co.jp/block/checkeditem"} []
[2018-04-28 04:20:27] eccube.INFO: Matched route "block_main_menu". {"route_parameters":{"_controller":"\\Eccube\\Controller\\Block\\MainMenuController::index","_route":"block_main_menu"},"request_uri":"https://newjoy.co.jp/block/main_menu"} []
[2018-04-28 04:20:27] eccube.INFO: < 200 [] []
[2018-04-28 04:33:44] eccube.INFO: Matched route "n/a". {"route_parameters":{"_controller":"[object] (Closure: {})","_route":null,"url":"https://newjoy.co.jp/products/detail/10"},"request_uri":"http://newjoy.co.jp/products/detail/10"} []
[2018-04-28 04:33:44] eccube.INFO: Populated the TokenStorage with an anonymous Token. [] []
[2018-04-28 04:33:44] eccube.INFO: > GET /products/detail/10 [] []
[2018-04-28 04:33:44] eccube.INFO: < 301 https://newjoy.co.jp/products/detail/10 [] []
[2018-04-28 04:33:45] eccube.INFO: Matched route "product_detail". {"route_parameters":{"_controller":"\\Eccube\\Controller\\ProductController::detail","id":"10","_route":"product_detail"},"request_uri":"https://newjoy.co.jp/products/detail/10"} []
[2018-04-28 04:33:45] eccube.INFO: Populated the TokenStorage with an anonymous Token. [] []
[2018-04-28 04:33:45] eccube.INFO: > GET /products/detail/10 [] []
[2018-04-28 04:33:45] eccube.INFO: RelatedProduct trigger onRenderProductDetail start [] []
[2018-04-28 04:33:45] eccube.INFO: Event: product review hook into the product detail start. [] []
[2018-04-28 04:33:45] eccube.INFO: Event: product review render success. {"Product id":10} []
[2018-04-28 04:33:45] eccube.INFO: Event: product review hook into the product detail end. [] []
[2018-04-28 04:33:45] eccube.INFO: Matched route "block_cart". {"route_parameters":{"_controller":"\\Eccube\\Controller\\Block\\CartController::index","_route":"block_cart"},"request_uri":"https://newjoy.co.jp/block/cart"} []
[2018-04-28 04:33:45] eccube.INFO: Matched route "block_login". {"route_parameters":{"_controller":"\\Eccube\\Controller\\Block\\LoginController::index","_route":"block_login"},"request_uri":"https://newjoy.co.jp/block/login"} []
[2018-04-28 04:33:45] eccube.INFO: Matched route "block_search_product". {"route_parameters":{"_controller":"\\Eccube\\Controller\\Block\\SearchProductController::index","_route":"block_search_product"},"request_uri":"https://newjoy.co.jp/block/search_product"} []
[2018-04-28 04:33:45] eccube.INFO: Matched route "block_category". {"route_parameters":{"_controller":"\\Eccube\\Controller\\Block\\CategoryController::index","_route":"block_category"},"request_uri":"https://newjoy.co.jp/block/category"} []
[2018-04-28 04:33:45] eccube.INFO: Matched route "block_recommendify3_product_block". {"route_parameters":{"_controller":"\\Plugin\\Recommendify3\\Controller\\Block\\Recommendify3Controller::index","_route":"block_recommendify3_product_block"},"request_uri":"https://newjoy.co.jp/block/recommendify3_product_block"} []
[2018-04-28 04:33:46] eccube.INFO: Matched route "block_checkeditem". {"route_parameters":{"_controller":"\\Plugin\\CheckedItem\\Controller\\CheckedItemController::index","_route":"block_checkeditem"},"request_uri":"https://newjoy.co.jp/block/checkeditem"} []
[2018-04-28 04:33:46] eccube.INFO: Matched route "block_main_menu". {"route_parameters":{"_controller":"\\Eccube\\Controller\\Block\\MainMenuController::index","_route":"block_main_menu"},"request_uri":"https://newjoy.co.jp/block/main_menu"} []
[2018-04-28 04:33:46] eccube.INFO: < 200 [] []
[2018-04-28 04:33:55] eccube.INFO: Matched route "n/a". {"route_parameters":{"_controller":"[object] (Closure: {})","_route":null,"url":"https://newjoy.co.jp/products/list?category_id=31"},"request_uri":"http://newjoy.co.jp/products/list?category_id=31"} []
[2018-04-28 04:33:55] eccube.INFO: Populated the TokenStorage with an anonymous Token. [] []
[2018-04-28 04:33:55] eccube.INFO: > GET /products/list?category_id=31 [] []
[2018-04-28 04:33:55] eccube.INFO: < 301 https://newjoy.co.jp/products/list?category_id=31 [] []
[2018-04-28 04:33:56] eccube.INFO: Matched route "product_list". {"route_parameters":{"_controller":"\\Eccube\\Controller\\ProductController::index","_route":"product_list"},"request_uri":"https://newjoy.co.jp/products/list?category_id=31"} []
[2018-04-28 04:33:56] eccube.INFO: Populated the TokenStorage with an anonymous Token. [] []
[2018-04-28 04:33:56] eccube.INFO: > GET /products/list?category_id=31 [] []
[2018-04-28 04:33:57] eccube.INFO: CategoryContent Product/list.twig start [] []
[2018-04-28 04:33:57] eccube.INFO: CategoryContent Product/list.twig end [] []
[2018-04-28 04:33:57] eccube.INFO: Matched route "block_cart". {"route_parameters":{"_controller":"\\Eccube\\Controller\\Block\\CartController::index","_route":"block_cart"},"request_uri":"https://newjoy.co.jp/block/cart"} []
[2018-04-28 04:33:57] eccube.INFO: Matched route "block_login". {"route_parameters":{"_controller":"\\Eccube\\Controller\\Block\\LoginController::index","_route":"block_login"},"request_uri":"https://newjoy.co.jp/block/login"} []
[2018-04-28 04:33:57] eccube.INFO: Matched route "block_search_product". {"route_parameters":{"_controller":"\\Eccube\\Controller\\Block\\SearchProductController::index","_route":"block_search_product"},"request_uri":"https://newjoy.co.jp/block/search_product"} []
[2018-04-28 04:33:58] eccube.INFO: Matched route "block_category". {"route_parameters":{"_controller":"\\Eccube\\Controller\\Block\\CategoryController::index","_route":"block_category"},"request_uri":"https://newjoy.co.jp/block/category"} []
[2018-04-28 04:33:58] eccube.INFO: Matched route "block_checkeditem". {"route_parameters":{"_controller":"\\Plugin\\CheckedItem\\Controller\\CheckedItemController::index","_route":"block_checkeditem"},"request_uri":"https://newjoy.co.jp/block/checkeditem"} []
[2018-04-28 04:33:58] eccube.INFO: Matched route "block_main_menu". {"route_parameters":{"_controller":"\\Eccube\\Controller\\Block\\MainMenuController::index","_route":"block_main_menu"},"request_uri":"https://newjoy.co.jp/block/main_menu"} []
[2018-04-28 04:33:58] eccube.INFO: < 200 [] []
[2018-04-28 04:57:12] eccube.INFO: Matched route "product_list". {"route_parameters":{"_controller":"\\Eccube\\Controller\\ProductController::index","_route":"product_list"},"request_uri":"https://newjoy.co.jp/products/list?category_id=39&disp_number=30&mode=&name=&orderby=0&pageno=1"} []
[2018-04-28 04:57:12] eccube.INFO: Populated the TokenStorage with an anonymous Token. [] []
[2018-04-28 04:57:12] eccube.INFO: > GET /products/list?mode=&category_id=39&name=&pageno=1&disp_number=30&orderby=0 [] []
[2018-04-28 04:57:13] eccube.INFO: CategoryContent Product/list.twig start [] []
[2018-04-28 04:57:13] eccube.INFO: Matched route "block_cart". {"route_parameters":{"_controller":"\\Eccube\\Controller\\Block\\CartController::index","_route":"block_cart"},"request_uri":"https://newjoy.co.jp/block/cart"} []
[2018-04-28 04:57:13] eccube.INFO: Matched route "block_login". {"route_parameters":{"_controller":"\\Eccube\\Controller\\Block\\LoginController::index","_route":"block_login"},"request_uri":"https://newjoy.co.jp/block/login"} []
[2018-04-28 04:57:13] eccube.INFO: Matched route "block_search_product". {"route_parameters":{"_controller":"\\Eccube\\Controller\\Block\\SearchProductController::index","_route":"block_search_product"},"request_uri":"https://newjoy.co.jp/block/search_product"} []
[2018-04-28 04:57:13] eccube.INFO: Matched route "block_category". {"route_parameters":{"_controller":"\\Eccube\\Controller\\Block\\CategoryController::index","_route":"block_category"},"request_uri":"https://newjoy.co.jp/block/category"} []
[2018-04-28 04:57:13] eccube.INFO: Matched route "block_checkeditem". {"route_parameters":{"_controller":"\\Plugin\\CheckedItem\\Controller\\CheckedItemController::index","_route":"block_checkeditem"},"request_uri":"https://newjoy.co.jp/block/checkeditem"} []
[2018-04-28 04:57:13] eccube.INFO: Matched route "block_main_menu". {"route_parameters":{"_controller":"\\Eccube\\Controller\\Block\\MainMenuController::index","_route":"block_main_menu"},"request_uri":"https://newjoy.co.jp/block/main_menu"} []
[2018-04-28 04:57:13] eccube.INFO: < 200 [] []
[2018-04-28 05:29:54] eccube.INFO: Matched route "n/a". {"route_parameters":{"_controller":"[object] (Closure: {})","_route":null,"url":"https://newjoy.co.jp/products/list?category_id=23"},"request_uri":"http://newjoy.co.jp/products/list?category_id=23"} []
[2018-04-28 05:29:54] eccube.INFO: Populated the TokenStorage with an anonymous Token. [] []
[2018-04-28 05:29:54] eccube.INFO: > GET /products/list?category_id=23 [] []
[2018-04-28 05:29:54] eccube.INFO: < 301 https://newjoy.co.jp/products/list?category_id=23 [] []
[2018-04-28 05:29:54] eccube.INFO: Matched route "product_list". {"route_parameters":{"_controller":"\\Eccube\\Controller\\ProductController::index","_route":"product_list"},"request_uri":"https://newjoy.co.jp/products/list?category_id=23"} []
[2018-04-28 05:29:54] eccube.INFO: Populated the TokenStorage with an anonymous Token. [] []
[2018-04-28 05:29:54] eccube.INFO: > GET /products/list?category_id=23 [] []
[2018-04-28 05:29:55] eccube.INFO: CategoryContent Product/list.twig start [] []
[2018-04-28 05:29:55] eccube.INFO: Matched route "block_cart". {"route_parameters":{"_controller":"\\Eccube\\Controller\\Block\\CartController::index","_route":"block_cart"},"request_uri":"https://newjoy.co.jp/block/cart"} []
[2018-04-28 05:29:55] eccube.INFO: Matched route "block_login". {"route_parameters":{"_controller":"\\Eccube\\Controller\\Block\\LoginController::index","_route":"block_login"},"request_uri":"https://newjoy.co.jp/block/login"} []
[2018-04-28 05:29:55] eccube.INFO: Matched route "block_search_product". {"route_parameters":{"_controller":"\\Eccube\\Controller\\Block\\SearchProductController::index","_route":"block_search_product"},"request_uri":"https://newjoy.co.jp/block/search_product"} []
[2018-04-28 05:29:56] eccube.INFO: Matched route "block_category". {"route_parameters":{"_controller":"\\Eccube\\Controller\\Block\\CategoryController::index","_route":"block_category"},"request_uri":"https://newjoy.co.jp/block/category"} []
[2018-04-28 05:29:56] eccube.INFO: Matched route "block_checkeditem". {"route_parameters":{"_controller":"\\Plugin\\CheckedItem\\Controller\\CheckedItemController::index","_route":"block_checkeditem"},"request_uri":"https://newjoy.co.jp/block/checkeditem"} []
[2018-04-28 05:29:56] eccube.INFO: Matched route "block_main_menu". {"route_parameters":{"_controller":"\\Eccube\\Controller\\Block\\MainMenuController::index","_route":"block_main_menu"},"request_uri":"https://newjoy.co.jp/block/main_menu"} []
[2018-04-28 05:29:56] eccube.INFO: < 200 [] []
[2018-04-28 05:41:38] eccube.INFO: Matched route "product_detail". {"route_parameters":{"_controller":"\\Eccube\\Controller\\ProductController::detail","id":"11","_route":"product_detail"},"request_uri":"https://newjoy.co.jp/products/detail/11"} []
[2018-04-28 05:41:38] eccube.INFO: Populated the TokenStorage with an anonymous Token. [] []
[2018-04-28 05:41:38] eccube.INFO: > GET /products/detail/11 [] []
[2018-04-28 05:41:38] eccube.INFO: Matched route "product_detail". {"route_parameters":{"_controller":"\\Eccube\\Controller\\ProductController::detail","id":"11","_route":"product_detail"},"request_uri":"https://newjoy.co.jp/products/detail/11"} []
[2018-04-28 05:41:38] eccube.INFO: Populated the TokenStorage with an anonymous Token. [] []
[2018-04-28 05:41:38] eccube.INFO: > GET /products/detail/11 [] []
[2018-04-28 05:41:38] eccube.INFO: RelatedProduct trigger onRenderProductDetail start [] []
[2018-04-28 05:41:38] eccube.INFO: Event: product review hook into the product detail start. [] []
[2018-04-28 05:41:38] eccube.INFO: RelatedProduct trigger onRenderProductDetail start [] []
[2018-04-28 05:41:38] eccube.INFO: Event: product review render success. {"Product id":11} []
[2018-04-28 05:41:38] eccube.INFO: Event: product review hook into the product detail end. [] []
[2018-04-28 05:41:39] eccube.INFO: Matched route "block_cart". {"route_parameters":{"_controller":"\\Eccube\\Controller\\Block\\CartController::index","_route":"block_cart"},"request_uri":"https://newjoy.co.jp/block/cart"} []
[2018-04-28 05:41:39] eccube.INFO: Matched route "block_login". {"route_parameters":{"_controller":"\\Eccube\\Controller\\Block\\LoginController::index","_route":"block_login"},"request_uri":"https://newjoy.co.jp/block/login"} []
[2018-04-28 05:41:39] eccube.INFO: Event: product review hook into the product detail start. [] []
[2018-04-28 05:41:39] eccube.INFO: Event: product review render success. {"Product id":11} []
[2018-04-28 05:41:39] eccube.INFO: Event: product review hook into the product detail end. [] []
[2018-04-28 05:41:39] eccube.INFO: Matched route "block_search_product". {"route_parameters":{"_controller":"\\Eccube\\Controller\\Block\\SearchProductController::index","_route":"block_search_product"},"request_uri":"https://newjoy.co.jp/block/search_product"} []
[2018-04-28 05:41:39] eccube.INFO: Matched route "block_cart". {"route_parameters":{"_controller":"\\Eccube\\Controller\\Block\\CartController::index","_route":"block_cart"},"request_uri":"https://newjoy.co.jp/block/cart"} []
[2018-04-28 05:41:39] eccube.INFO: Matched route "block_login". {"route_parameters":{"_controller":"\\Eccube\\Controller\\Block\\LoginController::index","_route":"block_login"},"request_uri":"https://newjoy.co.jp/block/login"} []
[2018-04-28 05:41:39] eccube.INFO: Matched route "block_search_product". {"route_parameters":{"_controller":"\\Eccube\\Controller\\Block\\SearchProductController::index","_route":"block_search_product"},"request_uri":"https://newjoy.co.jp/block/search_product"} []
[2018-04-28 05:41:39] eccube.INFO: Matched route "block_category". {"route_parameters":{"_controller":"\\Eccube\\Controller\\Block\\CategoryController::index","_route":"block_category"},"request_uri":"https://newjoy.co.jp/block/category"} []
[2018-04-28 05:41:39] eccube.INFO: Matched route "block_category". {"route_parameters":{"_controller":"\\Eccube\\Controller\\Block\\CategoryController::index","_route":"block_category"},"request_uri":"https://newjoy.co.jp/block/category"} []
[2018-04-28 05:41:39] eccube.INFO: Matched route "block_recommendify3_product_block". {"route_parameters":{"_controller":"\\Plugin\\Recommendify3\\Controller\\Block\\Recommendify3Controller::index","_route":"block_recommendify3_product_block"},"request_uri":"https://newjoy.co.jp/block/recommendify3_product_block"} []
[2018-04-28 05:41:39] eccube.INFO: Matched route "block_recommendify3_product_block". {"route_parameters":{"_controller":"\\Plugin\\Recommendify3\\Controller\\Block\\Recommendify3Controller::index","_route":"block_recommendify3_product_block"},"request_uri":"https://newjoy.co.jp/block/recommendify3_product_block"} []
[2018-04-28 05:41:39] eccube.INFO: Matched route "block_checkeditem". {"route_parameters":{"_controller":"\\Plugin\\CheckedItem\\Controller\\CheckedItemController::index","_route":"block_checkeditem"},"request_uri":"https://newjoy.co.jp/block/checkeditem"} []
[2018-04-28 05:41:39] eccube.INFO: Matched route "block_main_menu". {"route_parameters":{"_controller":"\\Eccube\\Controller\\Block\\MainMenuController::index","_route":"block_main_menu"},"request_uri":"https://newjoy.co.jp/block/main_menu"} []
[2018-04-28 05:41:39] eccube.INFO: < 200 [] []
[2018-04-28 05:41:39] eccube.INFO: Matched route "block_checkeditem". {"route_parameters":{"_controller":"\\Plugin\\CheckedItem\\Controller\\CheckedItemController::index","_route":"block_checkeditem"},"request_uri":"https://newjoy.co.jp/block/checkeditem"} []
[2018-04-28 05:41:39] eccube.INFO: Matched route "block_main_menu". {"route_parameters":{"_controller":"\\Eccube\\Controller\\Block\\MainMenuController::index","_route":"block_main_menu"},"request_uri":"https://newjoy.co.jp/block/main_menu"} []
[2018-04-28 05:41:39] eccube.INFO: < 200 [] []
[2018-04-28 06:43:29] eccube.INFO: Matched route "sitemap". {"route_parameters":{"_controller":"\\Plugin\\SiteMap\\Controller\\SiteMapController::xml","_route":"sitemap"},"request_uri":"https://newjoy.co.jp/sitemap"} []
[2018-04-28 06:43:29] eccube.INFO: Populated the TokenStorage with an anonymous Token. [] []
[2018-04-28 06:43:29] eccube.INFO: > GET /sitemap [] []
[2018-04-28 06:43:29] eccube.INFO: < 200 [] []
[2018-04-28 06:58:41] eccube.INFO: Matched route "product_detail". {"route_parameters":{"_controller":"\\Eccube\\Controller\\ProductController::detail","id":"5","_route":"product_detail"},"request_uri":"https://newjoy.co.jp/products/detail/5"} []
[2018-04-28 06:58:41] eccube.INFO: Populated the TokenStorage with an anonymous Token. [] []
[2018-04-28 06:58:41] eccube.INFO: > GET /products/detail/5 [] []
[2018-04-28 06:58:42] eccube.INFO: RelatedProduct trigger onRenderProductDetail start [] []
[2018-04-28 06:58:42] eccube.INFO: Render related product with  {"RELATED_PRODUCT_TAG":"<!--# related-product-plugin-tag #-->"} []
[2018-04-28 06:58:42] eccube.INFO: RelatedProduct trigger onRenderProductDetail finish [] []
[2018-04-28 06:58:42] eccube.INFO: Event: product review hook into the product detail start. [] []
[2018-04-28 06:58:42] eccube.INFO: Event: product review render success. {"Product id":5} []
[2018-04-28 06:58:42] eccube.INFO: Event: product review hook into the product detail end. [] []
[2018-04-28 06:58:42] eccube.INFO: Matched route "block_cart". {"route_parameters":{"_controller":"\\Eccube\\Controller\\Block\\CartController::index","_route":"block_cart"},"request_uri":"https://newjoy.co.jp/block/cart"} []
[2018-04-28 06:58:42] eccube.INFO: Matched route "block_login". {"route_parameters":{"_controller":"\\Eccube\\Controller\\Block\\LoginController::index","_route":"block_login"},"request_uri":"https://newjoy.co.jp/block/login"} []
[2018-04-28 06:58:42] eccube.INFO: Matched route "block_search_product". {"route_parameters":{"_controller":"\\Eccube\\Controller\\Block\\SearchProductController::index","_route":"block_search_product"},"request_uri":"https://newjoy.co.jp/block/search_product"} []
[2018-04-28 06:58:42] eccube.INFO: Matched route "block_category". {"route_parameters":{"_controller":"\\Eccube\\Controller\\Block\\CategoryController::index","_route":"block_category"},"request_uri":"https://newjoy.co.jp/block/category"} []
[2018-04-28 06:58:42] eccube.INFO: Matched route "block_recommendify3_product_block". {"route_parameters":{"_controller":"\\Plugin\\Recommendify3\\Controller\\Block\\Recommendify3Controller::index","_route":"block_recommendify3_product_block"},"request_uri":"https://newjoy.co.jp/block/recommendify3_product_block"} []
[2018-04-28 06:58:43] eccube.INFO: Matched route "block_checkeditem". {"route_parameters":{"_controller":"\\Plugin\\CheckedItem\\Controller\\CheckedItemController::index","_route":"block_checkeditem"},"request_uri":"https://newjoy.co.jp/block/checkeditem"} []
[2018-04-28 06:58:43] eccube.INFO: Matched route "block_main_menu". {"route_parameters":{"_controller":"\\Eccube\\Controller\\Block\\MainMenuController::index","_route":"block_main_menu"},"request_uri":"https://newjoy.co.jp/block/main_menu"} []
[2018-04-28 06:58:43] eccube.INFO: < 200 [] []
[2018-04-28 07:04:00] eccube.INFO: Matched route "product_detail". {"route_parameters":{"_controller":"\\Eccube\\Controller\\ProductController::detail","id":"9","_route":"product_detail"},"request_uri":"https://newjoy.co.jp/products/detail/9"} []
[2018-04-28 07:04:00] eccube.INFO: Populated the TokenStorage with an anonymous Token. [] []
[2018-04-28 07:04:00] eccube.INFO: > GET /products/detail/9 [] []
[2018-04-28 07:04:00] eccube.INFO: RelatedProduct trigger onRenderProductDetail start [] []
[2018-04-28 07:04:00] eccube.INFO: Event: product review hook into the product detail start. [] []
[2018-04-28 07:04:00] eccube.INFO: Event: product review render success. {"Product id":9} []
[2018-04-28 07:04:00] eccube.INFO: Event: product review hook into the product detail end. [] []
[2018-04-28 07:04:00] eccube.INFO: Matched route "block_cart". {"route_parameters":{"_controller":"\\Eccube\\Controller\\Block\\CartController::index","_route":"block_cart"},"request_uri":"https://newjoy.co.jp/block/cart"} []
[2018-04-28 07:04:00] eccube.INFO: Matched route "block_login". {"route_parameters":{"_controller":"\\Eccube\\Controller\\Block\\LoginController::index","_route":"block_login"},"request_uri":"https://newjoy.co.jp/block/login"} []
[2018-04-28 07:04:00] eccube.INFO: Matched route "block_search_product". {"route_parameters":{"_controller":"\\Eccube\\Controller\\Block\\SearchProductController::index","_route":"block_search_product"},"request_uri":"https://newjoy.co.jp/block/search_product"} []
[2018-04-28 07:04:00] eccube.INFO: Matched route "block_category". {"route_parameters":{"_controller":"\\Eccube\\Controller\\Block\\CategoryController::index","_route":"block_category"},"request_uri":"https://newjoy.co.jp/block/category"} []
[2018-04-28 07:04:00] eccube.INFO: Matched route "block_recommendify3_product_block". {"route_parameters":{"_controller":"\\Plugin\\Recommendify3\\Controller\\Block\\Recommendify3Controller::index","_route":"block_recommendify3_product_block"},"request_uri":"https://newjoy.co.jp/block/recommendify3_product_block"} []
[2018-04-28 07:04:00] eccube.INFO: Matched route "block_checkeditem". {"route_parameters":{"_controller":"\\Plugin\\CheckedItem\\Controller\\CheckedItemController::index","_route":"block_checkeditem"},"request_uri":"https://newjoy.co.jp/block/checkeditem"} []
[2018-04-28 07:04:01] eccube.INFO: Matched route "block_main_menu". {"route_parameters":{"_controller":"\\Eccube\\Controller\\Block\\MainMenuController::index","_route":"block_main_menu"},"request_uri":"https://newjoy.co.jp/block/main_menu"} []
[2018-04-28 07:04:01] eccube.INFO: < 200 [] []
[2018-04-28 07:04:09] eccube.INFO: Matched route "product_detail". {"route_parameters":{"_controller":"\\Eccube\\Controller\\ProductController::detail","id":"9","_route":"product_detail"},"request_uri":"https://newjoy.co.jp/products/detail/9"} []
[2018-04-28 07:04:09] eccube.INFO: Populated the TokenStorage with an anonymous Token. [] []
[2018-04-28 07:04:09] eccube.INFO: > GET /products/detail/9 [] []
[2018-04-28 07:04:10] eccube.INFO: RelatedProduct trigger onRenderProductDetail start [] []
[2018-04-28 07:04:10] eccube.INFO: Event: product review hook into the product detail start. [] []
[2018-04-28 07:04:10] eccube.INFO: Event: product review render success. {"Product id":9} []
[2018-04-28 07:04:10] eccube.INFO: Event: product review hook into the product detail end. [] []
[2018-04-28 07:04:10] eccube.INFO: Matched route "block_cart". {"route_parameters":{"_controller":"\\Eccube\\Controller\\Block\\CartController::index","_route":"block_cart"},"request_uri":"https://newjoy.co.jp/block/cart"} []
[2018-04-28 07:04:10] eccube.INFO: Matched route "block_login". {"route_parameters":{"_controller":"\\Eccube\\Controller\\Block\\LoginController::index","_route":"block_login"},"request_uri":"https://newjoy.co.jp/block/login"} []
[2018-04-28 07:04:10] eccube.INFO: Matched route "block_search_product". {"route_parameters":{"_controller":"\\Eccube\\Controller\\Block\\SearchProductController::index","_route":"block_search_product"},"request_uri":"https://newjoy.co.jp/block/search_product"} []
[2018-04-28 07:04:10] eccube.INFO: Matched route "block_category". {"route_parameters":{"_controller":"\\Eccube\\Controller\\Block\\CategoryController::index","_route":"block_category"},"request_uri":"https://newjoy.co.jp/block/category"} []
[2018-04-28 07:04:10] eccube.INFO: Matched route "block_recommendify3_product_block". {"route_parameters":{"_controller":"\\Plugin\\Recommendify3\\Controller\\Block\\Recommendify3Controller::index","_route":"block_recommendify3_product_block"},"request_uri":"https://newjoy.co.jp/block/recommendify3_product_block"} []
[2018-04-28 07:04:11] eccube.INFO: Matched route "block_checkeditem". {"route_parameters":{"_controller":"\\Plugin\\CheckedItem\\Controller\\CheckedItemController::index","_route":"block_checkeditem"},"request_uri":"https://newjoy.co.jp/block/checkeditem"} []
[2018-04-28 07:04:11] eccube.INFO: Matched route "block_main_menu". {"route_parameters":{"_controller":"\\Eccube\\Controller\\Block\\MainMenuController::index","_route":"block_main_menu"},"request_uri":"https://newjoy.co.jp/block/main_menu"} []
[2018-04-28 07:04:11] eccube.INFO: < 200 [] []
[2018-04-28 07:04:19] eccube.INFO: Matched route "homepage". {"route_parameters":{"_controller":"\\Eccube\\Controller\\TopController::index","_route":"homepage"},"request_uri":"https://newjoy.co.jp/"} []
[2018-04-28 07:04:19] eccube.INFO: Populated the TokenStorage with an anonymous Token. [] []
[2018-04-28 07:04:19] eccube.INFO: > GET / [] []
[2018-04-28 07:04:19] eccube.INFO: Matched route "block_cart". {"route_parameters":{"_controller":"\\Eccube\\Controller\\Block\\CartController::index","_route":"block_cart"},"request_uri":"https://newjoy.co.jp/block/cart"} []
[2018-04-28 07:04:19] eccube.INFO: Matched route "block_login". {"route_parameters":{"_controller":"\\Eccube\\Controller\\Block\\LoginController::index","_route":"block_login"},"request_uri":"https://newjoy.co.jp/block/login"} []
[2018-04-28 07:04:19] eccube.INFO: Matched route "block_search_product". {"route_parameters":{"_controller":"\\Eccube\\Controller\\Block\\SearchProductController::index","_route":"block_search_product"},"request_uri":"https://newjoy.co.jp/block/search_product"} []
[2018-04-28 07:04:20] eccube.INFO: Matched route "block_category". {"route_parameters":{"_controller":"\\Eccube\\Controller\\Block\\CategoryController::index","_route":"block_category"},"request_uri":"https://newjoy.co.jp/block/category"} []
[2018-04-28 07:04:20] eccube.INFO: Matched route "block_recommend_product_block". {"route_parameters":{"_controller":"\\Plugin\\Recommend\\Controller\\Block\\RecommendController::index","_route":"block_recommend_product_block"},"request_uri":"https://newjoy.co.jp/block/recommend_product_block"} []
[2018-04-28 07:04:20] eccube.INFO: Matched route "block_plg_shiro8_new_product_block". {"route_parameters":{"_controller":"\\Plugin\\Shiro8NewProductBlock3\\Controller\\Block\\Shiro8NewProductController::index","_route":"block_plg_shiro8_new_product_block"},"request_uri":"https://newjoy.co.jp/block/plg_shiro8_new_product_block"} []
[2018-04-28 07:04:21] eccube.INFO: Matched route "block_checkeditem". {"route_parameters":{"_controller":"\\Plugin\\CheckedItem\\Controller\\CheckedItemController::index","_route":"block_checkeditem"},"request_uri":"https://newjoy.co.jp/block/checkeditem"} []
[2018-04-28 07:04:21] eccube.INFO: Matched route "block_main_menu". {"route_parameters":{"_controller":"\\Eccube\\Controller\\Block\\MainMenuController::index","_route":"block_main_menu"},"request_uri":"https://newjoy.co.jp/block/main_menu"} []
[2018-04-28 07:04:21] eccube.INFO: Matched route "block_news". {"route_parameters":{"_controller":"\\Eccube\\Controller\\Block\\NewsController::index","_route":"block_news"},"request_uri":"https://newjoy.co.jp/block/news"} []
[2018-04-28 07:04:21] eccube.INFO: < 200 [] []
[2018-04-28 07:04:32] eccube.INFO: Matched route "product_detail". {"route_parameters":{"_controller":"\\Eccube\\Controller\\ProductController::detail","id":"8","_route":"product_detail"},"request_uri":"https://newjoy.co.jp/products/detail/8"} []
[2018-04-28 07:04:32] eccube.INFO: Populated the TokenStorage with an anonymous Token. [] []
[2018-04-28 07:04:32] eccube.INFO: > GET /products/detail/8 [] []
[2018-04-28 07:04:32] eccube.INFO: RelatedProduct trigger onRenderProductDetail start [] []
[2018-04-28 07:04:32] eccube.INFO: Render related product with  {"RELATED_PRODUCT_TAG":"<!--# related-product-plugin-tag #-->"} []
[2018-04-28 07:04:32] eccube.INFO: RelatedProduct trigger onRenderProductDetail finish [] []
[2018-04-28 07:04:32] eccube.INFO: Event: product review hook into the product detail start. [] []
[2018-04-28 07:04:32] eccube.INFO: Event: product review render success. {"Product id":8} []
[2018-04-28 07:04:32] eccube.INFO: Event: product review hook into the product detail end. [] []
[2018-04-28 07:04:32] eccube.INFO: Matched route "block_cart". {"route_parameters":{"_controller":"\\Eccube\\Controller\\Block\\CartController::index","_route":"block_cart"},"request_uri":"https://newjoy.co.jp/block/cart"} []
[2018-04-28 07:04:32] eccube.INFO: Matched route "block_login". {"route_parameters":{"_controller":"\\Eccube\\Controller\\Block\\LoginController::index","_route":"block_login"},"request_uri":"https://newjoy.co.jp/block/login"} []
[2018-04-28 07:04:32] eccube.INFO: Matched route "block_search_product". {"route_parameters":{"_controller":"\\Eccube\\Controller\\Block\\SearchProductController::index","_route":"block_search_product"},"request_uri":"https://newjoy.co.jp/block/search_product"} []
[2018-04-28 07:04:32] eccube.INFO: Matched route "block_category". {"route_parameters":{"_controller":"\\Eccube\\Controller\\Block\\CategoryController::index","_route":"block_category"},"request_uri":"https://newjoy.co.jp/block/category"} []
[2018-04-28 07:04:32] eccube.INFO: Matched route "block_recommendify3_product_block". {"route_parameters":{"_controller":"\\Plugin\\Recommendify3\\Controller\\Block\\Recommendify3Controller::index","_route":"block_recommendify3_product_block"},"request_uri":"https://newjoy.co.jp/block/recommendify3_product_block"} []
[2018-04-28 07:04:33] eccube.INFO: Matched route "block_checkeditem". {"route_parameters":{"_controller":"\\Plugin\\CheckedItem\\Controller\\CheckedItemController::index","_route":"block_checkeditem"},"request_uri":"https://newjoy.co.jp/block/checkeditem"} []
[2018-04-28 07:04:33] eccube.INFO: Matched route "block_main_menu". {"route_parameters":{"_controller":"\\Eccube\\Controller\\Block\\MainMenuController::index","_route":"block_main_menu"},"request_uri":"https://newjoy.co.jp/block/main_menu"} []
[2018-04-28 07:04:33] eccube.INFO: < 200 [] []
[2018-04-28 09:49:29] eccube.INFO: Matched route "product_detail". {"route_parameters":{"_controller":"\\Eccube\\Controller\\ProductController::detail","id":"17","_route":"product_detail"},"request_uri":"https://newjoy.co.jp/products/detail/17"} []
[2018-04-28 09:49:29] eccube.INFO: Populated the TokenStorage with an anonymous Token. [] []
[2018-04-28 09:49:29] eccube.INFO: > GET /products/detail/17 [] []
[2018-04-28 09:49:29] eccube.INFO: RelatedProduct trigger onRenderProductDetail start [] []
[2018-04-28 09:49:29] eccube.INFO: Event: product review hook into the product detail start. [] []
[2018-04-28 09:49:29] eccube.INFO: Event: product review render success. {"Product id":17} []
[2018-04-28 09:49:29] eccube.INFO: Event: product review hook into the product detail end. [] []
[2018-04-28 09:49:29] eccube.INFO: Matched route "block_cart". {"route_parameters":{"_controller":"\\Eccube\\Controller\\Block\\CartController::index","_route":"block_cart"},"request_uri":"https://newjoy.co.jp/block/cart"} []
[2018-04-28 09:49:29] eccube.INFO: Matched route "block_login". {"route_parameters":{"_controller":"\\Eccube\\Controller\\Block\\LoginController::index","_route":"block_login"},"request_uri":"https://newjoy.co.jp/block/login"} []
[2018-04-28 09:49:29] eccube.INFO: Matched route "block_search_product". {"route_parameters":{"_controller":"\\Eccube\\Controller\\Block\\SearchProductController::index","_route":"block_search_product"},"request_uri":"https://newjoy.co.jp/block/search_product"} []
[2018-04-28 09:49:30] eccube.INFO: Matched route "block_category". {"route_parameters":{"_controller":"\\Eccube\\Controller\\Block\\CategoryController::index","_route":"block_category"},"request_uri":"https://newjoy.co.jp/block/category"} []
[2018-04-28 09:49:30] eccube.INFO: Matched route "block_recommendify3_product_block". {"route_parameters":{"_controller":"\\Plugin\\Recommendify3\\Controller\\Block\\Recommendify3Controller::index","_route":"block_recommendify3_product_block"},"request_uri":"https://newjoy.co.jp/block/recommendify3_product_block"} []
[2018-04-28 09:49:30] eccube.INFO: Matched route "block_checkeditem". {"route_parameters":{"_controller":"\\Plugin\\CheckedItem\\Controller\\CheckedItemController::index","_route":"block_checkeditem"},"request_uri":"https://newjoy.co.jp/block/checkeditem"} []
[2018-04-28 09:49:30] eccube.INFO: Matched route "block_main_menu". {"route_parameters":{"_controller":"\\Eccube\\Controller\\Block\\MainMenuController::index","_route":"block_main_menu"},"request_uri":"https://newjoy.co.jp/block/main_menu"} []
[2018-04-28 09:49:30] eccube.INFO: < 200 [] []
[2018-04-28 09:50:04] eccube.INFO: Matched route "product_detail". {"route_parameters":{"_controller":"\\Eccube\\Controller\\ProductController::detail","id":"15","_route":"product_detail"},"request_uri":"https://newjoy.co.jp/products/detail/15"} []
[2018-04-28 09:50:04] eccube.INFO: Populated the TokenStorage with an anonymous Token. [] []
[2018-04-28 09:50:04] eccube.INFO: > GET /products/detail/15 [] []
[2018-04-28 09:50:04] eccube.INFO: RelatedProduct trigger onRenderProductDetail start [] []
[2018-04-28 09:50:04] eccube.INFO: Event: product review hook into the product detail start. [] []
[2018-04-28 09:50:04] eccube.INFO: Event: product review render success. {"Product id":15} []
[2018-04-28 09:50:04] eccube.INFO: Event: product review hook into the product detail end. [] []
[2018-04-28 09:50:04] eccube.INFO: Matched route "block_cart". {"route_parameters":{"_controller":"\\Eccube\\Controller\\Block\\CartController::index","_route":"block_cart"},"request_uri":"https://newjoy.co.jp/block/cart"} []
[2018-04-28 09:50:04] eccube.INFO: Matched route "block_login". {"route_parameters":{"_controller":"\\Eccube\\Controller\\Block\\LoginController::index","_route":"block_login"},"request_uri":"https://newjoy.co.jp/block/login"} []
[2018-04-28 09:50:04] eccube.INFO: Matched route "block_search_product". {"route_parameters":{"_controller":"\\Eccube\\Controller\\Block\\SearchProductController::index","_route":"block_search_product"},"request_uri":"https://newjoy.co.jp/block/search_product"} []
[2018-04-28 09:50:04] eccube.INFO: Matched route "block_category". {"route_parameters":{"_controller":"\\Eccube\\Controller\\Block\\CategoryController::index","_route":"block_category"},"request_uri":"https://newjoy.co.jp/block/category"} []
[2018-04-28 09:50:04] eccube.INFO: Matched route "block_recommendify3_product_block". {"route_parameters":{"_controller":"\\Plugin\\Recommendify3\\Controller\\Block\\Recommendify3Controller::index","_route":"block_recommendify3_product_block"},"request_uri":"https://newjoy.co.jp/block/recommendify3_product_block"} []
[2018-04-28 09:50:05] eccube.INFO: Matched route "block_checkeditem". {"route_parameters":{"_controller":"\\Plugin\\CheckedItem\\Controller\\CheckedItemController::index","_route":"block_checkeditem"},"request_uri":"https://newjoy.co.jp/block/checkeditem"} []
[2018-04-28 09:50:05] eccube.INFO: Matched route "block_main_menu". {"route_parameters":{"_controller":"\\Eccube\\Controller\\Block\\MainMenuController::index","_route":"block_main_menu"},"request_uri":"https://newjoy.co.jp/block/main_menu"} []
[2018-04-28 09:50:05] eccube.INFO: < 200 [] []
[2018-04-28 09:50:14] eccube.INFO: Matched route "plugin_products_detail_review". {"route_parameters":{"_controller":"Plugin\\ProductReview\\Controller\\ProductReviewController::review","id":"17","_route":"plugin_products_detail_review"},"request_uri":"https://newjoy.co.jp/plugin/products/detail/17/review"} []
[2018-04-28 09:50:14] eccube.INFO: Populated the TokenStorage with an anonymous Token. [] []
[2018-04-28 09:50:14] eccube.INFO: > GET /plugin/products/detail/17/review [] []
[2018-04-28 09:50:15] eccube.INFO: Matched route "block_cart". {"route_parameters":{"_controller":"\\Eccube\\Controller\\Block\\CartController::index","_route":"block_cart"},"request_uri":"https://newjoy.co.jp/block/cart"} []
[2018-04-28 09:50:15] eccube.INFO: Matched route "block_login". {"route_parameters":{"_controller":"\\Eccube\\Controller\\Block\\LoginController::index","_route":"block_login"},"request_uri":"https://newjoy.co.jp/block/login"} []
[2018-04-28 09:50:15] eccube.INFO: Matched route "block_search_product". {"route_parameters":{"_controller":"\\Eccube\\Controller\\Block\\SearchProductController::index","_route":"block_search_product"},"request_uri":"https://newjoy.co.jp/block/search_product"} []
[2018-04-28 09:50:15] eccube.INFO: Matched route "block_category". {"route_parameters":{"_controller":"\\Eccube\\Controller\\Block\\CategoryController::index","_route":"block_category"},"request_uri":"https://newjoy.co.jp/block/category"} []
[2018-04-28 09:50:15] eccube.INFO: Matched route "block_checkeditem". {"route_parameters":{"_controller":"\\Plugin\\CheckedItem\\Controller\\CheckedItemController::index","_route":"block_checkeditem"},"request_uri":"https://newjoy.co.jp/block/checkeditem"} []
[2018-04-28 09:50:15] eccube.INFO: Matched route "block_main_menu". {"route_parameters":{"_controller":"\\Eccube\\Controller\\Block\\MainMenuController::index","_route":"block_main_menu"},"request_uri":"https://newjoy.co.jp/block/main_menu"} []
[2018-04-28 09:50:15] eccube.INFO: < 200 [] []
[2018-04-28 09:50:37] eccube.INFO: Matched route "plugin_products_detail_review". {"route_parameters":{"_controller":"Plugin\\ProductReview\\Controller\\ProductReviewController::review","id":"15","_route":"plugin_products_detail_review"},"request_uri":"https://newjoy.co.jp/plugin/products/detail/15/review"} []
[2018-04-28 09:50:37] eccube.INFO: Populated the TokenStorage with an anonymous Token. [] []
[2018-04-28 09:50:37] eccube.INFO: > GET /plugin/products/detail/15/review [] []
[2018-04-28 09:50:37] eccube.INFO: Matched route "block_cart". {"route_parameters":{"_controller":"\\Eccube\\Controller\\Block\\CartController::index","_route":"block_cart"},"request_uri":"https://newjoy.co.jp/block/cart"} []
[2018-04-28 09:50:37] eccube.INFO: Matched route "block_login". {"route_parameters":{"_controller":"\\Eccube\\Controller\\Block\\LoginController::index","_route":"block_login"},"request_uri":"https://newjoy.co.jp/block/login"} []
[2018-04-28 09:50:38] eccube.INFO: Matched route "block_search_product". {"route_parameters":{"_controller":"\\Eccube\\Controller\\Block\\SearchProductController::index","_route":"block_search_product"},"request_uri":"https://newjoy.co.jp/block/search_product"} []
[2018-04-28 09:50:38] eccube.INFO: Matched route "block_category". {"route_parameters":{"_controller":"\\Eccube\\Controller\\Block\\CategoryController::index","_route":"block_category"},"request_uri":"https://newjoy.co.jp/block/category"} []
[2018-04-28 09:50:38] eccube.INFO: Matched route "block_checkeditem". {"route_parameters":{"_controller":"\\Plugin\\CheckedItem\\Controller\\CheckedItemController::index","_route":"block_checkeditem"},"request_uri":"https://newjoy.co.jp/block/checkeditem"} []
[2018-04-28 09:50:38] eccube.INFO: Matched route "block_main_menu". {"route_parameters":{"_controller":"\\Eccube\\Controller\\Block\\MainMenuController::index","_route":"block_main_menu"},"request_uri":"https://newjoy.co.jp/block/main_menu"} []
[2018-04-28 09:50:38] eccube.INFO: < 200 [] []
[2018-04-28 09:55:29] eccube.INFO: Matched route "product_detail". {"route_parameters":{"_controller":"\\Eccube\\Controller\\ProductController::detail","id":"12","_route":"product_detail"},"request_uri":"https://newjoy.co.jp/products/detail/12"} []
[2018-04-28 09:55:29] eccube.INFO: Populated the TokenStorage with an anonymous Token. [] []
[2018-04-28 09:55:29] eccube.INFO: > GET /products/detail/12 [] []
[2018-04-28 09:55:29] eccube.INFO: RelatedProduct trigger onRenderProductDetail start [] []
[2018-04-28 09:55:30] eccube.INFO: Event: product review hook into the product detail start. [] []
[2018-04-28 09:55:30] eccube.INFO: Event: product review render success. {"Product id":12} []
[2018-04-28 09:55:30] eccube.INFO: Event: product review hook into the product detail end. [] []
[2018-04-28 09:55:30] eccube.INFO: Matched route "block_cart". {"route_parameters":{"_controller":"\\Eccube\\Controller\\Block\\CartController::index","_route":"block_cart"},"request_uri":"https://newjoy.co.jp/block/cart"} []
[2018-04-28 09:55:30] eccube.INFO: Matched route "block_login". {"route_parameters":{"_controller":"\\Eccube\\Controller\\Block\\LoginController::index","_route":"block_login"},"request_uri":"https://newjoy.co.jp/block/login"} []
[2018-04-28 09:55:30] eccube.INFO: Matched route "block_search_product". {"route_parameters":{"_controller":"\\Eccube\\Controller\\Block\\SearchProductController::index","_route":"block_search_product"},"request_uri":"https://newjoy.co.jp/block/search_product"} []
[2018-04-28 09:55:30] eccube.INFO: Matched route "block_category". {"route_parameters":{"_controller":"\\Eccube\\Controller\\Block\\CategoryController::index","_route":"block_category"},"request_uri":"https://newjoy.co.jp/block/category"} []
[2018-04-28 09:55:30] eccube.INFO: Matched route "block_recommendify3_product_block". {"route_parameters":{"_controller":"\\Plugin\\Recommendify3\\Controller\\Block\\Recommendify3Controller::index","_route":"block_recommendify3_product_block"},"request_uri":"https://newjoy.co.jp/block/recommendify3_product_block"} []
[2018-04-28 09:55:31] eccube.INFO: Matched route "block_checkeditem". {"route_parameters":{"_controller":"\\Plugin\\CheckedItem\\Controller\\CheckedItemController::index","_route":"block_checkeditem"},"request_uri":"https://newjoy.co.jp/block/checkeditem"} []
[2018-04-28 09:55:31] eccube.INFO: Matched route "block_main_menu". {"route_parameters":{"_controller":"\\Eccube\\Controller\\Block\\MainMenuController::index","_route":"block_main_menu"},"request_uri":"https://newjoy.co.jp/block/main_menu"} []
[2018-04-28 09:55:31] eccube.INFO: < 200 [] []
[2018-04-28 09:55:59] eccube.INFO: Matched route "plugin_products_detail_review". {"route_parameters":{"_controller":"Plugin\\ProductReview\\Controller\\ProductReviewController::review","id":"12","_route":"plugin_products_detail_review"},"request_uri":"https://newjoy.co.jp/plugin/products/detail/12/review"} []
[2018-04-28 09:55:59] eccube.INFO: Populated the TokenStorage with an anonymous Token. [] []
[2018-04-28 09:55:59] eccube.INFO: > GET /plugin/products/detail/12/review [] []
[2018-04-28 09:56:00] eccube.INFO: Matched route "block_cart". {"route_parameters":{"_controller":"\\Eccube\\Controller\\Block\\CartController::index","_route":"block_cart"},"request_uri":"https://newjoy.co.jp/block/cart"} []
[2018-04-28 09:56:00] eccube.INFO: Matched route "block_login". {"route_parameters":{"_controller":"\\Eccube\\Controller\\Block\\LoginController::index","_route":"block_login"},"request_uri":"https://newjoy.co.jp/block/login"} []
[2018-04-28 09:56:00] eccube.INFO: Matched route "block_search_product". {"route_parameters":{"_controller":"\\Eccube\\Controller\\Block\\SearchProductController::index","_route":"block_search_product"},"request_uri":"https://newjoy.co.jp/block/search_product"} []
[2018-04-28 09:56:00] eccube.INFO: Matched route "block_category". {"route_parameters":{"_controller":"\\Eccube\\Controller\\Block\\CategoryController::index","_route":"block_category"},"request_uri":"https://newjoy.co.jp/block/category"} []
[2018-04-28 09:56:00] eccube.INFO: Matched route "block_checkeditem". {"route_parameters":{"_controller":"\\Plugin\\CheckedItem\\Controller\\CheckedItemController::index","_route":"block_checkeditem"},"request_uri":"https://newjoy.co.jp/block/checkeditem"} []
[2018-04-28 09:56:00] eccube.INFO: Matched route "block_main_menu". {"route_parameters":{"_controller":"\\Eccube\\Controller\\Block\\MainMenuController::index","_route":"block_main_menu"},"request_uri":"https://newjoy.co.jp/block/main_menu"} []
[2018-04-28 09:56:00] eccube.INFO: < 200 [] []
[2018-04-28 15:09:55] eccube.INFO: Matched route "homepage". {"route_parameters":{"_controller":"\\Eccube\\Controller\\TopController::index","_route":"homepage"},"request_uri":"https://newjoy.co.jp/"} []
[2018-04-28 15:09:55] eccube.INFO: Populated the TokenStorage with an anonymous Token. [] []
[2018-04-28 15:09:55] eccube.INFO: > GET / [] []
[2018-04-28 15:09:55] eccube.INFO: Matched route "block_cart". {"route_parameters":{"_controller":"\\Eccube\\Controller\\Block\\CartController::index","_route":"block_cart"},"request_uri":"https://newjoy.co.jp/block/cart"} []
[2018-04-28 15:09:55] eccube.INFO: Matched route "block_login". {"route_parameters":{"_controller":"\\Eccube\\Controller\\Block\\LoginController::index","_route":"block_login"},"request_uri":"https://newjoy.co.jp/block/login"} []
[2018-04-28 15:09:55] eccube.INFO: Matched route "block_search_product". {"route_parameters":{"_controller":"\\Eccube\\Controller\\Block\\SearchProductController::index","_route":"block_search_product"},"request_uri":"https://newjoy.co.jp/block/search_product"} []
[2018-04-28 15:09:55] eccube.INFO: Matched route "block_category". {"route_parameters":{"_controller":"\\Eccube\\Controller\\Block\\CategoryController::index","_route":"block_category"},"request_uri":"https://newjoy.co.jp/block/category"} []
[2018-04-28 15:09:55] eccube.INFO: Matched route "block_recommend_product_block". {"route_parameters":{"_controller":"\\Plugin\\Recommend\\Controller\\Block\\RecommendController::index","_route":"block_recommend_product_block"},"request_uri":"https://newjoy.co.jp/block/recommend_product_block"} []
[2018-04-28 15:09:56] eccube.INFO: Matched route "block_plg_shiro8_new_product_block". {"route_parameters":{"_controller":"\\Plugin\\Shiro8NewProductBlock3\\Controller\\Block\\Shiro8NewProductController::index","_route":"block_plg_shiro8_new_product_block"},"request_uri":"https://newjoy.co.jp/block/plg_shiro8_new_product_block"} []
[2018-04-28 15:09:56] eccube.INFO: Matched route "block_checkeditem". {"route_parameters":{"_controller":"\\Plugin\\CheckedItem\\Controller\\CheckedItemController::index","_route":"block_checkeditem"},"request_uri":"https://newjoy.co.jp/block/checkeditem"} []
[2018-04-28 15:09:56] eccube.INFO: Matched route "block_main_menu". {"route_parameters":{"_controller":"\\Eccube\\Controller\\Block\\MainMenuController::index","_route":"block_main_menu"},"request_uri":"https://newjoy.co.jp/block/main_menu"} []
[2018-04-28 15:09:56] eccube.INFO: Matched route "block_news". {"route_parameters":{"_controller":"\\Eccube\\Controller\\Block\\NewsController::index","_route":"block_news"},"request_uri":"https://newjoy.co.jp/block/news"} []
[2018-04-28 15:09:56] eccube.INFO: < 200 [] []
[2018-04-28 17:00:04] eccube.INFO: Matched route "homepage". {"route_parameters":{"_controller":"\\Eccube\\Controller\\TopController::index","_route":"homepage"},"request_uri":"https://newjoy.co.jp/"} []
[2018-04-28 17:00:04] eccube.INFO: Populated the TokenStorage with an anonymous Token. [] []
[2018-04-28 17:00:04] eccube.INFO: > GET / [] []
[2018-04-28 17:00:04] eccube.INFO: Matched route "block_cart". {"route_parameters":{"_controller":"\\Eccube\\Controller\\Block\\CartController::index","_route":"block_cart"},"request_uri":"https://newjoy.co.jp/block/cart"} []
[2018-04-28 17:00:04] eccube.INFO: Matched route "block_login". {"route_parameters":{"_controller":"\\Eccube\\Controller\\Block\\LoginController::index","_route":"block_login"},"request_uri":"https://newjoy.co.jp/block/login"} []
[2018-04-28 17:00:04] eccube.INFO: Matched route "block_search_product". {"route_parameters":{"_controller":"\\Eccube\\Controller\\Block\\SearchProductController::index","_route":"block_search_product"},"request_uri":"https://newjoy.co.jp/block/search_product"} []
[2018-04-28 17:00:04] eccube.INFO: Matched route "block_category". {"route_parameters":{"_controller":"\\Eccube\\Controller\\Block\\CategoryController::index","_route":"block_category"},"request_uri":"https://newjoy.co.jp/block/category"} []
[2018-04-28 17:00:05] eccube.INFO: Matched route "block_recommend_product_block". {"route_parameters":{"_controller":"\\Plugin\\Recommend\\Controller\\Block\\RecommendController::index","_route":"block_recommend_product_block"},"request_uri":"https://newjoy.co.jp/block/recommend_product_block"} []
[2018-04-28 17:00:05] eccube.INFO: Matched route "block_plg_shiro8_new_product_block". {"route_parameters":{"_controller":"\\Plugin\\Shiro8NewProductBlock3\\Controller\\Block\\Shiro8NewProductController::index","_route":"block_plg_shiro8_new_product_block"},"request_uri":"https://newjoy.co.jp/block/plg_shiro8_new_product_block"} []
[2018-04-28 17:00:05] eccube.INFO: Matched route "block_checkeditem". {"route_parameters":{"_controller":"\\Plugin\\CheckedItem\\Controller\\CheckedItemController::index","_route":"block_checkeditem"},"request_uri":"https://newjoy.co.jp/block/checkeditem"} []
[2018-04-28 17:00:05] eccube.INFO: Matched route "block_main_menu". {"route_parameters":{"_controller":"\\Eccube\\Controller\\Block\\MainMenuController::index","_route":"block_main_menu"},"request_uri":"https://newjoy.co.jp/block/main_menu"} []
[2018-04-28 17:00:05] eccube.INFO: Matched route "block_news". {"route_parameters":{"_controller":"\\Eccube\\Controller\\Block\\NewsController::index","_route":"block_news"},"request_uri":"https://newjoy.co.jp/block/news"} []
[2018-04-28 17:00:05] eccube.INFO: < 200 [] []
[2018-04-28 17:00:20] eccube.INFO: Matched route "product_detail". {"route_parameters":{"_controller":"\\Eccube\\Controller\\ProductController::detail","id":"15","_route":"product_detail"},"request_uri":"https://newjoy.co.jp/products/detail/15"} []
[2018-04-28 17:00:20] eccube.INFO: Populated the TokenStorage with an anonymous Token. [] []
[2018-04-28 17:00:20] eccube.INFO: > GET /products/detail/15 [] []
[2018-04-28 17:00:20] eccube.INFO: RelatedProduct trigger onRenderProductDetail start [] []
[2018-04-28 17:00:21] eccube.INFO: Event: product review hook into the product detail start. [] []
[2018-04-28 17:00:21] eccube.INFO: Event: product review render success. {"Product id":15} []
[2018-04-28 17:00:21] eccube.INFO: Event: product review hook into the product detail end. [] []
[2018-04-28 17:00:21] eccube.INFO: Matched route "block_cart". {"route_parameters":{"_controller":"\\Eccube\\Controller\\Block\\CartController::index","_route":"block_cart"},"request_uri":"https://newjoy.co.jp/block/cart"} []
[2018-04-28 17:00:21] eccube.INFO: Matched route "block_login". {"route_parameters":{"_controller":"\\Eccube\\Controller\\Block\\LoginController::index","_route":"block_login"},"request_uri":"https://newjoy.co.jp/block/login"} []
[2018-04-28 17:00:21] eccube.INFO: Matched route "block_search_product". {"route_parameters":{"_controller":"\\Eccube\\Controller\\Block\\SearchProductController::index","_route":"block_search_product"},"request_uri":"https://newjoy.co.jp/block/search_product"} []
[2018-04-28 17:00:21] eccube.INFO: Matched route "block_category". {"route_parameters":{"_controller":"\\Eccube\\Controller\\Block\\CategoryController::index","_route":"block_category"},"request_uri":"https://newjoy.co.jp/block/category"} []
[2018-04-28 17:00:21] eccube.INFO: Matched route "block_recommendify3_product_block". {"route_parameters":{"_controller":"\\Plugin\\Recommendify3\\Controller\\Block\\Recommendify3Controller::index","_route":"block_recommendify3_product_block"},"request_uri":"https://newjoy.co.jp/block/recommendify3_product_block"} []
[2018-04-28 17:00:22] eccube.INFO: Matched route "block_checkeditem". {"route_parameters":{"_controller":"\\Plugin\\CheckedItem\\Controller\\CheckedItemController::index","_route":"block_checkeditem"},"request_uri":"https://newjoy.co.jp/block/checkeditem"} []
[2018-04-28 17:00:22] eccube.INFO: Matched route "block_main_menu". {"route_parameters":{"_controller":"\\Eccube\\Controller\\Block\\MainMenuController::index","_route":"block_main_menu"},"request_uri":"https://newjoy.co.jp/block/main_menu"} []
[2018-04-28 17:00:22] eccube.INFO: < 200 [] []
[2018-04-28 17:00:34] eccube.INFO: Matched route "product_detail". {"route_parameters":{"_controller":"\\Eccube\\Controller\\ProductController::detail","id":"17","_route":"product_detail"},"request_uri":"https://newjoy.co.jp/products/detail/17"} []
[2018-04-28 17:00:34] eccube.INFO: Populated the TokenStorage with an anonymous Token. [] []
[2018-04-28 17:00:34] eccube.INFO: > GET /products/detail/17 [] []
[2018-04-28 17:00:34] eccube.INFO: RelatedProduct trigger onRenderProductDetail start [] []
[2018-04-28 17:00:34] eccube.INFO: Event: product review hook into the product detail start. [] []
[2018-04-28 17:00:34] eccube.INFO: Event: product review render success. {"Product id":17} []
[2018-04-28 17:00:34] eccube.INFO: Event: product review hook into the product detail end. [] []
[2018-04-28 17:00:34] eccube.INFO: Matched route "block_cart". {"route_parameters":{"_controller":"\\Eccube\\Controller\\Block\\CartController::index","_route":"block_cart"},"request_uri":"https://newjoy.co.jp/block/cart"} []
[2018-04-28 17:00:34] eccube.INFO: Matched route "block_login". {"route_parameters":{"_controller":"\\Eccube\\Controller\\Block\\LoginController::index","_route":"block_login"},"request_uri":"https://newjoy.co.jp/block/login"} []
[2018-04-28 17:00:34] eccube.INFO: Matched route "block_search_product". {"route_parameters":{"_controller":"\\Eccube\\Controller\\Block\\SearchProductController::index","_route":"block_search_product"},"request_uri":"https://newjoy.co.jp/block/search_product"} []
[2018-04-28 17:00:35] eccube.INFO: Matched route "block_category". {"route_parameters":{"_controller":"\\Eccube\\Controller\\Block\\CategoryController::index","_route":"block_category"},"request_uri":"https://newjoy.co.jp/block/category"} []
[2018-04-28 17:00:35] eccube.INFO: Matched route "block_recommendify3_product_block". {"route_parameters":{"_controller":"\\Plugin\\Recommendify3\\Controller\\Block\\Recommendify3Controller::index","_route":"block_recommendify3_product_block"},"request_uri":"https://newjoy.co.jp/block/recommendify3_product_block"} []
[2018-04-28 17:00:35] eccube.INFO: Matched route "block_checkeditem". {"route_parameters":{"_controller":"\\Plugin\\CheckedItem\\Controller\\CheckedItemController::index","_route":"block_checkeditem"},"request_uri":"https://newjoy.co.jp/block/checkeditem"} []
[2018-04-28 17:00:35] eccube.INFO: Matched route "block_main_menu". {"route_parameters":{"_controller":"\\Eccube\\Controller\\Block\\MainMenuController::index","_route":"block_main_menu"},"request_uri":"https://newjoy.co.jp/block/main_menu"} []
[2018-04-28 17:00:35] eccube.INFO: < 200 [] []
[2018-04-28 17:01:46] eccube.INFO: Matched route "n/a". {"route_parameters":{"_controller":"[object] (Closure: {})","_route":null,"url":"/admin/"},"request_uri":"https://newjoy.co.jp/admin"} []
[2018-04-28 17:01:46] eccube.INFO: Populated the TokenStorage with an anonymous Token. [] []
[2018-04-28 17:01:46] eccube.INFO: Matched route "admin_login". {"route_parameters":{"_controller":"\\Eccube\\Controller\\Admin\\AdminController::login","_route":"admin_login"},"request_uri":"https://newjoy.co.jp/admin/login"} []
[2018-04-28 17:01:47] eccube.INFO: < 401 [] []
[2018-04-28 17:02:03] eccube.INFO: Matched route "admin_login_check". {"route_parameters":{"_controller":null,"_route":"admin_login_check"},"request_uri":"https://newjoy.co.jp/admin/login_check"} []
[2018-04-28 17:02:04] eccube.INFO: User has been authenticated successfully. {"username":"manager"} []
[2018-04-28 17:02:04] eccube.INFO: < 302 https://newjoy.co.jp/admin [] []
[2018-04-28 17:02:05] eccube.INFO: Matched route "n/a". {"route_parameters":{"_controller":"[object] (Closure: {})","_route":null,"url":"/admin/"},"request_uri":"https://newjoy.co.jp/admin"} []
[2018-04-28 17:02:05] eccube.INFO: > GET /admin [] []
[2018-04-28 17:02:05] eccube.INFO: < 301 /admin/ [] []
[2018-04-28 17:02:05] eccube.INFO: Matched route "admin_homepage". {"route_parameters":{"_controller":"\\Eccube\\Controller\\Admin\\AdminController::index","_route":"admin_homepage"},"request_uri":"https://newjoy.co.jp/admin/"} []
[2018-04-28 17:02:05] eccube.INFO: > GET /admin/ [] []
[2018-04-28 17:02:06] eccube.INFO: < 200 [] []
[2018-04-28 17:02:25] eccube.INFO: Matched route "admin_content_page". {"route_parameters":{"_controller":"\\Eccube\\Controller\\Admin\\Content\\PageController::index","_route":"admin_content_page"},"request_uri":"https://newjoy.co.jp/admin/content/page"} []
[2018-04-28 17:02:25] eccube.INFO: > GET /admin/content/page [] []
[2018-04-28 17:02:25] eccube.INFO: < 200 [] []
[2018-04-28 17:02:38] eccube.INFO: Matched route "admin_content_layout_edit". {"route_parameters":{"_controller":"\\Eccube\\Controller\\Admin\\Content\\LayoutController::index","id":"52","_route":"admin_content_layout_edit"},"request_uri":"https://newjoy.co.jp/admin/content/layout/52/edit"} []
[2018-04-28 17:02:39] eccube.INFO: > GET /admin/content/layout/52/edit [] []
[2018-04-28 17:02:39] eccube.INFO: < 200 [] []
[2018-04-28 17:03:17] eccube.INFO: Matched route "admin_content_page_edit". {"route_parameters":{"_controller":"\\Eccube\\Controller\\Admin\\Content\\PageController::edit","id":"52","_route":"admin_content_page_edit"},"request_uri":"https://newjoy.co.jp/admin/content/page/52/edit"} []
[2018-04-28 17:03:17] eccube.INFO: > GET /admin/content/page/52/edit [] []
[2018-04-28 17:03:17] eccube.INFO: < 200 [] []
[2018-04-28 20:46:52] eccube.INFO: Matched route "n/a". {"route_parameters":{"_controller":"[object] (Closure: {})","_route":null,"url":"https://newjoy.co.jp/products/list?category_id=1"},"request_uri":"http://newjoy.co.jp/products/list?category_id=1"} []
[2018-04-28 20:46:52] eccube.INFO: Populated the TokenStorage with an anonymous Token. [] []
[2018-04-28 20:46:52] eccube.INFO: > GET /products/list?category_id=1 [] []
[2018-04-28 20:46:52] eccube.INFO: < 301 https://newjoy.co.jp/products/list?category_id=1 [] []
[2018-04-28 20:46:53] eccube.INFO: Matched route "product_list". {"route_parameters":{"_controller":"\\Eccube\\Controller\\ProductController::index","_route":"product_list"},"request_uri":"https://newjoy.co.jp/products/list?category_id=1"} []
[2018-04-28 20:46:53] eccube.INFO: Populated the TokenStorage with an anonymous Token. [] []
[2018-04-28 20:46:53] eccube.INFO: > GET /products/list?category_id=1 [] []
[2018-04-28 20:46:54] eccube.INFO: CategoryContent Product/list.twig start [] []
[2018-04-28 20:46:54] eccube.INFO: Matched route "block_cart". {"route_parameters":{"_controller":"\\Eccube\\Controller\\Block\\CartController::index","_route":"block_cart"},"request_uri":"https://newjoy.co.jp/block/cart"} []
[2018-04-28 20:46:54] eccube.INFO: Matched route "block_login". {"route_parameters":{"_controller":"\\Eccube\\Controller\\Block\\LoginController::index","_route":"block_login"},"request_uri":"https://newjoy.co.jp/block/login"} []
[2018-04-28 20:46:54] eccube.INFO: Matched route "block_search_product". {"route_parameters":{"_controller":"\\Eccube\\Controller\\Block\\SearchProductController::index","_route":"block_search_product"},"request_uri":"https://newjoy.co.jp/block/search_product"} []
[2018-04-28 20:46:54] eccube.INFO: Matched route "block_category". {"route_parameters":{"_controller":"\\Eccube\\Controller\\Block\\CategoryController::index","_route":"block_category"},"request_uri":"https://newjoy.co.jp/block/category"} []
[2018-04-28 20:46:54] eccube.INFO: Matched route "block_checkeditem". {"route_parameters":{"_controller":"\\Plugin\\CheckedItem\\Controller\\CheckedItemController::index","_route":"block_checkeditem"},"request_uri":"https://newjoy.co.jp/block/checkeditem"} []
[2018-04-28 20:46:54] eccube.INFO: Matched route "block_main_menu". {"route_parameters":{"_controller":"\\Eccube\\Controller\\Block\\MainMenuController::index","_route":"block_main_menu"},"request_uri":"https://newjoy.co.jp/block/main_menu"} []
[2018-04-28 20:46:54] eccube.INFO: < 200 [] []
[2018-04-28 22:17:47] eccube.INFO: Matched route "n/a". {"route_parameters":{"_controller":"[object] (Closure: {})","_route":null,"url":"https://newjoy.co.jp/products/list"},"request_uri":"http://newjoy.co.jp/products/list"} []
[2018-04-28 22:17:47] eccube.INFO: Populated the TokenStorage with an anonymous Token. [] []
[2018-04-28 22:17:47] eccube.INFO: > GET /products/list [] []
[2018-04-28 22:17:47] eccube.INFO: < 301 https://newjoy.co.jp/products/list [] []
[2018-04-28 22:17:48] eccube.INFO: Matched route "product_list". {"route_parameters":{"_controller":"\\Eccube\\Controller\\ProductController::index","_route":"product_list"},"request_uri":"https://newjoy.co.jp/products/list"} []
[2018-04-28 22:17:48] eccube.INFO: Populated the TokenStorage with an anonymous Token. [] []
[2018-04-28 22:17:48] eccube.INFO: > GET /products/list [] []
[2018-04-28 22:17:50] eccube.INFO: CategoryContent Product/list.twig start [] []
[2018-04-28 22:17:50] eccube.INFO: Matched route "block_cart". {"route_parameters":{"_controller":"\\Eccube\\Controller\\Block\\CartController::index","_route":"block_cart"},"request_uri":"https://newjoy.co.jp/block/cart"} []
[2018-04-28 22:17:50] eccube.INFO: Matched route "block_login". {"route_parameters":{"_controller":"\\Eccube\\Controller\\Block\\LoginController::index","_route":"block_login"},"request_uri":"https://newjoy.co.jp/block/login"} []
[2018-04-28 22:17:50] eccube.INFO: Matched route "block_search_product". {"route_parameters":{"_controller":"\\Eccube\\Controller\\Block\\SearchProductController::index","_route":"block_search_product"},"request_uri":"https://newjoy.co.jp/block/search_product"} []
[2018-04-28 22:17:51] eccube.INFO: Matched route "block_category". {"route_parameters":{"_controller":"\\Eccube\\Controller\\Block\\CategoryController::index","_route":"block_category"},"request_uri":"https://newjoy.co.jp/block/category"} []
[2018-04-28 22:17:51] eccube.INFO: Matched route "block_checkeditem". {"route_parameters":{"_controller":"\\Plugin\\CheckedItem\\Controller\\CheckedItemController::index","_route":"block_checkeditem"},"request_uri":"https://newjoy.co.jp/block/checkeditem"} []
[2018-04-28 22:17:51] eccube.INFO: Matched route "block_main_menu". {"route_parameters":{"_controller":"\\Eccube\\Controller\\Block\\MainMenuController::index","_route":"block_main_menu"},"request_uri":"https://newjoy.co.jp/block/main_menu"} []
[2018-04-28 22:17:51] eccube.INFO: < 200 [] []
[2018-04-28 22:59:16] eccube.INFO: Matched route "n/a". {"route_parameters":{"_controller":"[object] (Closure: {})","_route":null,"url":"https://newjoy.co.jp/products/list?category_id=10"},"request_uri":"http://newjoy.co.jp/products/list?category_id=10"} []
[2018-04-28 22:59:16] eccube.INFO: Populated the TokenStorage with an anonymous Token. [] []
[2018-04-28 22:59:16] eccube.INFO: > GET /products/list?category_id=10 [] []
[2018-04-28 22:59:16] eccube.INFO: < 301 https://newjoy.co.jp/products/list?category_id=10 [] []
[2018-04-28 22:59:17] eccube.INFO: Matched route "product_list". {"route_parameters":{"_controller":"\\Eccube\\Controller\\ProductController::index","_route":"product_list"},"request_uri":"https://newjoy.co.jp/products/list?category_id=10"} []
[2018-04-28 22:59:17] eccube.INFO: Populated the TokenStorage with an anonymous Token. [] []
[2018-04-28 22:59:17] eccube.INFO: > GET /products/list?category_id=10 [] []
[2018-04-28 22:59:17] eccube.INFO: CategoryContent Product/list.twig start [] []
[2018-04-28 22:59:17] eccube.INFO: CategoryContent Product/list.twig end [] []
[2018-04-28 22:59:17] eccube.INFO: Matched route "block_cart". {"route_parameters":{"_controller":"\\Eccube\\Controller\\Block\\CartController::index","_route":"block_cart"},"request_uri":"https://newjoy.co.jp/block/cart"} []
[2018-04-28 22:59:17] eccube.INFO: Matched route "block_login". {"route_parameters":{"_controller":"\\Eccube\\Controller\\Block\\LoginController::index","_route":"block_login"},"request_uri":"https://newjoy.co.jp/block/login"} []
[2018-04-28 22:59:17] eccube.INFO: Matched route "block_search_product". {"route_parameters":{"_controller":"\\Eccube\\Controller\\Block\\SearchProductController::index","_route":"block_search_product"},"request_uri":"https://newjoy.co.jp/block/search_product"} []
[2018-04-28 22:59:18] eccube.INFO: Matched route "block_category". {"route_parameters":{"_controller":"\\Eccube\\Controller\\Block\\CategoryController::index","_route":"block_category"},"request_uri":"https://newjoy.co.jp/block/category"} []
[2018-04-28 22:59:18] eccube.INFO: Matched route "block_checkeditem". {"route_parameters":{"_controller":"\\Plugin\\CheckedItem\\Controller\\CheckedItemController::index","_route":"block_checkeditem"},"request_uri":"https://newjoy.co.jp/block/checkeditem"} []
[2018-04-28 22:59:18] eccube.INFO: Matched route "block_main_menu". {"route_parameters":{"_controller":"\\Eccube\\Controller\\Block\\MainMenuController::index","_route":"block_main_menu"},"request_uri":"https://newjoy.co.jp/block/main_menu"} []
[2018-04-28 22:59:18] eccube.INFO: < 200 [] []
