[2018-04-15 05:16:20] eccube.INFO: Matched route "product_list". {"route_parameters":{"_controller":"\\Eccube\\Controller\\ProductController::index","_route":"product_list"},"request_uri":"http://newjoy.co.jp/products/list?category_id=9"} []
[2018-04-15 05:16:20] eccube.INFO: Populated the TokenStorage with an anonymous Token. [] []
[2018-04-15 05:16:20] eccube.INFO: > GET /products/list?category_id=9 [] []
[2018-04-15 05:16:20] eccube.INFO: CategoryContent Product/list.twig start [] []
[2018-04-15 05:16:20] eccube.INFO: Matched route "block_cart". {"route_parameters":{"_controller":"\\Eccube\\Controller\\Block\\CartController::index","_route":"block_cart"},"request_uri":"http://newjoy.co.jp/block/cart"} []
[2018-04-15 05:16:20] eccube.INFO: Matched route "block_login". {"route_parameters":{"_controller":"\\Eccube\\Controller\\Block\\LoginController::index","_route":"block_login"},"request_uri":"http://newjoy.co.jp/block/login"} []
[2018-04-15 05:16:20] eccube.INFO: Matched route "block_search_product". {"route_parameters":{"_controller":"\\Eccube\\Controller\\Block\\SearchProductController::index","_route":"block_search_product"},"request_uri":"http://newjoy.co.jp/block/search_product"} []
[2018-04-15 05:16:21] eccube.INFO: Matched route "block_category". {"route_parameters":{"_controller":"\\Eccube\\Controller\\Block\\CategoryController::index","_route":"block_category"},"request_uri":"http://newjoy.co.jp/block/category"} []
[2018-04-15 05:16:21] eccube.INFO: Matched route "block_checkeditem". {"route_parameters":{"_controller":"\\Plugin\\CheckedItem\\Controller\\CheckedItemController::index","_route":"block_checkeditem"},"request_uri":"http://newjoy.co.jp/block/checkeditem"} []
[2018-04-15 05:16:21] eccube.INFO: Matched route "block_main_menu". {"route_parameters":{"_controller":"\\Eccube\\Controller\\Block\\MainMenuController::index","_route":"block_main_menu"},"request_uri":"http://newjoy.co.jp/block/main_menu"} []
[2018-04-15 05:16:21] eccube.INFO: < 200 [] []
[2018-04-15 06:29:48] eccube.INFO: Matched route "product_detail". {"route_parameters":{"_controller":"\\Eccube\\Controller\\ProductController::detail","id":"5","_route":"product_detail"},"request_uri":"http://newjoy.co.jp/products/detail/5"} []
[2018-04-15 06:29:48] eccube.INFO: Populated the TokenStorage with an anonymous Token. [] []
[2018-04-15 06:29:48] eccube.INFO: > GET /products/detail/5 [] []
[2018-04-15 06:29:48] eccube.INFO: RelatedProduct trigger onRenderProductDetail start [] []
[2018-04-15 06:29:48] eccube.INFO: Render related product with  {"RELATED_PRODUCT_TAG":"<!--# related-product-plugin-tag #-->"} []
[2018-04-15 06:29:48] eccube.INFO: RelatedProduct trigger onRenderProductDetail finish [] []
[2018-04-15 06:29:48] eccube.INFO: Matched route "block_cart". {"route_parameters":{"_controller":"\\Eccube\\Controller\\Block\\CartController::index","_route":"block_cart"},"request_uri":"http://newjoy.co.jp/block/cart"} []
[2018-04-15 06:29:48] eccube.INFO: Matched route "block_login". {"route_parameters":{"_controller":"\\Eccube\\Controller\\Block\\LoginController::index","_route":"block_login"},"request_uri":"http://newjoy.co.jp/block/login"} []
[2018-04-15 06:29:48] eccube.INFO: Matched route "block_search_product". {"route_parameters":{"_controller":"\\Eccube\\Controller\\Block\\SearchProductController::index","_route":"block_search_product"},"request_uri":"http://newjoy.co.jp/block/search_product"} []
[2018-04-15 06:29:48] eccube.INFO: Matched route "block_category". {"route_parameters":{"_controller":"\\Eccube\\Controller\\Block\\CategoryController::index","_route":"block_category"},"request_uri":"http://newjoy.co.jp/block/category"} []
[2018-04-15 06:29:49] eccube.INFO: Matched route "block_checkeditem". {"route_parameters":{"_controller":"\\Plugin\\CheckedItem\\Controller\\CheckedItemController::index","_route":"block_checkeditem"},"request_uri":"http://newjoy.co.jp/block/checkeditem"} []
[2018-04-15 06:29:49] eccube.INFO: Matched route "block_main_menu". {"route_parameters":{"_controller":"\\Eccube\\Controller\\Block\\MainMenuController::index","_route":"block_main_menu"},"request_uri":"http://newjoy.co.jp/block/main_menu"} []
[2018-04-15 06:29:49] eccube.INFO: < 200 [] []
[2018-04-15 06:30:00] eccube.INFO: Matched route "product_detail". {"route_parameters":{"_controller":"\\Eccube\\Controller\\ProductController::detail","id":"5","_route":"product_detail"},"request_uri":"http://newjoy.co.jp/products/detail/5"} []
[2018-04-15 06:30:00] eccube.INFO: Populated the TokenStorage with an anonymous Token. [] []
[2018-04-15 06:30:00] eccube.INFO: > GET /products/detail/5 [] []
[2018-04-15 06:30:00] eccube.INFO: RelatedProduct trigger onRenderProductDetail start [] []
[2018-04-15 06:30:00] eccube.INFO: Render related product with  {"RELATED_PRODUCT_TAG":"<!--# related-product-plugin-tag #-->"} []
[2018-04-15 06:30:00] eccube.INFO: RelatedProduct trigger onRenderProductDetail finish [] []
[2018-04-15 06:30:00] eccube.INFO: Matched route "block_cart". {"route_parameters":{"_controller":"\\Eccube\\Controller\\Block\\CartController::index","_route":"block_cart"},"request_uri":"http://newjoy.co.jp/block/cart"} []
[2018-04-15 06:30:00] eccube.INFO: Matched route "block_login". {"route_parameters":{"_controller":"\\Eccube\\Controller\\Block\\LoginController::index","_route":"block_login"},"request_uri":"http://newjoy.co.jp/block/login"} []
[2018-04-15 06:30:00] eccube.INFO: Matched route "block_search_product". {"route_parameters":{"_controller":"\\Eccube\\Controller\\Block\\SearchProductController::index","_route":"block_search_product"},"request_uri":"http://newjoy.co.jp/block/search_product"} []
[2018-04-15 06:30:00] eccube.INFO: Matched route "block_category". {"route_parameters":{"_controller":"\\Eccube\\Controller\\Block\\CategoryController::index","_route":"block_category"},"request_uri":"http://newjoy.co.jp/block/category"} []
[2018-04-15 06:30:00] eccube.INFO: Matched route "block_checkeditem". {"route_parameters":{"_controller":"\\Plugin\\CheckedItem\\Controller\\CheckedItemController::index","_route":"block_checkeditem"},"request_uri":"http://newjoy.co.jp/block/checkeditem"} []
[2018-04-15 06:30:00] eccube.INFO: Matched route "block_main_menu". {"route_parameters":{"_controller":"\\Eccube\\Controller\\Block\\MainMenuController::index","_route":"block_main_menu"},"request_uri":"http://newjoy.co.jp/block/main_menu"} []
[2018-04-15 06:30:00] eccube.INFO: < 200 [] []
