[2018-05-03 01:07:43] eccube.INFO: Matched route "product_detail". {"route_parameters":{"_controller":"\\Eccube\\Controller\\ProductController::detail","id":"16","_route":"product_detail"},"request_uri":"https://newjoy.co.jp/products/detail/16"} []
[2018-05-03 01:07:43] eccube.INFO: Populated the TokenStorage with an anonymous Token. [] []
[2018-05-03 01:07:43] eccube.INFO: > GET /products/detail/16 [] []
[2018-05-03 01:07:43] eccube.INFO: Matched route "product_detail". {"route_parameters":{"_controller":"\\Eccube\\Controller\\ProductController::detail","id":"16","_route":"product_detail"},"request_uri":"https://newjoy.co.jp/products/detail/16"} []
[2018-05-03 01:07:43] eccube.INFO: Populated the TokenStorage with an anonymous Token. [] []
[2018-05-03 01:07:43] eccube.INFO: > GET /products/detail/16 [] []
[2018-05-03 01:07:43] eccube.INFO: RelatedProduct trigger onRenderProductDetail start [] []
[2018-05-03 01:07:43] eccube.INFO: RelatedProduct trigger onRenderProductDetail start [] []
[2018-05-03 01:07:43] eccube.INFO: Event: product review hook into the product detail start. [] []
[2018-05-03 01:07:43] eccube.INFO: Event: product review hook into the product detail start. [] []
[2018-05-03 01:07:43] eccube.INFO: Event: product review render success. {"Product id":16} []
[2018-05-03 01:07:43] eccube.INFO: Event: product review hook into the product detail end. [] []
[2018-05-03 01:07:43] eccube.INFO: Event: product review render success. {"Product id":16} []
[2018-05-03 01:07:43] eccube.INFO: Event: product review hook into the product detail end. [] []
[2018-05-03 01:07:43] eccube.INFO: Matched route "block_cart". {"route_parameters":{"_controller":"\\Eccube\\Controller\\Block\\CartController::index","_route":"block_cart"},"request_uri":"https://newjoy.co.jp/block/cart"} []
[2018-05-03 01:07:43] eccube.INFO: Matched route "block_cart". {"route_parameters":{"_controller":"\\Eccube\\Controller\\Block\\CartController::index","_route":"block_cart"},"request_uri":"https://newjoy.co.jp/block/cart"} []
[2018-05-03 01:07:43] eccube.INFO: Matched route "block_login". {"route_parameters":{"_controller":"\\Eccube\\Controller\\Block\\LoginController::index","_route":"block_login"},"request_uri":"https://newjoy.co.jp/block/login"} []
[2018-05-03 01:07:43] eccube.INFO: Matched route "block_login". {"route_parameters":{"_controller":"\\Eccube\\Controller\\Block\\LoginController::index","_route":"block_login"},"request_uri":"https://newjoy.co.jp/block/login"} []
[2018-05-03 01:07:43] eccube.INFO: Matched route "block_search_product". {"route_parameters":{"_controller":"\\Eccube\\Controller\\Block\\SearchProductController::index","_route":"block_search_product"},"request_uri":"https://newjoy.co.jp/block/search_product"} []
[2018-05-03 01:07:43] eccube.INFO: Matched route "block_search_product". {"route_parameters":{"_controller":"\\Eccube\\Controller\\Block\\SearchProductController::index","_route":"block_search_product"},"request_uri":"https://newjoy.co.jp/block/search_product"} []
[2018-05-03 01:07:43] eccube.INFO: Matched route "block_category". {"route_parameters":{"_controller":"\\Eccube\\Controller\\Block\\CategoryController::index","_route":"block_category"},"request_uri":"https://newjoy.co.jp/block/category"} []
[2018-05-03 01:07:43] eccube.INFO: Matched route "block_category". {"route_parameters":{"_controller":"\\Eccube\\Controller\\Block\\CategoryController::index","_route":"block_category"},"request_uri":"https://newjoy.co.jp/block/category"} []
[2018-05-03 01:07:43] eccube.INFO: Matched route "block_recommendify3_product_block". {"route_parameters":{"_controller":"\\Plugin\\Recommendify3\\Controller\\Block\\Recommendify3Controller::index","_route":"block_recommendify3_product_block"},"request_uri":"https://newjoy.co.jp/block/recommendify3_product_block"} []
[2018-05-03 01:07:43] eccube.INFO: Matched route "block_recommendify3_product_block". {"route_parameters":{"_controller":"\\Plugin\\Recommendify3\\Controller\\Block\\Recommendify3Controller::index","_route":"block_recommendify3_product_block"},"request_uri":"https://newjoy.co.jp/block/recommendify3_product_block"} []
[2018-05-03 01:07:44] eccube.INFO: Matched route "block_checkeditem". {"route_parameters":{"_controller":"\\Plugin\\CheckedItem\\Controller\\CheckedItemController::index","_route":"block_checkeditem"},"request_uri":"https://newjoy.co.jp/block/checkeditem"} []
[2018-05-03 01:07:44] eccube.INFO: Matched route "block_main_menu". {"route_parameters":{"_controller":"\\Eccube\\Controller\\Block\\MainMenuController::index","_route":"block_main_menu"},"request_uri":"https://newjoy.co.jp/block/main_menu"} []
[2018-05-03 01:07:44] eccube.INFO: Matched route "block_checkeditem". {"route_parameters":{"_controller":"\\Plugin\\CheckedItem\\Controller\\CheckedItemController::index","_route":"block_checkeditem"},"request_uri":"https://newjoy.co.jp/block/checkeditem"} []
[2018-05-03 01:07:44] eccube.INFO: Matched route "block_main_menu". {"route_parameters":{"_controller":"\\Eccube\\Controller\\Block\\MainMenuController::index","_route":"block_main_menu"},"request_uri":"https://newjoy.co.jp/block/main_menu"} []
[2018-05-03 01:07:44] eccube.INFO: < 200 [] []
[2018-05-03 01:07:44] eccube.INFO: < 200 [] []
[2018-05-03 01:39:28] eccube.INFO: Matched route "n/a". {"route_parameters":{"_controller":"[object] (Closure: {})","_route":null,"url":"https://newjoy.co.jp/products/list?mode=&category_id=&name=%E3%83%9A%E3%82%A2%E3%83%AB%E3%83%83%E3%82%AF&pageno=1&disp_number=30&orderby=0"},"request_uri":"http://newjoy.co.jp/products/list?category_id=&disp_number=30&mode=&name=%E3%83%9A%E3%82%A2%E3%83%AB%E3%83%83%E3%82%AF&orderby=0&pageno=1"} []
[2018-05-03 01:39:28] eccube.INFO: Populated the TokenStorage with an anonymous Token. [] []
[2018-05-03 01:39:28] eccube.INFO: > GET /products/list?mode=&category_id=&name=%E3%83%9A%E3%82%A2%E3%83%AB%E3%83%83%E3%82%AF&pageno=1&disp_number=30&orderby=0 [] []
[2018-05-03 01:39:28] eccube.INFO: < 301 https://newjoy.co.jp/products/list?mode=&category_id=&name=%E3%83%9A%E3%82%A2%E3%83%AB%E3%83%83%E3%82%AF&pageno=1&disp_number=30&orderby=0 [] []
[2018-05-03 01:39:29] eccube.INFO: Matched route "product_list". {"route_parameters":{"_controller":"\\Eccube\\Controller\\ProductController::index","_route":"product_list"},"request_uri":"https://newjoy.co.jp/products/list?category_id=&disp_number=30&mode=&name=%E3%83%9A%E3%82%A2%E3%83%AB%E3%83%83%E3%82%AF&orderby=0&pageno=1"} []
[2018-05-03 01:39:29] eccube.INFO: Populated the TokenStorage with an anonymous Token. [] []
[2018-05-03 01:39:29] eccube.INFO: > GET /products/list?mode=&category_id=&name=%E3%83%9A%E3%82%A2%E3%83%AB%E3%83%83%E3%82%AF&pageno=1&disp_number=30&orderby=0 [] []
[2018-05-03 01:39:30] eccube.INFO: CategoryContent Product/list.twig start [] []
[2018-05-03 01:39:30] eccube.INFO: Matched route "block_cart". {"route_parameters":{"_controller":"\\Eccube\\Controller\\Block\\CartController::index","_route":"block_cart"},"request_uri":"https://newjoy.co.jp/block/cart"} []
[2018-05-03 01:39:30] eccube.INFO: Matched route "block_login". {"route_parameters":{"_controller":"\\Eccube\\Controller\\Block\\LoginController::index","_route":"block_login"},"request_uri":"https://newjoy.co.jp/block/login"} []
[2018-05-03 01:39:30] eccube.INFO: Matched route "block_search_product". {"route_parameters":{"_controller":"\\Eccube\\Controller\\Block\\SearchProductController::index","_route":"block_search_product"},"request_uri":"https://newjoy.co.jp/block/search_product"} []
[2018-05-03 01:39:30] eccube.INFO: Matched route "block_category". {"route_parameters":{"_controller":"\\Eccube\\Controller\\Block\\CategoryController::index","_route":"block_category"},"request_uri":"https://newjoy.co.jp/block/category"} []
[2018-05-03 01:39:30] eccube.INFO: Matched route "block_checkeditem". {"route_parameters":{"_controller":"\\Plugin\\CheckedItem\\Controller\\CheckedItemController::index","_route":"block_checkeditem"},"request_uri":"https://newjoy.co.jp/block/checkeditem"} []
[2018-05-03 01:39:30] eccube.INFO: Matched route "block_main_menu". {"route_parameters":{"_controller":"\\Eccube\\Controller\\Block\\MainMenuController::index","_route":"block_main_menu"},"request_uri":"https://newjoy.co.jp/block/main_menu"} []
[2018-05-03 01:39:30] eccube.INFO: < 200 [] []
[2018-05-03 02:45:39] eccube.INFO: Matched route "n/a". {"route_parameters":{"_controller":"[object] (Closure: {})","_route":null,"url":"https://www.newjoy.co.jp/"},"request_uri":"http://www.newjoy.co.jp/"} []
[2018-05-03 02:45:39] eccube.INFO: Populated the TokenStorage with an anonymous Token. [] []
[2018-05-03 02:45:39] eccube.INFO: > GET / [] []
[2018-05-03 02:45:39] eccube.INFO: < 301 https://www.newjoy.co.jp/ [] []
[2018-05-03 03:26:43] eccube.INFO: Matched route "product_list". {"route_parameters":{"_controller":"\\Eccube\\Controller\\ProductController::index","_route":"product_list"},"request_uri":"https://newjoy.co.jp/products/list?category_id=58&disp_number=30&mode=&name=&orderby=0&pageno=1"} []
[2018-05-03 03:26:43] eccube.INFO: Populated the TokenStorage with an anonymous Token. [] []
[2018-05-03 03:26:43] eccube.INFO: > GET /products/list?mode=&category_id=58&name=&pageno=1&disp_number=30&orderby=0 [] []
[2018-05-03 03:26:43] eccube.INFO: CategoryContent Product/list.twig start [] []
[2018-05-03 03:26:43] eccube.INFO: Matched route "block_cart". {"route_parameters":{"_controller":"\\Eccube\\Controller\\Block\\CartController::index","_route":"block_cart"},"request_uri":"https://newjoy.co.jp/block/cart"} []
[2018-05-03 03:26:43] eccube.INFO: Matched route "block_login". {"route_parameters":{"_controller":"\\Eccube\\Controller\\Block\\LoginController::index","_route":"block_login"},"request_uri":"https://newjoy.co.jp/block/login"} []
[2018-05-03 03:26:43] eccube.INFO: Matched route "block_search_product". {"route_parameters":{"_controller":"\\Eccube\\Controller\\Block\\SearchProductController::index","_route":"block_search_product"},"request_uri":"https://newjoy.co.jp/block/search_product"} []
[2018-05-03 03:26:44] eccube.INFO: Matched route "block_category". {"route_parameters":{"_controller":"\\Eccube\\Controller\\Block\\CategoryController::index","_route":"block_category"},"request_uri":"https://newjoy.co.jp/block/category"} []
[2018-05-03 03:26:44] eccube.INFO: Matched route "block_checkeditem". {"route_parameters":{"_controller":"\\Plugin\\CheckedItem\\Controller\\CheckedItemController::index","_route":"block_checkeditem"},"request_uri":"https://newjoy.co.jp/block/checkeditem"} []
[2018-05-03 03:26:44] eccube.INFO: Matched route "block_main_menu". {"route_parameters":{"_controller":"\\Eccube\\Controller\\Block\\MainMenuController::index","_route":"block_main_menu"},"request_uri":"https://newjoy.co.jp/block/main_menu"} []
[2018-05-03 03:26:44] eccube.INFO: < 200 [] []
[2018-05-03 04:02:40] eccube.INFO: Matched route "n/a". {"route_parameters":{"_controller":"[object] (Closure: {})","_route":null,"url":"https://newjoy.co.jp/products/list?category_id=19"},"request_uri":"http://newjoy.co.jp/products/list?category_id=19"} []
[2018-05-03 04:02:40] eccube.INFO: Populated the TokenStorage with an anonymous Token. [] []
[2018-05-03 04:02:40] eccube.INFO: > GET /products/list?category_id=19 [] []
[2018-05-03 04:02:40] eccube.INFO: < 301 https://newjoy.co.jp/products/list?category_id=19 [] []
[2018-05-03 04:02:41] eccube.INFO: Matched route "product_list". {"route_parameters":{"_controller":"\\Eccube\\Controller\\ProductController::index","_route":"product_list"},"request_uri":"https://newjoy.co.jp/products/list?category_id=19"} []
[2018-05-03 04:02:41] eccube.INFO: Populated the TokenStorage with an anonymous Token. [] []
[2018-05-03 04:02:41] eccube.INFO: > GET /products/list?category_id=19 [] []
[2018-05-03 04:02:42] eccube.INFO: CategoryContent Product/list.twig start [] []
[2018-05-03 04:02:42] eccube.INFO: Matched route "block_cart". {"route_parameters":{"_controller":"\\Eccube\\Controller\\Block\\CartController::index","_route":"block_cart"},"request_uri":"https://newjoy.co.jp/block/cart"} []
[2018-05-03 04:02:42] eccube.INFO: Matched route "block_login". {"route_parameters":{"_controller":"\\Eccube\\Controller\\Block\\LoginController::index","_route":"block_login"},"request_uri":"https://newjoy.co.jp/block/login"} []
[2018-05-03 04:02:42] eccube.INFO: Matched route "block_search_product". {"route_parameters":{"_controller":"\\Eccube\\Controller\\Block\\SearchProductController::index","_route":"block_search_product"},"request_uri":"https://newjoy.co.jp/block/search_product"} []
[2018-05-03 04:02:42] eccube.INFO: Matched route "block_category". {"route_parameters":{"_controller":"\\Eccube\\Controller\\Block\\CategoryController::index","_route":"block_category"},"request_uri":"https://newjoy.co.jp/block/category"} []
[2018-05-03 04:02:42] eccube.INFO: Matched route "block_checkeditem". {"route_parameters":{"_controller":"\\Plugin\\CheckedItem\\Controller\\CheckedItemController::index","_route":"block_checkeditem"},"request_uri":"https://newjoy.co.jp/block/checkeditem"} []
[2018-05-03 04:02:42] eccube.INFO: Matched route "block_main_menu". {"route_parameters":{"_controller":"\\Eccube\\Controller\\Block\\MainMenuController::index","_route":"block_main_menu"},"request_uri":"https://newjoy.co.jp/block/main_menu"} []
[2018-05-03 04:02:42] eccube.INFO: < 200 [] []
[2018-05-03 05:25:45] eccube.INFO: Matched route "product_list". {"route_parameters":{"_controller":"\\Eccube\\Controller\\ProductController::index","_route":"product_list"},"request_uri":"https://newjoy.co.jp/products/list?category_id=46&disp_number=30&mode=&name=&orderby=0&pageno=1"} []
[2018-05-03 05:25:45] eccube.INFO: Populated the TokenStorage with an anonymous Token. [] []
[2018-05-03 05:25:45] eccube.INFO: > GET /products/list?mode=&category_id=46&name=&pageno=1&disp_number=30&orderby=0 [] []
[2018-05-03 05:25:46] eccube.INFO: CategoryContent Product/list.twig start [] []
[2018-05-03 05:25:46] eccube.INFO: Matched route "block_cart". {"route_parameters":{"_controller":"\\Eccube\\Controller\\Block\\CartController::index","_route":"block_cart"},"request_uri":"https://newjoy.co.jp/block/cart"} []
[2018-05-03 05:25:46] eccube.INFO: Matched route "block_login". {"route_parameters":{"_controller":"\\Eccube\\Controller\\Block\\LoginController::index","_route":"block_login"},"request_uri":"https://newjoy.co.jp/block/login"} []
[2018-05-03 05:25:46] eccube.INFO: Matched route "block_search_product". {"route_parameters":{"_controller":"\\Eccube\\Controller\\Block\\SearchProductController::index","_route":"block_search_product"},"request_uri":"https://newjoy.co.jp/block/search_product"} []
[2018-05-03 05:25:46] eccube.INFO: Matched route "block_category". {"route_parameters":{"_controller":"\\Eccube\\Controller\\Block\\CategoryController::index","_route":"block_category"},"request_uri":"https://newjoy.co.jp/block/category"} []
[2018-05-03 05:25:47] eccube.INFO: Matched route "block_checkeditem". {"route_parameters":{"_controller":"\\Plugin\\CheckedItem\\Controller\\CheckedItemController::index","_route":"block_checkeditem"},"request_uri":"https://newjoy.co.jp/block/checkeditem"} []
[2018-05-03 05:25:47] eccube.INFO: Matched route "block_main_menu". {"route_parameters":{"_controller":"\\Eccube\\Controller\\Block\\MainMenuController::index","_route":"block_main_menu"},"request_uri":"https://newjoy.co.jp/block/main_menu"} []
[2018-05-03 05:25:47] eccube.INFO: < 200 [] []
[2018-05-03 07:51:23] eccube.INFO: Matched route "product_list". {"route_parameters":{"_controller":"\\Eccube\\Controller\\ProductController::index","_route":"product_list"},"request_uri":"https://newjoy.co.jp/products/list?category_id=24&disp_number=30&mode=&name=&orderby=0&pageno=1"} []
[2018-05-03 07:51:23] eccube.INFO: Populated the TokenStorage with an anonymous Token. [] []
[2018-05-03 07:51:23] eccube.INFO: > GET /products/list?mode=&category_id=24&name=&pageno=1&disp_number=30&orderby=0 [] []
[2018-05-03 07:51:24] eccube.INFO: CategoryContent Product/list.twig start [] []
[2018-05-03 07:51:24] eccube.INFO: Matched route "block_cart". {"route_parameters":{"_controller":"\\Eccube\\Controller\\Block\\CartController::index","_route":"block_cart"},"request_uri":"https://newjoy.co.jp/block/cart"} []
[2018-05-03 07:51:24] eccube.INFO: Matched route "block_login". {"route_parameters":{"_controller":"\\Eccube\\Controller\\Block\\LoginController::index","_route":"block_login"},"request_uri":"https://newjoy.co.jp/block/login"} []
[2018-05-03 07:51:24] eccube.INFO: Matched route "block_search_product". {"route_parameters":{"_controller":"\\Eccube\\Controller\\Block\\SearchProductController::index","_route":"block_search_product"},"request_uri":"https://newjoy.co.jp/block/search_product"} []
[2018-05-03 07:51:24] eccube.INFO: Matched route "block_category". {"route_parameters":{"_controller":"\\Eccube\\Controller\\Block\\CategoryController::index","_route":"block_category"},"request_uri":"https://newjoy.co.jp/block/category"} []
[2018-05-03 07:51:24] eccube.INFO: Matched route "block_checkeditem". {"route_parameters":{"_controller":"\\Plugin\\CheckedItem\\Controller\\CheckedItemController::index","_route":"block_checkeditem"},"request_uri":"https://newjoy.co.jp/block/checkeditem"} []
[2018-05-03 07:51:24] eccube.INFO: Matched route "block_main_menu". {"route_parameters":{"_controller":"\\Eccube\\Controller\\Block\\MainMenuController::index","_route":"block_main_menu"},"request_uri":"https://newjoy.co.jp/block/main_menu"} []
[2018-05-03 07:51:24] eccube.INFO: < 200 [] []
[2018-05-03 09:52:07] eccube.INFO: Matched route "n/a". {"route_parameters":{"_controller":"[object] (Closure: {})","_route":null,"url":"https://newjoy.co.jp/"},"request_uri":"http://newjoy.co.jp/"} []
[2018-05-03 09:52:07] eccube.INFO: Populated the TokenStorage with an anonymous Token. [] []
[2018-05-03 09:52:07] eccube.INFO: > GET / [] []
[2018-05-03 09:52:07] eccube.INFO: < 301 https://newjoy.co.jp/ [] []
[2018-05-03 09:52:08] eccube.INFO: Matched route "homepage". {"route_parameters":{"_controller":"\\Eccube\\Controller\\TopController::index","_route":"homepage"},"request_uri":"https://newjoy.co.jp/"} []
[2018-05-03 09:52:08] eccube.INFO: Populated the TokenStorage with an anonymous Token. [] []
[2018-05-03 09:52:08] eccube.INFO: > GET / [] []
[2018-05-03 09:52:08] eccube.INFO: Matched route "block_cart". {"route_parameters":{"_controller":"\\Eccube\\Controller\\Block\\CartController::index","_route":"block_cart"},"request_uri":"https://newjoy.co.jp/block/cart"} []
[2018-05-03 09:52:08] eccube.INFO: Matched route "block_login". {"route_parameters":{"_controller":"\\Eccube\\Controller\\Block\\LoginController::index","_route":"block_login"},"request_uri":"https://newjoy.co.jp/block/login"} []
[2018-05-03 09:52:08] eccube.INFO: Matched route "block_search_product". {"route_parameters":{"_controller":"\\Eccube\\Controller\\Block\\SearchProductController::index","_route":"block_search_product"},"request_uri":"https://newjoy.co.jp/block/search_product"} []
[2018-05-03 09:52:08] eccube.INFO: Matched route "block_category". {"route_parameters":{"_controller":"\\Eccube\\Controller\\Block\\CategoryController::index","_route":"block_category"},"request_uri":"https://newjoy.co.jp/block/category"} []
[2018-05-03 09:52:08] eccube.INFO: Matched route "block_recommend_product_block". {"route_parameters":{"_controller":"\\Plugin\\Recommend\\Controller\\Block\\RecommendController::index","_route":"block_recommend_product_block"},"request_uri":"https://newjoy.co.jp/block/recommend_product_block"} []
[2018-05-03 09:52:09] eccube.INFO: Matched route "block_plg_shiro8_new_product_block". {"route_parameters":{"_controller":"\\Plugin\\Shiro8NewProductBlock3\\Controller\\Block\\Shiro8NewProductController::index","_route":"block_plg_shiro8_new_product_block"},"request_uri":"https://newjoy.co.jp/block/plg_shiro8_new_product_block"} []
[2018-05-03 09:52:09] eccube.INFO: Matched route "block_checkeditem". {"route_parameters":{"_controller":"\\Plugin\\CheckedItem\\Controller\\CheckedItemController::index","_route":"block_checkeditem"},"request_uri":"https://newjoy.co.jp/block/checkeditem"} []
[2018-05-03 09:52:09] eccube.INFO: Matched route "block_main_menu". {"route_parameters":{"_controller":"\\Eccube\\Controller\\Block\\MainMenuController::index","_route":"block_main_menu"},"request_uri":"https://newjoy.co.jp/block/main_menu"} []
[2018-05-03 09:52:09] eccube.INFO: Matched route "block_news". {"route_parameters":{"_controller":"\\Eccube\\Controller\\Block\\NewsController::index","_route":"block_news"},"request_uri":"https://newjoy.co.jp/block/news"} []
[2018-05-03 09:52:09] eccube.INFO: < 200 [] []
[2018-05-03 18:16:00] eccube.INFO: Matched route "shopping_complete". {"route_parameters":{"_controller":"\\Eccube\\Controller\\ShoppingController::complete","_route":"shopping_complete"},"request_uri":"https://newjoy.co.jp/shopping/complete"} []
[2018-05-03 18:16:00] eccube.INFO: Populated the TokenStorage with an anonymous Token. [] []
[2018-05-03 18:16:00] eccube.INFO: > GET /shopping/complete [] []
[2018-05-03 18:16:01] eccube.INFO: 購入処理完了 [null] []
[2018-05-03 18:16:01] eccube.CRITICAL: Doctrine\ORM\ORMException: The identifier id is missing for a query of Eccube\Entity\Order (uncaught exception) at /home/kir021669/public_html/newjoy.co.jp/vendor/doctrine/orm/lib/Doctrine/ORM/ORMException.php line 259 {"exception":"[object] (Doctrine\\ORM\\ORMException(code: 0): The identifier id is missing for a query of Eccube\\Entity\\Order at /home/kir021669/public_html/newjoy.co.jp/vendor/doctrine/orm/lib/Doctrine/ORM/ORMException.php:259)"} []
[2018-05-03 18:16:01] eccube.INFO: < 500 [] []
[2018-05-03 18:29:31] eccube.INFO: Matched route "product_list". {"route_parameters":{"_controller":"\\Eccube\\Controller\\ProductController::index","_route":"product_list"},"request_uri":"https://newjoy.co.jp/products/list?category_id=16&disp_number=30&mode=&name=&orderby=0&pageno=1"} []
[2018-05-03 18:29:31] eccube.INFO: Populated the TokenStorage with an anonymous Token. [] []
[2018-05-03 18:29:31] eccube.INFO: > GET /products/list?mode=&category_id=16&name=&pageno=1&disp_number=30&orderby=0 [] []
[2018-05-03 18:29:33] eccube.INFO: CategoryContent Product/list.twig start [] []
[2018-05-03 18:29:33] eccube.INFO: Matched route "block_cart". {"route_parameters":{"_controller":"\\Eccube\\Controller\\Block\\CartController::index","_route":"block_cart"},"request_uri":"https://newjoy.co.jp/block/cart"} []
[2018-05-03 18:29:33] eccube.INFO: Matched route "block_login". {"route_parameters":{"_controller":"\\Eccube\\Controller\\Block\\LoginController::index","_route":"block_login"},"request_uri":"https://newjoy.co.jp/block/login"} []
[2018-05-03 18:29:33] eccube.INFO: Matched route "block_search_product". {"route_parameters":{"_controller":"\\Eccube\\Controller\\Block\\SearchProductController::index","_route":"block_search_product"},"request_uri":"https://newjoy.co.jp/block/search_product"} []
[2018-05-03 18:29:33] eccube.INFO: Matched route "block_category". {"route_parameters":{"_controller":"\\Eccube\\Controller\\Block\\CategoryController::index","_route":"block_category"},"request_uri":"https://newjoy.co.jp/block/category"} []
[2018-05-03 18:29:33] eccube.INFO: Matched route "block_checkeditem". {"route_parameters":{"_controller":"\\Plugin\\CheckedItem\\Controller\\CheckedItemController::index","_route":"block_checkeditem"},"request_uri":"https://newjoy.co.jp/block/checkeditem"} []
[2018-05-03 18:29:33] eccube.INFO: Matched route "block_main_menu". {"route_parameters":{"_controller":"\\Eccube\\Controller\\Block\\MainMenuController::index","_route":"block_main_menu"},"request_uri":"https://newjoy.co.jp/block/main_menu"} []
[2018-05-03 18:29:33] eccube.INFO: < 200 [] []
[2018-05-03 19:12:03] eccube.ERROR: Symfony\Component\HttpKernel\Exception\NotFoundHttpException: No route found for "GET /.well-known/assetlinks.json" (uncaught exception) at /home/kir021669/public_html/newjoy.co.jp/vendor/symfony/http-kernel/EventListener/RouterListener.php line 159 {"exception":"[object] (Symfony\\Component\\HttpKernel\\Exception\\NotFoundHttpException(code: 0): No route found for \"GET /.well-known/assetlinks.json\" at /home/kir021669/public_html/newjoy.co.jp/vendor/symfony/http-kernel/EventListener/RouterListener.php:159, Symfony\\Component\\Routing\\Exception\\ResourceNotFoundException(code: 0): No routes found for \"/.well-known/assetlinks.json\". at /home/kir021669/public_html/newjoy.co.jp/vendor/symfony/routing/Matcher/UrlMatcher.php:98)"} []
[2018-05-03 19:12:03] eccube.INFO: < 404 [] []
[2018-05-03 22:14:07] eccube.INFO: Matched route "product_detail". {"route_parameters":{"_controller":"\\Eccube\\Controller\\ProductController::detail","id":"16","_route":"product_detail"},"request_uri":"https://newjoy.co.jp/products/detail/16"} []
[2018-05-03 22:14:07] eccube.INFO: Matched route "product_detail". {"route_parameters":{"_controller":"\\Eccube\\Controller\\ProductController::detail","id":"16","_route":"product_detail"},"request_uri":"https://newjoy.co.jp/products/detail/16"} []
[2018-05-03 22:14:07] eccube.INFO: Populated the TokenStorage with an anonymous Token. [] []
[2018-05-03 22:14:07] eccube.INFO: Populated the TokenStorage with an anonymous Token. [] []
[2018-05-03 22:14:07] eccube.INFO: > GET /products/detail/16 [] []
[2018-05-03 22:14:07] eccube.INFO: > GET /products/detail/16 [] []
[2018-05-03 22:14:08] eccube.INFO: RelatedProduct trigger onRenderProductDetail start [] []
[2018-05-03 22:14:08] eccube.INFO: RelatedProduct trigger onRenderProductDetail start [] []
[2018-05-03 22:14:08] eccube.INFO: Event: product review hook into the product detail start. [] []
[2018-05-03 22:14:08] eccube.INFO: Event: product review hook into the product detail start. [] []
[2018-05-03 22:14:08] eccube.INFO: Event: product review render success. {"Product id":16} []
[2018-05-03 22:14:08] eccube.INFO: Event: product review render success. {"Product id":16} []
[2018-05-03 22:14:08] eccube.INFO: Event: product review hook into the product detail end. [] []
[2018-05-03 22:14:08] eccube.INFO: Event: product review hook into the product detail end. [] []
[2018-05-03 22:14:08] eccube.INFO: Matched route "block_cart". {"route_parameters":{"_controller":"\\Eccube\\Controller\\Block\\CartController::index","_route":"block_cart"},"request_uri":"https://newjoy.co.jp/block/cart"} []
[2018-05-03 22:14:08] eccube.INFO: Matched route "block_cart". {"route_parameters":{"_controller":"\\Eccube\\Controller\\Block\\CartController::index","_route":"block_cart"},"request_uri":"https://newjoy.co.jp/block/cart"} []
[2018-05-03 22:14:08] eccube.INFO: Matched route "block_login". {"route_parameters":{"_controller":"\\Eccube\\Controller\\Block\\LoginController::index","_route":"block_login"},"request_uri":"https://newjoy.co.jp/block/login"} []
[2018-05-03 22:14:08] eccube.INFO: Matched route "block_login". {"route_parameters":{"_controller":"\\Eccube\\Controller\\Block\\LoginController::index","_route":"block_login"},"request_uri":"https://newjoy.co.jp/block/login"} []
[2018-05-03 22:14:08] eccube.INFO: Matched route "block_search_product". {"route_parameters":{"_controller":"\\Eccube\\Controller\\Block\\SearchProductController::index","_route":"block_search_product"},"request_uri":"https://newjoy.co.jp/block/search_product"} []
[2018-05-03 22:14:08] eccube.INFO: Matched route "block_search_product". {"route_parameters":{"_controller":"\\Eccube\\Controller\\Block\\SearchProductController::index","_route":"block_search_product"},"request_uri":"https://newjoy.co.jp/block/search_product"} []
[2018-05-03 22:14:09] eccube.INFO: Matched route "block_category". {"route_parameters":{"_controller":"\\Eccube\\Controller\\Block\\CategoryController::index","_route":"block_category"},"request_uri":"https://newjoy.co.jp/block/category"} []
[2018-05-03 22:14:09] eccube.INFO: Matched route "block_category". {"route_parameters":{"_controller":"\\Eccube\\Controller\\Block\\CategoryController::index","_route":"block_category"},"request_uri":"https://newjoy.co.jp/block/category"} []
[2018-05-03 22:14:09] eccube.INFO: Matched route "block_recommendify3_product_block". {"route_parameters":{"_controller":"\\Plugin\\Recommendify3\\Controller\\Block\\Recommendify3Controller::index","_route":"block_recommendify3_product_block"},"request_uri":"https://newjoy.co.jp/block/recommendify3_product_block"} []
[2018-05-03 22:14:09] eccube.INFO: Matched route "block_recommendify3_product_block". {"route_parameters":{"_controller":"\\Plugin\\Recommendify3\\Controller\\Block\\Recommendify3Controller::index","_route":"block_recommendify3_product_block"},"request_uri":"https://newjoy.co.jp/block/recommendify3_product_block"} []
[2018-05-03 22:14:09] eccube.INFO: Matched route "block_checkeditem". {"route_parameters":{"_controller":"\\Plugin\\CheckedItem\\Controller\\CheckedItemController::index","_route":"block_checkeditem"},"request_uri":"https://newjoy.co.jp/block/checkeditem"} []
[2018-05-03 22:14:09] eccube.INFO: Matched route "block_checkeditem". {"route_parameters":{"_controller":"\\Plugin\\CheckedItem\\Controller\\CheckedItemController::index","_route":"block_checkeditem"},"request_uri":"https://newjoy.co.jp/block/checkeditem"} []
[2018-05-03 22:14:09] eccube.INFO: Matched route "block_main_menu". {"route_parameters":{"_controller":"\\Eccube\\Controller\\Block\\MainMenuController::index","_route":"block_main_menu"},"request_uri":"https://newjoy.co.jp/block/main_menu"} []
[2018-05-03 22:14:09] eccube.INFO: Matched route "block_main_menu". {"route_parameters":{"_controller":"\\Eccube\\Controller\\Block\\MainMenuController::index","_route":"block_main_menu"},"request_uri":"https://newjoy.co.jp/block/main_menu"} []
[2018-05-03 22:14:09] eccube.INFO: < 200 [] []
[2018-05-03 22:14:09] eccube.INFO: < 200 [] []
[2018-05-03 22:16:05] eccube.INFO: Matched route "product_detail". {"route_parameters":{"_controller":"\\Eccube\\Controller\\ProductController::detail","id":"16","_route":"product_detail"},"request_uri":"https://newjoy.co.jp/products/detail/16"} []
[2018-05-03 22:16:05] eccube.INFO: Populated the TokenStorage with an anonymous Token. [] []
[2018-05-03 22:16:05] eccube.INFO: > GET /products/detail/16 [] []
[2018-05-03 22:16:05] eccube.INFO: Matched route "product_detail". {"route_parameters":{"_controller":"\\Eccube\\Controller\\ProductController::detail","id":"16","_route":"product_detail"},"request_uri":"https://newjoy.co.jp/products/detail/16"} []
[2018-05-03 22:16:06] eccube.INFO: RelatedProduct trigger onRenderProductDetail start [] []
[2018-05-03 22:16:06] eccube.INFO: Event: product review hook into the product detail start. [] []
[2018-05-03 22:16:06] eccube.INFO: Event: product review render success. {"Product id":16} []
[2018-05-03 22:16:06] eccube.INFO: Event: product review hook into the product detail end. [] []
[2018-05-03 22:16:06] eccube.INFO: Matched route "block_cart". {"route_parameters":{"_controller":"\\Eccube\\Controller\\Block\\CartController::index","_route":"block_cart"},"request_uri":"https://newjoy.co.jp/block/cart"} []
[2018-05-03 22:16:06] eccube.INFO: Matched route "block_login". {"route_parameters":{"_controller":"\\Eccube\\Controller\\Block\\LoginController::index","_route":"block_login"},"request_uri":"https://newjoy.co.jp/block/login"} []
[2018-05-03 22:16:06] eccube.INFO: Matched route "block_search_product". {"route_parameters":{"_controller":"\\Eccube\\Controller\\Block\\SearchProductController::index","_route":"block_search_product"},"request_uri":"https://newjoy.co.jp/block/search_product"} []
[2018-05-03 22:16:06] eccube.INFO: Matched route "block_category". {"route_parameters":{"_controller":"\\Eccube\\Controller\\Block\\CategoryController::index","_route":"block_category"},"request_uri":"https://newjoy.co.jp/block/category"} []
[2018-05-03 22:16:06] eccube.INFO: Matched route "block_recommendify3_product_block". {"route_parameters":{"_controller":"\\Plugin\\Recommendify3\\Controller\\Block\\Recommendify3Controller::index","_route":"block_recommendify3_product_block"},"request_uri":"https://newjoy.co.jp/block/recommendify3_product_block"} []
[2018-05-03 22:16:06] eccube.INFO: Matched route "block_checkeditem". {"route_parameters":{"_controller":"\\Plugin\\CheckedItem\\Controller\\CheckedItemController::index","_route":"block_checkeditem"},"request_uri":"https://newjoy.co.jp/block/checkeditem"} []
[2018-05-03 22:16:06] eccube.INFO: Matched route "block_main_menu". {"route_parameters":{"_controller":"\\Eccube\\Controller\\Block\\MainMenuController::index","_route":"block_main_menu"},"request_uri":"https://newjoy.co.jp/block/main_menu"} []
[2018-05-03 22:16:06] eccube.INFO: < 200 [] []
[2018-05-03 22:16:06] eccube.INFO: Populated the TokenStorage with an anonymous Token. [] []
[2018-05-03 22:16:06] eccube.INFO: > GET /products/detail/16 [] []
[2018-05-03 22:16:07] eccube.INFO: RelatedProduct trigger onRenderProductDetail start [] []
[2018-05-03 22:16:07] eccube.INFO: Event: product review hook into the product detail start. [] []
[2018-05-03 22:16:07] eccube.INFO: Event: product review render success. {"Product id":16} []
[2018-05-03 22:16:07] eccube.INFO: Event: product review hook into the product detail end. [] []
[2018-05-03 22:16:07] eccube.INFO: Matched route "block_cart". {"route_parameters":{"_controller":"\\Eccube\\Controller\\Block\\CartController::index","_route":"block_cart"},"request_uri":"https://newjoy.co.jp/block/cart"} []
[2018-05-03 22:16:07] eccube.INFO: Matched route "block_login". {"route_parameters":{"_controller":"\\Eccube\\Controller\\Block\\LoginController::index","_route":"block_login"},"request_uri":"https://newjoy.co.jp/block/login"} []
[2018-05-03 22:16:07] eccube.INFO: Matched route "block_search_product". {"route_parameters":{"_controller":"\\Eccube\\Controller\\Block\\SearchProductController::index","_route":"block_search_product"},"request_uri":"https://newjoy.co.jp/block/search_product"} []
[2018-05-03 22:16:07] eccube.INFO: Matched route "block_category". {"route_parameters":{"_controller":"\\Eccube\\Controller\\Block\\CategoryController::index","_route":"block_category"},"request_uri":"https://newjoy.co.jp/block/category"} []
[2018-05-03 22:16:07] eccube.INFO: Matched route "block_recommendify3_product_block". {"route_parameters":{"_controller":"\\Plugin\\Recommendify3\\Controller\\Block\\Recommendify3Controller::index","_route":"block_recommendify3_product_block"},"request_uri":"https://newjoy.co.jp/block/recommendify3_product_block"} []
[2018-05-03 22:16:07] eccube.INFO: Matched route "block_checkeditem". {"route_parameters":{"_controller":"\\Plugin\\CheckedItem\\Controller\\CheckedItemController::index","_route":"block_checkeditem"},"request_uri":"https://newjoy.co.jp/block/checkeditem"} []
[2018-05-03 22:16:07] eccube.INFO: Matched route "block_main_menu". {"route_parameters":{"_controller":"\\Eccube\\Controller\\Block\\MainMenuController::index","_route":"block_main_menu"},"request_uri":"https://newjoy.co.jp/block/main_menu"} []
[2018-05-03 22:16:07] eccube.INFO: < 200 [] []
