[2018-04-30 03:39:57] eccube.INFO: Matched route "n/a". {"route_parameters":{"_controller":"[object] (Closure: {})","_route":null,"url":"https://www.newjoy.co.jp/"},"request_uri":"http://www.newjoy.co.jp/"} []
[2018-04-30 03:39:57] eccube.INFO: Populated the TokenStorage with an anonymous Token. [] []
[2018-04-30 03:39:57] eccube.INFO: > GET / [] []
[2018-04-30 03:39:57] eccube.INFO: < 301 https://www.newjoy.co.jp/ [] []
[2018-04-30 05:16:36] eccube.INFO: Matched route "product_list". {"route_parameters":{"_controller":"\\Eccube\\Controller\\ProductController::index","_route":"product_list"},"request_uri":"https://newjoy.co.jp/products/list?category_id=7&disp_number=30&mode=&name=&orderby=0&pageno=1"} []
[2018-04-30 05:16:36] eccube.INFO: Populated the TokenStorage with an anonymous Token. [] []
[2018-04-30 05:16:36] eccube.INFO: > GET /products/list?mode=&category_id=7&name=&pageno=1&disp_number=30&orderby=0 [] []
[2018-04-30 05:16:37] eccube.INFO: CategoryContent Product/list.twig start [] []
[2018-04-30 05:16:37] eccube.INFO: Matched route "block_cart". {"route_parameters":{"_controller":"\\Eccube\\Controller\\Block\\CartController::index","_route":"block_cart"},"request_uri":"https://newjoy.co.jp/block/cart"} []
[2018-04-30 05:16:37] eccube.INFO: Matched route "block_login". {"route_parameters":{"_controller":"\\Eccube\\Controller\\Block\\LoginController::index","_route":"block_login"},"request_uri":"https://newjoy.co.jp/block/login"} []
[2018-04-30 05:16:37] eccube.INFO: Matched route "block_search_product". {"route_parameters":{"_controller":"\\Eccube\\Controller\\Block\\SearchProductController::index","_route":"block_search_product"},"request_uri":"https://newjoy.co.jp/block/search_product"} []
[2018-04-30 05:16:37] eccube.INFO: Matched route "block_category". {"route_parameters":{"_controller":"\\Eccube\\Controller\\Block\\CategoryController::index","_route":"block_category"},"request_uri":"https://newjoy.co.jp/block/category"} []
[2018-04-30 05:16:37] eccube.INFO: Matched route "block_checkeditem". {"route_parameters":{"_controller":"\\Plugin\\CheckedItem\\Controller\\CheckedItemController::index","_route":"block_checkeditem"},"request_uri":"https://newjoy.co.jp/block/checkeditem"} []
[2018-04-30 05:16:37] eccube.INFO: Matched route "block_main_menu". {"route_parameters":{"_controller":"\\Eccube\\Controller\\Block\\MainMenuController::index","_route":"block_main_menu"},"request_uri":"https://newjoy.co.jp/block/main_menu"} []
[2018-04-30 05:16:37] eccube.INFO: < 200 [] []
[2018-04-30 07:30:39] eccube.INFO: Matched route "sitemap". {"route_parameters":{"_controller":"\\Plugin\\SiteMap\\Controller\\SiteMapController::xml","_route":"sitemap"},"request_uri":"https://newjoy.co.jp/sitemap"} []
[2018-04-30 07:30:39] eccube.INFO: Populated the TokenStorage with an anonymous Token. [] []
[2018-04-30 07:30:39] eccube.INFO: > GET /sitemap [] []
[2018-04-30 07:30:39] eccube.INFO: < 200 [] []
[2018-04-30 08:30:17] eccube.INFO: Matched route "product_list". {"route_parameters":{"_controller":"\\Eccube\\Controller\\ProductController::index","_route":"product_list"},"request_uri":"https://newjoy.co.jp/products/list?category_id=&disp_number=30&mode=&name=%E3%83%96%E3%83%A9%E3%82%A4%E3%82%BA%E3%83%A1%E3%82%A4%E3%83%89&orderby=0&pageno=1"} []
[2018-04-30 08:30:17] eccube.INFO: Populated the TokenStorage with an anonymous Token. [] []
[2018-04-30 08:30:17] eccube.INFO: > GET /products/list?mode=&category_id=&name=%E3%83%96%E3%83%A9%E3%82%A4%E3%82%BA%E3%83%A1%E3%82%A4%E3%83%89&pageno=1&disp_number=30&orderby=0 [] []
[2018-04-30 08:30:18] eccube.INFO: CategoryContent Product/list.twig start [] []
[2018-04-30 08:30:18] eccube.INFO: Matched route "block_cart". {"route_parameters":{"_controller":"\\Eccube\\Controller\\Block\\CartController::index","_route":"block_cart"},"request_uri":"https://newjoy.co.jp/block/cart"} []
[2018-04-30 08:30:18] eccube.INFO: Matched route "block_login". {"route_parameters":{"_controller":"\\Eccube\\Controller\\Block\\LoginController::index","_route":"block_login"},"request_uri":"https://newjoy.co.jp/block/login"} []
[2018-04-30 08:30:18] eccube.INFO: Matched route "block_search_product". {"route_parameters":{"_controller":"\\Eccube\\Controller\\Block\\SearchProductController::index","_route":"block_search_product"},"request_uri":"https://newjoy.co.jp/block/search_product"} []
[2018-04-30 08:30:19] eccube.INFO: Matched route "block_category". {"route_parameters":{"_controller":"\\Eccube\\Controller\\Block\\CategoryController::index","_route":"block_category"},"request_uri":"https://newjoy.co.jp/block/category"} []
[2018-04-30 08:30:19] eccube.INFO: Matched route "block_checkeditem". {"route_parameters":{"_controller":"\\Plugin\\CheckedItem\\Controller\\CheckedItemController::index","_route":"block_checkeditem"},"request_uri":"https://newjoy.co.jp/block/checkeditem"} []
[2018-04-30 08:30:19] eccube.INFO: Matched route "block_main_menu". {"route_parameters":{"_controller":"\\Eccube\\Controller\\Block\\MainMenuController::index","_route":"block_main_menu"},"request_uri":"https://newjoy.co.jp/block/main_menu"} []
[2018-04-30 08:30:19] eccube.INFO: < 200 [] []
[2018-04-30 10:06:20] eccube.INFO: Matched route "product_list". {"route_parameters":{"_controller":"\\Eccube\\Controller\\ProductController::index","_route":"product_list"},"request_uri":"https://newjoy.co.jp/products/list?category_id=&disp_number=30&mode=&name=%E3%83%96%E3%83%A9%E3%82%A4%E3%82%BA%E3%83%A1%E3%82%A4%E3%83%89&orderby=0&pageno=1"} []
[2018-04-30 10:06:20] eccube.INFO: Populated the TokenStorage with an anonymous Token. [] []
[2018-04-30 10:06:20] eccube.INFO: > GET /products/list?mode=&category_id=&name=%E3%83%96%E3%83%A9%E3%82%A4%E3%82%BA%E3%83%A1%E3%82%A4%E3%83%89&pageno=1&disp_number=30&orderby=0 [] []
[2018-04-30 10:06:21] eccube.INFO: CategoryContent Product/list.twig start [] []
[2018-04-30 10:06:21] eccube.INFO: Matched route "block_cart". {"route_parameters":{"_controller":"\\Eccube\\Controller\\Block\\CartController::index","_route":"block_cart"},"request_uri":"https://newjoy.co.jp/block/cart"} []
[2018-04-30 10:06:21] eccube.INFO: Matched route "block_login". {"route_parameters":{"_controller":"\\Eccube\\Controller\\Block\\LoginController::index","_route":"block_login"},"request_uri":"https://newjoy.co.jp/block/login"} []
[2018-04-30 10:06:21] eccube.INFO: Matched route "block_search_product". {"route_parameters":{"_controller":"\\Eccube\\Controller\\Block\\SearchProductController::index","_route":"block_search_product"},"request_uri":"https://newjoy.co.jp/block/search_product"} []
[2018-04-30 10:06:21] eccube.INFO: Matched route "block_category". {"route_parameters":{"_controller":"\\Eccube\\Controller\\Block\\CategoryController::index","_route":"block_category"},"request_uri":"https://newjoy.co.jp/block/category"} []
[2018-04-30 10:06:22] eccube.INFO: Matched route "block_checkeditem". {"route_parameters":{"_controller":"\\Plugin\\CheckedItem\\Controller\\CheckedItemController::index","_route":"block_checkeditem"},"request_uri":"https://newjoy.co.jp/block/checkeditem"} []
[2018-04-30 10:06:22] eccube.INFO: Matched route "block_main_menu". {"route_parameters":{"_controller":"\\Eccube\\Controller\\Block\\MainMenuController::index","_route":"block_main_menu"},"request_uri":"https://newjoy.co.jp/block/main_menu"} []
[2018-04-30 10:06:22] eccube.INFO: < 200 [] []
[2018-04-30 10:20:10] eccube.ERROR: Symfony\Component\HttpKernel\Exception\NotFoundHttpException: No route found for "GET /%EF%BD%9E%E3%80%8D%E3%81%A7%E3%81%8A%E9%A1%98%E3%81%84%E3%81%97%E3%81%BE%E3%81%99%E3%80%82" (uncaught exception) at /home/kir021669/public_html/newjoy.co.jp/vendor/symfony/http-kernel/EventListener/RouterListener.php line 159 {"exception":"[object] (Symfony\\Component\\HttpKernel\\Exception\\NotFoundHttpException(code: 0): No route found for \"GET /%EF%BD%9E%E3%80%8D%E3%81%A7%E3%81%8A%E9%A1%98%E3%81%84%E3%81%97%E3%81%BE%E3%81%99%E3%80%82\" at /home/kir021669/public_html/newjoy.co.jp/vendor/symfony/http-kernel/EventListener/RouterListener.php:159, Symfony\\Component\\Routing\\Exception\\ResourceNotFoundException(code: 0): No routes found for \"/%EF%BD%9E%E3%80%8D%E3%81%A7%E3%81%8A%E9%A1%98%E3%81%84%E3%81%97%E3%81%BE%E3%81%99%E3%80%82\". at /home/kir021669/public_html/newjoy.co.jp/vendor/symfony/routing/Matcher/UrlMatcher.php:98)"} []
[2018-04-30 10:20:10] eccube.INFO: < 404 [] []
[2018-04-30 10:20:11] eccube.INFO: Matched route "shopping_complete". {"route_parameters":{"_controller":"\\Eccube\\Controller\\ShoppingController::complete","_route":"shopping_complete"},"request_uri":"https://newjoy.co.jp/shopping/complete"} []
[2018-04-30 10:20:11] eccube.INFO: Populated the TokenStorage with an anonymous Token. [] []
[2018-04-30 10:20:11] eccube.INFO: > GET /shopping/complete [] []
[2018-04-30 10:20:11] eccube.INFO: 購入処理完了 [null] []
[2018-04-30 10:20:11] eccube.CRITICAL: Doctrine\ORM\ORMException: The identifier id is missing for a query of Eccube\Entity\Order (uncaught exception) at /home/kir021669/public_html/newjoy.co.jp/vendor/doctrine/orm/lib/Doctrine/ORM/ORMException.php line 259 {"exception":"[object] (Doctrine\\ORM\\ORMException(code: 0): The identifier id is missing for a query of Eccube\\Entity\\Order at /home/kir021669/public_html/newjoy.co.jp/vendor/doctrine/orm/lib/Doctrine/ORM/ORMException.php:259)"} []
[2018-04-30 10:20:11] eccube.INFO: < 500 [] []
[2018-04-30 13:37:44] eccube.INFO: Matched route "product_detail". {"route_parameters":{"_controller":"\\Eccube\\Controller\\ProductController::detail","id":"12","_route":"product_detail"},"request_uri":"https://newjoy.co.jp/products/detail/12"} []
[2018-04-30 13:37:45] eccube.INFO: Populated the TokenStorage with an anonymous Token. [] []
[2018-04-30 13:37:45] eccube.INFO: > GET /products/detail/12 [] []
[2018-04-30 13:37:45] eccube.INFO: RelatedProduct trigger onRenderProductDetail start [] []
[2018-04-30 13:37:45] eccube.INFO: Event: product review hook into the product detail start. [] []
[2018-04-30 13:37:45] eccube.INFO: Event: product review render success. {"Product id":12} []
[2018-04-30 13:37:45] eccube.INFO: Event: product review hook into the product detail end. [] []
[2018-04-30 13:37:45] eccube.INFO: Matched route "block_cart". {"route_parameters":{"_controller":"\\Eccube\\Controller\\Block\\CartController::index","_route":"block_cart"},"request_uri":"https://newjoy.co.jp/block/cart"} []
[2018-04-30 13:37:45] eccube.INFO: Matched route "block_login". {"route_parameters":{"_controller":"\\Eccube\\Controller\\Block\\LoginController::index","_route":"block_login"},"request_uri":"https://newjoy.co.jp/block/login"} []
[2018-04-30 13:37:45] eccube.INFO: Matched route "block_search_product". {"route_parameters":{"_controller":"\\Eccube\\Controller\\Block\\SearchProductController::index","_route":"block_search_product"},"request_uri":"https://newjoy.co.jp/block/search_product"} []
[2018-04-30 13:37:45] eccube.INFO: Matched route "block_category". {"route_parameters":{"_controller":"\\Eccube\\Controller\\Block\\CategoryController::index","_route":"block_category"},"request_uri":"https://newjoy.co.jp/block/category"} []
[2018-04-30 13:37:45] eccube.INFO: Matched route "block_recommendify3_product_block". {"route_parameters":{"_controller":"\\Plugin\\Recommendify3\\Controller\\Block\\Recommendify3Controller::index","_route":"block_recommendify3_product_block"},"request_uri":"https://newjoy.co.jp/block/recommendify3_product_block"} []
[2018-04-30 13:37:46] eccube.INFO: Matched route "block_checkeditem". {"route_parameters":{"_controller":"\\Plugin\\CheckedItem\\Controller\\CheckedItemController::index","_route":"block_checkeditem"},"request_uri":"https://newjoy.co.jp/block/checkeditem"} []
[2018-04-30 13:37:46] eccube.INFO: Matched route "block_main_menu". {"route_parameters":{"_controller":"\\Eccube\\Controller\\Block\\MainMenuController::index","_route":"block_main_menu"},"request_uri":"https://newjoy.co.jp/block/main_menu"} []
[2018-04-30 13:37:46] eccube.INFO: < 200 [] []
[2018-04-30 15:11:15] eccube.INFO: Matched route "product_detail". {"route_parameters":{"_controller":"\\Eccube\\Controller\\ProductController::detail","id":"4","_route":"product_detail"},"request_uri":"https://newjoy.co.jp/products/detail/4"} []
[2018-04-30 15:11:15] eccube.INFO: Populated the TokenStorage with an anonymous Token. [] []
[2018-04-30 15:11:15] eccube.INFO: > GET /products/detail/4 [] []
[2018-04-30 15:11:15] eccube.INFO: RelatedProduct trigger onRenderProductDetail start [] []
[2018-04-30 15:11:15] eccube.INFO: Event: product review hook into the product detail start. [] []
[2018-04-30 15:11:15] eccube.INFO: Event: product review render success. {"Product id":4} []
[2018-04-30 15:11:15] eccube.INFO: Event: product review hook into the product detail end. [] []
[2018-04-30 15:11:15] eccube.INFO: Matched route "block_cart". {"route_parameters":{"_controller":"\\Eccube\\Controller\\Block\\CartController::index","_route":"block_cart"},"request_uri":"https://newjoy.co.jp/block/cart"} []
[2018-04-30 15:11:15] eccube.INFO: Matched route "block_login". {"route_parameters":{"_controller":"\\Eccube\\Controller\\Block\\LoginController::index","_route":"block_login"},"request_uri":"https://newjoy.co.jp/block/login"} []
[2018-04-30 15:11:15] eccube.INFO: Matched route "block_search_product". {"route_parameters":{"_controller":"\\Eccube\\Controller\\Block\\SearchProductController::index","_route":"block_search_product"},"request_uri":"https://newjoy.co.jp/block/search_product"} []
[2018-04-30 15:11:16] eccube.INFO: Matched route "block_category". {"route_parameters":{"_controller":"\\Eccube\\Controller\\Block\\CategoryController::index","_route":"block_category"},"request_uri":"https://newjoy.co.jp/block/category"} []
[2018-04-30 15:11:16] eccube.INFO: Matched route "block_recommendify3_product_block". {"route_parameters":{"_controller":"\\Plugin\\Recommendify3\\Controller\\Block\\Recommendify3Controller::index","_route":"block_recommendify3_product_block"},"request_uri":"https://newjoy.co.jp/block/recommendify3_product_block"} []
[2018-04-30 15:11:16] eccube.INFO: Matched route "block_checkeditem". {"route_parameters":{"_controller":"\\Plugin\\CheckedItem\\Controller\\CheckedItemController::index","_route":"block_checkeditem"},"request_uri":"https://newjoy.co.jp/block/checkeditem"} []
[2018-04-30 15:11:16] eccube.INFO: Matched route "block_main_menu". {"route_parameters":{"_controller":"\\Eccube\\Controller\\Block\\MainMenuController::index","_route":"block_main_menu"},"request_uri":"https://newjoy.co.jp/block/main_menu"} []
[2018-04-30 15:11:16] eccube.INFO: < 200 [] []
[2018-04-30 15:28:33] eccube.INFO: Matched route "n/a". {"route_parameters":{"_controller":"[object] (Closure: {})","_route":null,"url":"https://newjoy.co.jp/products/detail/14"},"request_uri":"http://newjoy.co.jp/products/detail/14"} []
[2018-04-30 15:28:33] eccube.INFO: Populated the TokenStorage with an anonymous Token. [] []
[2018-04-30 15:28:33] eccube.INFO: > GET /products/detail/14 [] []
[2018-04-30 15:28:33] eccube.INFO: < 301 https://newjoy.co.jp/products/detail/14 [] []
[2018-04-30 15:28:34] eccube.INFO: Matched route "product_detail". {"route_parameters":{"_controller":"\\Eccube\\Controller\\ProductController::detail","id":"14","_route":"product_detail"},"request_uri":"https://newjoy.co.jp/products/detail/14"} []
[2018-04-30 15:28:34] eccube.INFO: Populated the TokenStorage with an anonymous Token. [] []
[2018-04-30 15:28:34] eccube.INFO: > GET /products/detail/14 [] []
[2018-04-30 15:28:34] eccube.INFO: RelatedProduct trigger onRenderProductDetail start [] []
[2018-04-30 15:28:34] eccube.INFO: Event: product review hook into the product detail start. [] []
[2018-04-30 15:28:34] eccube.INFO: Event: product review render success. {"Product id":14} []
[2018-04-30 15:28:34] eccube.INFO: Event: product review hook into the product detail end. [] []
[2018-04-30 15:28:34] eccube.INFO: Matched route "block_cart". {"route_parameters":{"_controller":"\\Eccube\\Controller\\Block\\CartController::index","_route":"block_cart"},"request_uri":"https://newjoy.co.jp/block/cart"} []
[2018-04-30 15:28:34] eccube.INFO: Matched route "block_login". {"route_parameters":{"_controller":"\\Eccube\\Controller\\Block\\LoginController::index","_route":"block_login"},"request_uri":"https://newjoy.co.jp/block/login"} []
[2018-04-30 15:28:34] eccube.INFO: Matched route "block_search_product". {"route_parameters":{"_controller":"\\Eccube\\Controller\\Block\\SearchProductController::index","_route":"block_search_product"},"request_uri":"https://newjoy.co.jp/block/search_product"} []
[2018-04-30 15:28:35] eccube.INFO: Matched route "block_category". {"route_parameters":{"_controller":"\\Eccube\\Controller\\Block\\CategoryController::index","_route":"block_category"},"request_uri":"https://newjoy.co.jp/block/category"} []
[2018-04-30 15:28:35] eccube.INFO: Matched route "block_recommendify3_product_block". {"route_parameters":{"_controller":"\\Plugin\\Recommendify3\\Controller\\Block\\Recommendify3Controller::index","_route":"block_recommendify3_product_block"},"request_uri":"https://newjoy.co.jp/block/recommendify3_product_block"} []
[2018-04-30 15:28:35] eccube.INFO: Matched route "block_checkeditem". {"route_parameters":{"_controller":"\\Plugin\\CheckedItem\\Controller\\CheckedItemController::index","_route":"block_checkeditem"},"request_uri":"https://newjoy.co.jp/block/checkeditem"} []
[2018-04-30 15:28:35] eccube.INFO: Matched route "block_main_menu". {"route_parameters":{"_controller":"\\Eccube\\Controller\\Block\\MainMenuController::index","_route":"block_main_menu"},"request_uri":"https://newjoy.co.jp/block/main_menu"} []
[2018-04-30 15:28:35] eccube.INFO: < 200 [] []
[2018-04-30 23:22:18] eccube.INFO: Matched route "product_list". {"route_parameters":{"_controller":"\\Eccube\\Controller\\ProductController::index","_route":"product_list"},"request_uri":"https://newjoy.co.jp/products/list?category_id=53&disp_number=30&mode=&name=&orderby=0&pageno=1"} []
[2018-04-30 23:22:18] eccube.INFO: Populated the TokenStorage with an anonymous Token. [] []
[2018-04-30 23:22:18] eccube.INFO: > GET /products/list?mode=&category_id=53&name=&pageno=1&disp_number=30&orderby=0 [] []
[2018-04-30 23:22:20] eccube.INFO: CategoryContent Product/list.twig start [] []
[2018-04-30 23:22:20] eccube.INFO: Matched route "block_cart". {"route_parameters":{"_controller":"\\Eccube\\Controller\\Block\\CartController::index","_route":"block_cart"},"request_uri":"https://newjoy.co.jp/block/cart"} []
[2018-04-30 23:22:21] eccube.INFO: Matched route "block_login". {"route_parameters":{"_controller":"\\Eccube\\Controller\\Block\\LoginController::index","_route":"block_login"},"request_uri":"https://newjoy.co.jp/block/login"} []
[2018-04-30 23:22:21] eccube.INFO: Matched route "block_search_product". {"route_parameters":{"_controller":"\\Eccube\\Controller\\Block\\SearchProductController::index","_route":"block_search_product"},"request_uri":"https://newjoy.co.jp/block/search_product"} []
[2018-04-30 23:22:21] eccube.INFO: Matched route "block_category". {"route_parameters":{"_controller":"\\Eccube\\Controller\\Block\\CategoryController::index","_route":"block_category"},"request_uri":"https://newjoy.co.jp/block/category"} []
[2018-04-30 23:22:22] eccube.INFO: Matched route "block_checkeditem". {"route_parameters":{"_controller":"\\Plugin\\CheckedItem\\Controller\\CheckedItemController::index","_route":"block_checkeditem"},"request_uri":"https://newjoy.co.jp/block/checkeditem"} []
[2018-04-30 23:22:22] eccube.INFO: Matched route "block_main_menu". {"route_parameters":{"_controller":"\\Eccube\\Controller\\Block\\MainMenuController::index","_route":"block_main_menu"},"request_uri":"https://newjoy.co.jp/block/main_menu"} []
[2018-04-30 23:22:22] eccube.INFO: < 200 [] []
