[2018-06-03 02:25:25] eccube.INFO: Matched route "homepage". {"route_parameters":{"_controller":"\\Eccube\\Controller\\TopController::index","_route":"homepage"},"request_uri":"https://newjoy.co.jp/"} []
[2018-06-03 02:25:25] eccube.INFO: Populated the TokenStorage with an anonymous Token. [] []
[2018-06-03 02:25:25] eccube.INFO: > GET / [] []
[2018-06-03 02:25:25] eccube.INFO: Matched route "block_cart". {"route_parameters":{"_controller":"\\Eccube\\Controller\\Block\\CartController::index","_route":"block_cart"},"request_uri":"https://newjoy.co.jp/block/cart"} []
[2018-06-03 02:25:25] eccube.INFO: Matched route "block_login". {"route_parameters":{"_controller":"\\Eccube\\Controller\\Block\\LoginController::index","_route":"block_login"},"request_uri":"https://newjoy.co.jp/block/login"} []
[2018-06-03 02:25:25] eccube.INFO: Matched route "block_search_product". {"route_parameters":{"_controller":"\\Eccube\\Controller\\Block\\SearchProductController::index","_route":"block_search_product"},"request_uri":"https://newjoy.co.jp/block/search_product"} []
[2018-06-03 02:25:25] eccube.INFO: Matched route "block_category". {"route_parameters":{"_controller":"\\Eccube\\Controller\\Block\\CategoryController::index","_route":"block_category"},"request_uri":"https://newjoy.co.jp/block/category"} []
[2018-06-03 02:25:25] eccube.INFO: Matched route "block_recommend_product_block". {"route_parameters":{"_controller":"\\Plugin\\Recommend\\Controller\\Block\\RecommendController::index","_route":"block_recommend_product_block"},"request_uri":"https://newjoy.co.jp/block/recommend_product_block"} []
[2018-06-03 02:25:26] eccube.INFO: Matched route "block_plg_shiro8_new_product_block". {"route_parameters":{"_controller":"\\Plugin\\Shiro8NewProductBlock3\\Controller\\Block\\Shiro8NewProductController::index","_route":"block_plg_shiro8_new_product_block"},"request_uri":"https://newjoy.co.jp/block/plg_shiro8_new_product_block"} []
[2018-06-03 02:25:26] eccube.INFO: Matched route "block_checkeditem". {"route_parameters":{"_controller":"\\Plugin\\CheckedItem\\Controller\\CheckedItemController::index","_route":"block_checkeditem"},"request_uri":"https://newjoy.co.jp/block/checkeditem"} []
[2018-06-03 02:25:26] eccube.INFO: Matched route "block_main_menu". {"route_parameters":{"_controller":"\\Eccube\\Controller\\Block\\MainMenuController::index","_route":"block_main_menu"},"request_uri":"https://newjoy.co.jp/block/main_menu"} []
[2018-06-03 02:25:26] eccube.INFO: Matched route "block_news". {"route_parameters":{"_controller":"\\Eccube\\Controller\\Block\\NewsController::index","_route":"block_news"},"request_uri":"https://newjoy.co.jp/block/news"} []
[2018-06-03 02:25:26] eccube.INFO: < 200 [] []
[2018-06-03 07:27:53] eccube.INFO: Matched route "n/a". {"route_parameters":{"_controller":"[object] (Closure: {})","_route":null,"url":"https://newjoy.co.jp/products/list?category_id=24"},"request_uri":"http://newjoy.co.jp/products/list?category_id=24"} []
[2018-06-03 07:27:53] eccube.INFO: Populated the TokenStorage with an anonymous Token. [] []
[2018-06-03 07:27:53] eccube.INFO: > GET /products/list?category_id=24 [] []
[2018-06-03 07:27:53] eccube.INFO: < 301 https://newjoy.co.jp/products/list?category_id=24 [] []
[2018-06-03 07:27:55] eccube.INFO: Matched route "product_list". {"route_parameters":{"_controller":"\\Eccube\\Controller\\ProductController::index","_route":"product_list"},"request_uri":"https://newjoy.co.jp/products/list?category_id=24"} []
[2018-06-03 07:27:55] eccube.INFO: Populated the TokenStorage with an anonymous Token. [] []
[2018-06-03 07:27:55] eccube.INFO: > GET /products/list?category_id=24 [] []
[2018-06-03 07:27:55] eccube.INFO: CategoryContent Product/list.twig start [] []
[2018-06-03 07:27:55] eccube.INFO: Matched route "block_cart". {"route_parameters":{"_controller":"\\Eccube\\Controller\\Block\\CartController::index","_route":"block_cart"},"request_uri":"https://newjoy.co.jp/block/cart"} []
[2018-06-03 07:27:55] eccube.INFO: Matched route "block_login". {"route_parameters":{"_controller":"\\Eccube\\Controller\\Block\\LoginController::index","_route":"block_login"},"request_uri":"https://newjoy.co.jp/block/login"} []
[2018-06-03 07:27:55] eccube.INFO: Matched route "block_search_product". {"route_parameters":{"_controller":"\\Eccube\\Controller\\Block\\SearchProductController::index","_route":"block_search_product"},"request_uri":"https://newjoy.co.jp/block/search_product"} []
[2018-06-03 07:27:55] eccube.INFO: Matched route "block_category". {"route_parameters":{"_controller":"\\Eccube\\Controller\\Block\\CategoryController::index","_route":"block_category"},"request_uri":"https://newjoy.co.jp/block/category"} []
[2018-06-03 07:27:55] eccube.INFO: Matched route "block_checkeditem". {"route_parameters":{"_controller":"\\Plugin\\CheckedItem\\Controller\\CheckedItemController::index","_route":"block_checkeditem"},"request_uri":"https://newjoy.co.jp/block/checkeditem"} []
[2018-06-03 07:27:55] eccube.INFO: Matched route "block_main_menu". {"route_parameters":{"_controller":"\\Eccube\\Controller\\Block\\MainMenuController::index","_route":"block_main_menu"},"request_uri":"https://newjoy.co.jp/block/main_menu"} []
[2018-06-03 07:27:55] eccube.INFO: < 200 [] []
[2018-06-03 08:54:06] eccube.INFO: Matched route "product_list". {"route_parameters":{"_controller":"\\Eccube\\Controller\\ProductController::index","_route":"product_list"},"request_uri":"https://newjoy.co.jp/products/list?category_id=38"} []
[2018-06-03 08:54:06] eccube.INFO: Populated the TokenStorage with an anonymous Token. [] []
[2018-06-03 08:54:06] eccube.INFO: > GET /products/list?category_id=38 [] []
[2018-06-03 08:54:06] eccube.INFO: CategoryContent Product/list.twig start [] []
[2018-06-03 08:54:06] eccube.INFO: Matched route "block_cart". {"route_parameters":{"_controller":"\\Eccube\\Controller\\Block\\CartController::index","_route":"block_cart"},"request_uri":"https://newjoy.co.jp/block/cart"} []
[2018-06-03 08:54:06] eccube.INFO: Matched route "block_login". {"route_parameters":{"_controller":"\\Eccube\\Controller\\Block\\LoginController::index","_route":"block_login"},"request_uri":"https://newjoy.co.jp/block/login"} []
[2018-06-03 08:54:06] eccube.INFO: Matched route "block_search_product". {"route_parameters":{"_controller":"\\Eccube\\Controller\\Block\\SearchProductController::index","_route":"block_search_product"},"request_uri":"https://newjoy.co.jp/block/search_product"} []
[2018-06-03 08:54:06] eccube.INFO: Matched route "block_category". {"route_parameters":{"_controller":"\\Eccube\\Controller\\Block\\CategoryController::index","_route":"block_category"},"request_uri":"https://newjoy.co.jp/block/category"} []
[2018-06-03 08:54:06] eccube.INFO: Matched route "block_checkeditem". {"route_parameters":{"_controller":"\\Plugin\\CheckedItem\\Controller\\CheckedItemController::index","_route":"block_checkeditem"},"request_uri":"https://newjoy.co.jp/block/checkeditem"} []
[2018-06-03 08:54:06] eccube.INFO: Matched route "block_main_menu". {"route_parameters":{"_controller":"\\Eccube\\Controller\\Block\\MainMenuController::index","_route":"block_main_menu"},"request_uri":"https://newjoy.co.jp/block/main_menu"} []
[2018-06-03 08:54:06] eccube.INFO: < 200 [] []
[2018-06-03 10:52:42] eccube.INFO: Matched route "product_list". {"route_parameters":{"_controller":"\\Eccube\\Controller\\ProductController::index","_route":"product_list"},"request_uri":"https://newjoy.co.jp/products/list?category_id=&disp_number=30&mode=&name=%E3%83%96%E3%83%A9%E3%82%A4%E3%82%BA%E3%83%A1%E3%82%A4%E3%83%88&orderby=0&pageno=1"} []
[2018-06-03 10:52:42] eccube.INFO: Populated the TokenStorage with an anonymous Token. [] []
[2018-06-03 10:52:42] eccube.INFO: > GET /products/list?mode=&category_id=&name=%E3%83%96%E3%83%A9%E3%82%A4%E3%82%BA%E3%83%A1%E3%82%A4%E3%83%88&pageno=1&disp_number=30&orderby=0 [] []
[2018-06-03 10:52:42] eccube.INFO: CategoryContent Product/list.twig start [] []
[2018-06-03 10:52:42] eccube.INFO: Matched route "block_cart". {"route_parameters":{"_controller":"\\Eccube\\Controller\\Block\\CartController::index","_route":"block_cart"},"request_uri":"https://newjoy.co.jp/block/cart"} []
[2018-06-03 10:52:42] eccube.INFO: Matched route "block_login". {"route_parameters":{"_controller":"\\Eccube\\Controller\\Block\\LoginController::index","_route":"block_login"},"request_uri":"https://newjoy.co.jp/block/login"} []
[2018-06-03 10:52:42] eccube.INFO: Matched route "block_search_product". {"route_parameters":{"_controller":"\\Eccube\\Controller\\Block\\SearchProductController::index","_route":"block_search_product"},"request_uri":"https://newjoy.co.jp/block/search_product"} []
[2018-06-03 10:52:42] eccube.INFO: Matched route "block_category". {"route_parameters":{"_controller":"\\Eccube\\Controller\\Block\\CategoryController::index","_route":"block_category"},"request_uri":"https://newjoy.co.jp/block/category"} []
[2018-06-03 10:52:42] eccube.INFO: Matched route "block_checkeditem". {"route_parameters":{"_controller":"\\Plugin\\CheckedItem\\Controller\\CheckedItemController::index","_route":"block_checkeditem"},"request_uri":"https://newjoy.co.jp/block/checkeditem"} []
[2018-06-03 10:52:42] eccube.INFO: Matched route "block_main_menu". {"route_parameters":{"_controller":"\\Eccube\\Controller\\Block\\MainMenuController::index","_route":"block_main_menu"},"request_uri":"https://newjoy.co.jp/block/main_menu"} []
[2018-06-03 10:52:42] eccube.INFO: < 200 [] []
[2018-06-03 10:53:55] eccube.INFO: Matched route "help_tradelaw". {"route_parameters":{"_controller":"\\Eccube\\Controller\\HelpController::tradelaw","_route":"help_tradelaw"},"request_uri":"https://newjoy.co.jp/help/tradelaw"} []
[2018-06-03 10:53:55] eccube.INFO: Populated the TokenStorage with an anonymous Token. [] []
[2018-06-03 10:53:55] eccube.INFO: > GET /help/tradelaw [] []
[2018-06-03 10:53:55] eccube.INFO: Matched route "block_cart". {"route_parameters":{"_controller":"\\Eccube\\Controller\\Block\\CartController::index","_route":"block_cart"},"request_uri":"https://newjoy.co.jp/block/cart"} []
[2018-06-03 10:53:55] eccube.INFO: Matched route "block_login". {"route_parameters":{"_controller":"\\Eccube\\Controller\\Block\\LoginController::index","_route":"block_login"},"request_uri":"https://newjoy.co.jp/block/login"} []
[2018-06-03 10:53:55] eccube.INFO: Matched route "block_search_product". {"route_parameters":{"_controller":"\\Eccube\\Controller\\Block\\SearchProductController::index","_route":"block_search_product"},"request_uri":"https://newjoy.co.jp/block/search_product"} []
[2018-06-03 10:53:55] eccube.INFO: Matched route "block_category". {"route_parameters":{"_controller":"\\Eccube\\Controller\\Block\\CategoryController::index","_route":"block_category"},"request_uri":"https://newjoy.co.jp/block/category"} []
[2018-06-03 10:53:56] eccube.INFO: Matched route "block_checkeditem". {"route_parameters":{"_controller":"\\Plugin\\CheckedItem\\Controller\\CheckedItemController::index","_route":"block_checkeditem"},"request_uri":"https://newjoy.co.jp/block/checkeditem"} []
[2018-06-03 10:53:56] eccube.INFO: Matched route "block_main_menu". {"route_parameters":{"_controller":"\\Eccube\\Controller\\Block\\MainMenuController::index","_route":"block_main_menu"},"request_uri":"https://newjoy.co.jp/block/main_menu"} []
[2018-06-03 10:53:56] eccube.INFO: < 200 [] []
[2018-06-03 10:54:24] eccube.INFO: Matched route "user_data". {"route_parameters":{"_controller":"\\Eccube\\Controller\\UserDataController::index","route":"ranking","_route":"user_data"},"request_uri":"https://newjoy.co.jp/user_data/ranking"} []
[2018-06-03 10:54:24] eccube.INFO: Populated the TokenStorage with an anonymous Token. [] []
[2018-06-03 10:54:24] eccube.INFO: > GET /user_data/ranking [] []
[2018-06-03 10:54:24] eccube.INFO: Matched route "block_cart". {"route_parameters":{"_controller":"\\Eccube\\Controller\\Block\\CartController::index","_route":"block_cart"},"request_uri":"https://newjoy.co.jp/block/cart"} []
[2018-06-03 10:54:24] eccube.INFO: Matched route "block_login". {"route_parameters":{"_controller":"\\Eccube\\Controller\\Block\\LoginController::index","_route":"block_login"},"request_uri":"https://newjoy.co.jp/block/login"} []
[2018-06-03 10:54:24] eccube.INFO: Matched route "block_search_product". {"route_parameters":{"_controller":"\\Eccube\\Controller\\Block\\SearchProductController::index","_route":"block_search_product"},"request_uri":"https://newjoy.co.jp/block/search_product"} []
[2018-06-03 10:54:24] eccube.INFO: Matched route "block_category". {"route_parameters":{"_controller":"\\Eccube\\Controller\\Block\\CategoryController::index","_route":"block_category"},"request_uri":"https://newjoy.co.jp/block/category"} []
[2018-06-03 10:54:25] eccube.INFO: Matched route "block_sales_ranking". {"route_parameters":{"_controller":"\\Plugin\\SalesRanking\\Controller\\SalesRankingController::index","_route":"block_sales_ranking"},"request_uri":"https://newjoy.co.jp/block/sales_ranking"} []
[2018-06-03 10:54:25] eccube.INFO: Matched route "block_checkeditem". {"route_parameters":{"_controller":"\\Plugin\\CheckedItem\\Controller\\CheckedItemController::index","_route":"block_checkeditem"},"request_uri":"https://newjoy.co.jp/block/checkeditem"} []
[2018-06-03 10:54:25] eccube.INFO: Matched route "block_main_menu". {"route_parameters":{"_controller":"\\Eccube\\Controller\\Block\\MainMenuController::index","_route":"block_main_menu"},"request_uri":"https://newjoy.co.jp/block/main_menu"} []
[2018-06-03 10:54:25] eccube.INFO: < 200 [] []
[2018-06-03 11:21:43] eccube.INFO: Matched route "n/a". {"route_parameters":{"_controller":"[object] (Closure: {})","_route":null,"url":"https://newjoy.co.jp/products/detail/14"},"request_uri":"http://newjoy.co.jp/products/detail/14"} []
[2018-06-03 11:21:43] eccube.INFO: Populated the TokenStorage with an anonymous Token. [] []
[2018-06-03 11:21:43] eccube.INFO: > GET /products/detail/14 [] []
[2018-06-03 11:21:43] eccube.INFO: < 301 https://newjoy.co.jp/products/detail/14 [] []
[2018-06-03 11:21:44] eccube.INFO: Matched route "product_detail". {"route_parameters":{"_controller":"\\Eccube\\Controller\\ProductController::detail","id":"14","_route":"product_detail"},"request_uri":"https://newjoy.co.jp/products/detail/14"} []
[2018-06-03 11:21:44] eccube.INFO: Populated the TokenStorage with an anonymous Token. [] []
[2018-06-03 11:21:44] eccube.INFO: > GET /products/detail/14 [] []
[2018-06-03 11:21:44] eccube.INFO: RelatedProduct trigger onRenderProductDetail start [] []
[2018-06-03 11:21:45] eccube.INFO: Event: product review hook into the product detail start. [] []
[2018-06-03 11:21:45] eccube.INFO: Event: product review render success. {"Product id":14} []
[2018-06-03 11:21:45] eccube.INFO: Event: product review hook into the product detail end. [] []
[2018-06-03 11:21:45] eccube.INFO: Matched route "block_cart". {"route_parameters":{"_controller":"\\Eccube\\Controller\\Block\\CartController::index","_route":"block_cart"},"request_uri":"https://newjoy.co.jp/block/cart"} []
[2018-06-03 11:21:45] eccube.INFO: Matched route "block_login". {"route_parameters":{"_controller":"\\Eccube\\Controller\\Block\\LoginController::index","_route":"block_login"},"request_uri":"https://newjoy.co.jp/block/login"} []
[2018-06-03 11:21:45] eccube.INFO: Matched route "block_search_product". {"route_parameters":{"_controller":"\\Eccube\\Controller\\Block\\SearchProductController::index","_route":"block_search_product"},"request_uri":"https://newjoy.co.jp/block/search_product"} []
[2018-06-03 11:21:45] eccube.INFO: Matched route "block_category". {"route_parameters":{"_controller":"\\Eccube\\Controller\\Block\\CategoryController::index","_route":"block_category"},"request_uri":"https://newjoy.co.jp/block/category"} []
[2018-06-03 11:21:45] eccube.INFO: Matched route "block_recommendify3_product_block". {"route_parameters":{"_controller":"\\Plugin\\Recommendify3\\Controller\\Block\\Recommendify3Controller::index","_route":"block_recommendify3_product_block"},"request_uri":"https://newjoy.co.jp/block/recommendify3_product_block"} []
[2018-06-03 11:21:45] eccube.INFO: Matched route "block_checkeditem". {"route_parameters":{"_controller":"\\Plugin\\CheckedItem\\Controller\\CheckedItemController::index","_route":"block_checkeditem"},"request_uri":"https://newjoy.co.jp/block/checkeditem"} []
[2018-06-03 11:21:45] eccube.INFO: Matched route "block_main_menu". {"route_parameters":{"_controller":"\\Eccube\\Controller\\Block\\MainMenuController::index","_route":"block_main_menu"},"request_uri":"https://newjoy.co.jp/block/main_menu"} []
[2018-06-03 11:21:45] eccube.INFO: < 200 [] []
[2018-06-03 12:31:14] eccube.INFO: Matched route "user_data". {"route_parameters":{"_controller":"\\Eccube\\Controller\\UserDataController::index","route":"ranking","_route":"user_data"},"request_uri":"https://newjoy.co.jp/user_data/ranking"} []
[2018-06-03 12:31:14] eccube.INFO: Populated the TokenStorage with an anonymous Token. [] []
[2018-06-03 12:31:14] eccube.INFO: > GET /user_data/ranking [] []
[2018-06-03 12:31:14] eccube.INFO: Matched route "block_cart". {"route_parameters":{"_controller":"\\Eccube\\Controller\\Block\\CartController::index","_route":"block_cart"},"request_uri":"https://newjoy.co.jp/block/cart"} []
[2018-06-03 12:31:14] eccube.INFO: Matched route "block_login". {"route_parameters":{"_controller":"\\Eccube\\Controller\\Block\\LoginController::index","_route":"block_login"},"request_uri":"https://newjoy.co.jp/block/login"} []
[2018-06-03 12:31:14] eccube.INFO: Matched route "block_search_product". {"route_parameters":{"_controller":"\\Eccube\\Controller\\Block\\SearchProductController::index","_route":"block_search_product"},"request_uri":"https://newjoy.co.jp/block/search_product"} []
[2018-06-03 12:31:14] eccube.INFO: Matched route "block_category". {"route_parameters":{"_controller":"\\Eccube\\Controller\\Block\\CategoryController::index","_route":"block_category"},"request_uri":"https://newjoy.co.jp/block/category"} []
[2018-06-03 12:31:14] eccube.INFO: Matched route "block_sales_ranking". {"route_parameters":{"_controller":"\\Plugin\\SalesRanking\\Controller\\SalesRankingController::index","_route":"block_sales_ranking"},"request_uri":"https://newjoy.co.jp/block/sales_ranking"} []
[2018-06-03 12:31:15] eccube.INFO: Matched route "block_checkeditem". {"route_parameters":{"_controller":"\\Plugin\\CheckedItem\\Controller\\CheckedItemController::index","_route":"block_checkeditem"},"request_uri":"https://newjoy.co.jp/block/checkeditem"} []
[2018-06-03 12:31:15] eccube.INFO: Matched route "block_main_menu". {"route_parameters":{"_controller":"\\Eccube\\Controller\\Block\\MainMenuController::index","_route":"block_main_menu"},"request_uri":"https://newjoy.co.jp/block/main_menu"} []
[2018-06-03 12:31:15] eccube.INFO: < 200 [] []
[2018-06-03 14:45:00] eccube.INFO: Matched route "n/a". {"route_parameters":{"_controller":"[object] (Closure: {})","_route":null,"url":"https://newjoy.co.jp/"},"request_uri":"http://newjoy.co.jp/"} []
[2018-06-03 14:45:00] eccube.INFO: Populated the TokenStorage with an anonymous Token. [] []
[2018-06-03 14:45:00] eccube.INFO: > GET / [] []
[2018-06-03 14:45:00] eccube.INFO: < 301 https://newjoy.co.jp/ [] []
[2018-06-03 14:45:01] eccube.INFO: Matched route "homepage". {"route_parameters":{"_controller":"\\Eccube\\Controller\\TopController::index","_route":"homepage"},"request_uri":"https://newjoy.co.jp/"} []
[2018-06-03 14:45:01] eccube.INFO: Populated the TokenStorage with an anonymous Token. [] []
[2018-06-03 14:45:01] eccube.INFO: > GET / [] []
[2018-06-03 14:45:01] eccube.INFO: Matched route "block_cart". {"route_parameters":{"_controller":"\\Eccube\\Controller\\Block\\CartController::index","_route":"block_cart"},"request_uri":"https://newjoy.co.jp/block/cart"} []
[2018-06-03 14:45:01] eccube.INFO: Matched route "block_login". {"route_parameters":{"_controller":"\\Eccube\\Controller\\Block\\LoginController::index","_route":"block_login"},"request_uri":"https://newjoy.co.jp/block/login"} []
[2018-06-03 14:45:01] eccube.INFO: Matched route "block_search_product". {"route_parameters":{"_controller":"\\Eccube\\Controller\\Block\\SearchProductController::index","_route":"block_search_product"},"request_uri":"https://newjoy.co.jp/block/search_product"} []
[2018-06-03 14:45:01] eccube.INFO: Matched route "block_category". {"route_parameters":{"_controller":"\\Eccube\\Controller\\Block\\CategoryController::index","_route":"block_category"},"request_uri":"https://newjoy.co.jp/block/category"} []
[2018-06-03 14:45:01] eccube.INFO: Matched route "block_recommend_product_block". {"route_parameters":{"_controller":"\\Plugin\\Recommend\\Controller\\Block\\RecommendController::index","_route":"block_recommend_product_block"},"request_uri":"https://newjoy.co.jp/block/recommend_product_block"} []
[2018-06-03 14:45:02] eccube.INFO: Matched route "block_plg_shiro8_new_product_block". {"route_parameters":{"_controller":"\\Plugin\\Shiro8NewProductBlock3\\Controller\\Block\\Shiro8NewProductController::index","_route":"block_plg_shiro8_new_product_block"},"request_uri":"https://newjoy.co.jp/block/plg_shiro8_new_product_block"} []
[2018-06-03 14:45:02] eccube.INFO: Matched route "block_checkeditem". {"route_parameters":{"_controller":"\\Plugin\\CheckedItem\\Controller\\CheckedItemController::index","_route":"block_checkeditem"},"request_uri":"https://newjoy.co.jp/block/checkeditem"} []
[2018-06-03 14:45:02] eccube.INFO: Matched route "block_main_menu". {"route_parameters":{"_controller":"\\Eccube\\Controller\\Block\\MainMenuController::index","_route":"block_main_menu"},"request_uri":"https://newjoy.co.jp/block/main_menu"} []
[2018-06-03 14:45:02] eccube.INFO: Matched route "block_news". {"route_parameters":{"_controller":"\\Eccube\\Controller\\Block\\NewsController::index","_route":"block_news"},"request_uri":"https://newjoy.co.jp/block/news"} []
[2018-06-03 14:45:03] eccube.INFO: < 200 [] []
[2018-06-03 17:00:30] eccube.INFO: Matched route "homepage". {"route_parameters":{"_controller":"\\Eccube\\Controller\\TopController::index","_route":"homepage"},"request_uri":"https://newjoy.co.jp/"} []
[2018-06-03 17:00:30] eccube.INFO: Populated the TokenStorage with an anonymous Token. [] []
[2018-06-03 17:00:30] eccube.INFO: > GET / [] []
[2018-06-03 17:00:30] eccube.INFO: Matched route "block_cart". {"route_parameters":{"_controller":"\\Eccube\\Controller\\Block\\CartController::index","_route":"block_cart"},"request_uri":"https://newjoy.co.jp/block/cart"} []
[2018-06-03 17:00:30] eccube.INFO: Matched route "block_login". {"route_parameters":{"_controller":"\\Eccube\\Controller\\Block\\LoginController::index","_route":"block_login"},"request_uri":"https://newjoy.co.jp/block/login"} []
[2018-06-03 17:00:30] eccube.INFO: Matched route "block_search_product". {"route_parameters":{"_controller":"\\Eccube\\Controller\\Block\\SearchProductController::index","_route":"block_search_product"},"request_uri":"https://newjoy.co.jp/block/search_product"} []
[2018-06-03 17:00:30] eccube.INFO: Matched route "block_category". {"route_parameters":{"_controller":"\\Eccube\\Controller\\Block\\CategoryController::index","_route":"block_category"},"request_uri":"https://newjoy.co.jp/block/category"} []
[2018-06-03 17:00:31] eccube.INFO: Matched route "block_recommend_product_block". {"route_parameters":{"_controller":"\\Plugin\\Recommend\\Controller\\Block\\RecommendController::index","_route":"block_recommend_product_block"},"request_uri":"https://newjoy.co.jp/block/recommend_product_block"} []
[2018-06-03 17:00:31] eccube.INFO: Matched route "block_plg_shiro8_new_product_block". {"route_parameters":{"_controller":"\\Plugin\\Shiro8NewProductBlock3\\Controller\\Block\\Shiro8NewProductController::index","_route":"block_plg_shiro8_new_product_block"},"request_uri":"https://newjoy.co.jp/block/plg_shiro8_new_product_block"} []
[2018-06-03 17:00:31] eccube.INFO: Matched route "block_checkeditem". {"route_parameters":{"_controller":"\\Plugin\\CheckedItem\\Controller\\CheckedItemController::index","_route":"block_checkeditem"},"request_uri":"https://newjoy.co.jp/block/checkeditem"} []
[2018-06-03 17:00:31] eccube.INFO: Matched route "block_main_menu". {"route_parameters":{"_controller":"\\Eccube\\Controller\\Block\\MainMenuController::index","_route":"block_main_menu"},"request_uri":"https://newjoy.co.jp/block/main_menu"} []
[2018-06-03 17:00:31] eccube.INFO: Matched route "block_news". {"route_parameters":{"_controller":"\\Eccube\\Controller\\Block\\NewsController::index","_route":"block_news"},"request_uri":"https://newjoy.co.jp/block/news"} []
[2018-06-03 17:00:31] eccube.INFO: < 200 [] []
[2018-06-03 19:01:09] eccube.INFO: Matched route "n/a". {"route_parameters":{"_controller":"[object] (Closure: {})","_route":null,"url":"https://newjoy.co.jp/products/list?category_id=5"},"request_uri":"http://newjoy.co.jp/products/list?category_id=5"} []
[2018-06-03 19:01:09] eccube.INFO: Populated the TokenStorage with an anonymous Token. [] []
[2018-06-03 19:01:09] eccube.INFO: > GET /products/list?category_id=5 [] []
[2018-06-03 19:01:09] eccube.INFO: < 301 https://newjoy.co.jp/products/list?category_id=5 [] []
[2018-06-03 19:01:10] eccube.INFO: Matched route "product_list". {"route_parameters":{"_controller":"\\Eccube\\Controller\\ProductController::index","_route":"product_list"},"request_uri":"https://newjoy.co.jp/products/list?category_id=5"} []
[2018-06-03 19:01:10] eccube.INFO: Populated the TokenStorage with an anonymous Token. [] []
[2018-06-03 19:01:10] eccube.INFO: > GET /products/list?category_id=5 [] []
[2018-06-03 19:01:11] eccube.INFO: CategoryContent Product/list.twig start [] []
[2018-06-03 19:01:11] eccube.INFO: Matched route "block_cart". {"route_parameters":{"_controller":"\\Eccube\\Controller\\Block\\CartController::index","_route":"block_cart"},"request_uri":"https://newjoy.co.jp/block/cart"} []
[2018-06-03 19:01:11] eccube.INFO: Matched route "block_login". {"route_parameters":{"_controller":"\\Eccube\\Controller\\Block\\LoginController::index","_route":"block_login"},"request_uri":"https://newjoy.co.jp/block/login"} []
[2018-06-03 19:01:12] eccube.INFO: Matched route "block_search_product". {"route_parameters":{"_controller":"\\Eccube\\Controller\\Block\\SearchProductController::index","_route":"block_search_product"},"request_uri":"https://newjoy.co.jp/block/search_product"} []
[2018-06-03 19:01:12] eccube.INFO: Matched route "block_category". {"route_parameters":{"_controller":"\\Eccube\\Controller\\Block\\CategoryController::index","_route":"block_category"},"request_uri":"https://newjoy.co.jp/block/category"} []
[2018-06-03 19:01:12] eccube.INFO: Matched route "block_checkeditem". {"route_parameters":{"_controller":"\\Plugin\\CheckedItem\\Controller\\CheckedItemController::index","_route":"block_checkeditem"},"request_uri":"https://newjoy.co.jp/block/checkeditem"} []
[2018-06-03 19:01:12] eccube.INFO: Matched route "block_main_menu". {"route_parameters":{"_controller":"\\Eccube\\Controller\\Block\\MainMenuController::index","_route":"block_main_menu"},"request_uri":"https://newjoy.co.jp/block/main_menu"} []
[2018-06-03 19:01:12] eccube.INFO: < 200 [] []
[2018-06-03 19:06:35] eccube.INFO: Matched route "n/a". {"route_parameters":{"_controller":"[object] (Closure: {})","_route":null,"url":"https://newjoy.co.jp/products/list?category_id=29"},"request_uri":"http://newjoy.co.jp/products/list?category_id=29"} []
[2018-06-03 19:06:35] eccube.INFO: Populated the TokenStorage with an anonymous Token. [] []
[2018-06-03 19:06:35] eccube.INFO: > GET /products/list?category_id=29 [] []
[2018-06-03 19:06:35] eccube.INFO: < 301 https://newjoy.co.jp/products/list?category_id=29 [] []
[2018-06-03 19:06:35] eccube.INFO: Matched route "product_list". {"route_parameters":{"_controller":"\\Eccube\\Controller\\ProductController::index","_route":"product_list"},"request_uri":"https://newjoy.co.jp/products/list?category_id=29"} []
[2018-06-03 19:06:35] eccube.INFO: Populated the TokenStorage with an anonymous Token. [] []
[2018-06-03 19:06:35] eccube.INFO: > GET /products/list?category_id=29 [] []
[2018-06-03 19:06:36] eccube.INFO: CategoryContent Product/list.twig start [] []
[2018-06-03 19:06:36] eccube.INFO: Matched route "block_cart". {"route_parameters":{"_controller":"\\Eccube\\Controller\\Block\\CartController::index","_route":"block_cart"},"request_uri":"https://newjoy.co.jp/block/cart"} []
[2018-06-03 19:06:36] eccube.INFO: Matched route "block_login". {"route_parameters":{"_controller":"\\Eccube\\Controller\\Block\\LoginController::index","_route":"block_login"},"request_uri":"https://newjoy.co.jp/block/login"} []
[2018-06-03 19:06:36] eccube.INFO: Matched route "block_search_product". {"route_parameters":{"_controller":"\\Eccube\\Controller\\Block\\SearchProductController::index","_route":"block_search_product"},"request_uri":"https://newjoy.co.jp/block/search_product"} []
[2018-06-03 19:06:36] eccube.INFO: Matched route "block_category". {"route_parameters":{"_controller":"\\Eccube\\Controller\\Block\\CategoryController::index","_route":"block_category"},"request_uri":"https://newjoy.co.jp/block/category"} []
[2018-06-03 19:06:36] eccube.INFO: Matched route "block_checkeditem". {"route_parameters":{"_controller":"\\Plugin\\CheckedItem\\Controller\\CheckedItemController::index","_route":"block_checkeditem"},"request_uri":"https://newjoy.co.jp/block/checkeditem"} []
[2018-06-03 19:06:36] eccube.INFO: Matched route "block_main_menu". {"route_parameters":{"_controller":"\\Eccube\\Controller\\Block\\MainMenuController::index","_route":"block_main_menu"},"request_uri":"https://newjoy.co.jp/block/main_menu"} []
[2018-06-03 19:06:36] eccube.INFO: < 200 [] []
[2018-06-03 20:25:15] eccube.INFO: Matched route "n/a". {"route_parameters":{"_controller":"[object] (Closure: {})","_route":null,"url":"https://newjoy.co.jp/products/list?category_id=4"},"request_uri":"http://newjoy.co.jp/products/list?category_id=4"} []
[2018-06-03 20:25:15] eccube.INFO: Populated the TokenStorage with an anonymous Token. [] []
[2018-06-03 20:25:15] eccube.INFO: > GET /products/list?category_id=4 [] []
[2018-06-03 20:25:15] eccube.INFO: < 301 https://newjoy.co.jp/products/list?category_id=4 [] []
[2018-06-03 20:25:23] eccube.INFO: Matched route "product_list". {"route_parameters":{"_controller":"\\Eccube\\Controller\\ProductController::index","_route":"product_list"},"request_uri":"https://newjoy.co.jp/products/list?category_id=4"} []
[2018-06-03 20:25:23] eccube.INFO: Populated the TokenStorage with an anonymous Token. [] []
[2018-06-03 20:25:23] eccube.INFO: > GET /products/list?category_id=4 [] []
[2018-06-03 20:25:23] eccube.INFO: CategoryContent Product/list.twig start [] []
[2018-06-03 20:25:23] eccube.INFO: Matched route "block_cart". {"route_parameters":{"_controller":"\\Eccube\\Controller\\Block\\CartController::index","_route":"block_cart"},"request_uri":"https://newjoy.co.jp/block/cart"} []
[2018-06-03 20:25:23] eccube.INFO: Matched route "block_login". {"route_parameters":{"_controller":"\\Eccube\\Controller\\Block\\LoginController::index","_route":"block_login"},"request_uri":"https://newjoy.co.jp/block/login"} []
[2018-06-03 20:25:23] eccube.INFO: Matched route "block_search_product". {"route_parameters":{"_controller":"\\Eccube\\Controller\\Block\\SearchProductController::index","_route":"block_search_product"},"request_uri":"https://newjoy.co.jp/block/search_product"} []
[2018-06-03 20:25:23] eccube.INFO: Matched route "block_category". {"route_parameters":{"_controller":"\\Eccube\\Controller\\Block\\CategoryController::index","_route":"block_category"},"request_uri":"https://newjoy.co.jp/block/category"} []
[2018-06-03 20:25:23] eccube.INFO: Matched route "block_checkeditem". {"route_parameters":{"_controller":"\\Plugin\\CheckedItem\\Controller\\CheckedItemController::index","_route":"block_checkeditem"},"request_uri":"https://newjoy.co.jp/block/checkeditem"} []
[2018-06-03 20:25:23] eccube.INFO: Matched route "block_main_menu". {"route_parameters":{"_controller":"\\Eccube\\Controller\\Block\\MainMenuController::index","_route":"block_main_menu"},"request_uri":"https://newjoy.co.jp/block/main_menu"} []
[2018-06-03 20:25:23] eccube.INFO: < 200 [] []
