[2018-05-26 07:02:33] eccube.INFO: Matched route "product_list". {"route_parameters":{"_controller":"\\Eccube\\Controller\\ProductController::index","_route":"product_list"},"request_uri":"https://newjoy.co.jp/products/list?category_id=20"} []
[2018-05-26 07:02:33] eccube.INFO: Populated the TokenStorage with an anonymous Token. [] []
[2018-05-26 07:02:33] eccube.INFO: > GET /products/list?category_id=20 [] []
[2018-05-26 07:02:33] eccube.INFO: CategoryContent Product/list.twig start [] []
[2018-05-26 07:02:33] eccube.INFO: Matched route "block_cart". {"route_parameters":{"_controller":"\\Eccube\\Controller\\Block\\CartController::index","_route":"block_cart"},"request_uri":"https://newjoy.co.jp/block/cart"} []
[2018-05-26 07:02:33] eccube.INFO: Matched route "block_login". {"route_parameters":{"_controller":"\\Eccube\\Controller\\Block\\LoginController::index","_route":"block_login"},"request_uri":"https://newjoy.co.jp/block/login"} []
[2018-05-26 07:02:33] eccube.INFO: Matched route "block_search_product". {"route_parameters":{"_controller":"\\Eccube\\Controller\\Block\\SearchProductController::index","_route":"block_search_product"},"request_uri":"https://newjoy.co.jp/block/search_product"} []
[2018-05-26 07:02:34] eccube.INFO: Matched route "block_category". {"route_parameters":{"_controller":"\\Eccube\\Controller\\Block\\CategoryController::index","_route":"block_category"},"request_uri":"https://newjoy.co.jp/block/category"} []
[2018-05-26 07:02:34] eccube.INFO: Matched route "block_checkeditem". {"route_parameters":{"_controller":"\\Plugin\\CheckedItem\\Controller\\CheckedItemController::index","_route":"block_checkeditem"},"request_uri":"https://newjoy.co.jp/block/checkeditem"} []
[2018-05-26 07:02:34] eccube.INFO: Matched route "block_main_menu". {"route_parameters":{"_controller":"\\Eccube\\Controller\\Block\\MainMenuController::index","_route":"block_main_menu"},"request_uri":"https://newjoy.co.jp/block/main_menu"} []
[2018-05-26 07:02:34] eccube.INFO: < 200 [] []
[2018-05-26 07:28:49] eccube.INFO: Matched route "product_detail". {"route_parameters":{"_controller":"\\Eccube\\Controller\\ProductController::detail","id":"16","_route":"product_detail"},"request_uri":"https://newjoy.co.jp/products/detail/16"} []
[2018-05-26 07:28:49] eccube.INFO: Populated the TokenStorage with an anonymous Token. [] []
[2018-05-26 07:28:49] eccube.INFO: > GET /products/detail/16 [] []
[2018-05-26 07:28:49] eccube.INFO: RelatedProduct trigger onRenderProductDetail start [] []
[2018-05-26 07:28:49] eccube.INFO: Event: product review hook into the product detail start. [] []
[2018-05-26 07:28:49] eccube.INFO: Event: product review render success. {"Product id":16} []
[2018-05-26 07:28:49] eccube.INFO: Event: product review hook into the product detail end. [] []
[2018-05-26 07:28:49] eccube.INFO: Matched route "block_cart". {"route_parameters":{"_controller":"\\Eccube\\Controller\\Block\\CartController::index","_route":"block_cart"},"request_uri":"https://newjoy.co.jp/block/cart"} []
[2018-05-26 07:28:49] eccube.INFO: Matched route "block_login". {"route_parameters":{"_controller":"\\Eccube\\Controller\\Block\\LoginController::index","_route":"block_login"},"request_uri":"https://newjoy.co.jp/block/login"} []
[2018-05-26 07:28:50] eccube.INFO: Matched route "block_search_product". {"route_parameters":{"_controller":"\\Eccube\\Controller\\Block\\SearchProductController::index","_route":"block_search_product"},"request_uri":"https://newjoy.co.jp/block/search_product"} []
[2018-05-26 07:28:50] eccube.INFO: Matched route "block_category". {"route_parameters":{"_controller":"\\Eccube\\Controller\\Block\\CategoryController::index","_route":"block_category"},"request_uri":"https://newjoy.co.jp/block/category"} []
[2018-05-26 07:28:50] eccube.INFO: Matched route "block_recommendify3_product_block". {"route_parameters":{"_controller":"\\Plugin\\Recommendify3\\Controller\\Block\\Recommendify3Controller::index","_route":"block_recommendify3_product_block"},"request_uri":"https://newjoy.co.jp/block/recommendify3_product_block"} []
[2018-05-26 07:28:50] eccube.INFO: Matched route "block_checkeditem". {"route_parameters":{"_controller":"\\Plugin\\CheckedItem\\Controller\\CheckedItemController::index","_route":"block_checkeditem"},"request_uri":"https://newjoy.co.jp/block/checkeditem"} []
[2018-05-26 07:28:50] eccube.INFO: Matched route "block_main_menu". {"route_parameters":{"_controller":"\\Eccube\\Controller\\Block\\MainMenuController::index","_route":"block_main_menu"},"request_uri":"https://newjoy.co.jp/block/main_menu"} []
[2018-05-26 07:28:50] eccube.INFO: < 200 [] []
[2018-05-26 09:00:20] eccube.INFO: Matched route "product_list". {"route_parameters":{"_controller":"\\Eccube\\Controller\\ProductController::index","_route":"product_list"},"request_uri":"https://newjoy.co.jp/products/list?category_id=43"} []
[2018-05-26 09:00:20] eccube.INFO: Populated the TokenStorage with an anonymous Token. [] []
[2018-05-26 09:00:20] eccube.INFO: > GET /products/list?category_id=43 [] []
[2018-05-26 09:00:21] eccube.INFO: CategoryContent Product/list.twig start [] []
[2018-05-26 09:00:21] eccube.INFO: Matched route "block_cart". {"route_parameters":{"_controller":"\\Eccube\\Controller\\Block\\CartController::index","_route":"block_cart"},"request_uri":"https://newjoy.co.jp/block/cart"} []
[2018-05-26 09:00:21] eccube.INFO: Matched route "block_login". {"route_parameters":{"_controller":"\\Eccube\\Controller\\Block\\LoginController::index","_route":"block_login"},"request_uri":"https://newjoy.co.jp/block/login"} []
[2018-05-26 09:00:21] eccube.INFO: Matched route "block_search_product". {"route_parameters":{"_controller":"\\Eccube\\Controller\\Block\\SearchProductController::index","_route":"block_search_product"},"request_uri":"https://newjoy.co.jp/block/search_product"} []
[2018-05-26 09:00:21] eccube.INFO: Matched route "block_category". {"route_parameters":{"_controller":"\\Eccube\\Controller\\Block\\CategoryController::index","_route":"block_category"},"request_uri":"https://newjoy.co.jp/block/category"} []
[2018-05-26 09:00:21] eccube.INFO: Matched route "block_checkeditem". {"route_parameters":{"_controller":"\\Plugin\\CheckedItem\\Controller\\CheckedItemController::index","_route":"block_checkeditem"},"request_uri":"https://newjoy.co.jp/block/checkeditem"} []
[2018-05-26 09:00:21] eccube.INFO: Matched route "block_main_menu". {"route_parameters":{"_controller":"\\Eccube\\Controller\\Block\\MainMenuController::index","_route":"block_main_menu"},"request_uri":"https://newjoy.co.jp/block/main_menu"} []
[2018-05-26 09:00:21] eccube.INFO: < 200 [] []
[2018-05-26 10:27:10] eccube.INFO: Matched route "product_detail". {"route_parameters":{"_controller":"\\Eccube\\Controller\\ProductController::detail","id":"16","_route":"product_detail"},"request_uri":"https://newjoy.co.jp/products/detail/16"} []
[2018-05-26 10:27:10] eccube.INFO: Populated the TokenStorage with an anonymous Token. [] []
[2018-05-26 10:27:11] eccube.INFO: > GET /products/detail/16 [] []
[2018-05-26 10:27:11] eccube.INFO: RelatedProduct trigger onRenderProductDetail start [] []
[2018-05-26 10:27:11] eccube.INFO: Event: product review hook into the product detail start. [] []
[2018-05-26 10:27:11] eccube.INFO: Event: product review render success. {"Product id":16} []
[2018-05-26 10:27:11] eccube.INFO: Event: product review hook into the product detail end. [] []
[2018-05-26 10:27:11] eccube.INFO: Matched route "block_cart". {"route_parameters":{"_controller":"\\Eccube\\Controller\\Block\\CartController::index","_route":"block_cart"},"request_uri":"https://newjoy.co.jp/block/cart"} []
[2018-05-26 10:27:11] eccube.INFO: Matched route "block_login". {"route_parameters":{"_controller":"\\Eccube\\Controller\\Block\\LoginController::index","_route":"block_login"},"request_uri":"https://newjoy.co.jp/block/login"} []
[2018-05-26 10:27:11] eccube.INFO: Matched route "block_search_product". {"route_parameters":{"_controller":"\\Eccube\\Controller\\Block\\SearchProductController::index","_route":"block_search_product"},"request_uri":"https://newjoy.co.jp/block/search_product"} []
[2018-05-26 10:27:11] eccube.INFO: Matched route "block_category". {"route_parameters":{"_controller":"\\Eccube\\Controller\\Block\\CategoryController::index","_route":"block_category"},"request_uri":"https://newjoy.co.jp/block/category"} []
[2018-05-26 10:27:11] eccube.INFO: Matched route "block_recommendify3_product_block". {"route_parameters":{"_controller":"\\Plugin\\Recommendify3\\Controller\\Block\\Recommendify3Controller::index","_route":"block_recommendify3_product_block"},"request_uri":"https://newjoy.co.jp/block/recommendify3_product_block"} []
[2018-05-26 10:27:12] eccube.INFO: Matched route "block_checkeditem". {"route_parameters":{"_controller":"\\Plugin\\CheckedItem\\Controller\\CheckedItemController::index","_route":"block_checkeditem"},"request_uri":"https://newjoy.co.jp/block/checkeditem"} []
[2018-05-26 10:27:12] eccube.INFO: Matched route "block_main_menu". {"route_parameters":{"_controller":"\\Eccube\\Controller\\Block\\MainMenuController::index","_route":"block_main_menu"},"request_uri":"https://newjoy.co.jp/block/main_menu"} []
[2018-05-26 10:27:12] eccube.INFO: < 200 [] []
[2018-05-26 11:03:07] eccube.INFO: Matched route "product_list". {"route_parameters":{"_controller":"\\Eccube\\Controller\\ProductController::index","_route":"product_list"},"request_uri":"https://newjoy.co.jp/products/list?category_id=45"} []
[2018-05-26 11:03:07] eccube.INFO: Populated the TokenStorage with an anonymous Token. [] []
[2018-05-26 11:03:07] eccube.INFO: > GET /products/list?category_id=45 [] []
[2018-05-26 11:03:07] eccube.INFO: CategoryContent Product/list.twig start [] []
[2018-05-26 11:03:07] eccube.INFO: Matched route "block_cart". {"route_parameters":{"_controller":"\\Eccube\\Controller\\Block\\CartController::index","_route":"block_cart"},"request_uri":"https://newjoy.co.jp/block/cart"} []
[2018-05-26 11:03:07] eccube.INFO: Matched route "block_login". {"route_parameters":{"_controller":"\\Eccube\\Controller\\Block\\LoginController::index","_route":"block_login"},"request_uri":"https://newjoy.co.jp/block/login"} []
[2018-05-26 11:03:07] eccube.INFO: Matched route "block_search_product". {"route_parameters":{"_controller":"\\Eccube\\Controller\\Block\\SearchProductController::index","_route":"block_search_product"},"request_uri":"https://newjoy.co.jp/block/search_product"} []
[2018-05-26 11:03:08] eccube.INFO: Matched route "block_category". {"route_parameters":{"_controller":"\\Eccube\\Controller\\Block\\CategoryController::index","_route":"block_category"},"request_uri":"https://newjoy.co.jp/block/category"} []
[2018-05-26 11:03:08] eccube.INFO: Matched route "block_checkeditem". {"route_parameters":{"_controller":"\\Plugin\\CheckedItem\\Controller\\CheckedItemController::index","_route":"block_checkeditem"},"request_uri":"https://newjoy.co.jp/block/checkeditem"} []
[2018-05-26 11:03:08] eccube.INFO: Matched route "block_main_menu". {"route_parameters":{"_controller":"\\Eccube\\Controller\\Block\\MainMenuController::index","_route":"block_main_menu"},"request_uri":"https://newjoy.co.jp/block/main_menu"} []
[2018-05-26 11:03:08] eccube.INFO: < 200 [] []
[2018-05-26 11:47:43] eccube.INFO: Matched route "product_list". {"route_parameters":{"_controller":"\\Eccube\\Controller\\ProductController::index","_route":"product_list"},"request_uri":"https://newjoy.co.jp/products/list?category_id=46&disp_number=30&mode=&name=&orderby=0&pageno=1"} []
[2018-05-26 11:47:43] eccube.INFO: Populated the TokenStorage with an anonymous Token. [] []
[2018-05-26 11:47:43] eccube.INFO: > GET /products/list?mode=&category_id=46&name=&pageno=1&disp_number=30&orderby=0 [] []
[2018-05-26 11:47:43] eccube.INFO: CategoryContent Product/list.twig start [] []
[2018-05-26 11:47:43] eccube.INFO: Matched route "block_cart". {"route_parameters":{"_controller":"\\Eccube\\Controller\\Block\\CartController::index","_route":"block_cart"},"request_uri":"https://newjoy.co.jp/block/cart"} []
[2018-05-26 11:47:43] eccube.INFO: Matched route "block_login". {"route_parameters":{"_controller":"\\Eccube\\Controller\\Block\\LoginController::index","_route":"block_login"},"request_uri":"https://newjoy.co.jp/block/login"} []
[2018-05-26 11:47:44] eccube.INFO: Matched route "block_search_product". {"route_parameters":{"_controller":"\\Eccube\\Controller\\Block\\SearchProductController::index","_route":"block_search_product"},"request_uri":"https://newjoy.co.jp/block/search_product"} []
[2018-05-26 11:47:44] eccube.INFO: Matched route "block_category". {"route_parameters":{"_controller":"\\Eccube\\Controller\\Block\\CategoryController::index","_route":"block_category"},"request_uri":"https://newjoy.co.jp/block/category"} []
[2018-05-26 11:47:44] eccube.INFO: Matched route "block_checkeditem". {"route_parameters":{"_controller":"\\Plugin\\CheckedItem\\Controller\\CheckedItemController::index","_route":"block_checkeditem"},"request_uri":"https://newjoy.co.jp/block/checkeditem"} []
[2018-05-26 11:47:44] eccube.INFO: Matched route "block_main_menu". {"route_parameters":{"_controller":"\\Eccube\\Controller\\Block\\MainMenuController::index","_route":"block_main_menu"},"request_uri":"https://newjoy.co.jp/block/main_menu"} []
[2018-05-26 11:47:44] eccube.INFO: < 200 [] []
[2018-05-26 11:48:06] eccube.INFO: Matched route "product_list". {"route_parameters":{"_controller":"\\Eccube\\Controller\\ProductController::index","_route":"product_list"},"request_uri":"https://newjoy.co.jp/products/list?category_id=39&disp_number=30&mode=&name=&orderby=0&pageno=1"} []
[2018-05-26 11:48:06] eccube.INFO: Populated the TokenStorage with an anonymous Token. [] []
[2018-05-26 11:48:06] eccube.INFO: > GET /products/list?mode=&category_id=39&name=&pageno=1&disp_number=30&orderby=0 [] []
[2018-05-26 11:48:07] eccube.INFO: CategoryContent Product/list.twig start [] []
[2018-05-26 11:48:07] eccube.INFO: Matched route "block_cart". {"route_parameters":{"_controller":"\\Eccube\\Controller\\Block\\CartController::index","_route":"block_cart"},"request_uri":"https://newjoy.co.jp/block/cart"} []
[2018-05-26 11:48:07] eccube.INFO: Matched route "block_login". {"route_parameters":{"_controller":"\\Eccube\\Controller\\Block\\LoginController::index","_route":"block_login"},"request_uri":"https://newjoy.co.jp/block/login"} []
[2018-05-26 11:48:07] eccube.INFO: Matched route "block_search_product". {"route_parameters":{"_controller":"\\Eccube\\Controller\\Block\\SearchProductController::index","_route":"block_search_product"},"request_uri":"https://newjoy.co.jp/block/search_product"} []
[2018-05-26 11:48:07] eccube.INFO: Matched route "block_category". {"route_parameters":{"_controller":"\\Eccube\\Controller\\Block\\CategoryController::index","_route":"block_category"},"request_uri":"https://newjoy.co.jp/block/category"} []
[2018-05-26 11:48:07] eccube.INFO: Matched route "block_checkeditem". {"route_parameters":{"_controller":"\\Plugin\\CheckedItem\\Controller\\CheckedItemController::index","_route":"block_checkeditem"},"request_uri":"https://newjoy.co.jp/block/checkeditem"} []
[2018-05-26 11:48:07] eccube.INFO: Matched route "block_main_menu". {"route_parameters":{"_controller":"\\Eccube\\Controller\\Block\\MainMenuController::index","_route":"block_main_menu"},"request_uri":"https://newjoy.co.jp/block/main_menu"} []
[2018-05-26 11:48:07] eccube.INFO: < 200 [] []
[2018-05-26 11:48:48] eccube.INFO: Matched route "forgot". {"route_parameters":{"_controller":"\\Eccube\\Controller\\ForgotController::index","_route":"forgot"},"request_uri":"https://newjoy.co.jp/forgot"} []
[2018-05-26 11:48:48] eccube.INFO: Populated the TokenStorage with an anonymous Token. [] []
[2018-05-26 11:48:48] eccube.INFO: > GET /forgot [] []
[2018-05-26 11:48:48] eccube.INFO: Matched route "block_cart". {"route_parameters":{"_controller":"\\Eccube\\Controller\\Block\\CartController::index","_route":"block_cart"},"request_uri":"https://newjoy.co.jp/block/cart"} []
[2018-05-26 11:48:48] eccube.INFO: Matched route "block_login". {"route_parameters":{"_controller":"\\Eccube\\Controller\\Block\\LoginController::index","_route":"block_login"},"request_uri":"https://newjoy.co.jp/block/login"} []
[2018-05-26 11:48:48] eccube.INFO: Matched route "block_search_product". {"route_parameters":{"_controller":"\\Eccube\\Controller\\Block\\SearchProductController::index","_route":"block_search_product"},"request_uri":"https://newjoy.co.jp/block/search_product"} []
[2018-05-26 11:48:48] eccube.INFO: Matched route "block_category". {"route_parameters":{"_controller":"\\Eccube\\Controller\\Block\\CategoryController::index","_route":"block_category"},"request_uri":"https://newjoy.co.jp/block/category"} []
[2018-05-26 11:48:49] eccube.INFO: Matched route "block_checkeditem". {"route_parameters":{"_controller":"\\Plugin\\CheckedItem\\Controller\\CheckedItemController::index","_route":"block_checkeditem"},"request_uri":"https://newjoy.co.jp/block/checkeditem"} []
[2018-05-26 11:48:49] eccube.INFO: Matched route "block_main_menu". {"route_parameters":{"_controller":"\\Eccube\\Controller\\Block\\MainMenuController::index","_route":"block_main_menu"},"request_uri":"https://newjoy.co.jp/block/main_menu"} []
[2018-05-26 11:48:49] eccube.INFO: < 200 [] []
[2018-05-26 11:48:55] eccube.INFO: Matched route "n/a". {"route_parameters":{"_controller":"[object] (Closure: {})","_route":null,"url":"https://newjoy.co.jp/products/list?mode=&category_id=27&name=&pageno=1&disp_number=30&orderby=0"},"request_uri":"http://newjoy.co.jp/products/list?category_id=27&disp_number=30&mode=&name=&orderby=0&pageno=1"} []
[2018-05-26 11:48:55] eccube.INFO: Populated the TokenStorage with an anonymous Token. [] []
[2018-05-26 11:48:55] eccube.INFO: > GET /products/list?mode=&category_id=27&name=&pageno=1&disp_number=30&orderby=0 [] []
[2018-05-26 11:48:55] eccube.INFO: < 301 https://newjoy.co.jp/products/list?mode=&category_id=27&name=&pageno=1&disp_number=30&orderby=0 [] []
[2018-05-26 11:49:06] eccube.INFO: Matched route "product_list". {"route_parameters":{"_controller":"\\Eccube\\Controller\\ProductController::index","_route":"product_list"},"request_uri":"https://newjoy.co.jp/products/list?category_id=27&disp_number=30&mode=&name=&orderby=0&pageno=1"} []
[2018-05-26 11:49:06] eccube.INFO: Populated the TokenStorage with an anonymous Token. [] []
[2018-05-26 11:49:06] eccube.INFO: > GET /products/list?mode=&category_id=27&name=&pageno=1&disp_number=30&orderby=0 [] []
[2018-05-26 11:49:08] eccube.INFO: CategoryContent Product/list.twig start [] []
[2018-05-26 11:49:08] eccube.INFO: Matched route "block_cart". {"route_parameters":{"_controller":"\\Eccube\\Controller\\Block\\CartController::index","_route":"block_cart"},"request_uri":"https://newjoy.co.jp/block/cart"} []
[2018-05-26 11:49:08] eccube.INFO: Matched route "block_login". {"route_parameters":{"_controller":"\\Eccube\\Controller\\Block\\LoginController::index","_route":"block_login"},"request_uri":"https://newjoy.co.jp/block/login"} []
[2018-05-26 11:49:08] eccube.INFO: Matched route "block_search_product". {"route_parameters":{"_controller":"\\Eccube\\Controller\\Block\\SearchProductController::index","_route":"block_search_product"},"request_uri":"https://newjoy.co.jp/block/search_product"} []
[2018-05-26 11:49:08] eccube.INFO: Matched route "block_category". {"route_parameters":{"_controller":"\\Eccube\\Controller\\Block\\CategoryController::index","_route":"block_category"},"request_uri":"https://newjoy.co.jp/block/category"} []
[2018-05-26 11:49:08] eccube.INFO: Matched route "block_checkeditem". {"route_parameters":{"_controller":"\\Plugin\\CheckedItem\\Controller\\CheckedItemController::index","_route":"block_checkeditem"},"request_uri":"https://newjoy.co.jp/block/checkeditem"} []
[2018-05-26 11:49:08] eccube.INFO: Matched route "block_main_menu". {"route_parameters":{"_controller":"\\Eccube\\Controller\\Block\\MainMenuController::index","_route":"block_main_menu"},"request_uri":"https://newjoy.co.jp/block/main_menu"} []
[2018-05-26 11:49:08] eccube.INFO: < 200 [] []
[2018-05-26 11:49:09] eccube.INFO: Matched route "n/a". {"route_parameters":{"_controller":"[object] (Closure: {})","_route":null,"url":"https://newjoy.co.jp/products/list?mode=&category_id=53&name=&pageno=1&disp_number=30&orderby=0"},"request_uri":"http://newjoy.co.jp/products/list?category_id=53&disp_number=30&mode=&name=&orderby=0&pageno=1"} []
[2018-05-26 11:49:09] eccube.INFO: Populated the TokenStorage with an anonymous Token. [] []
[2018-05-26 11:49:09] eccube.INFO: > GET /products/list?mode=&category_id=53&name=&pageno=1&disp_number=30&orderby=0 [] []
[2018-05-26 11:49:09] eccube.INFO: < 301 https://newjoy.co.jp/products/list?mode=&category_id=53&name=&pageno=1&disp_number=30&orderby=0 [] []
[2018-05-26 11:49:11] eccube.INFO: Matched route "product_list". {"route_parameters":{"_controller":"\\Eccube\\Controller\\ProductController::index","_route":"product_list"},"request_uri":"https://newjoy.co.jp/products/list?category_id=53&disp_number=30&mode=&name=&orderby=0&pageno=1"} []
[2018-05-26 11:49:11] eccube.INFO: Populated the TokenStorage with an anonymous Token. [] []
[2018-05-26 11:49:11] eccube.INFO: > GET /products/list?mode=&category_id=53&name=&pageno=1&disp_number=30&orderby=0 [] []
[2018-05-26 11:49:12] eccube.INFO: CategoryContent Product/list.twig start [] []
[2018-05-26 11:49:12] eccube.INFO: Matched route "block_cart". {"route_parameters":{"_controller":"\\Eccube\\Controller\\Block\\CartController::index","_route":"block_cart"},"request_uri":"https://newjoy.co.jp/block/cart"} []
[2018-05-26 11:49:12] eccube.INFO: Matched route "block_login". {"route_parameters":{"_controller":"\\Eccube\\Controller\\Block\\LoginController::index","_route":"block_login"},"request_uri":"https://newjoy.co.jp/block/login"} []
[2018-05-26 11:49:12] eccube.INFO: Matched route "block_search_product". {"route_parameters":{"_controller":"\\Eccube\\Controller\\Block\\SearchProductController::index","_route":"block_search_product"},"request_uri":"https://newjoy.co.jp/block/search_product"} []
[2018-05-26 11:49:12] eccube.INFO: Matched route "block_category". {"route_parameters":{"_controller":"\\Eccube\\Controller\\Block\\CategoryController::index","_route":"block_category"},"request_uri":"https://newjoy.co.jp/block/category"} []
[2018-05-26 11:49:12] eccube.INFO: Matched route "block_checkeditem". {"route_parameters":{"_controller":"\\Plugin\\CheckedItem\\Controller\\CheckedItemController::index","_route":"block_checkeditem"},"request_uri":"https://newjoy.co.jp/block/checkeditem"} []
[2018-05-26 11:49:12] eccube.INFO: Matched route "block_main_menu". {"route_parameters":{"_controller":"\\Eccube\\Controller\\Block\\MainMenuController::index","_route":"block_main_menu"},"request_uri":"https://newjoy.co.jp/block/main_menu"} []
[2018-05-26 11:49:12] eccube.INFO: < 200 [] []
[2018-05-26 11:49:17] eccube.INFO: Matched route "n/a". {"route_parameters":{"_controller":"[object] (Closure: {})","_route":null,"url":"https://newjoy.co.jp/products/list?mode=&category_id=61&name=&pageno=1&disp_number=30&orderby=0"},"request_uri":"http://newjoy.co.jp/products/list?category_id=61&disp_number=30&mode=&name=&orderby=0&pageno=1"} []
[2018-05-26 11:49:17] eccube.INFO: Populated the TokenStorage with an anonymous Token. [] []
[2018-05-26 11:49:17] eccube.INFO: > GET /products/list?mode=&category_id=61&name=&pageno=1&disp_number=30&orderby=0 [] []
[2018-05-26 11:49:17] eccube.INFO: < 301 https://newjoy.co.jp/products/list?mode=&category_id=61&name=&pageno=1&disp_number=30&orderby=0 [] []
[2018-05-26 11:49:18] eccube.INFO: Matched route "product_list". {"route_parameters":{"_controller":"\\Eccube\\Controller\\ProductController::index","_route":"product_list"},"request_uri":"https://newjoy.co.jp/products/list?category_id=61&disp_number=30&mode=&name=&orderby=0&pageno=1"} []
[2018-05-26 11:49:18] eccube.INFO: Populated the TokenStorage with an anonymous Token. [] []
[2018-05-26 11:49:18] eccube.INFO: > GET /products/list?mode=&category_id=61&name=&pageno=1&disp_number=30&orderby=0 [] []
[2018-05-26 11:49:19] eccube.INFO: CategoryContent Product/list.twig start [] []
[2018-05-26 11:49:19] eccube.INFO: Matched route "block_cart". {"route_parameters":{"_controller":"\\Eccube\\Controller\\Block\\CartController::index","_route":"block_cart"},"request_uri":"https://newjoy.co.jp/block/cart"} []
[2018-05-26 11:49:19] eccube.INFO: Matched route "block_login". {"route_parameters":{"_controller":"\\Eccube\\Controller\\Block\\LoginController::index","_route":"block_login"},"request_uri":"https://newjoy.co.jp/block/login"} []
[2018-05-26 11:49:19] eccube.INFO: Matched route "block_search_product". {"route_parameters":{"_controller":"\\Eccube\\Controller\\Block\\SearchProductController::index","_route":"block_search_product"},"request_uri":"https://newjoy.co.jp/block/search_product"} []
[2018-05-26 11:49:19] eccube.INFO: Matched route "block_category". {"route_parameters":{"_controller":"\\Eccube\\Controller\\Block\\CategoryController::index","_route":"block_category"},"request_uri":"https://newjoy.co.jp/block/category"} []
[2018-05-26 11:49:19] eccube.INFO: Matched route "block_checkeditem". {"route_parameters":{"_controller":"\\Plugin\\CheckedItem\\Controller\\CheckedItemController::index","_route":"block_checkeditem"},"request_uri":"https://newjoy.co.jp/block/checkeditem"} []
[2018-05-26 11:49:19] eccube.INFO: Matched route "block_main_menu". {"route_parameters":{"_controller":"\\Eccube\\Controller\\Block\\MainMenuController::index","_route":"block_main_menu"},"request_uri":"https://newjoy.co.jp/block/main_menu"} []
[2018-05-26 11:49:19] eccube.INFO: < 200 [] []
[2018-05-26 11:49:25] eccube.INFO: Matched route "n/a". {"route_parameters":{"_controller":"[object] (Closure: {})","_route":null,"url":"https://newjoy.co.jp/products/list?category_id=5"},"request_uri":"http://newjoy.co.jp/products/list?category_id=5"} []
[2018-05-26 11:49:25] eccube.INFO: Populated the TokenStorage with an anonymous Token. [] []
[2018-05-26 11:49:25] eccube.INFO: > GET /products/list?category_id=5 [] []
[2018-05-26 11:49:25] eccube.INFO: < 301 https://newjoy.co.jp/products/list?category_id=5 [] []
[2018-05-26 11:49:36] eccube.INFO: Matched route "product_list". {"route_parameters":{"_controller":"\\Eccube\\Controller\\ProductController::index","_route":"product_list"},"request_uri":"https://newjoy.co.jp/products/list?category_id=5"} []
[2018-05-26 11:49:36] eccube.INFO: Populated the TokenStorage with an anonymous Token. [] []
[2018-05-26 11:49:36] eccube.INFO: > GET /products/list?category_id=5 [] []
[2018-05-26 11:49:38] eccube.INFO: CategoryContent Product/list.twig start [] []
[2018-05-26 11:49:38] eccube.INFO: Matched route "block_cart". {"route_parameters":{"_controller":"\\Eccube\\Controller\\Block\\CartController::index","_route":"block_cart"},"request_uri":"https://newjoy.co.jp/block/cart"} []
[2018-05-26 11:49:38] eccube.INFO: Matched route "block_login". {"route_parameters":{"_controller":"\\Eccube\\Controller\\Block\\LoginController::index","_route":"block_login"},"request_uri":"https://newjoy.co.jp/block/login"} []
[2018-05-26 11:49:38] eccube.INFO: Matched route "block_search_product". {"route_parameters":{"_controller":"\\Eccube\\Controller\\Block\\SearchProductController::index","_route":"block_search_product"},"request_uri":"https://newjoy.co.jp/block/search_product"} []
[2018-05-26 11:49:39] eccube.INFO: Matched route "block_category". {"route_parameters":{"_controller":"\\Eccube\\Controller\\Block\\CategoryController::index","_route":"block_category"},"request_uri":"https://newjoy.co.jp/block/category"} []
[2018-05-26 11:49:39] eccube.INFO: Matched route "block_checkeditem". {"route_parameters":{"_controller":"\\Plugin\\CheckedItem\\Controller\\CheckedItemController::index","_route":"block_checkeditem"},"request_uri":"https://newjoy.co.jp/block/checkeditem"} []
[2018-05-26 11:49:39] eccube.INFO: Matched route "block_main_menu". {"route_parameters":{"_controller":"\\Eccube\\Controller\\Block\\MainMenuController::index","_route":"block_main_menu"},"request_uri":"https://newjoy.co.jp/block/main_menu"} []
[2018-05-26 11:49:39] eccube.INFO: < 200 [] []
[2018-05-26 11:49:40] eccube.INFO: Matched route "n/a". {"route_parameters":{"_controller":"[object] (Closure: {})","_route":null,"url":"https://newjoy.co.jp/products/list?mode=&category_id=16&name=&pageno=1&disp_number=30&orderby=3"},"request_uri":"http://newjoy.co.jp/products/list?category_id=16&disp_number=30&mode=&name=&orderby=3&pageno=1"} []
[2018-05-26 11:49:40] eccube.INFO: Populated the TokenStorage with an anonymous Token. [] []
[2018-05-26 11:49:40] eccube.INFO: > GET /products/list?mode=&category_id=16&name=&pageno=1&disp_number=30&orderby=3 [] []
[2018-05-26 11:49:40] eccube.INFO: < 301 https://newjoy.co.jp/products/list?mode=&category_id=16&name=&pageno=1&disp_number=30&orderby=3 [] []
[2018-05-26 11:49:42] eccube.INFO: Matched route "product_list". {"route_parameters":{"_controller":"\\Eccube\\Controller\\ProductController::index","_route":"product_list"},"request_uri":"https://newjoy.co.jp/products/list?category_id=16&disp_number=30&mode=&name=&orderby=3&pageno=1"} []
[2018-05-26 11:49:42] eccube.INFO: Populated the TokenStorage with an anonymous Token. [] []
[2018-05-26 11:49:42] eccube.INFO: > GET /products/list?mode=&category_id=16&name=&pageno=1&disp_number=30&orderby=3 [] []
[2018-05-26 11:49:43] eccube.INFO: CategoryContent Product/list.twig start [] []
[2018-05-26 11:49:43] eccube.INFO: Matched route "block_cart". {"route_parameters":{"_controller":"\\Eccube\\Controller\\Block\\CartController::index","_route":"block_cart"},"request_uri":"https://newjoy.co.jp/block/cart"} []
[2018-05-26 11:49:43] eccube.INFO: Matched route "block_login". {"route_parameters":{"_controller":"\\Eccube\\Controller\\Block\\LoginController::index","_route":"block_login"},"request_uri":"https://newjoy.co.jp/block/login"} []
[2018-05-26 11:49:43] eccube.INFO: Matched route "block_search_product". {"route_parameters":{"_controller":"\\Eccube\\Controller\\Block\\SearchProductController::index","_route":"block_search_product"},"request_uri":"https://newjoy.co.jp/block/search_product"} []
[2018-05-26 11:49:44] eccube.INFO: Matched route "block_category". {"route_parameters":{"_controller":"\\Eccube\\Controller\\Block\\CategoryController::index","_route":"block_category"},"request_uri":"https://newjoy.co.jp/block/category"} []
[2018-05-26 11:49:44] eccube.INFO: Matched route "block_checkeditem". {"route_parameters":{"_controller":"\\Plugin\\CheckedItem\\Controller\\CheckedItemController::index","_route":"block_checkeditem"},"request_uri":"https://newjoy.co.jp/block/checkeditem"} []
[2018-05-26 11:49:44] eccube.INFO: Matched route "block_main_menu". {"route_parameters":{"_controller":"\\Eccube\\Controller\\Block\\MainMenuController::index","_route":"block_main_menu"},"request_uri":"https://newjoy.co.jp/block/main_menu"} []
[2018-05-26 11:49:44] eccube.INFO: < 200 [] []
[2018-05-26 11:49:46] eccube.INFO: Matched route "n/a". {"route_parameters":{"_controller":"[object] (Closure: {})","_route":null,"url":"https://newjoy.co.jp/products/list?mode=&category_id=31&name=&pageno=1&disp_number=30&orderby=0"},"request_uri":"http://newjoy.co.jp/products/list?category_id=31&disp_number=30&mode=&name=&orderby=0&pageno=1"} []
[2018-05-26 11:49:46] eccube.INFO: Populated the TokenStorage with an anonymous Token. [] []
[2018-05-26 11:49:46] eccube.INFO: > GET /products/list?mode=&category_id=31&name=&pageno=1&disp_number=30&orderby=0 [] []
[2018-05-26 11:49:46] eccube.INFO: < 301 https://newjoy.co.jp/products/list?mode=&category_id=31&name=&pageno=1&disp_number=30&orderby=0 [] []
[2018-05-26 11:49:47] eccube.INFO: Matched route "product_list". {"route_parameters":{"_controller":"\\Eccube\\Controller\\ProductController::index","_route":"product_list"},"request_uri":"https://newjoy.co.jp/products/list?category_id=31&disp_number=30&mode=&name=&orderby=0&pageno=1"} []
[2018-05-26 11:49:47] eccube.INFO: Populated the TokenStorage with an anonymous Token. [] []
[2018-05-26 11:49:47] eccube.INFO: > GET /products/list?mode=&category_id=31&name=&pageno=1&disp_number=30&orderby=0 [] []
[2018-05-26 11:49:48] eccube.INFO: CategoryContent Product/list.twig start [] []
[2018-05-26 11:49:48] eccube.INFO: CategoryContent Product/list.twig end [] []
[2018-05-26 11:49:48] eccube.INFO: Matched route "block_cart". {"route_parameters":{"_controller":"\\Eccube\\Controller\\Block\\CartController::index","_route":"block_cart"},"request_uri":"https://newjoy.co.jp/block/cart"} []
[2018-05-26 11:49:48] eccube.INFO: Matched route "block_login". {"route_parameters":{"_controller":"\\Eccube\\Controller\\Block\\LoginController::index","_route":"block_login"},"request_uri":"https://newjoy.co.jp/block/login"} []
[2018-05-26 11:49:49] eccube.INFO: Matched route "block_search_product". {"route_parameters":{"_controller":"\\Eccube\\Controller\\Block\\SearchProductController::index","_route":"block_search_product"},"request_uri":"https://newjoy.co.jp/block/search_product"} []
[2018-05-26 11:49:49] eccube.INFO: Matched route "block_category". {"route_parameters":{"_controller":"\\Eccube\\Controller\\Block\\CategoryController::index","_route":"block_category"},"request_uri":"https://newjoy.co.jp/block/category"} []
[2018-05-26 11:49:49] eccube.INFO: Matched route "block_checkeditem". {"route_parameters":{"_controller":"\\Plugin\\CheckedItem\\Controller\\CheckedItemController::index","_route":"block_checkeditem"},"request_uri":"https://newjoy.co.jp/block/checkeditem"} []
[2018-05-26 11:49:49] eccube.INFO: Matched route "block_main_menu". {"route_parameters":{"_controller":"\\Eccube\\Controller\\Block\\MainMenuController::index","_route":"block_main_menu"},"request_uri":"https://newjoy.co.jp/block/main_menu"} []
[2018-05-26 11:49:49] eccube.INFO: < 200 [] []
[2018-05-26 11:50:05] eccube.INFO: Matched route "n/a". {"route_parameters":{"_controller":"[object] (Closure: {})","_route":null,"url":"https://newjoy.co.jp/products/list?mode=&category_id=11&name=&pageno=1&disp_number=30&orderby=3"},"request_uri":"http://newjoy.co.jp/products/list?category_id=11&disp_number=30&mode=&name=&orderby=3&pageno=1"} []
[2018-05-26 11:50:05] eccube.INFO: Populated the TokenStorage with an anonymous Token. [] []
[2018-05-26 11:50:05] eccube.INFO: > GET /products/list?mode=&category_id=11&name=&pageno=1&disp_number=30&orderby=3 [] []
[2018-05-26 11:50:05] eccube.INFO: < 301 https://newjoy.co.jp/products/list?mode=&category_id=11&name=&pageno=1&disp_number=30&orderby=3 [] []
[2018-05-26 11:50:06] eccube.INFO: Matched route "product_list". {"route_parameters":{"_controller":"\\Eccube\\Controller\\ProductController::index","_route":"product_list"},"request_uri":"https://newjoy.co.jp/products/list?category_id=11&disp_number=30&mode=&name=&orderby=3&pageno=1"} []
[2018-05-26 11:50:06] eccube.INFO: Populated the TokenStorage with an anonymous Token. [] []
[2018-05-26 11:50:06] eccube.INFO: > GET /products/list?mode=&category_id=11&name=&pageno=1&disp_number=30&orderby=3 [] []
[2018-05-26 11:50:07] eccube.INFO: CategoryContent Product/list.twig start [] []
[2018-05-26 11:50:07] eccube.INFO: Matched route "block_cart". {"route_parameters":{"_controller":"\\Eccube\\Controller\\Block\\CartController::index","_route":"block_cart"},"request_uri":"https://newjoy.co.jp/block/cart"} []
[2018-05-26 11:50:07] eccube.INFO: Matched route "block_login". {"route_parameters":{"_controller":"\\Eccube\\Controller\\Block\\LoginController::index","_route":"block_login"},"request_uri":"https://newjoy.co.jp/block/login"} []
[2018-05-26 11:50:07] eccube.INFO: Matched route "block_search_product". {"route_parameters":{"_controller":"\\Eccube\\Controller\\Block\\SearchProductController::index","_route":"block_search_product"},"request_uri":"https://newjoy.co.jp/block/search_product"} []
[2018-05-26 11:50:07] eccube.INFO: Matched route "block_category". {"route_parameters":{"_controller":"\\Eccube\\Controller\\Block\\CategoryController::index","_route":"block_category"},"request_uri":"https://newjoy.co.jp/block/category"} []
[2018-05-26 11:50:07] eccube.INFO: Matched route "block_checkeditem". {"route_parameters":{"_controller":"\\Plugin\\CheckedItem\\Controller\\CheckedItemController::index","_route":"block_checkeditem"},"request_uri":"https://newjoy.co.jp/block/checkeditem"} []
[2018-05-26 11:50:07] eccube.INFO: Matched route "block_main_menu". {"route_parameters":{"_controller":"\\Eccube\\Controller\\Block\\MainMenuController::index","_route":"block_main_menu"},"request_uri":"https://newjoy.co.jp/block/main_menu"} []
[2018-05-26 11:50:07] eccube.INFO: < 200 [] []
[2018-05-26 11:50:15] eccube.INFO: Matched route "n/a". {"route_parameters":{"_controller":"[object] (Closure: {})","_route":null,"url":"https://newjoy.co.jp/products/list?mode=&category_id=8&name=&pageno=1&disp_number=15&orderby=2"},"request_uri":"http://newjoy.co.jp/products/list?category_id=8&disp_number=15&mode=&name=&orderby=2&pageno=1"} []
[2018-05-26 11:50:15] eccube.INFO: Populated the TokenStorage with an anonymous Token. [] []
[2018-05-26 11:50:15] eccube.INFO: > GET /products/list?mode=&category_id=8&name=&pageno=1&disp_number=15&orderby=2 [] []
[2018-05-26 11:50:15] eccube.INFO: < 301 https://newjoy.co.jp/products/list?mode=&category_id=8&name=&pageno=1&disp_number=15&orderby=2 [] []
[2018-05-26 11:50:16] eccube.INFO: Matched route "product_list". {"route_parameters":{"_controller":"\\Eccube\\Controller\\ProductController::index","_route":"product_list"},"request_uri":"https://newjoy.co.jp/products/list?category_id=8&disp_number=15&mode=&name=&orderby=2&pageno=1"} []
[2018-05-26 11:50:16] eccube.INFO: Populated the TokenStorage with an anonymous Token. [] []
[2018-05-26 11:50:16] eccube.INFO: > GET /products/list?mode=&category_id=8&name=&pageno=1&disp_number=15&orderby=2 [] []
[2018-05-26 11:50:17] eccube.INFO: CategoryContent Product/list.twig start [] []
[2018-05-26 11:50:17] eccube.INFO: Matched route "block_cart". {"route_parameters":{"_controller":"\\Eccube\\Controller\\Block\\CartController::index","_route":"block_cart"},"request_uri":"https://newjoy.co.jp/block/cart"} []
[2018-05-26 11:50:17] eccube.INFO: Matched route "block_login". {"route_parameters":{"_controller":"\\Eccube\\Controller\\Block\\LoginController::index","_route":"block_login"},"request_uri":"https://newjoy.co.jp/block/login"} []
[2018-05-26 11:50:17] eccube.INFO: Matched route "block_search_product". {"route_parameters":{"_controller":"\\Eccube\\Controller\\Block\\SearchProductController::index","_route":"block_search_product"},"request_uri":"https://newjoy.co.jp/block/search_product"} []
[2018-05-26 11:50:17] eccube.INFO: Matched route "block_category". {"route_parameters":{"_controller":"\\Eccube\\Controller\\Block\\CategoryController::index","_route":"block_category"},"request_uri":"https://newjoy.co.jp/block/category"} []
[2018-05-26 11:50:17] eccube.INFO: Matched route "block_checkeditem". {"route_parameters":{"_controller":"\\Plugin\\CheckedItem\\Controller\\CheckedItemController::index","_route":"block_checkeditem"},"request_uri":"https://newjoy.co.jp/block/checkeditem"} []
[2018-05-26 11:50:17] eccube.INFO: Matched route "block_main_menu". {"route_parameters":{"_controller":"\\Eccube\\Controller\\Block\\MainMenuController::index","_route":"block_main_menu"},"request_uri":"https://newjoy.co.jp/block/main_menu"} []
[2018-05-26 11:50:17] eccube.INFO: < 200 [] []
[2018-05-26 11:50:44] eccube.INFO: Matched route "n/a". {"route_parameters":{"_controller":"[object] (Closure: {})","_route":null,"url":"https://newjoy.co.jp/products/list?mode=&category_id=9&name=&pageno=1&disp_number=15&orderby=3"},"request_uri":"http://newjoy.co.jp/products/list?category_id=9&disp_number=15&mode=&name=&orderby=3&pageno=1"} []
[2018-05-26 11:50:44] eccube.INFO: Populated the TokenStorage with an anonymous Token. [] []
[2018-05-26 11:50:44] eccube.INFO: > GET /products/list?mode=&category_id=9&name=&pageno=1&disp_number=15&orderby=3 [] []
[2018-05-26 11:50:44] eccube.INFO: < 301 https://newjoy.co.jp/products/list?mode=&category_id=9&name=&pageno=1&disp_number=15&orderby=3 [] []
[2018-05-26 11:50:45] eccube.INFO: Matched route "product_list". {"route_parameters":{"_controller":"\\Eccube\\Controller\\ProductController::index","_route":"product_list"},"request_uri":"https://newjoy.co.jp/products/list?category_id=9&disp_number=15&mode=&name=&orderby=3&pageno=1"} []
[2018-05-26 11:50:45] eccube.INFO: Populated the TokenStorage with an anonymous Token. [] []
[2018-05-26 11:50:45] eccube.INFO: > GET /products/list?mode=&category_id=9&name=&pageno=1&disp_number=15&orderby=3 [] []
[2018-05-26 11:50:46] eccube.INFO: CategoryContent Product/list.twig start [] []
[2018-05-26 11:50:46] eccube.INFO: Matched route "block_cart". {"route_parameters":{"_controller":"\\Eccube\\Controller\\Block\\CartController::index","_route":"block_cart"},"request_uri":"https://newjoy.co.jp/block/cart"} []
[2018-05-26 11:50:46] eccube.INFO: Matched route "block_login". {"route_parameters":{"_controller":"\\Eccube\\Controller\\Block\\LoginController::index","_route":"block_login"},"request_uri":"https://newjoy.co.jp/block/login"} []
[2018-05-26 11:50:46] eccube.INFO: Matched route "block_search_product". {"route_parameters":{"_controller":"\\Eccube\\Controller\\Block\\SearchProductController::index","_route":"block_search_product"},"request_uri":"https://newjoy.co.jp/block/search_product"} []
[2018-05-26 11:50:46] eccube.INFO: Matched route "block_category". {"route_parameters":{"_controller":"\\Eccube\\Controller\\Block\\CategoryController::index","_route":"block_category"},"request_uri":"https://newjoy.co.jp/block/category"} []
[2018-05-26 11:50:46] eccube.INFO: Matched route "block_checkeditem". {"route_parameters":{"_controller":"\\Plugin\\CheckedItem\\Controller\\CheckedItemController::index","_route":"block_checkeditem"},"request_uri":"https://newjoy.co.jp/block/checkeditem"} []
[2018-05-26 11:50:46] eccube.INFO: Matched route "block_main_menu". {"route_parameters":{"_controller":"\\Eccube\\Controller\\Block\\MainMenuController::index","_route":"block_main_menu"},"request_uri":"https://newjoy.co.jp/block/main_menu"} []
[2018-05-26 11:50:46] eccube.INFO: < 200 [] []
[2018-05-26 11:51:14] eccube.INFO: Matched route "n/a". {"route_parameters":{"_controller":"[object] (Closure: {})","_route":null,"url":"https://newjoy.co.jp/products/list?mode=&category_id=7&name=&pageno=1&disp_number=50&orderby=2"},"request_uri":"http://newjoy.co.jp/products/list?category_id=7&disp_number=50&mode=&name=&orderby=2&pageno=1"} []
[2018-05-26 11:51:14] eccube.INFO: Populated the TokenStorage with an anonymous Token. [] []
[2018-05-26 11:51:14] eccube.INFO: > GET /products/list?mode=&category_id=7&name=&pageno=1&disp_number=50&orderby=2 [] []
[2018-05-26 11:51:14] eccube.INFO: < 301 https://newjoy.co.jp/products/list?mode=&category_id=7&name=&pageno=1&disp_number=50&orderby=2 [] []
[2018-05-26 11:51:16] eccube.INFO: Matched route "product_list". {"route_parameters":{"_controller":"\\Eccube\\Controller\\ProductController::index","_route":"product_list"},"request_uri":"https://newjoy.co.jp/products/list?category_id=7&disp_number=50&mode=&name=&orderby=2&pageno=1"} []
[2018-05-26 11:51:16] eccube.INFO: Populated the TokenStorage with an anonymous Token. [] []
[2018-05-26 11:51:16] eccube.INFO: > GET /products/list?mode=&category_id=7&name=&pageno=1&disp_number=50&orderby=2 [] []
[2018-05-26 11:51:17] eccube.INFO: CategoryContent Product/list.twig start [] []
[2018-05-26 11:51:17] eccube.INFO: Matched route "block_cart". {"route_parameters":{"_controller":"\\Eccube\\Controller\\Block\\CartController::index","_route":"block_cart"},"request_uri":"https://newjoy.co.jp/block/cart"} []
[2018-05-26 11:51:17] eccube.INFO: Matched route "block_login". {"route_parameters":{"_controller":"\\Eccube\\Controller\\Block\\LoginController::index","_route":"block_login"},"request_uri":"https://newjoy.co.jp/block/login"} []
[2018-05-26 11:51:17] eccube.INFO: Matched route "block_search_product". {"route_parameters":{"_controller":"\\Eccube\\Controller\\Block\\SearchProductController::index","_route":"block_search_product"},"request_uri":"https://newjoy.co.jp/block/search_product"} []
[2018-05-26 11:51:17] eccube.INFO: Matched route "block_category". {"route_parameters":{"_controller":"\\Eccube\\Controller\\Block\\CategoryController::index","_route":"block_category"},"request_uri":"https://newjoy.co.jp/block/category"} []
[2018-05-26 11:51:17] eccube.INFO: Matched route "block_checkeditem". {"route_parameters":{"_controller":"\\Plugin\\CheckedItem\\Controller\\CheckedItemController::index","_route":"block_checkeditem"},"request_uri":"https://newjoy.co.jp/block/checkeditem"} []
[2018-05-26 11:51:17] eccube.INFO: Matched route "block_main_menu". {"route_parameters":{"_controller":"\\Eccube\\Controller\\Block\\MainMenuController::index","_route":"block_main_menu"},"request_uri":"https://newjoy.co.jp/block/main_menu"} []
[2018-05-26 11:51:17] eccube.INFO: < 200 [] []
[2018-05-26 11:51:43] eccube.INFO: Matched route "product_list". {"route_parameters":{"_controller":"\\Eccube\\Controller\\ProductController::index","_route":"product_list"},"request_uri":"https://newjoy.co.jp/products/list?category_id=10&disp_number=50&mode=&name=&orderby=2&pageno=1"} []
[2018-05-26 11:51:43] eccube.INFO: Populated the TokenStorage with an anonymous Token. [] []
[2018-05-26 11:51:43] eccube.INFO: > GET /products/list?mode=&category_id=10&name=&pageno=1&disp_number=50&orderby=2 [] []
[2018-05-26 11:51:43] eccube.INFO: CategoryContent Product/list.twig start [] []
[2018-05-26 11:51:43] eccube.INFO: CategoryContent Product/list.twig end [] []
[2018-05-26 11:51:43] eccube.INFO: Matched route "block_cart". {"route_parameters":{"_controller":"\\Eccube\\Controller\\Block\\CartController::index","_route":"block_cart"},"request_uri":"https://newjoy.co.jp/block/cart"} []
[2018-05-26 11:51:43] eccube.INFO: Matched route "block_login". {"route_parameters":{"_controller":"\\Eccube\\Controller\\Block\\LoginController::index","_route":"block_login"},"request_uri":"https://newjoy.co.jp/block/login"} []
[2018-05-26 11:51:43] eccube.INFO: Matched route "block_search_product". {"route_parameters":{"_controller":"\\Eccube\\Controller\\Block\\SearchProductController::index","_route":"block_search_product"},"request_uri":"https://newjoy.co.jp/block/search_product"} []
[2018-05-26 11:51:44] eccube.INFO: Matched route "block_category". {"route_parameters":{"_controller":"\\Eccube\\Controller\\Block\\CategoryController::index","_route":"block_category"},"request_uri":"https://newjoy.co.jp/block/category"} []
[2018-05-26 11:51:44] eccube.INFO: Matched route "block_checkeditem". {"route_parameters":{"_controller":"\\Plugin\\CheckedItem\\Controller\\CheckedItemController::index","_route":"block_checkeditem"},"request_uri":"https://newjoy.co.jp/block/checkeditem"} []
[2018-05-26 11:51:44] eccube.INFO: Matched route "block_main_menu". {"route_parameters":{"_controller":"\\Eccube\\Controller\\Block\\MainMenuController::index","_route":"block_main_menu"},"request_uri":"https://newjoy.co.jp/block/main_menu"} []
[2018-05-26 11:51:44] eccube.INFO: < 200 [] []
[2018-05-26 11:52:41] eccube.INFO: Matched route "product_list". {"route_parameters":{"_controller":"\\Eccube\\Controller\\ProductController::index","_route":"product_list"},"request_uri":"https://newjoy.co.jp/products/list?category_id=14&disp_number=30&mode=&name=&orderby=3&pageno=1"} []
[2018-05-26 11:52:41] eccube.INFO: Populated the TokenStorage with an anonymous Token. [] []
[2018-05-26 11:52:41] eccube.INFO: > GET /products/list?mode=&category_id=14&name=&pageno=1&disp_number=30&orderby=3 [] []
[2018-05-26 11:52:42] eccube.INFO: CategoryContent Product/list.twig start [] []
[2018-05-26 11:52:42] eccube.INFO: Matched route "block_cart". {"route_parameters":{"_controller":"\\Eccube\\Controller\\Block\\CartController::index","_route":"block_cart"},"request_uri":"https://newjoy.co.jp/block/cart"} []
[2018-05-26 11:52:42] eccube.INFO: Matched route "block_login". {"route_parameters":{"_controller":"\\Eccube\\Controller\\Block\\LoginController::index","_route":"block_login"},"request_uri":"https://newjoy.co.jp/block/login"} []
[2018-05-26 11:52:42] eccube.INFO: Matched route "block_search_product". {"route_parameters":{"_controller":"\\Eccube\\Controller\\Block\\SearchProductController::index","_route":"block_search_product"},"request_uri":"https://newjoy.co.jp/block/search_product"} []
[2018-05-26 11:52:42] eccube.INFO: Matched route "block_category". {"route_parameters":{"_controller":"\\Eccube\\Controller\\Block\\CategoryController::index","_route":"block_category"},"request_uri":"https://newjoy.co.jp/block/category"} []
[2018-05-26 11:52:42] eccube.INFO: Matched route "block_checkeditem". {"route_parameters":{"_controller":"\\Plugin\\CheckedItem\\Controller\\CheckedItemController::index","_route":"block_checkeditem"},"request_uri":"https://newjoy.co.jp/block/checkeditem"} []
[2018-05-26 11:52:42] eccube.INFO: Matched route "block_main_menu". {"route_parameters":{"_controller":"\\Eccube\\Controller\\Block\\MainMenuController::index","_route":"block_main_menu"},"request_uri":"https://newjoy.co.jp/block/main_menu"} []
[2018-05-26 11:52:42] eccube.INFO: < 200 [] []
[2018-05-26 11:53:17] eccube.INFO: Matched route "product_list". {"route_parameters":{"_controller":"\\Eccube\\Controller\\ProductController::index","_route":"product_list"},"request_uri":"https://newjoy.co.jp/products/list?category_id=&disp_number=30&mode=&name=%E3%83%9A%E3%82%A2%E3%83%AB%E3%83%83%E3%82%AF&orderby=0&pageno=1"} []
[2018-05-26 11:53:17] eccube.INFO: Populated the TokenStorage with an anonymous Token. [] []
[2018-05-26 11:53:17] eccube.INFO: > GET /products/list?mode=&category_id=&name=%E3%83%9A%E3%82%A2%E3%83%AB%E3%83%83%E3%82%AF&pageno=1&disp_number=30&orderby=0 [] []
[2018-05-26 11:53:18] eccube.INFO: CategoryContent Product/list.twig start [] []
[2018-05-26 11:53:18] eccube.INFO: Matched route "block_cart". {"route_parameters":{"_controller":"\\Eccube\\Controller\\Block\\CartController::index","_route":"block_cart"},"request_uri":"https://newjoy.co.jp/block/cart"} []
[2018-05-26 11:53:18] eccube.INFO: Matched route "block_login". {"route_parameters":{"_controller":"\\Eccube\\Controller\\Block\\LoginController::index","_route":"block_login"},"request_uri":"https://newjoy.co.jp/block/login"} []
[2018-05-26 11:53:18] eccube.INFO: Matched route "block_search_product". {"route_parameters":{"_controller":"\\Eccube\\Controller\\Block\\SearchProductController::index","_route":"block_search_product"},"request_uri":"https://newjoy.co.jp/block/search_product"} []
[2018-05-26 11:53:19] eccube.INFO: Matched route "block_category". {"route_parameters":{"_controller":"\\Eccube\\Controller\\Block\\CategoryController::index","_route":"block_category"},"request_uri":"https://newjoy.co.jp/block/category"} []
[2018-05-26 11:53:19] eccube.INFO: Matched route "block_checkeditem". {"route_parameters":{"_controller":"\\Plugin\\CheckedItem\\Controller\\CheckedItemController::index","_route":"block_checkeditem"},"request_uri":"https://newjoy.co.jp/block/checkeditem"} []
[2018-05-26 11:53:19] eccube.INFO: Matched route "block_main_menu". {"route_parameters":{"_controller":"\\Eccube\\Controller\\Block\\MainMenuController::index","_route":"block_main_menu"},"request_uri":"https://newjoy.co.jp/block/main_menu"} []
[2018-05-26 11:53:19] eccube.INFO: < 200 [] []
[2018-05-26 11:54:09] eccube.INFO: Matched route "product_detail". {"route_parameters":{"_controller":"\\Eccube\\Controller\\ProductController::detail","id":"6","_route":"product_detail"},"request_uri":"https://newjoy.co.jp/products/detail/6"} []
[2018-05-26 11:54:09] eccube.INFO: Populated the TokenStorage with an anonymous Token. [] []
[2018-05-26 11:54:09] eccube.INFO: > GET /products/detail/6 [] []
[2018-05-26 11:54:09] eccube.INFO: RelatedProduct trigger onRenderProductDetail start [] []
[2018-05-26 11:54:09] eccube.INFO: Event: product review hook into the product detail start. [] []
[2018-05-26 11:54:09] eccube.INFO: Event: product review render success. {"Product id":6} []
[2018-05-26 11:54:09] eccube.INFO: Event: product review hook into the product detail end. [] []
[2018-05-26 11:54:09] eccube.INFO: Matched route "block_cart". {"route_parameters":{"_controller":"\\Eccube\\Controller\\Block\\CartController::index","_route":"block_cart"},"request_uri":"https://newjoy.co.jp/block/cart"} []
[2018-05-26 11:54:09] eccube.INFO: Matched route "block_login". {"route_parameters":{"_controller":"\\Eccube\\Controller\\Block\\LoginController::index","_route":"block_login"},"request_uri":"https://newjoy.co.jp/block/login"} []
[2018-05-26 11:54:09] eccube.INFO: Matched route "block_search_product". {"route_parameters":{"_controller":"\\Eccube\\Controller\\Block\\SearchProductController::index","_route":"block_search_product"},"request_uri":"https://newjoy.co.jp/block/search_product"} []
[2018-05-26 11:54:09] eccube.INFO: Matched route "block_category". {"route_parameters":{"_controller":"\\Eccube\\Controller\\Block\\CategoryController::index","_route":"block_category"},"request_uri":"https://newjoy.co.jp/block/category"} []
[2018-05-26 11:54:09] eccube.INFO: Matched route "block_recommendify3_product_block". {"route_parameters":{"_controller":"\\Plugin\\Recommendify3\\Controller\\Block\\Recommendify3Controller::index","_route":"block_recommendify3_product_block"},"request_uri":"https://newjoy.co.jp/block/recommendify3_product_block"} []
[2018-05-26 11:54:10] eccube.INFO: Matched route "block_checkeditem". {"route_parameters":{"_controller":"\\Plugin\\CheckedItem\\Controller\\CheckedItemController::index","_route":"block_checkeditem"},"request_uri":"https://newjoy.co.jp/block/checkeditem"} []
[2018-05-26 11:54:10] eccube.INFO: Matched route "block_main_menu". {"route_parameters":{"_controller":"\\Eccube\\Controller\\Block\\MainMenuController::index","_route":"block_main_menu"},"request_uri":"https://newjoy.co.jp/block/main_menu"} []
[2018-05-26 11:54:10] eccube.INFO: < 200 [] []
[2018-05-26 11:57:06] eccube.INFO: Matched route "product_detail". {"route_parameters":{"_controller":"\\Eccube\\Controller\\ProductController::detail","id":"10","_route":"product_detail"},"request_uri":"https://newjoy.co.jp/products/detail/10"} []
[2018-05-26 11:57:06] eccube.INFO: Populated the TokenStorage with an anonymous Token. [] []
[2018-05-26 11:57:07] eccube.INFO: > GET /products/detail/10 [] []
[2018-05-26 11:57:07] eccube.INFO: RelatedProduct trigger onRenderProductDetail start [] []
[2018-05-26 11:57:07] eccube.INFO: Event: product review hook into the product detail start. [] []
[2018-05-26 11:57:07] eccube.INFO: Event: product review render success. {"Product id":10} []
[2018-05-26 11:57:07] eccube.INFO: Event: product review hook into the product detail end. [] []
[2018-05-26 11:57:07] eccube.INFO: Matched route "block_cart". {"route_parameters":{"_controller":"\\Eccube\\Controller\\Block\\CartController::index","_route":"block_cart"},"request_uri":"https://newjoy.co.jp/block/cart"} []
[2018-05-26 11:57:07] eccube.INFO: Matched route "block_login". {"route_parameters":{"_controller":"\\Eccube\\Controller\\Block\\LoginController::index","_route":"block_login"},"request_uri":"https://newjoy.co.jp/block/login"} []
[2018-05-26 11:57:07] eccube.INFO: Matched route "block_search_product". {"route_parameters":{"_controller":"\\Eccube\\Controller\\Block\\SearchProductController::index","_route":"block_search_product"},"request_uri":"https://newjoy.co.jp/block/search_product"} []
[2018-05-26 11:57:07] eccube.INFO: Matched route "block_category". {"route_parameters":{"_controller":"\\Eccube\\Controller\\Block\\CategoryController::index","_route":"block_category"},"request_uri":"https://newjoy.co.jp/block/category"} []
[2018-05-26 11:57:07] eccube.INFO: Matched route "block_recommendify3_product_block". {"route_parameters":{"_controller":"\\Plugin\\Recommendify3\\Controller\\Block\\Recommendify3Controller::index","_route":"block_recommendify3_product_block"},"request_uri":"https://newjoy.co.jp/block/recommendify3_product_block"} []
[2018-05-26 11:57:07] eccube.INFO: Matched route "block_checkeditem". {"route_parameters":{"_controller":"\\Plugin\\CheckedItem\\Controller\\CheckedItemController::index","_route":"block_checkeditem"},"request_uri":"https://newjoy.co.jp/block/checkeditem"} []
[2018-05-26 11:57:07] eccube.INFO: Matched route "block_main_menu". {"route_parameters":{"_controller":"\\Eccube\\Controller\\Block\\MainMenuController::index","_route":"block_main_menu"},"request_uri":"https://newjoy.co.jp/block/main_menu"} []
[2018-05-26 11:57:07] eccube.INFO: < 200 [] []
[2018-05-26 12:32:32] eccube.INFO: Matched route "product_detail". {"route_parameters":{"_controller":"\\Eccube\\Controller\\ProductController::detail","id":"10","_route":"product_detail"},"request_uri":"https://newjoy.co.jp/products/detail/10"} []
[2018-05-26 12:32:32] eccube.INFO: Populated the TokenStorage with an anonymous Token. [] []
[2018-05-26 12:32:32] eccube.INFO: > GET /products/detail/10 [] []
[2018-05-26 12:32:33] eccube.INFO: RelatedProduct trigger onRenderProductDetail start [] []
[2018-05-26 12:32:33] eccube.INFO: Event: product review hook into the product detail start. [] []
[2018-05-26 12:32:33] eccube.INFO: Event: product review render success. {"Product id":10} []
[2018-05-26 12:32:33] eccube.INFO: Event: product review hook into the product detail end. [] []
[2018-05-26 12:32:33] eccube.INFO: Matched route "block_cart". {"route_parameters":{"_controller":"\\Eccube\\Controller\\Block\\CartController::index","_route":"block_cart"},"request_uri":"https://newjoy.co.jp/block/cart"} []
[2018-05-26 12:32:33] eccube.INFO: Matched route "block_login". {"route_parameters":{"_controller":"\\Eccube\\Controller\\Block\\LoginController::index","_route":"block_login"},"request_uri":"https://newjoy.co.jp/block/login"} []
[2018-05-26 12:32:33] eccube.INFO: Matched route "block_search_product". {"route_parameters":{"_controller":"\\Eccube\\Controller\\Block\\SearchProductController::index","_route":"block_search_product"},"request_uri":"https://newjoy.co.jp/block/search_product"} []
[2018-05-26 12:32:33] eccube.INFO: Matched route "block_category". {"route_parameters":{"_controller":"\\Eccube\\Controller\\Block\\CategoryController::index","_route":"block_category"},"request_uri":"https://newjoy.co.jp/block/category"} []
[2018-05-26 12:32:33] eccube.INFO: Matched route "block_recommendify3_product_block". {"route_parameters":{"_controller":"\\Plugin\\Recommendify3\\Controller\\Block\\Recommendify3Controller::index","_route":"block_recommendify3_product_block"},"request_uri":"https://newjoy.co.jp/block/recommendify3_product_block"} []
[2018-05-26 12:32:33] eccube.INFO: Matched route "block_checkeditem". {"route_parameters":{"_controller":"\\Plugin\\CheckedItem\\Controller\\CheckedItemController::index","_route":"block_checkeditem"},"request_uri":"https://newjoy.co.jp/block/checkeditem"} []
[2018-05-26 12:32:33] eccube.INFO: Matched route "block_main_menu". {"route_parameters":{"_controller":"\\Eccube\\Controller\\Block\\MainMenuController::index","_route":"block_main_menu"},"request_uri":"https://newjoy.co.jp/block/main_menu"} []
[2018-05-26 12:32:33] eccube.INFO: < 200 [] []
[2018-05-26 12:53:56] eccube.INFO: Matched route "product_list". {"route_parameters":{"_controller":"\\Eccube\\Controller\\ProductController::index","_route":"product_list"},"request_uri":"https://newjoy.co.jp/products/list?category_id=16&disp_number=30&mode=&name=&orderby=0&pageno=1"} []
[2018-05-26 12:53:56] eccube.INFO: Populated the TokenStorage with an anonymous Token. [] []
[2018-05-26 12:53:56] eccube.INFO: > GET /products/list?mode=&category_id=16&name=&pageno=1&disp_number=30&orderby=0 [] []
[2018-05-26 12:53:57] eccube.INFO: CategoryContent Product/list.twig start [] []
[2018-05-26 12:53:57] eccube.INFO: Matched route "block_cart". {"route_parameters":{"_controller":"\\Eccube\\Controller\\Block\\CartController::index","_route":"block_cart"},"request_uri":"https://newjoy.co.jp/block/cart"} []
[2018-05-26 12:53:57] eccube.INFO: Matched route "block_login". {"route_parameters":{"_controller":"\\Eccube\\Controller\\Block\\LoginController::index","_route":"block_login"},"request_uri":"https://newjoy.co.jp/block/login"} []
[2018-05-26 12:53:57] eccube.INFO: Matched route "block_search_product". {"route_parameters":{"_controller":"\\Eccube\\Controller\\Block\\SearchProductController::index","_route":"block_search_product"},"request_uri":"https://newjoy.co.jp/block/search_product"} []
[2018-05-26 12:53:58] eccube.INFO: Matched route "block_category". {"route_parameters":{"_controller":"\\Eccube\\Controller\\Block\\CategoryController::index","_route":"block_category"},"request_uri":"https://newjoy.co.jp/block/category"} []
[2018-05-26 12:53:58] eccube.INFO: Matched route "block_checkeditem". {"route_parameters":{"_controller":"\\Plugin\\CheckedItem\\Controller\\CheckedItemController::index","_route":"block_checkeditem"},"request_uri":"https://newjoy.co.jp/block/checkeditem"} []
[2018-05-26 12:53:58] eccube.INFO: Matched route "block_main_menu". {"route_parameters":{"_controller":"\\Eccube\\Controller\\Block\\MainMenuController::index","_route":"block_main_menu"},"request_uri":"https://newjoy.co.jp/block/main_menu"} []
[2018-05-26 12:53:58] eccube.INFO: < 200 [] []
[2018-05-26 13:26:44] eccube.INFO: Matched route "n/a". {"route_parameters":{"_controller":"[object] (Closure: {})","_route":null,"url":"https://newjoy.co.jp/products/list?mode=&category_id=27&name=&pageno=1&disp_number=30&orderby=0"},"request_uri":"http://newjoy.co.jp/products/list?category_id=27&disp_number=30&mode=&name=&orderby=0&pageno=1"} []
[2018-05-26 13:26:44] eccube.INFO: Populated the TokenStorage with an anonymous Token. [] []
[2018-05-26 13:26:44] eccube.INFO: > GET /products/list?mode=&category_id=27&name=&pageno=1&disp_number=30&orderby=0 [] []
[2018-05-26 13:26:44] eccube.INFO: < 301 https://newjoy.co.jp/products/list?mode=&category_id=27&name=&pageno=1&disp_number=30&orderby=0 [] []
[2018-05-26 14:46:08] eccube.INFO: Matched route "product_list". {"route_parameters":{"_controller":"\\Eccube\\Controller\\ProductController::index","_route":"product_list"},"request_uri":"https://newjoy.co.jp/products/list?category_id=46&disp_number=30&mode=&name=&orderby=0&pageno=1"} []
[2018-05-26 14:46:08] eccube.INFO: Populated the TokenStorage with an anonymous Token. [] []
[2018-05-26 14:46:08] eccube.INFO: > GET /products/list?mode=&category_id=46&name=&pageno=1&disp_number=30&orderby=0 [] []
[2018-05-26 14:46:09] eccube.INFO: CategoryContent Product/list.twig start [] []
[2018-05-26 14:46:09] eccube.INFO: Matched route "block_cart". {"route_parameters":{"_controller":"\\Eccube\\Controller\\Block\\CartController::index","_route":"block_cart"},"request_uri":"https://newjoy.co.jp/block/cart"} []
[2018-05-26 14:46:09] eccube.INFO: Matched route "block_login". {"route_parameters":{"_controller":"\\Eccube\\Controller\\Block\\LoginController::index","_route":"block_login"},"request_uri":"https://newjoy.co.jp/block/login"} []
[2018-05-26 14:46:09] eccube.INFO: Matched route "block_search_product". {"route_parameters":{"_controller":"\\Eccube\\Controller\\Block\\SearchProductController::index","_route":"block_search_product"},"request_uri":"https://newjoy.co.jp/block/search_product"} []
[2018-05-26 14:46:09] eccube.INFO: Matched route "block_category". {"route_parameters":{"_controller":"\\Eccube\\Controller\\Block\\CategoryController::index","_route":"block_category"},"request_uri":"https://newjoy.co.jp/block/category"} []
[2018-05-26 14:46:09] eccube.INFO: Matched route "block_checkeditem". {"route_parameters":{"_controller":"\\Plugin\\CheckedItem\\Controller\\CheckedItemController::index","_route":"block_checkeditem"},"request_uri":"https://newjoy.co.jp/block/checkeditem"} []
[2018-05-26 14:46:09] eccube.INFO: Matched route "block_main_menu". {"route_parameters":{"_controller":"\\Eccube\\Controller\\Block\\MainMenuController::index","_route":"block_main_menu"},"request_uri":"https://newjoy.co.jp/block/main_menu"} []
[2018-05-26 14:46:09] eccube.INFO: < 200 [] []
[2018-05-26 14:51:44] eccube.INFO: Matched route "product_list". {"route_parameters":{"_controller":"\\Eccube\\Controller\\ProductController::index","_route":"product_list"},"request_uri":"https://newjoy.co.jp/products/list?category_id=&disp_number=30&mode=&name=%E3%83%9A%E3%82%A2%E3%83%AB%E3%83%83%E3%82%AF&orderby=0&pageno=1"} []
[2018-05-26 14:51:44] eccube.INFO: Populated the TokenStorage with an anonymous Token. [] []
[2018-05-26 14:51:44] eccube.INFO: > GET /products/list?mode=&category_id=&name=%E3%83%9A%E3%82%A2%E3%83%AB%E3%83%83%E3%82%AF&pageno=1&disp_number=30&orderby=0 [] []
[2018-05-26 14:51:45] eccube.INFO: CategoryContent Product/list.twig start [] []
[2018-05-26 14:51:45] eccube.INFO: Matched route "block_cart". {"route_parameters":{"_controller":"\\Eccube\\Controller\\Block\\CartController::index","_route":"block_cart"},"request_uri":"https://newjoy.co.jp/block/cart"} []
[2018-05-26 14:51:45] eccube.INFO: Matched route "block_login". {"route_parameters":{"_controller":"\\Eccube\\Controller\\Block\\LoginController::index","_route":"block_login"},"request_uri":"https://newjoy.co.jp/block/login"} []
[2018-05-26 14:51:45] eccube.INFO: Matched route "block_search_product". {"route_parameters":{"_controller":"\\Eccube\\Controller\\Block\\SearchProductController::index","_route":"block_search_product"},"request_uri":"https://newjoy.co.jp/block/search_product"} []
[2018-05-26 14:51:45] eccube.INFO: Matched route "block_category". {"route_parameters":{"_controller":"\\Eccube\\Controller\\Block\\CategoryController::index","_route":"block_category"},"request_uri":"https://newjoy.co.jp/block/category"} []
[2018-05-26 14:51:45] eccube.INFO: Matched route "block_checkeditem". {"route_parameters":{"_controller":"\\Plugin\\CheckedItem\\Controller\\CheckedItemController::index","_route":"block_checkeditem"},"request_uri":"https://newjoy.co.jp/block/checkeditem"} []
[2018-05-26 14:51:45] eccube.INFO: Matched route "block_main_menu". {"route_parameters":{"_controller":"\\Eccube\\Controller\\Block\\MainMenuController::index","_route":"block_main_menu"},"request_uri":"https://newjoy.co.jp/block/main_menu"} []
[2018-05-26 14:51:45] eccube.INFO: < 200 [] []
[2018-05-26 14:55:29] eccube.INFO: Matched route "product_detail". {"route_parameters":{"_controller":"\\Eccube\\Controller\\ProductController::detail","id":"15","_route":"product_detail"},"request_uri":"https://newjoy.co.jp/products/detail/15"} []
[2018-05-26 14:55:29] eccube.INFO: Populated the TokenStorage with an anonymous Token. [] []
[2018-05-26 14:55:29] eccube.INFO: > GET /products/detail/15 [] []
[2018-05-26 14:55:29] eccube.INFO: RelatedProduct trigger onRenderProductDetail start [] []
[2018-05-26 14:55:29] eccube.INFO: Event: product review hook into the product detail start. [] []
[2018-05-26 14:55:29] eccube.INFO: Event: product review render success. {"Product id":15} []
[2018-05-26 14:55:29] eccube.INFO: Event: product review hook into the product detail end. [] []
[2018-05-26 14:55:29] eccube.INFO: Matched route "block_cart". {"route_parameters":{"_controller":"\\Eccube\\Controller\\Block\\CartController::index","_route":"block_cart"},"request_uri":"https://newjoy.co.jp/block/cart"} []
[2018-05-26 14:55:29] eccube.INFO: Matched route "block_login". {"route_parameters":{"_controller":"\\Eccube\\Controller\\Block\\LoginController::index","_route":"block_login"},"request_uri":"https://newjoy.co.jp/block/login"} []
[2018-05-26 14:55:29] eccube.INFO: Matched route "block_search_product". {"route_parameters":{"_controller":"\\Eccube\\Controller\\Block\\SearchProductController::index","_route":"block_search_product"},"request_uri":"https://newjoy.co.jp/block/search_product"} []
[2018-05-26 14:55:29] eccube.INFO: Matched route "block_category". {"route_parameters":{"_controller":"\\Eccube\\Controller\\Block\\CategoryController::index","_route":"block_category"},"request_uri":"https://newjoy.co.jp/block/category"} []
[2018-05-26 14:55:29] eccube.INFO: Matched route "block_recommendify3_product_block". {"route_parameters":{"_controller":"\\Plugin\\Recommendify3\\Controller\\Block\\Recommendify3Controller::index","_route":"block_recommendify3_product_block"},"request_uri":"https://newjoy.co.jp/block/recommendify3_product_block"} []
[2018-05-26 14:55:30] eccube.INFO: Matched route "block_checkeditem". {"route_parameters":{"_controller":"\\Plugin\\CheckedItem\\Controller\\CheckedItemController::index","_route":"block_checkeditem"},"request_uri":"https://newjoy.co.jp/block/checkeditem"} []
[2018-05-26 14:55:30] eccube.INFO: Matched route "block_main_menu". {"route_parameters":{"_controller":"\\Eccube\\Controller\\Block\\MainMenuController::index","_route":"block_main_menu"},"request_uri":"https://newjoy.co.jp/block/main_menu"} []
[2018-05-26 14:55:30] eccube.INFO: < 200 [] []
[2018-05-26 15:27:49] eccube.INFO: Matched route "product_list". {"route_parameters":{"_controller":"\\Eccube\\Controller\\ProductController::index","_route":"product_list"},"request_uri":"https://newjoy.co.jp/products/list?category_id=9&disp_number=50&mode=&name=&orderby=1&pageno=1"} []
[2018-05-26 15:27:49] eccube.INFO: Populated the TokenStorage with an anonymous Token. [] []
[2018-05-26 15:27:49] eccube.INFO: > GET /products/list?mode=&category_id=9&name=&pageno=1&disp_number=50&orderby=1 [] []
[2018-05-26 15:27:50] eccube.INFO: CategoryContent Product/list.twig start [] []
[2018-05-26 15:27:50] eccube.INFO: Matched route "block_cart". {"route_parameters":{"_controller":"\\Eccube\\Controller\\Block\\CartController::index","_route":"block_cart"},"request_uri":"https://newjoy.co.jp/block/cart"} []
[2018-05-26 15:27:50] eccube.INFO: Matched route "block_login". {"route_parameters":{"_controller":"\\Eccube\\Controller\\Block\\LoginController::index","_route":"block_login"},"request_uri":"https://newjoy.co.jp/block/login"} []
[2018-05-26 15:27:50] eccube.INFO: Matched route "block_search_product". {"route_parameters":{"_controller":"\\Eccube\\Controller\\Block\\SearchProductController::index","_route":"block_search_product"},"request_uri":"https://newjoy.co.jp/block/search_product"} []
[2018-05-26 15:27:50] eccube.INFO: Matched route "block_category". {"route_parameters":{"_controller":"\\Eccube\\Controller\\Block\\CategoryController::index","_route":"block_category"},"request_uri":"https://newjoy.co.jp/block/category"} []
[2018-05-26 15:27:50] eccube.INFO: Matched route "block_checkeditem". {"route_parameters":{"_controller":"\\Plugin\\CheckedItem\\Controller\\CheckedItemController::index","_route":"block_checkeditem"},"request_uri":"https://newjoy.co.jp/block/checkeditem"} []
[2018-05-26 15:27:50] eccube.INFO: Matched route "block_main_menu". {"route_parameters":{"_controller":"\\Eccube\\Controller\\Block\\MainMenuController::index","_route":"block_main_menu"},"request_uri":"https://newjoy.co.jp/block/main_menu"} []
[2018-05-26 15:27:50] eccube.INFO: < 200 [] []
[2018-05-26 16:29:48] eccube.INFO: Matched route "product_list". {"route_parameters":{"_controller":"\\Eccube\\Controller\\ProductController::index","_route":"product_list"},"request_uri":"https://newjoy.co.jp/products/list?category_id=59"} []
[2018-05-26 16:29:48] eccube.INFO: Populated the TokenStorage with an anonymous Token. [] []
[2018-05-26 16:29:48] eccube.INFO: > GET /products/list?category_id=59 [] []
[2018-05-26 16:29:49] eccube.INFO: CategoryContent Product/list.twig start [] []
[2018-05-26 16:29:49] eccube.INFO: Matched route "block_cart". {"route_parameters":{"_controller":"\\Eccube\\Controller\\Block\\CartController::index","_route":"block_cart"},"request_uri":"https://newjoy.co.jp/block/cart"} []
[2018-05-26 16:29:49] eccube.INFO: Matched route "block_login". {"route_parameters":{"_controller":"\\Eccube\\Controller\\Block\\LoginController::index","_route":"block_login"},"request_uri":"https://newjoy.co.jp/block/login"} []
[2018-05-26 16:29:49] eccube.INFO: Matched route "block_search_product". {"route_parameters":{"_controller":"\\Eccube\\Controller\\Block\\SearchProductController::index","_route":"block_search_product"},"request_uri":"https://newjoy.co.jp/block/search_product"} []
[2018-05-26 16:29:49] eccube.INFO: Matched route "block_category". {"route_parameters":{"_controller":"\\Eccube\\Controller\\Block\\CategoryController::index","_route":"block_category"},"request_uri":"https://newjoy.co.jp/block/category"} []
[2018-05-26 16:29:49] eccube.INFO: Matched route "block_checkeditem". {"route_parameters":{"_controller":"\\Plugin\\CheckedItem\\Controller\\CheckedItemController::index","_route":"block_checkeditem"},"request_uri":"https://newjoy.co.jp/block/checkeditem"} []
[2018-05-26 16:29:49] eccube.INFO: Matched route "block_main_menu". {"route_parameters":{"_controller":"\\Eccube\\Controller\\Block\\MainMenuController::index","_route":"block_main_menu"},"request_uri":"https://newjoy.co.jp/block/main_menu"} []
[2018-05-26 16:29:49] eccube.INFO: < 200 [] []
[2018-05-26 17:01:10] eccube.INFO: Matched route "product_list". {"route_parameters":{"_controller":"\\Eccube\\Controller\\ProductController::index","_route":"product_list"},"request_uri":"https://newjoy.co.jp/products/list?category_id=38"} []
[2018-05-26 17:01:10] eccube.INFO: Populated the TokenStorage with an anonymous Token. [] []
[2018-05-26 17:01:10] eccube.INFO: > GET /products/list?category_id=38 [] []
[2018-05-26 17:01:11] eccube.INFO: CategoryContent Product/list.twig start [] []
[2018-05-26 17:01:11] eccube.INFO: Matched route "block_cart". {"route_parameters":{"_controller":"\\Eccube\\Controller\\Block\\CartController::index","_route":"block_cart"},"request_uri":"https://newjoy.co.jp/block/cart"} []
[2018-05-26 17:01:11] eccube.INFO: Matched route "block_login". {"route_parameters":{"_controller":"\\Eccube\\Controller\\Block\\LoginController::index","_route":"block_login"},"request_uri":"https://newjoy.co.jp/block/login"} []
[2018-05-26 17:01:11] eccube.INFO: Matched route "block_search_product". {"route_parameters":{"_controller":"\\Eccube\\Controller\\Block\\SearchProductController::index","_route":"block_search_product"},"request_uri":"https://newjoy.co.jp/block/search_product"} []
[2018-05-26 17:01:11] eccube.INFO: Matched route "block_category". {"route_parameters":{"_controller":"\\Eccube\\Controller\\Block\\CategoryController::index","_route":"block_category"},"request_uri":"https://newjoy.co.jp/block/category"} []
[2018-05-26 17:01:12] eccube.INFO: Matched route "block_checkeditem". {"route_parameters":{"_controller":"\\Plugin\\CheckedItem\\Controller\\CheckedItemController::index","_route":"block_checkeditem"},"request_uri":"https://newjoy.co.jp/block/checkeditem"} []
[2018-05-26 17:01:12] eccube.INFO: Matched route "block_main_menu". {"route_parameters":{"_controller":"\\Eccube\\Controller\\Block\\MainMenuController::index","_route":"block_main_menu"},"request_uri":"https://newjoy.co.jp/block/main_menu"} []
[2018-05-26 17:01:12] eccube.INFO: < 200 [] []
[2018-05-26 17:01:17] eccube.INFO: Matched route "product_list". {"route_parameters":{"_controller":"\\Eccube\\Controller\\ProductController::index","_route":"product_list"},"request_uri":"https://newjoy.co.jp/products/list?category_id=32"} []
[2018-05-26 17:01:17] eccube.INFO: Populated the TokenStorage with an anonymous Token. [] []
[2018-05-26 17:01:17] eccube.INFO: > GET /products/list?category_id=32 [] []
[2018-05-26 17:01:17] eccube.INFO: CategoryContent Product/list.twig start [] []
[2018-05-26 17:01:17] eccube.INFO: Matched route "block_cart". {"route_parameters":{"_controller":"\\Eccube\\Controller\\Block\\CartController::index","_route":"block_cart"},"request_uri":"https://newjoy.co.jp/block/cart"} []
[2018-05-26 17:01:17] eccube.INFO: Matched route "block_login". {"route_parameters":{"_controller":"\\Eccube\\Controller\\Block\\LoginController::index","_route":"block_login"},"request_uri":"https://newjoy.co.jp/block/login"} []
[2018-05-26 17:01:17] eccube.INFO: Matched route "block_search_product". {"route_parameters":{"_controller":"\\Eccube\\Controller\\Block\\SearchProductController::index","_route":"block_search_product"},"request_uri":"https://newjoy.co.jp/block/search_product"} []
[2018-05-26 17:01:17] eccube.INFO: Matched route "block_category". {"route_parameters":{"_controller":"\\Eccube\\Controller\\Block\\CategoryController::index","_route":"block_category"},"request_uri":"https://newjoy.co.jp/block/category"} []
[2018-05-26 17:01:18] eccube.INFO: Matched route "block_checkeditem". {"route_parameters":{"_controller":"\\Plugin\\CheckedItem\\Controller\\CheckedItemController::index","_route":"block_checkeditem"},"request_uri":"https://newjoy.co.jp/block/checkeditem"} []
[2018-05-26 17:01:18] eccube.INFO: Matched route "block_main_menu". {"route_parameters":{"_controller":"\\Eccube\\Controller\\Block\\MainMenuController::index","_route":"block_main_menu"},"request_uri":"https://newjoy.co.jp/block/main_menu"} []
[2018-05-26 17:01:18] eccube.INFO: < 200 [] []
[2018-05-26 17:55:29] eccube.INFO: Matched route "product_detail". {"route_parameters":{"_controller":"\\Eccube\\Controller\\ProductController::detail","id":"15","_route":"product_detail"},"request_uri":"https://newjoy.co.jp/products/detail/15"} []
[2018-05-26 17:55:29] eccube.INFO: Populated the TokenStorage with an anonymous Token. [] []
[2018-05-26 17:55:29] eccube.INFO: > GET /products/detail/15 [] []
[2018-05-26 17:55:29] eccube.INFO: RelatedProduct trigger onRenderProductDetail start [] []
[2018-05-26 17:55:29] eccube.INFO: Event: product review hook into the product detail start. [] []
[2018-05-26 17:55:29] eccube.INFO: Event: product review render success. {"Product id":15} []
[2018-05-26 17:55:29] eccube.INFO: Event: product review hook into the product detail end. [] []
[2018-05-26 17:55:29] eccube.INFO: Matched route "block_cart". {"route_parameters":{"_controller":"\\Eccube\\Controller\\Block\\CartController::index","_route":"block_cart"},"request_uri":"https://newjoy.co.jp/block/cart"} []
[2018-05-26 17:55:29] eccube.INFO: Matched route "block_login". {"route_parameters":{"_controller":"\\Eccube\\Controller\\Block\\LoginController::index","_route":"block_login"},"request_uri":"https://newjoy.co.jp/block/login"} []
[2018-05-26 17:55:29] eccube.INFO: Matched route "block_search_product". {"route_parameters":{"_controller":"\\Eccube\\Controller\\Block\\SearchProductController::index","_route":"block_search_product"},"request_uri":"https://newjoy.co.jp/block/search_product"} []
[2018-05-26 17:55:30] eccube.INFO: Matched route "block_category". {"route_parameters":{"_controller":"\\Eccube\\Controller\\Block\\CategoryController::index","_route":"block_category"},"request_uri":"https://newjoy.co.jp/block/category"} []
[2018-05-26 17:55:30] eccube.INFO: Matched route "block_recommendify3_product_block". {"route_parameters":{"_controller":"\\Plugin\\Recommendify3\\Controller\\Block\\Recommendify3Controller::index","_route":"block_recommendify3_product_block"},"request_uri":"https://newjoy.co.jp/block/recommendify3_product_block"} []
[2018-05-26 17:55:30] eccube.INFO: Matched route "block_checkeditem". {"route_parameters":{"_controller":"\\Plugin\\CheckedItem\\Controller\\CheckedItemController::index","_route":"block_checkeditem"},"request_uri":"https://newjoy.co.jp/block/checkeditem"} []
[2018-05-26 17:55:30] eccube.INFO: Matched route "block_main_menu". {"route_parameters":{"_controller":"\\Eccube\\Controller\\Block\\MainMenuController::index","_route":"block_main_menu"},"request_uri":"https://newjoy.co.jp/block/main_menu"} []
[2018-05-26 17:55:30] eccube.INFO: < 200 [] []
[2018-05-26 17:59:08] eccube.INFO: Matched route "product_list". {"route_parameters":{"_controller":"\\Eccube\\Controller\\ProductController::index","_route":"product_list"},"request_uri":"https://newjoy.co.jp/products/list?category_id=&disp_number=30&mode=&name=%E3%83%9A%E3%82%A2%E3%83%AB%E3%83%83%E3%82%AF&orderby=0&pageno=1"} []
[2018-05-26 17:59:08] eccube.INFO: Populated the TokenStorage with an anonymous Token. [] []
[2018-05-26 17:59:08] eccube.INFO: > GET /products/list?mode=&category_id=&name=%E3%83%9A%E3%82%A2%E3%83%AB%E3%83%83%E3%82%AF&pageno=1&disp_number=30&orderby=0 [] []
[2018-05-26 17:59:09] eccube.INFO: CategoryContent Product/list.twig start [] []
[2018-05-26 17:59:09] eccube.INFO: Matched route "block_cart". {"route_parameters":{"_controller":"\\Eccube\\Controller\\Block\\CartController::index","_route":"block_cart"},"request_uri":"https://newjoy.co.jp/block/cart"} []
[2018-05-26 17:59:09] eccube.INFO: Matched route "block_login". {"route_parameters":{"_controller":"\\Eccube\\Controller\\Block\\LoginController::index","_route":"block_login"},"request_uri":"https://newjoy.co.jp/block/login"} []
[2018-05-26 17:59:09] eccube.INFO: Matched route "block_search_product". {"route_parameters":{"_controller":"\\Eccube\\Controller\\Block\\SearchProductController::index","_route":"block_search_product"},"request_uri":"https://newjoy.co.jp/block/search_product"} []
[2018-05-26 17:59:10] eccube.INFO: Matched route "block_category". {"route_parameters":{"_controller":"\\Eccube\\Controller\\Block\\CategoryController::index","_route":"block_category"},"request_uri":"https://newjoy.co.jp/block/category"} []
[2018-05-26 17:59:10] eccube.INFO: Matched route "block_checkeditem". {"route_parameters":{"_controller":"\\Plugin\\CheckedItem\\Controller\\CheckedItemController::index","_route":"block_checkeditem"},"request_uri":"https://newjoy.co.jp/block/checkeditem"} []
[2018-05-26 17:59:10] eccube.INFO: Matched route "block_main_menu". {"route_parameters":{"_controller":"\\Eccube\\Controller\\Block\\MainMenuController::index","_route":"block_main_menu"},"request_uri":"https://newjoy.co.jp/block/main_menu"} []
[2018-05-26 17:59:10] eccube.INFO: < 200 [] []
[2018-05-26 20:54:09] eccube.INFO: Matched route "product_list". {"route_parameters":{"_controller":"\\Eccube\\Controller\\ProductController::index","_route":"product_list"},"request_uri":"https://newjoy.co.jp/products/list?category_id=5"} []
[2018-05-26 20:54:09] eccube.INFO: Populated the TokenStorage with an anonymous Token. [] []
[2018-05-26 20:54:09] eccube.INFO: > GET /products/list?category_id=5 [] []
[2018-05-26 20:54:11] eccube.INFO: CategoryContent Product/list.twig start [] []
[2018-05-26 20:54:11] eccube.INFO: Matched route "block_cart". {"route_parameters":{"_controller":"\\Eccube\\Controller\\Block\\CartController::index","_route":"block_cart"},"request_uri":"https://newjoy.co.jp/block/cart"} []
[2018-05-26 20:54:11] eccube.INFO: Matched route "block_login". {"route_parameters":{"_controller":"\\Eccube\\Controller\\Block\\LoginController::index","_route":"block_login"},"request_uri":"https://newjoy.co.jp/block/login"} []
[2018-05-26 20:54:11] eccube.INFO: Matched route "block_search_product". {"route_parameters":{"_controller":"\\Eccube\\Controller\\Block\\SearchProductController::index","_route":"block_search_product"},"request_uri":"https://newjoy.co.jp/block/search_product"} []
[2018-05-26 20:54:11] eccube.INFO: Matched route "block_category". {"route_parameters":{"_controller":"\\Eccube\\Controller\\Block\\CategoryController::index","_route":"block_category"},"request_uri":"https://newjoy.co.jp/block/category"} []
[2018-05-26 20:54:12] eccube.INFO: Matched route "block_checkeditem". {"route_parameters":{"_controller":"\\Plugin\\CheckedItem\\Controller\\CheckedItemController::index","_route":"block_checkeditem"},"request_uri":"https://newjoy.co.jp/block/checkeditem"} []
[2018-05-26 20:54:12] eccube.INFO: Matched route "block_main_menu". {"route_parameters":{"_controller":"\\Eccube\\Controller\\Block\\MainMenuController::index","_route":"block_main_menu"},"request_uri":"https://newjoy.co.jp/block/main_menu"} []
[2018-05-26 20:54:12] eccube.INFO: < 200 [] []
[2018-05-26 21:24:10] eccube.INFO: Matched route "product_list". {"route_parameters":{"_controller":"\\Eccube\\Controller\\ProductController::index","_route":"product_list"},"request_uri":"https://newjoy.co.jp/products/list?category_id=7&disp_number=50&mode=&name=&orderby=2&pageno=1"} []
[2018-05-26 21:24:10] eccube.INFO: Populated the TokenStorage with an anonymous Token. [] []
[2018-05-26 21:24:10] eccube.INFO: > GET /products/list?mode=&category_id=7&name=&pageno=1&disp_number=50&orderby=2 [] []
[2018-05-26 21:24:11] eccube.INFO: CategoryContent Product/list.twig start [] []
[2018-05-26 21:24:11] eccube.INFO: Matched route "block_cart". {"route_parameters":{"_controller":"\\Eccube\\Controller\\Block\\CartController::index","_route":"block_cart"},"request_uri":"https://newjoy.co.jp/block/cart"} []
[2018-05-26 21:24:11] eccube.INFO: Matched route "block_login". {"route_parameters":{"_controller":"\\Eccube\\Controller\\Block\\LoginController::index","_route":"block_login"},"request_uri":"https://newjoy.co.jp/block/login"} []
[2018-05-26 21:24:11] eccube.INFO: Matched route "block_search_product". {"route_parameters":{"_controller":"\\Eccube\\Controller\\Block\\SearchProductController::index","_route":"block_search_product"},"request_uri":"https://newjoy.co.jp/block/search_product"} []
[2018-05-26 21:24:12] eccube.INFO: Matched route "block_category". {"route_parameters":{"_controller":"\\Eccube\\Controller\\Block\\CategoryController::index","_route":"block_category"},"request_uri":"https://newjoy.co.jp/block/category"} []
[2018-05-26 21:24:12] eccube.INFO: Matched route "block_checkeditem". {"route_parameters":{"_controller":"\\Plugin\\CheckedItem\\Controller\\CheckedItemController::index","_route":"block_checkeditem"},"request_uri":"https://newjoy.co.jp/block/checkeditem"} []
[2018-05-26 21:24:12] eccube.INFO: Matched route "block_main_menu". {"route_parameters":{"_controller":"\\Eccube\\Controller\\Block\\MainMenuController::index","_route":"block_main_menu"},"request_uri":"https://newjoy.co.jp/block/main_menu"} []
[2018-05-26 21:24:12] eccube.INFO: < 200 [] []
[2018-05-26 21:38:06] eccube.INFO: Matched route "product_detail". {"route_parameters":{"_controller":"\\Eccube\\Controller\\ProductController::detail","id":"16","_route":"product_detail"},"request_uri":"https://newjoy.co.jp/products/detail/16"} []
[2018-05-26 21:38:06] eccube.INFO: Populated the TokenStorage with an anonymous Token. [] []
[2018-05-26 21:38:06] eccube.INFO: > GET /products/detail/16 [] []
[2018-05-26 21:38:06] eccube.INFO: RelatedProduct trigger onRenderProductDetail start [] []
[2018-05-26 21:38:06] eccube.INFO: Event: product review hook into the product detail start. [] []
[2018-05-26 21:38:06] eccube.INFO: Event: product review render success. {"Product id":16} []
[2018-05-26 21:38:06] eccube.INFO: Event: product review hook into the product detail end. [] []
[2018-05-26 21:38:06] eccube.INFO: Matched route "block_cart". {"route_parameters":{"_controller":"\\Eccube\\Controller\\Block\\CartController::index","_route":"block_cart"},"request_uri":"https://newjoy.co.jp/block/cart"} []
[2018-05-26 21:38:06] eccube.INFO: Matched route "block_login". {"route_parameters":{"_controller":"\\Eccube\\Controller\\Block\\LoginController::index","_route":"block_login"},"request_uri":"https://newjoy.co.jp/block/login"} []
[2018-05-26 21:38:06] eccube.INFO: Matched route "block_search_product". {"route_parameters":{"_controller":"\\Eccube\\Controller\\Block\\SearchProductController::index","_route":"block_search_product"},"request_uri":"https://newjoy.co.jp/block/search_product"} []
[2018-05-26 21:38:06] eccube.INFO: Matched route "block_category". {"route_parameters":{"_controller":"\\Eccube\\Controller\\Block\\CategoryController::index","_route":"block_category"},"request_uri":"https://newjoy.co.jp/block/category"} []
[2018-05-26 21:38:06] eccube.INFO: Matched route "block_recommendify3_product_block". {"route_parameters":{"_controller":"\\Plugin\\Recommendify3\\Controller\\Block\\Recommendify3Controller::index","_route":"block_recommendify3_product_block"},"request_uri":"https://newjoy.co.jp/block/recommendify3_product_block"} []
[2018-05-26 21:38:07] eccube.INFO: Matched route "block_checkeditem". {"route_parameters":{"_controller":"\\Plugin\\CheckedItem\\Controller\\CheckedItemController::index","_route":"block_checkeditem"},"request_uri":"https://newjoy.co.jp/block/checkeditem"} []
[2018-05-26 21:38:07] eccube.INFO: Matched route "block_main_menu". {"route_parameters":{"_controller":"\\Eccube\\Controller\\Block\\MainMenuController::index","_route":"block_main_menu"},"request_uri":"https://newjoy.co.jp/block/main_menu"} []
[2018-05-26 21:38:07] eccube.INFO: < 200 [] []
