[2018-05-12 00:24:48] eccube.INFO: Matched route "product_detail". {"route_parameters":{"_controller":"\\Eccube\\Controller\\ProductController::detail","id":"11","_route":"product_detail"},"request_uri":"https://newjoy.co.jp/products/detail/11"} []
[2018-05-12 00:24:48] eccube.INFO: Populated the TokenStorage with an anonymous Token. [] []
[2018-05-12 00:24:48] eccube.INFO: > GET /products/detail/11 [] []
[2018-05-12 00:24:48] eccube.INFO: RelatedProduct trigger onRenderProductDetail start [] []
[2018-05-12 00:24:48] eccube.INFO: Event: product review hook into the product detail start. [] []
[2018-05-12 00:24:48] eccube.INFO: Event: product review render success. {"Product id":11} []
[2018-05-12 00:24:48] eccube.INFO: Event: product review hook into the product detail end. [] []
[2018-05-12 00:24:48] eccube.INFO: Matched route "block_cart". {"route_parameters":{"_controller":"\\Eccube\\Controller\\Block\\CartController::index","_route":"block_cart"},"request_uri":"https://newjoy.co.jp/block/cart"} []
[2018-05-12 00:24:48] eccube.INFO: Matched route "block_login". {"route_parameters":{"_controller":"\\Eccube\\Controller\\Block\\LoginController::index","_route":"block_login"},"request_uri":"https://newjoy.co.jp/block/login"} []
[2018-05-12 00:24:48] eccube.INFO: Matched route "block_search_product". {"route_parameters":{"_controller":"\\Eccube\\Controller\\Block\\SearchProductController::index","_route":"block_search_product"},"request_uri":"https://newjoy.co.jp/block/search_product"} []
[2018-05-12 00:24:48] eccube.INFO: Matched route "block_category". {"route_parameters":{"_controller":"\\Eccube\\Controller\\Block\\CategoryController::index","_route":"block_category"},"request_uri":"https://newjoy.co.jp/block/category"} []
[2018-05-12 00:24:49] eccube.INFO: Matched route "block_recommendify3_product_block". {"route_parameters":{"_controller":"\\Plugin\\Recommendify3\\Controller\\Block\\Recommendify3Controller::index","_route":"block_recommendify3_product_block"},"request_uri":"https://newjoy.co.jp/block/recommendify3_product_block"} []
[2018-05-12 00:24:49] eccube.INFO: Matched route "block_checkeditem". {"route_parameters":{"_controller":"\\Plugin\\CheckedItem\\Controller\\CheckedItemController::index","_route":"block_checkeditem"},"request_uri":"https://newjoy.co.jp/block/checkeditem"} []
[2018-05-12 00:24:49] eccube.INFO: Matched route "block_main_menu". {"route_parameters":{"_controller":"\\Eccube\\Controller\\Block\\MainMenuController::index","_route":"block_main_menu"},"request_uri":"https://newjoy.co.jp/block/main_menu"} []
[2018-05-12 00:24:49] eccube.INFO: < 200 [] []
[2018-05-12 00:37:48] eccube.INFO: Matched route "user_data". {"route_parameters":{"_controller":"\\Eccube\\Controller\\UserDataController::index","route":"all_category","_route":"user_data"},"request_uri":"https://newjoy.co.jp/user_data/all_category"} []
[2018-05-12 00:37:48] eccube.INFO: Populated the TokenStorage with an anonymous Token. [] []
[2018-05-12 00:37:48] eccube.INFO: > GET /user_data/all_category [] []
[2018-05-12 00:37:48] eccube.INFO: Matched route "block_cart". {"route_parameters":{"_controller":"\\Eccube\\Controller\\Block\\CartController::index","_route":"block_cart"},"request_uri":"https://newjoy.co.jp/block/cart"} []
[2018-05-12 00:37:48] eccube.INFO: Matched route "block_login". {"route_parameters":{"_controller":"\\Eccube\\Controller\\Block\\LoginController::index","_route":"block_login"},"request_uri":"https://newjoy.co.jp/block/login"} []
[2018-05-12 00:37:48] eccube.INFO: Matched route "block_search_product". {"route_parameters":{"_controller":"\\Eccube\\Controller\\Block\\SearchProductController::index","_route":"block_search_product"},"request_uri":"https://newjoy.co.jp/block/search_product"} []
[2018-05-12 00:37:49] eccube.INFO: Matched route "block_category". {"route_parameters":{"_controller":"\\Eccube\\Controller\\Block\\CategoryController::index","_route":"block_category"},"request_uri":"https://newjoy.co.jp/block/category"} []
[2018-05-12 00:37:49] eccube.INFO: Matched route "block_all_category". {"route_parameters":{"_controller":"\\Eccube\\Controller\\Block\\AllMenuController::index","_route":"block_all_category"},"request_uri":"https://newjoy.co.jp/block/all_category"} []
[2018-05-12 00:37:49] eccube.INFO: Matched route "block_all_category_sm". {"route_parameters":{"_controller":"\\Eccube\\Controller\\Block\\AllMenuSMController::index","_route":"block_all_category_sm"},"request_uri":"https://newjoy.co.jp/block/all_category_sm"} []
[2018-05-12 00:37:49] eccube.INFO: Matched route "block_checkeditem". {"route_parameters":{"_controller":"\\Plugin\\CheckedItem\\Controller\\CheckedItemController::index","_route":"block_checkeditem"},"request_uri":"https://newjoy.co.jp/block/checkeditem"} []
[2018-05-12 00:37:49] eccube.INFO: Matched route "block_main_menu". {"route_parameters":{"_controller":"\\Eccube\\Controller\\Block\\MainMenuController::index","_route":"block_main_menu"},"request_uri":"https://newjoy.co.jp/block/main_menu"} []
[2018-05-12 00:37:49] eccube.INFO: < 200 [] []
[2018-05-12 01:04:33] eccube.INFO: Matched route "product_list". {"route_parameters":{"_controller":"\\Eccube\\Controller\\ProductController::index","_route":"product_list"},"request_uri":"https://newjoy.co.jp/products/list?category_id=63"} []
[2018-05-12 01:04:33] eccube.INFO: Populated the TokenStorage with an anonymous Token. [] []
[2018-05-12 01:04:33] eccube.INFO: > GET /products/list?category_id=63 [] []
[2018-05-12 01:04:33] eccube.INFO: CategoryContent Product/list.twig start [] []
[2018-05-12 01:04:33] eccube.INFO: Matched route "block_cart". {"route_parameters":{"_controller":"\\Eccube\\Controller\\Block\\CartController::index","_route":"block_cart"},"request_uri":"https://newjoy.co.jp/block/cart"} []
[2018-05-12 01:04:33] eccube.INFO: Matched route "block_login". {"route_parameters":{"_controller":"\\Eccube\\Controller\\Block\\LoginController::index","_route":"block_login"},"request_uri":"https://newjoy.co.jp/block/login"} []
[2018-05-12 01:04:33] eccube.INFO: Matched route "block_search_product". {"route_parameters":{"_controller":"\\Eccube\\Controller\\Block\\SearchProductController::index","_route":"block_search_product"},"request_uri":"https://newjoy.co.jp/block/search_product"} []
[2018-05-12 01:04:34] eccube.INFO: Matched route "block_category". {"route_parameters":{"_controller":"\\Eccube\\Controller\\Block\\CategoryController::index","_route":"block_category"},"request_uri":"https://newjoy.co.jp/block/category"} []
[2018-05-12 01:04:34] eccube.INFO: Matched route "block_checkeditem". {"route_parameters":{"_controller":"\\Plugin\\CheckedItem\\Controller\\CheckedItemController::index","_route":"block_checkeditem"},"request_uri":"https://newjoy.co.jp/block/checkeditem"} []
[2018-05-12 01:04:34] eccube.INFO: Matched route "block_main_menu". {"route_parameters":{"_controller":"\\Eccube\\Controller\\Block\\MainMenuController::index","_route":"block_main_menu"},"request_uri":"https://newjoy.co.jp/block/main_menu"} []
[2018-05-12 01:04:34] eccube.INFO: < 200 [] []
[2018-05-12 01:05:22] eccube.INFO: Matched route "product_list". {"route_parameters":{"_controller":"\\Eccube\\Controller\\ProductController::index","_route":"product_list"},"request_uri":"https://newjoy.co.jp/products/list?category_id=41&disp_number=30&mode=&name=&orderby=0&pageno=1"} []
[2018-05-12 01:05:22] eccube.INFO: Populated the TokenStorage with an anonymous Token. [] []
[2018-05-12 01:05:22] eccube.INFO: > GET /products/list?mode=&category_id=41&name=&pageno=1&disp_number=30&orderby=0 [] []
[2018-05-12 01:05:23] eccube.INFO: CategoryContent Product/list.twig start [] []
[2018-05-12 01:05:23] eccube.INFO: Matched route "block_cart". {"route_parameters":{"_controller":"\\Eccube\\Controller\\Block\\CartController::index","_route":"block_cart"},"request_uri":"https://newjoy.co.jp/block/cart"} []
[2018-05-12 01:05:23] eccube.INFO: Matched route "block_login". {"route_parameters":{"_controller":"\\Eccube\\Controller\\Block\\LoginController::index","_route":"block_login"},"request_uri":"https://newjoy.co.jp/block/login"} []
[2018-05-12 01:05:23] eccube.INFO: Matched route "block_search_product". {"route_parameters":{"_controller":"\\Eccube\\Controller\\Block\\SearchProductController::index","_route":"block_search_product"},"request_uri":"https://newjoy.co.jp/block/search_product"} []
[2018-05-12 01:05:23] eccube.INFO: Matched route "block_category". {"route_parameters":{"_controller":"\\Eccube\\Controller\\Block\\CategoryController::index","_route":"block_category"},"request_uri":"https://newjoy.co.jp/block/category"} []
[2018-05-12 01:05:23] eccube.INFO: Matched route "block_checkeditem". {"route_parameters":{"_controller":"\\Plugin\\CheckedItem\\Controller\\CheckedItemController::index","_route":"block_checkeditem"},"request_uri":"https://newjoy.co.jp/block/checkeditem"} []
[2018-05-12 01:05:23] eccube.INFO: Matched route "block_main_menu". {"route_parameters":{"_controller":"\\Eccube\\Controller\\Block\\MainMenuController::index","_route":"block_main_menu"},"request_uri":"https://newjoy.co.jp/block/main_menu"} []
[2018-05-12 01:05:23] eccube.INFO: < 200 [] []
[2018-05-12 01:06:02] eccube.INFO: Matched route "n/a". {"route_parameters":{"_controller":"[object] (Closure: {})","_route":null,"url":"https://newjoy.co.jp/products/list?mode=&category_id=11&name=&pageno=1&disp_number=30&orderby=0"},"request_uri":"http://newjoy.co.jp/products/list?category_id=11&disp_number=30&mode=&name=&orderby=0&pageno=1"} []
[2018-05-12 01:06:02] eccube.INFO: Populated the TokenStorage with an anonymous Token. [] []
[2018-05-12 01:06:02] eccube.INFO: > GET /products/list?mode=&category_id=11&name=&pageno=1&disp_number=30&orderby=0 [] []
[2018-05-12 01:06:02] eccube.INFO: < 301 https://newjoy.co.jp/products/list?mode=&category_id=11&name=&pageno=1&disp_number=30&orderby=0 [] []
[2018-05-12 01:06:20] eccube.INFO: Matched route "product_list". {"route_parameters":{"_controller":"\\Eccube\\Controller\\ProductController::index","_route":"product_list"},"request_uri":"https://newjoy.co.jp/products/list?category_id=11&disp_number=30&mode=&name=&orderby=0&pageno=1"} []
[2018-05-12 01:06:20] eccube.INFO: Populated the TokenStorage with an anonymous Token. [] []
[2018-05-12 01:06:20] eccube.INFO: > GET /products/list?mode=&category_id=11&name=&pageno=1&disp_number=30&orderby=0 [] []
[2018-05-12 01:06:21] eccube.INFO: CategoryContent Product/list.twig start [] []
[2018-05-12 01:06:21] eccube.INFO: Matched route "block_cart". {"route_parameters":{"_controller":"\\Eccube\\Controller\\Block\\CartController::index","_route":"block_cart"},"request_uri":"https://newjoy.co.jp/block/cart"} []
[2018-05-12 01:06:21] eccube.INFO: Matched route "block_login". {"route_parameters":{"_controller":"\\Eccube\\Controller\\Block\\LoginController::index","_route":"block_login"},"request_uri":"https://newjoy.co.jp/block/login"} []
[2018-05-12 01:06:21] eccube.INFO: Matched route "block_search_product". {"route_parameters":{"_controller":"\\Eccube\\Controller\\Block\\SearchProductController::index","_route":"block_search_product"},"request_uri":"https://newjoy.co.jp/block/search_product"} []
[2018-05-12 01:06:22] eccube.INFO: Matched route "block_category". {"route_parameters":{"_controller":"\\Eccube\\Controller\\Block\\CategoryController::index","_route":"block_category"},"request_uri":"https://newjoy.co.jp/block/category"} []
[2018-05-12 01:06:22] eccube.INFO: Matched route "block_checkeditem". {"route_parameters":{"_controller":"\\Plugin\\CheckedItem\\Controller\\CheckedItemController::index","_route":"block_checkeditem"},"request_uri":"https://newjoy.co.jp/block/checkeditem"} []
[2018-05-12 01:06:22] eccube.INFO: Matched route "block_main_menu". {"route_parameters":{"_controller":"\\Eccube\\Controller\\Block\\MainMenuController::index","_route":"block_main_menu"},"request_uri":"https://newjoy.co.jp/block/main_menu"} []
[2018-05-12 01:06:22] eccube.INFO: < 200 [] []
[2018-05-12 01:07:01] eccube.INFO: Matched route "n/a". {"route_parameters":{"_controller":"[object] (Closure: {})","_route":null,"url":"https://newjoy.co.jp/products/list?mode=&category_id=37&name=&pageno=1&disp_number=30&orderby=0"},"request_uri":"http://newjoy.co.jp/products/list?category_id=37&disp_number=30&mode=&name=&orderby=0&pageno=1"} []
[2018-05-12 01:07:01] eccube.INFO: Populated the TokenStorage with an anonymous Token. [] []
[2018-05-12 01:07:01] eccube.INFO: > GET /products/list?mode=&category_id=37&name=&pageno=1&disp_number=30&orderby=0 [] []
[2018-05-12 01:07:01] eccube.INFO: < 301 https://newjoy.co.jp/products/list?mode=&category_id=37&name=&pageno=1&disp_number=30&orderby=0 [] []
[2018-05-12 01:07:22] eccube.INFO: Matched route "product_list". {"route_parameters":{"_controller":"\\Eccube\\Controller\\ProductController::index","_route":"product_list"},"request_uri":"https://newjoy.co.jp/products/list?category_id=37&disp_number=30&mode=&name=&orderby=0&pageno=1"} []
[2018-05-12 01:07:22] eccube.INFO: Populated the TokenStorage with an anonymous Token. [] []
[2018-05-12 01:07:22] eccube.INFO: > GET /products/list?mode=&category_id=37&name=&pageno=1&disp_number=30&orderby=0 [] []
[2018-05-12 01:07:23] eccube.INFO: CategoryContent Product/list.twig start [] []
[2018-05-12 01:07:23] eccube.INFO: Matched route "block_cart". {"route_parameters":{"_controller":"\\Eccube\\Controller\\Block\\CartController::index","_route":"block_cart"},"request_uri":"https://newjoy.co.jp/block/cart"} []
[2018-05-12 01:07:23] eccube.INFO: Matched route "block_login". {"route_parameters":{"_controller":"\\Eccube\\Controller\\Block\\LoginController::index","_route":"block_login"},"request_uri":"https://newjoy.co.jp/block/login"} []
[2018-05-12 01:07:23] eccube.INFO: Matched route "block_search_product". {"route_parameters":{"_controller":"\\Eccube\\Controller\\Block\\SearchProductController::index","_route":"block_search_product"},"request_uri":"https://newjoy.co.jp/block/search_product"} []
[2018-05-12 01:07:23] eccube.INFO: Matched route "block_category". {"route_parameters":{"_controller":"\\Eccube\\Controller\\Block\\CategoryController::index","_route":"block_category"},"request_uri":"https://newjoy.co.jp/block/category"} []
[2018-05-12 01:07:24] eccube.INFO: Matched route "block_checkeditem". {"route_parameters":{"_controller":"\\Plugin\\CheckedItem\\Controller\\CheckedItemController::index","_route":"block_checkeditem"},"request_uri":"https://newjoy.co.jp/block/checkeditem"} []
[2018-05-12 01:07:24] eccube.INFO: Matched route "block_main_menu". {"route_parameters":{"_controller":"\\Eccube\\Controller\\Block\\MainMenuController::index","_route":"block_main_menu"},"request_uri":"https://newjoy.co.jp/block/main_menu"} []
[2018-05-12 01:07:24] eccube.INFO: < 200 [] []
[2018-05-12 02:16:41] eccube.INFO: Matched route "product_detail". {"route_parameters":{"_controller":"\\Eccube\\Controller\\ProductController::detail","id":"4","_route":"product_detail"},"request_uri":"https://newjoy.co.jp/products/detail/4"} []
[2018-05-12 02:16:41] eccube.INFO: Populated the TokenStorage with an anonymous Token. [] []
[2018-05-12 02:16:41] eccube.INFO: > GET /products/detail/4 [] []
[2018-05-12 02:16:41] eccube.INFO: RelatedProduct trigger onRenderProductDetail start [] []
[2018-05-12 02:16:41] eccube.INFO: Event: product review hook into the product detail start. [] []
[2018-05-12 02:16:41] eccube.INFO: Event: product review render success. {"Product id":4} []
[2018-05-12 02:16:41] eccube.INFO: Event: product review hook into the product detail end. [] []
[2018-05-12 02:16:41] eccube.INFO: Matched route "block_cart". {"route_parameters":{"_controller":"\\Eccube\\Controller\\Block\\CartController::index","_route":"block_cart"},"request_uri":"https://newjoy.co.jp/block/cart"} []
[2018-05-12 02:16:41] eccube.INFO: Matched route "block_login". {"route_parameters":{"_controller":"\\Eccube\\Controller\\Block\\LoginController::index","_route":"block_login"},"request_uri":"https://newjoy.co.jp/block/login"} []
[2018-05-12 02:16:41] eccube.INFO: Matched route "block_search_product". {"route_parameters":{"_controller":"\\Eccube\\Controller\\Block\\SearchProductController::index","_route":"block_search_product"},"request_uri":"https://newjoy.co.jp/block/search_product"} []
[2018-05-12 02:16:42] eccube.INFO: Matched route "block_category". {"route_parameters":{"_controller":"\\Eccube\\Controller\\Block\\CategoryController::index","_route":"block_category"},"request_uri":"https://newjoy.co.jp/block/category"} []
[2018-05-12 02:16:42] eccube.INFO: Matched route "block_recommendify3_product_block". {"route_parameters":{"_controller":"\\Plugin\\Recommendify3\\Controller\\Block\\Recommendify3Controller::index","_route":"block_recommendify3_product_block"},"request_uri":"https://newjoy.co.jp/block/recommendify3_product_block"} []
[2018-05-12 02:16:42] eccube.INFO: Matched route "block_checkeditem". {"route_parameters":{"_controller":"\\Plugin\\CheckedItem\\Controller\\CheckedItemController::index","_route":"block_checkeditem"},"request_uri":"https://newjoy.co.jp/block/checkeditem"} []
[2018-05-12 02:16:42] eccube.INFO: Matched route "block_main_menu". {"route_parameters":{"_controller":"\\Eccube\\Controller\\Block\\MainMenuController::index","_route":"block_main_menu"},"request_uri":"https://newjoy.co.jp/block/main_menu"} []
[2018-05-12 02:16:42] eccube.INFO: < 200 [] []
[2018-05-12 02:18:32] eccube.INFO: Matched route "product_list". {"route_parameters":{"_controller":"\\Eccube\\Controller\\ProductController::index","_route":"product_list"},"request_uri":"https://newjoy.co.jp/products/list?category_id=26&disp_number=30&mode=&name=&orderby=0&pageno=1"} []
[2018-05-12 02:18:32] eccube.INFO: Populated the TokenStorage with an anonymous Token. [] []
[2018-05-12 02:18:32] eccube.INFO: > GET /products/list?mode=&category_id=26&name=&pageno=1&disp_number=30&orderby=0 [] []
[2018-05-12 02:18:33] eccube.INFO: CategoryContent Product/list.twig start [] []
[2018-05-12 02:18:33] eccube.INFO: CategoryContent Product/list.twig end [] []
[2018-05-12 02:18:33] eccube.INFO: Matched route "block_cart". {"route_parameters":{"_controller":"\\Eccube\\Controller\\Block\\CartController::index","_route":"block_cart"},"request_uri":"https://newjoy.co.jp/block/cart"} []
[2018-05-12 02:18:33] eccube.INFO: Matched route "block_login". {"route_parameters":{"_controller":"\\Eccube\\Controller\\Block\\LoginController::index","_route":"block_login"},"request_uri":"https://newjoy.co.jp/block/login"} []
[2018-05-12 02:18:33] eccube.INFO: Matched route "block_search_product". {"route_parameters":{"_controller":"\\Eccube\\Controller\\Block\\SearchProductController::index","_route":"block_search_product"},"request_uri":"https://newjoy.co.jp/block/search_product"} []
[2018-05-12 02:18:34] eccube.INFO: Matched route "block_category". {"route_parameters":{"_controller":"\\Eccube\\Controller\\Block\\CategoryController::index","_route":"block_category"},"request_uri":"https://newjoy.co.jp/block/category"} []
[2018-05-12 02:18:34] eccube.INFO: Matched route "block_checkeditem". {"route_parameters":{"_controller":"\\Plugin\\CheckedItem\\Controller\\CheckedItemController::index","_route":"block_checkeditem"},"request_uri":"https://newjoy.co.jp/block/checkeditem"} []
[2018-05-12 02:18:34] eccube.INFO: Matched route "block_main_menu". {"route_parameters":{"_controller":"\\Eccube\\Controller\\Block\\MainMenuController::index","_route":"block_main_menu"},"request_uri":"https://newjoy.co.jp/block/main_menu"} []
[2018-05-12 02:18:34] eccube.INFO: < 200 [] []
[2018-05-12 02:21:56] eccube.INFO: Matched route "product_list". {"route_parameters":{"_controller":"\\Eccube\\Controller\\ProductController::index","_route":"product_list"},"request_uri":"https://newjoy.co.jp/products/list?category_id=63"} []
[2018-05-12 02:21:56] eccube.INFO: Populated the TokenStorage with an anonymous Token. [] []
[2018-05-12 02:21:56] eccube.INFO: > GET /products/list?category_id=63 [] []
[2018-05-12 02:21:56] eccube.INFO: CategoryContent Product/list.twig start [] []
[2018-05-12 02:21:56] eccube.INFO: Matched route "block_cart". {"route_parameters":{"_controller":"\\Eccube\\Controller\\Block\\CartController::index","_route":"block_cart"},"request_uri":"https://newjoy.co.jp/block/cart"} []
[2018-05-12 02:21:56] eccube.INFO: Matched route "block_login". {"route_parameters":{"_controller":"\\Eccube\\Controller\\Block\\LoginController::index","_route":"block_login"},"request_uri":"https://newjoy.co.jp/block/login"} []
[2018-05-12 02:21:56] eccube.INFO: Matched route "block_search_product". {"route_parameters":{"_controller":"\\Eccube\\Controller\\Block\\SearchProductController::index","_route":"block_search_product"},"request_uri":"https://newjoy.co.jp/block/search_product"} []
[2018-05-12 02:21:57] eccube.INFO: Matched route "block_category". {"route_parameters":{"_controller":"\\Eccube\\Controller\\Block\\CategoryController::index","_route":"block_category"},"request_uri":"https://newjoy.co.jp/block/category"} []
[2018-05-12 02:21:57] eccube.INFO: Matched route "block_checkeditem". {"route_parameters":{"_controller":"\\Plugin\\CheckedItem\\Controller\\CheckedItemController::index","_route":"block_checkeditem"},"request_uri":"https://newjoy.co.jp/block/checkeditem"} []
[2018-05-12 02:21:57] eccube.INFO: Matched route "block_main_menu". {"route_parameters":{"_controller":"\\Eccube\\Controller\\Block\\MainMenuController::index","_route":"block_main_menu"},"request_uri":"https://newjoy.co.jp/block/main_menu"} []
[2018-05-12 02:21:57] eccube.INFO: < 200 [] []
[2018-05-12 02:39:18] eccube.INFO: Matched route "product_detail". {"route_parameters":{"_controller":"\\Eccube\\Controller\\ProductController::detail","id":"11","_route":"product_detail"},"request_uri":"https://newjoy.co.jp/products/detail/11"} []
[2018-05-12 02:39:18] eccube.INFO: Populated the TokenStorage with an anonymous Token. [] []
[2018-05-12 02:39:18] eccube.INFO: > GET /products/detail/11 [] []
[2018-05-12 02:39:18] eccube.INFO: RelatedProduct trigger onRenderProductDetail start [] []
[2018-05-12 02:39:18] eccube.INFO: Event: product review hook into the product detail start. [] []
[2018-05-12 02:39:18] eccube.INFO: Event: product review render success. {"Product id":11} []
[2018-05-12 02:39:18] eccube.INFO: Event: product review hook into the product detail end. [] []
[2018-05-12 02:39:18] eccube.INFO: Matched route "block_cart". {"route_parameters":{"_controller":"\\Eccube\\Controller\\Block\\CartController::index","_route":"block_cart"},"request_uri":"https://newjoy.co.jp/block/cart"} []
[2018-05-12 02:39:18] eccube.INFO: Matched route "block_login". {"route_parameters":{"_controller":"\\Eccube\\Controller\\Block\\LoginController::index","_route":"block_login"},"request_uri":"https://newjoy.co.jp/block/login"} []
[2018-05-12 02:39:18] eccube.INFO: Matched route "block_search_product". {"route_parameters":{"_controller":"\\Eccube\\Controller\\Block\\SearchProductController::index","_route":"block_search_product"},"request_uri":"https://newjoy.co.jp/block/search_product"} []
[2018-05-12 02:39:18] eccube.INFO: Matched route "block_category". {"route_parameters":{"_controller":"\\Eccube\\Controller\\Block\\CategoryController::index","_route":"block_category"},"request_uri":"https://newjoy.co.jp/block/category"} []
[2018-05-12 02:39:18] eccube.INFO: Matched route "block_recommendify3_product_block". {"route_parameters":{"_controller":"\\Plugin\\Recommendify3\\Controller\\Block\\Recommendify3Controller::index","_route":"block_recommendify3_product_block"},"request_uri":"https://newjoy.co.jp/block/recommendify3_product_block"} []
[2018-05-12 02:39:19] eccube.INFO: Matched route "block_checkeditem". {"route_parameters":{"_controller":"\\Plugin\\CheckedItem\\Controller\\CheckedItemController::index","_route":"block_checkeditem"},"request_uri":"https://newjoy.co.jp/block/checkeditem"} []
[2018-05-12 02:39:19] eccube.INFO: Matched route "block_main_menu". {"route_parameters":{"_controller":"\\Eccube\\Controller\\Block\\MainMenuController::index","_route":"block_main_menu"},"request_uri":"https://newjoy.co.jp/block/main_menu"} []
[2018-05-12 02:39:19] eccube.INFO: < 200 [] []
[2018-05-12 02:49:53] eccube.INFO: Matched route "product_list". {"route_parameters":{"_controller":"\\Eccube\\Controller\\ProductController::index","_route":"product_list"},"request_uri":"https://newjoy.co.jp/products/list?category_id=41&disp_number=30&mode=&name=&orderby=0&pageno=1"} []
[2018-05-12 02:49:53] eccube.INFO: Populated the TokenStorage with an anonymous Token. [] []
[2018-05-12 02:49:53] eccube.INFO: > GET /products/list?mode=&category_id=41&name=&pageno=1&disp_number=30&orderby=0 [] []
[2018-05-12 02:49:53] eccube.INFO: CategoryContent Product/list.twig start [] []
[2018-05-12 02:49:53] eccube.INFO: Matched route "block_cart". {"route_parameters":{"_controller":"\\Eccube\\Controller\\Block\\CartController::index","_route":"block_cart"},"request_uri":"https://newjoy.co.jp/block/cart"} []
[2018-05-12 02:49:53] eccube.INFO: Matched route "block_login". {"route_parameters":{"_controller":"\\Eccube\\Controller\\Block\\LoginController::index","_route":"block_login"},"request_uri":"https://newjoy.co.jp/block/login"} []
[2018-05-12 02:49:53] eccube.INFO: Matched route "block_search_product". {"route_parameters":{"_controller":"\\Eccube\\Controller\\Block\\SearchProductController::index","_route":"block_search_product"},"request_uri":"https://newjoy.co.jp/block/search_product"} []
[2018-05-12 02:49:54] eccube.INFO: Matched route "block_category". {"route_parameters":{"_controller":"\\Eccube\\Controller\\Block\\CategoryController::index","_route":"block_category"},"request_uri":"https://newjoy.co.jp/block/category"} []
[2018-05-12 02:49:54] eccube.INFO: Matched route "block_checkeditem". {"route_parameters":{"_controller":"\\Plugin\\CheckedItem\\Controller\\CheckedItemController::index","_route":"block_checkeditem"},"request_uri":"https://newjoy.co.jp/block/checkeditem"} []
[2018-05-12 02:49:54] eccube.INFO: Matched route "block_main_menu". {"route_parameters":{"_controller":"\\Eccube\\Controller\\Block\\MainMenuController::index","_route":"block_main_menu"},"request_uri":"https://newjoy.co.jp/block/main_menu"} []
[2018-05-12 02:49:54] eccube.INFO: < 200 [] []
[2018-05-12 03:09:44] eccube.ERROR: Symfony\Component\HttpKernel\Exception\NotFoundHttpException: No route found for "GET /.well-known/assetlinks.json" (uncaught exception) at /home/kir021669/public_html/newjoy.co.jp/vendor/symfony/http-kernel/EventListener/RouterListener.php line 159 {"exception":"[object] (Symfony\\Component\\HttpKernel\\Exception\\NotFoundHttpException(code: 0): No route found for \"GET /.well-known/assetlinks.json\" at /home/kir021669/public_html/newjoy.co.jp/vendor/symfony/http-kernel/EventListener/RouterListener.php:159, Symfony\\Component\\Routing\\Exception\\ResourceNotFoundException(code: 0): No routes found for \"/.well-known/assetlinks.json\". at /home/kir021669/public_html/newjoy.co.jp/vendor/symfony/routing/Matcher/UrlMatcher.php:98)"} []
[2018-05-12 03:09:44] eccube.INFO: < 404 [] []
[2018-05-12 04:54:05] eccube.INFO: Matched route "product_detail". {"route_parameters":{"_controller":"\\Eccube\\Controller\\ProductController::detail","id":"4","_route":"product_detail"},"request_uri":"https://newjoy.co.jp/products/detail/4"} []
[2018-05-12 04:54:05] eccube.INFO: Populated the TokenStorage with an anonymous Token. [] []
[2018-05-12 04:54:05] eccube.INFO: > GET /products/detail/4 [] []
[2018-05-12 04:54:05] eccube.INFO: RelatedProduct trigger onRenderProductDetail start [] []
[2018-05-12 04:54:05] eccube.INFO: Event: product review hook into the product detail start. [] []
[2018-05-12 04:54:05] eccube.INFO: Event: product review render success. {"Product id":4} []
[2018-05-12 04:54:05] eccube.INFO: Event: product review hook into the product detail end. [] []
[2018-05-12 04:54:05] eccube.INFO: Matched route "block_cart". {"route_parameters":{"_controller":"\\Eccube\\Controller\\Block\\CartController::index","_route":"block_cart"},"request_uri":"https://newjoy.co.jp/block/cart"} []
[2018-05-12 04:54:05] eccube.INFO: Matched route "block_login". {"route_parameters":{"_controller":"\\Eccube\\Controller\\Block\\LoginController::index","_route":"block_login"},"request_uri":"https://newjoy.co.jp/block/login"} []
[2018-05-12 04:54:05] eccube.INFO: Matched route "block_search_product". {"route_parameters":{"_controller":"\\Eccube\\Controller\\Block\\SearchProductController::index","_route":"block_search_product"},"request_uri":"https://newjoy.co.jp/block/search_product"} []
[2018-05-12 04:54:06] eccube.INFO: Matched route "block_category". {"route_parameters":{"_controller":"\\Eccube\\Controller\\Block\\CategoryController::index","_route":"block_category"},"request_uri":"https://newjoy.co.jp/block/category"} []
[2018-05-12 04:54:06] eccube.INFO: Matched route "block_recommendify3_product_block". {"route_parameters":{"_controller":"\\Plugin\\Recommendify3\\Controller\\Block\\Recommendify3Controller::index","_route":"block_recommendify3_product_block"},"request_uri":"https://newjoy.co.jp/block/recommendify3_product_block"} []
[2018-05-12 04:54:06] eccube.INFO: Matched route "block_checkeditem". {"route_parameters":{"_controller":"\\Plugin\\CheckedItem\\Controller\\CheckedItemController::index","_route":"block_checkeditem"},"request_uri":"https://newjoy.co.jp/block/checkeditem"} []
[2018-05-12 04:54:06] eccube.INFO: Matched route "block_main_menu". {"route_parameters":{"_controller":"\\Eccube\\Controller\\Block\\MainMenuController::index","_route":"block_main_menu"},"request_uri":"https://newjoy.co.jp/block/main_menu"} []
[2018-05-12 04:54:06] eccube.INFO: < 200 [] []
[2018-05-12 07:56:07] eccube.INFO: Matched route "product_detail". {"route_parameters":{"_controller":"\\Eccube\\Controller\\ProductController::detail","id":"4","_route":"product_detail"},"request_uri":"https://newjoy.co.jp/products/detail/4"} []
[2018-05-12 07:56:07] eccube.INFO: Populated the TokenStorage with an anonymous Token. [] []
[2018-05-12 07:56:07] eccube.INFO: > GET /products/detail/4 [] []
[2018-05-12 07:56:07] eccube.INFO: RelatedProduct trigger onRenderProductDetail start [] []
[2018-05-12 07:56:07] eccube.INFO: Event: product review hook into the product detail start. [] []
[2018-05-12 07:56:07] eccube.INFO: Event: product review render success. {"Product id":4} []
[2018-05-12 07:56:07] eccube.INFO: Event: product review hook into the product detail end. [] []
[2018-05-12 07:56:07] eccube.INFO: Matched route "block_cart". {"route_parameters":{"_controller":"\\Eccube\\Controller\\Block\\CartController::index","_route":"block_cart"},"request_uri":"https://newjoy.co.jp/block/cart"} []
[2018-05-12 07:56:07] eccube.INFO: Matched route "block_login". {"route_parameters":{"_controller":"\\Eccube\\Controller\\Block\\LoginController::index","_route":"block_login"},"request_uri":"https://newjoy.co.jp/block/login"} []
[2018-05-12 07:56:07] eccube.INFO: Matched route "block_search_product". {"route_parameters":{"_controller":"\\Eccube\\Controller\\Block\\SearchProductController::index","_route":"block_search_product"},"request_uri":"https://newjoy.co.jp/block/search_product"} []
[2018-05-12 07:56:07] eccube.INFO: Matched route "block_category". {"route_parameters":{"_controller":"\\Eccube\\Controller\\Block\\CategoryController::index","_route":"block_category"},"request_uri":"https://newjoy.co.jp/block/category"} []
[2018-05-12 07:56:08] eccube.INFO: Matched route "block_recommendify3_product_block". {"route_parameters":{"_controller":"\\Plugin\\Recommendify3\\Controller\\Block\\Recommendify3Controller::index","_route":"block_recommendify3_product_block"},"request_uri":"https://newjoy.co.jp/block/recommendify3_product_block"} []
[2018-05-12 07:56:08] eccube.INFO: Matched route "block_checkeditem". {"route_parameters":{"_controller":"\\Plugin\\CheckedItem\\Controller\\CheckedItemController::index","_route":"block_checkeditem"},"request_uri":"https://newjoy.co.jp/block/checkeditem"} []
[2018-05-12 07:56:08] eccube.INFO: Matched route "block_main_menu". {"route_parameters":{"_controller":"\\Eccube\\Controller\\Block\\MainMenuController::index","_route":"block_main_menu"},"request_uri":"https://newjoy.co.jp/block/main_menu"} []
[2018-05-12 07:56:08] eccube.INFO: < 200 [] []
[2018-05-12 13:40:36] eccube.INFO: Matched route "product_detail". {"route_parameters":{"_controller":"\\Eccube\\Controller\\ProductController::detail","id":"4","_route":"product_detail"},"request_uri":"https://newjoy.co.jp/products/detail/4"} []
[2018-05-12 13:40:36] eccube.INFO: Populated the TokenStorage with an anonymous Token. [] []
[2018-05-12 13:40:36] eccube.INFO: > GET /products/detail/4 [] []
[2018-05-12 13:40:37] eccube.INFO: RelatedProduct trigger onRenderProductDetail start [] []
[2018-05-12 13:40:37] eccube.INFO: Event: product review hook into the product detail start. [] []
[2018-05-12 13:40:37] eccube.INFO: Event: product review render success. {"Product id":4} []
[2018-05-12 13:40:37] eccube.INFO: Event: product review hook into the product detail end. [] []
[2018-05-12 13:40:37] eccube.INFO: Matched route "block_cart". {"route_parameters":{"_controller":"\\Eccube\\Controller\\Block\\CartController::index","_route":"block_cart"},"request_uri":"https://newjoy.co.jp/block/cart"} []
[2018-05-12 13:40:37] eccube.INFO: Matched route "block_login". {"route_parameters":{"_controller":"\\Eccube\\Controller\\Block\\LoginController::index","_route":"block_login"},"request_uri":"https://newjoy.co.jp/block/login"} []
[2018-05-12 13:40:37] eccube.INFO: Matched route "block_search_product". {"route_parameters":{"_controller":"\\Eccube\\Controller\\Block\\SearchProductController::index","_route":"block_search_product"},"request_uri":"https://newjoy.co.jp/block/search_product"} []
[2018-05-12 13:40:37] eccube.INFO: Matched route "block_category". {"route_parameters":{"_controller":"\\Eccube\\Controller\\Block\\CategoryController::index","_route":"block_category"},"request_uri":"https://newjoy.co.jp/block/category"} []
[2018-05-12 13:40:37] eccube.INFO: Matched route "block_recommendify3_product_block". {"route_parameters":{"_controller":"\\Plugin\\Recommendify3\\Controller\\Block\\Recommendify3Controller::index","_route":"block_recommendify3_product_block"},"request_uri":"https://newjoy.co.jp/block/recommendify3_product_block"} []
[2018-05-12 13:40:38] eccube.INFO: Matched route "block_checkeditem". {"route_parameters":{"_controller":"\\Plugin\\CheckedItem\\Controller\\CheckedItemController::index","_route":"block_checkeditem"},"request_uri":"https://newjoy.co.jp/block/checkeditem"} []
[2018-05-12 13:40:38] eccube.INFO: Matched route "block_main_menu". {"route_parameters":{"_controller":"\\Eccube\\Controller\\Block\\MainMenuController::index","_route":"block_main_menu"},"request_uri":"https://newjoy.co.jp/block/main_menu"} []
[2018-05-12 13:40:38] eccube.INFO: < 200 [] []
[2018-05-12 15:44:59] eccube.INFO: Matched route "product_list". {"route_parameters":{"_controller":"\\Eccube\\Controller\\ProductController::index","_route":"product_list"},"request_uri":"https://newjoy.co.jp/products/list?category_id=34&disp_number=30&mode=&name=&orderby=0&pageno=1"} []
[2018-05-12 15:44:59] eccube.INFO: Populated the TokenStorage with an anonymous Token. [] []
[2018-05-12 15:44:59] eccube.INFO: > GET /products/list?mode=&category_id=34&name=&pageno=1&disp_number=30&orderby=0 [] []
[2018-05-12 15:45:00] eccube.INFO: CategoryContent Product/list.twig start [] []
[2018-05-12 15:45:00] eccube.INFO: Matched route "block_cart". {"route_parameters":{"_controller":"\\Eccube\\Controller\\Block\\CartController::index","_route":"block_cart"},"request_uri":"https://newjoy.co.jp/block/cart"} []
[2018-05-12 15:45:00] eccube.INFO: Matched route "block_login". {"route_parameters":{"_controller":"\\Eccube\\Controller\\Block\\LoginController::index","_route":"block_login"},"request_uri":"https://newjoy.co.jp/block/login"} []
[2018-05-12 15:45:00] eccube.INFO: Matched route "block_search_product". {"route_parameters":{"_controller":"\\Eccube\\Controller\\Block\\SearchProductController::index","_route":"block_search_product"},"request_uri":"https://newjoy.co.jp/block/search_product"} []
[2018-05-12 15:45:00] eccube.INFO: Matched route "block_category". {"route_parameters":{"_controller":"\\Eccube\\Controller\\Block\\CategoryController::index","_route":"block_category"},"request_uri":"https://newjoy.co.jp/block/category"} []
[2018-05-12 15:45:00] eccube.INFO: Matched route "block_checkeditem". {"route_parameters":{"_controller":"\\Plugin\\CheckedItem\\Controller\\CheckedItemController::index","_route":"block_checkeditem"},"request_uri":"https://newjoy.co.jp/block/checkeditem"} []
[2018-05-12 15:45:00] eccube.INFO: Matched route "block_main_menu". {"route_parameters":{"_controller":"\\Eccube\\Controller\\Block\\MainMenuController::index","_route":"block_main_menu"},"request_uri":"https://newjoy.co.jp/block/main_menu"} []
[2018-05-12 15:45:00] eccube.INFO: < 200 [] []
[2018-05-12 20:32:07] eccube.INFO: Matched route "sitemap". {"route_parameters":{"_controller":"\\Plugin\\SiteMap\\Controller\\SiteMapController::xml","_route":"sitemap"},"request_uri":"https://newjoy.co.jp/sitemap"} []
[2018-05-12 20:32:07] eccube.INFO: Populated the TokenStorage with an anonymous Token. [] []
[2018-05-12 20:32:07] eccube.INFO: > GET /sitemap [] []
[2018-05-12 20:32:08] eccube.INFO: < 200 [] []
[2018-05-12 22:24:02] eccube.INFO: Matched route "product_list". {"route_parameters":{"_controller":"\\Eccube\\Controller\\ProductController::index","_route":"product_list"},"request_uri":"https://newjoy.co.jp/products/list?category_id=19&disp_number=30&mode=&name=&orderby=0&pageno=1"} []
[2018-05-12 22:24:02] eccube.INFO: Populated the TokenStorage with an anonymous Token. [] []
[2018-05-12 22:24:02] eccube.INFO: > GET /products/list?mode=&category_id=19&name=&pageno=1&disp_number=30&orderby=0 [] []
[2018-05-12 22:24:02] eccube.INFO: CategoryContent Product/list.twig start [] []
[2018-05-12 22:24:02] eccube.INFO: Matched route "block_cart". {"route_parameters":{"_controller":"\\Eccube\\Controller\\Block\\CartController::index","_route":"block_cart"},"request_uri":"https://newjoy.co.jp/block/cart"} []
[2018-05-12 22:24:02] eccube.INFO: Matched route "block_login". {"route_parameters":{"_controller":"\\Eccube\\Controller\\Block\\LoginController::index","_route":"block_login"},"request_uri":"https://newjoy.co.jp/block/login"} []
[2018-05-12 22:24:02] eccube.INFO: Matched route "block_search_product". {"route_parameters":{"_controller":"\\Eccube\\Controller\\Block\\SearchProductController::index","_route":"block_search_product"},"request_uri":"https://newjoy.co.jp/block/search_product"} []
[2018-05-12 22:24:03] eccube.INFO: Matched route "block_category". {"route_parameters":{"_controller":"\\Eccube\\Controller\\Block\\CategoryController::index","_route":"block_category"},"request_uri":"https://newjoy.co.jp/block/category"} []
[2018-05-12 22:24:03] eccube.INFO: Matched route "block_checkeditem". {"route_parameters":{"_controller":"\\Plugin\\CheckedItem\\Controller\\CheckedItemController::index","_route":"block_checkeditem"},"request_uri":"https://newjoy.co.jp/block/checkeditem"} []
[2018-05-12 22:24:03] eccube.INFO: Matched route "block_main_menu". {"route_parameters":{"_controller":"\\Eccube\\Controller\\Block\\MainMenuController::index","_route":"block_main_menu"},"request_uri":"https://newjoy.co.jp/block/main_menu"} []
[2018-05-12 22:24:03] eccube.INFO: < 200 [] []
