[2018-04-21 00:03:20] eccube.INFO: Matched route "n/a". {"route_parameters":{"_controller":"[object] (Closure: {})","_route":null,"url":"https://newjoy.co.jp/products/list?category_id=1"},"request_uri":"http://newjoy.co.jp/products/list?category_id=1"} []
[2018-04-21 00:03:20] eccube.INFO: Populated the TokenStorage with an anonymous Token. [] []
[2018-04-21 00:03:20] eccube.INFO: > GET /products/list?category_id=1 [] []
[2018-04-21 00:03:20] eccube.INFO: < 301 https://newjoy.co.jp/products/list?category_id=1 [] []
[2018-04-21 00:03:21] eccube.INFO: Matched route "product_list". {"route_parameters":{"_controller":"\\Eccube\\Controller\\ProductController::index","_route":"product_list"},"request_uri":"https://newjoy.co.jp/products/list?category_id=1"} []
[2018-04-21 00:03:21] eccube.INFO: Populated the TokenStorage with an anonymous Token. [] []
[2018-04-21 00:03:21] eccube.INFO: > GET /products/list?category_id=1 [] []
[2018-04-21 00:03:22] eccube.INFO: CategoryContent Product/list.twig start [] []
[2018-04-21 00:03:22] eccube.INFO: Matched route "block_cart". {"route_parameters":{"_controller":"\\Eccube\\Controller\\Block\\CartController::index","_route":"block_cart"},"request_uri":"https://newjoy.co.jp/block/cart"} []
[2018-04-21 00:03:22] eccube.INFO: Matched route "block_login". {"route_parameters":{"_controller":"\\Eccube\\Controller\\Block\\LoginController::index","_route":"block_login"},"request_uri":"https://newjoy.co.jp/block/login"} []
[2018-04-21 00:03:22] eccube.INFO: Matched route "block_search_product". {"route_parameters":{"_controller":"\\Eccube\\Controller\\Block\\SearchProductController::index","_route":"block_search_product"},"request_uri":"https://newjoy.co.jp/block/search_product"} []
[2018-04-21 00:03:22] eccube.INFO: Matched route "block_category". {"route_parameters":{"_controller":"\\Eccube\\Controller\\Block\\CategoryController::index","_route":"block_category"},"request_uri":"https://newjoy.co.jp/block/category"} []
[2018-04-21 00:03:22] eccube.INFO: Matched route "block_checkeditem". {"route_parameters":{"_controller":"\\Plugin\\CheckedItem\\Controller\\CheckedItemController::index","_route":"block_checkeditem"},"request_uri":"https://newjoy.co.jp/block/checkeditem"} []
[2018-04-21 00:03:22] eccube.INFO: Matched route "block_main_menu". {"route_parameters":{"_controller":"\\Eccube\\Controller\\Block\\MainMenuController::index","_route":"block_main_menu"},"request_uri":"https://newjoy.co.jp/block/main_menu"} []
[2018-04-21 00:03:22] eccube.INFO: < 200 [] []
[2018-04-21 00:59:34] eccube.INFO: Matched route "n/a". {"route_parameters":{"_controller":"[object] (Closure: {})","_route":null,"url":"https://newjoy.co.jp/products/list?category_id=19"},"request_uri":"http://newjoy.co.jp/products/list?category_id=19"} []
[2018-04-21 00:59:34] eccube.INFO: Populated the TokenStorage with an anonymous Token. [] []
[2018-04-21 00:59:34] eccube.INFO: > GET /products/list?category_id=19 [] []
[2018-04-21 00:59:34] eccube.INFO: < 301 https://newjoy.co.jp/products/list?category_id=19 [] []
[2018-04-21 00:59:35] eccube.INFO: Matched route "product_list". {"route_parameters":{"_controller":"\\Eccube\\Controller\\ProductController::index","_route":"product_list"},"request_uri":"https://newjoy.co.jp/products/list?category_id=19"} []
[2018-04-21 00:59:35] eccube.INFO: Populated the TokenStorage with an anonymous Token. [] []
[2018-04-21 00:59:35] eccube.INFO: > GET /products/list?category_id=19 [] []
[2018-04-21 00:59:35] eccube.INFO: CategoryContent Product/list.twig start [] []
[2018-04-21 00:59:35] eccube.INFO: Matched route "block_cart". {"route_parameters":{"_controller":"\\Eccube\\Controller\\Block\\CartController::index","_route":"block_cart"},"request_uri":"https://newjoy.co.jp/block/cart"} []
[2018-04-21 00:59:35] eccube.INFO: Matched route "block_login". {"route_parameters":{"_controller":"\\Eccube\\Controller\\Block\\LoginController::index","_route":"block_login"},"request_uri":"https://newjoy.co.jp/block/login"} []
[2018-04-21 00:59:35] eccube.INFO: Matched route "block_search_product". {"route_parameters":{"_controller":"\\Eccube\\Controller\\Block\\SearchProductController::index","_route":"block_search_product"},"request_uri":"https://newjoy.co.jp/block/search_product"} []
[2018-04-21 00:59:36] eccube.INFO: Matched route "block_category". {"route_parameters":{"_controller":"\\Eccube\\Controller\\Block\\CategoryController::index","_route":"block_category"},"request_uri":"https://newjoy.co.jp/block/category"} []
[2018-04-21 00:59:36] eccube.INFO: Matched route "block_checkeditem". {"route_parameters":{"_controller":"\\Plugin\\CheckedItem\\Controller\\CheckedItemController::index","_route":"block_checkeditem"},"request_uri":"https://newjoy.co.jp/block/checkeditem"} []
[2018-04-21 00:59:36] eccube.INFO: Matched route "block_main_menu". {"route_parameters":{"_controller":"\\Eccube\\Controller\\Block\\MainMenuController::index","_route":"block_main_menu"},"request_uri":"https://newjoy.co.jp/block/main_menu"} []
[2018-04-21 00:59:36] eccube.INFO: < 200 [] []
[2018-04-21 01:56:08] eccube.INFO: Matched route "n/a". {"route_parameters":{"_controller":"[object] (Closure: {})","_route":null,"url":"https://newjoy.co.jp/products/list?category_id=3"},"request_uri":"http://newjoy.co.jp/products/list?category_id=3"} []
[2018-04-21 01:56:08] eccube.INFO: Populated the TokenStorage with an anonymous Token. [] []
[2018-04-21 01:56:08] eccube.INFO: > GET /products/list?category_id=3 [] []
[2018-04-21 01:56:08] eccube.INFO: < 301 https://newjoy.co.jp/products/list?category_id=3 [] []
[2018-04-21 01:56:09] eccube.INFO: Matched route "product_list". {"route_parameters":{"_controller":"\\Eccube\\Controller\\ProductController::index","_route":"product_list"},"request_uri":"https://newjoy.co.jp/products/list?category_id=3"} []
[2018-04-21 01:56:09] eccube.INFO: Populated the TokenStorage with an anonymous Token. [] []
[2018-04-21 01:56:09] eccube.INFO: > GET /products/list?category_id=3 [] []
[2018-04-21 01:56:10] eccube.INFO: CategoryContent Product/list.twig start [] []
[2018-04-21 01:56:10] eccube.INFO: Matched route "block_cart". {"route_parameters":{"_controller":"\\Eccube\\Controller\\Block\\CartController::index","_route":"block_cart"},"request_uri":"https://newjoy.co.jp/block/cart"} []
[2018-04-21 01:56:10] eccube.INFO: Matched route "block_login". {"route_parameters":{"_controller":"\\Eccube\\Controller\\Block\\LoginController::index","_route":"block_login"},"request_uri":"https://newjoy.co.jp/block/login"} []
[2018-04-21 01:56:10] eccube.INFO: Matched route "block_search_product". {"route_parameters":{"_controller":"\\Eccube\\Controller\\Block\\SearchProductController::index","_route":"block_search_product"},"request_uri":"https://newjoy.co.jp/block/search_product"} []
[2018-04-21 01:56:10] eccube.INFO: Matched route "block_category". {"route_parameters":{"_controller":"\\Eccube\\Controller\\Block\\CategoryController::index","_route":"block_category"},"request_uri":"https://newjoy.co.jp/block/category"} []
[2018-04-21 01:56:11] eccube.INFO: Matched route "block_checkeditem". {"route_parameters":{"_controller":"\\Plugin\\CheckedItem\\Controller\\CheckedItemController::index","_route":"block_checkeditem"},"request_uri":"https://newjoy.co.jp/block/checkeditem"} []
[2018-04-21 01:56:11] eccube.INFO: Matched route "block_main_menu". {"route_parameters":{"_controller":"\\Eccube\\Controller\\Block\\MainMenuController::index","_route":"block_main_menu"},"request_uri":"https://newjoy.co.jp/block/main_menu"} []
[2018-04-21 01:56:11] eccube.INFO: < 200 [] []
[2018-04-21 02:29:47] eccube.INFO: Matched route "n/a". {"route_parameters":{"_controller":"[object] (Closure: {})","_route":null,"url":"https://newjoy.co.jp/products/detail/11"},"request_uri":"http://newjoy.co.jp/products/detail/11"} []
[2018-04-21 02:29:47] eccube.INFO: Populated the TokenStorage with an anonymous Token. [] []
[2018-04-21 02:29:47] eccube.INFO: > GET /products/detail/11 [] []
[2018-04-21 02:29:47] eccube.INFO: < 301 https://newjoy.co.jp/products/detail/11 [] []
[2018-04-21 02:29:48] eccube.INFO: Matched route "product_detail". {"route_parameters":{"_controller":"\\Eccube\\Controller\\ProductController::detail","id":"11","_route":"product_detail"},"request_uri":"https://newjoy.co.jp/products/detail/11"} []
[2018-04-21 02:29:48] eccube.INFO: Populated the TokenStorage with an anonymous Token. [] []
[2018-04-21 02:29:48] eccube.INFO: > GET /products/detail/11 [] []
[2018-04-21 02:29:48] eccube.INFO: RelatedProduct trigger onRenderProductDetail start [] []
[2018-04-21 02:29:48] eccube.INFO: Event: product review hook into the product detail start. [] []
[2018-04-21 02:29:48] eccube.INFO: Event: product review render success. {"Product id":11} []
[2018-04-21 02:29:48] eccube.INFO: Event: product review hook into the product detail end. [] []
[2018-04-21 02:29:48] eccube.INFO: Matched route "block_cart". {"route_parameters":{"_controller":"\\Eccube\\Controller\\Block\\CartController::index","_route":"block_cart"},"request_uri":"https://newjoy.co.jp/block/cart"} []
[2018-04-21 02:29:48] eccube.INFO: Matched route "block_login". {"route_parameters":{"_controller":"\\Eccube\\Controller\\Block\\LoginController::index","_route":"block_login"},"request_uri":"https://newjoy.co.jp/block/login"} []
[2018-04-21 02:29:48] eccube.INFO: Matched route "block_search_product". {"route_parameters":{"_controller":"\\Eccube\\Controller\\Block\\SearchProductController::index","_route":"block_search_product"},"request_uri":"https://newjoy.co.jp/block/search_product"} []
[2018-04-21 02:29:48] eccube.INFO: Matched route "block_category". {"route_parameters":{"_controller":"\\Eccube\\Controller\\Block\\CategoryController::index","_route":"block_category"},"request_uri":"https://newjoy.co.jp/block/category"} []
[2018-04-21 02:29:48] eccube.INFO: Matched route "block_recommendify3_product_block". {"route_parameters":{"_controller":"\\Plugin\\Recommendify3\\Controller\\Block\\Recommendify3Controller::index","_route":"block_recommendify3_product_block"},"request_uri":"https://newjoy.co.jp/block/recommendify3_product_block"} []
[2018-04-21 02:29:49] eccube.INFO: Matched route "block_checkeditem". {"route_parameters":{"_controller":"\\Plugin\\CheckedItem\\Controller\\CheckedItemController::index","_route":"block_checkeditem"},"request_uri":"https://newjoy.co.jp/block/checkeditem"} []
[2018-04-21 02:29:49] eccube.INFO: Matched route "block_main_menu". {"route_parameters":{"_controller":"\\Eccube\\Controller\\Block\\MainMenuController::index","_route":"block_main_menu"},"request_uri":"https://newjoy.co.jp/block/main_menu"} []
[2018-04-21 02:29:49] eccube.INFO: < 200 [] []
[2018-04-21 02:30:38] eccube.INFO: Matched route "plugin_products_detail_review". {"route_parameters":{"_controller":"Plugin\\ProductReview\\Controller\\ProductReviewController::review","id":"11","_route":"plugin_products_detail_review"},"request_uri":"https://newjoy.co.jp/plugin/products/detail/11/review"} []
[2018-04-21 02:30:38] eccube.INFO: Populated the TokenStorage with an anonymous Token. [] []
[2018-04-21 02:30:38] eccube.INFO: > GET /plugin/products/detail/11/review [] []
[2018-04-21 02:30:38] eccube.INFO: Matched route "block_cart". {"route_parameters":{"_controller":"\\Eccube\\Controller\\Block\\CartController::index","_route":"block_cart"},"request_uri":"https://newjoy.co.jp/block/cart"} []
[2018-04-21 02:30:38] eccube.INFO: Matched route "block_login". {"route_parameters":{"_controller":"\\Eccube\\Controller\\Block\\LoginController::index","_route":"block_login"},"request_uri":"https://newjoy.co.jp/block/login"} []
[2018-04-21 02:30:38] eccube.INFO: Matched route "block_search_product". {"route_parameters":{"_controller":"\\Eccube\\Controller\\Block\\SearchProductController::index","_route":"block_search_product"},"request_uri":"https://newjoy.co.jp/block/search_product"} []
[2018-04-21 02:30:38] eccube.INFO: Matched route "block_category". {"route_parameters":{"_controller":"\\Eccube\\Controller\\Block\\CategoryController::index","_route":"block_category"},"request_uri":"https://newjoy.co.jp/block/category"} []
[2018-04-21 02:30:38] eccube.INFO: Matched route "block_checkeditem". {"route_parameters":{"_controller":"\\Plugin\\CheckedItem\\Controller\\CheckedItemController::index","_route":"block_checkeditem"},"request_uri":"https://newjoy.co.jp/block/checkeditem"} []
[2018-04-21 02:30:39] eccube.INFO: Matched route "block_main_menu". {"route_parameters":{"_controller":"\\Eccube\\Controller\\Block\\MainMenuController::index","_route":"block_main_menu"},"request_uri":"https://newjoy.co.jp/block/main_menu"} []
[2018-04-21 02:30:39] eccube.INFO: < 200 [] []
[2018-04-21 03:02:12] eccube.INFO: Matched route "n/a". {"route_parameters":{"_controller":"[object] (Closure: {})","_route":null,"url":"https://newjoy.co.jp/products/list?category_id=35"},"request_uri":"http://newjoy.co.jp/products/list?category_id=35"} []
[2018-04-21 03:02:12] eccube.INFO: Populated the TokenStorage with an anonymous Token. [] []
[2018-04-21 03:02:12] eccube.INFO: > GET /products/list?category_id=35 [] []
[2018-04-21 03:02:12] eccube.INFO: < 301 https://newjoy.co.jp/products/list?category_id=35 [] []
[2018-04-21 03:02:13] eccube.INFO: Matched route "product_list". {"route_parameters":{"_controller":"\\Eccube\\Controller\\ProductController::index","_route":"product_list"},"request_uri":"https://newjoy.co.jp/products/list?category_id=35"} []
[2018-04-21 03:02:13] eccube.INFO: Populated the TokenStorage with an anonymous Token. [] []
[2018-04-21 03:02:13] eccube.INFO: > GET /products/list?category_id=35 [] []
[2018-04-21 03:02:14] eccube.INFO: CategoryContent Product/list.twig start [] []
[2018-04-21 03:02:14] eccube.INFO: Matched route "block_cart". {"route_parameters":{"_controller":"\\Eccube\\Controller\\Block\\CartController::index","_route":"block_cart"},"request_uri":"https://newjoy.co.jp/block/cart"} []
[2018-04-21 03:02:14] eccube.INFO: Matched route "block_login". {"route_parameters":{"_controller":"\\Eccube\\Controller\\Block\\LoginController::index","_route":"block_login"},"request_uri":"https://newjoy.co.jp/block/login"} []
[2018-04-21 03:02:14] eccube.INFO: Matched route "block_search_product". {"route_parameters":{"_controller":"\\Eccube\\Controller\\Block\\SearchProductController::index","_route":"block_search_product"},"request_uri":"https://newjoy.co.jp/block/search_product"} []
[2018-04-21 03:02:14] eccube.INFO: Matched route "block_category". {"route_parameters":{"_controller":"\\Eccube\\Controller\\Block\\CategoryController::index","_route":"block_category"},"request_uri":"https://newjoy.co.jp/block/category"} []
[2018-04-21 03:02:14] eccube.INFO: Matched route "block_checkeditem". {"route_parameters":{"_controller":"\\Plugin\\CheckedItem\\Controller\\CheckedItemController::index","_route":"block_checkeditem"},"request_uri":"https://newjoy.co.jp/block/checkeditem"} []
[2018-04-21 03:02:14] eccube.INFO: Matched route "block_main_menu". {"route_parameters":{"_controller":"\\Eccube\\Controller\\Block\\MainMenuController::index","_route":"block_main_menu"},"request_uri":"https://newjoy.co.jp/block/main_menu"} []
[2018-04-21 03:02:14] eccube.INFO: < 200 [] []
[2018-04-21 03:55:08] eccube.INFO: Matched route "n/a". {"route_parameters":{"_controller":"[object] (Closure: {})","_route":null,"url":"https://newjoy.co.jp/products/list"},"request_uri":"http://newjoy.co.jp/products/list"} []
[2018-04-21 03:55:08] eccube.INFO: Populated the TokenStorage with an anonymous Token. [] []
[2018-04-21 03:55:08] eccube.INFO: > GET /products/list [] []
[2018-04-21 03:55:08] eccube.INFO: < 301 https://newjoy.co.jp/products/list [] []
[2018-04-21 03:55:08] eccube.INFO: Matched route "product_list". {"route_parameters":{"_controller":"\\Eccube\\Controller\\ProductController::index","_route":"product_list"},"request_uri":"https://newjoy.co.jp/products/list"} []
[2018-04-21 03:55:08] eccube.INFO: Populated the TokenStorage with an anonymous Token. [] []
[2018-04-21 03:55:08] eccube.INFO: > GET /products/list [] []
[2018-04-21 03:55:11] eccube.INFO: CategoryContent Product/list.twig start [] []
[2018-04-21 03:55:11] eccube.INFO: Matched route "block_cart". {"route_parameters":{"_controller":"\\Eccube\\Controller\\Block\\CartController::index","_route":"block_cart"},"request_uri":"https://newjoy.co.jp/block/cart"} []
[2018-04-21 03:55:11] eccube.INFO: Matched route "block_login". {"route_parameters":{"_controller":"\\Eccube\\Controller\\Block\\LoginController::index","_route":"block_login"},"request_uri":"https://newjoy.co.jp/block/login"} []
[2018-04-21 03:55:11] eccube.INFO: Matched route "block_search_product". {"route_parameters":{"_controller":"\\Eccube\\Controller\\Block\\SearchProductController::index","_route":"block_search_product"},"request_uri":"https://newjoy.co.jp/block/search_product"} []
[2018-04-21 03:55:11] eccube.INFO: Matched route "block_category". {"route_parameters":{"_controller":"\\Eccube\\Controller\\Block\\CategoryController::index","_route":"block_category"},"request_uri":"https://newjoy.co.jp/block/category"} []
[2018-04-21 03:55:11] eccube.INFO: Matched route "block_checkeditem". {"route_parameters":{"_controller":"\\Plugin\\CheckedItem\\Controller\\CheckedItemController::index","_route":"block_checkeditem"},"request_uri":"https://newjoy.co.jp/block/checkeditem"} []
[2018-04-21 03:55:11] eccube.INFO: Matched route "block_main_menu". {"route_parameters":{"_controller":"\\Eccube\\Controller\\Block\\MainMenuController::index","_route":"block_main_menu"},"request_uri":"https://newjoy.co.jp/block/main_menu"} []
[2018-04-21 03:55:11] eccube.INFO: < 200 [] []
[2018-04-21 06:22:34] eccube.INFO: Matched route "n/a". {"route_parameters":{"_controller":"[object] (Closure: {})","_route":null,"url":"https://newjoy.co.jp/products/list?category_id=20"},"request_uri":"http://newjoy.co.jp/products/list?category_id=20"} []
[2018-04-21 06:22:34] eccube.INFO: Populated the TokenStorage with an anonymous Token. [] []
[2018-04-21 06:22:34] eccube.INFO: > GET /products/list?category_id=20 [] []
[2018-04-21 06:22:34] eccube.INFO: < 301 https://newjoy.co.jp/products/list?category_id=20 [] []
[2018-04-21 06:22:36] eccube.INFO: Matched route "product_list". {"route_parameters":{"_controller":"\\Eccube\\Controller\\ProductController::index","_route":"product_list"},"request_uri":"https://newjoy.co.jp/products/list?category_id=20"} []
[2018-04-21 06:22:36] eccube.INFO: Populated the TokenStorage with an anonymous Token. [] []
[2018-04-21 06:22:36] eccube.INFO: > GET /products/list?category_id=20 [] []
[2018-04-21 06:22:36] eccube.INFO: CategoryContent Product/list.twig start [] []
[2018-04-21 06:22:36] eccube.INFO: Matched route "block_cart". {"route_parameters":{"_controller":"\\Eccube\\Controller\\Block\\CartController::index","_route":"block_cart"},"request_uri":"https://newjoy.co.jp/block/cart"} []
[2018-04-21 06:22:36] eccube.INFO: Matched route "block_login". {"route_parameters":{"_controller":"\\Eccube\\Controller\\Block\\LoginController::index","_route":"block_login"},"request_uri":"https://newjoy.co.jp/block/login"} []
[2018-04-21 06:22:36] eccube.INFO: Matched route "block_search_product". {"route_parameters":{"_controller":"\\Eccube\\Controller\\Block\\SearchProductController::index","_route":"block_search_product"},"request_uri":"https://newjoy.co.jp/block/search_product"} []
[2018-04-21 06:22:37] eccube.INFO: Matched route "block_category". {"route_parameters":{"_controller":"\\Eccube\\Controller\\Block\\CategoryController::index","_route":"block_category"},"request_uri":"https://newjoy.co.jp/block/category"} []
[2018-04-21 06:22:37] eccube.INFO: Matched route "block_checkeditem". {"route_parameters":{"_controller":"\\Plugin\\CheckedItem\\Controller\\CheckedItemController::index","_route":"block_checkeditem"},"request_uri":"https://newjoy.co.jp/block/checkeditem"} []
[2018-04-21 06:22:37] eccube.INFO: Matched route "block_main_menu". {"route_parameters":{"_controller":"\\Eccube\\Controller\\Block\\MainMenuController::index","_route":"block_main_menu"},"request_uri":"https://newjoy.co.jp/block/main_menu"} []
[2018-04-21 06:22:37] eccube.INFO: < 200 [] []
[2018-04-21 06:25:56] eccube.INFO: Matched route "n/a". {"route_parameters":{"_controller":"[object] (Closure: {})","_route":null,"url":"https://newjoy.co.jp/products/list?category_id=6"},"request_uri":"http://newjoy.co.jp/products/list?category_id=6"} []
[2018-04-21 06:25:56] eccube.INFO: Populated the TokenStorage with an anonymous Token. [] []
[2018-04-21 06:25:56] eccube.INFO: > GET /products/list?category_id=6 [] []
[2018-04-21 06:25:56] eccube.INFO: < 301 https://newjoy.co.jp/products/list?category_id=6 [] []
[2018-04-21 06:25:57] eccube.INFO: Matched route "product_list". {"route_parameters":{"_controller":"\\Eccube\\Controller\\ProductController::index","_route":"product_list"},"request_uri":"https://newjoy.co.jp/products/list?category_id=6"} []
[2018-04-21 06:25:57] eccube.INFO: Populated the TokenStorage with an anonymous Token. [] []
[2018-04-21 06:25:57] eccube.INFO: > GET /products/list?category_id=6 [] []
[2018-04-21 06:25:57] eccube.INFO: CategoryContent Product/list.twig start [] []
[2018-04-21 06:25:57] eccube.INFO: Matched route "block_cart". {"route_parameters":{"_controller":"\\Eccube\\Controller\\Block\\CartController::index","_route":"block_cart"},"request_uri":"https://newjoy.co.jp/block/cart"} []
[2018-04-21 06:25:57] eccube.INFO: Matched route "block_login". {"route_parameters":{"_controller":"\\Eccube\\Controller\\Block\\LoginController::index","_route":"block_login"},"request_uri":"https://newjoy.co.jp/block/login"} []
[2018-04-21 06:25:57] eccube.INFO: Matched route "block_search_product". {"route_parameters":{"_controller":"\\Eccube\\Controller\\Block\\SearchProductController::index","_route":"block_search_product"},"request_uri":"https://newjoy.co.jp/block/search_product"} []
[2018-04-21 06:25:58] eccube.INFO: Matched route "block_category". {"route_parameters":{"_controller":"\\Eccube\\Controller\\Block\\CategoryController::index","_route":"block_category"},"request_uri":"https://newjoy.co.jp/block/category"} []
[2018-04-21 06:25:58] eccube.INFO: Matched route "block_checkeditem". {"route_parameters":{"_controller":"\\Plugin\\CheckedItem\\Controller\\CheckedItemController::index","_route":"block_checkeditem"},"request_uri":"https://newjoy.co.jp/block/checkeditem"} []
[2018-04-21 06:25:58] eccube.INFO: Matched route "block_main_menu". {"route_parameters":{"_controller":"\\Eccube\\Controller\\Block\\MainMenuController::index","_route":"block_main_menu"},"request_uri":"https://newjoy.co.jp/block/main_menu"} []
[2018-04-21 06:25:58] eccube.INFO: < 200 [] []
[2018-04-21 08:35:00] eccube.INFO: Matched route "n/a". {"route_parameters":{"_controller":"[object] (Closure: {})","_route":null,"url":"https://newjoy.co.jp/products/list?category_id=28"},"request_uri":"http://newjoy.co.jp/products/list?category_id=28"} []
[2018-04-21 08:35:00] eccube.INFO: Populated the TokenStorage with an anonymous Token. [] []
[2018-04-21 08:35:00] eccube.INFO: > GET /products/list?category_id=28 [] []
[2018-04-21 08:35:00] eccube.INFO: < 301 https://newjoy.co.jp/products/list?category_id=28 [] []
[2018-04-21 08:35:01] eccube.INFO: Matched route "product_list". {"route_parameters":{"_controller":"\\Eccube\\Controller\\ProductController::index","_route":"product_list"},"request_uri":"https://newjoy.co.jp/products/list?category_id=28"} []
[2018-04-21 08:35:01] eccube.INFO: Populated the TokenStorage with an anonymous Token. [] []
[2018-04-21 08:35:01] eccube.INFO: > GET /products/list?category_id=28 [] []
[2018-04-21 08:35:02] eccube.INFO: CategoryContent Product/list.twig start [] []
[2018-04-21 08:35:02] eccube.INFO: CategoryContent Product/list.twig end [] []
[2018-04-21 08:35:02] eccube.INFO: Matched route "block_cart". {"route_parameters":{"_controller":"\\Eccube\\Controller\\Block\\CartController::index","_route":"block_cart"},"request_uri":"https://newjoy.co.jp/block/cart"} []
[2018-04-21 08:35:02] eccube.INFO: Matched route "block_login". {"route_parameters":{"_controller":"\\Eccube\\Controller\\Block\\LoginController::index","_route":"block_login"},"request_uri":"https://newjoy.co.jp/block/login"} []
[2018-04-21 08:35:02] eccube.INFO: Matched route "block_search_product". {"route_parameters":{"_controller":"\\Eccube\\Controller\\Block\\SearchProductController::index","_route":"block_search_product"},"request_uri":"https://newjoy.co.jp/block/search_product"} []
[2018-04-21 08:35:03] eccube.INFO: Matched route "block_category". {"route_parameters":{"_controller":"\\Eccube\\Controller\\Block\\CategoryController::index","_route":"block_category"},"request_uri":"https://newjoy.co.jp/block/category"} []
[2018-04-21 08:35:03] eccube.INFO: Matched route "block_checkeditem". {"route_parameters":{"_controller":"\\Plugin\\CheckedItem\\Controller\\CheckedItemController::index","_route":"block_checkeditem"},"request_uri":"https://newjoy.co.jp/block/checkeditem"} []
[2018-04-21 08:35:03] eccube.INFO: Matched route "block_main_menu". {"route_parameters":{"_controller":"\\Eccube\\Controller\\Block\\MainMenuController::index","_route":"block_main_menu"},"request_uri":"https://newjoy.co.jp/block/main_menu"} []
[2018-04-21 08:35:03] eccube.INFO: < 200 [] []
[2018-04-21 09:55:09] eccube.INFO: Matched route "n/a". {"route_parameters":{"_controller":"[object] (Closure: {})","_route":null,"url":"https://newjoy.co.jp/products/list?category_id=&name=%E3%83%96%E3%83%A9%E3%82%A4%E3%82%BA%E3%83%A1%E3%82%A4%E3%83%89"},"request_uri":"http://newjoy.co.jp/products/list?category_id=&name=%E3%83%96%E3%83%A9%E3%82%A4%E3%82%BA%E3%83%A1%E3%82%A4%E3%83%89"} []
[2018-04-21 09:55:09] eccube.INFO: Populated the TokenStorage with an anonymous Token. [] []
[2018-04-21 09:55:09] eccube.INFO: > GET /products/list?category_id=&name=%E3%83%96%E3%83%A9%E3%82%A4%E3%82%BA%E3%83%A1%E3%82%A4%E3%83%89 [] []
[2018-04-21 09:55:09] eccube.INFO: < 301 https://newjoy.co.jp/products/list?category_id=&name=%E3%83%96%E3%83%A9%E3%82%A4%E3%82%BA%E3%83%A1%E3%82%A4%E3%83%89 [] []
[2018-04-21 09:55:10] eccube.INFO: Matched route "product_list". {"route_parameters":{"_controller":"\\Eccube\\Controller\\ProductController::index","_route":"product_list"},"request_uri":"https://newjoy.co.jp/products/list?category_id=&name=%E3%83%96%E3%83%A9%E3%82%A4%E3%82%BA%E3%83%A1%E3%82%A4%E3%83%89"} []
[2018-04-21 09:55:10] eccube.INFO: Populated the TokenStorage with an anonymous Token. [] []
[2018-04-21 09:55:10] eccube.INFO: > GET /products/list?category_id=&name=%E3%83%96%E3%83%A9%E3%82%A4%E3%82%BA%E3%83%A1%E3%82%A4%E3%83%89 [] []
[2018-04-21 09:55:11] eccube.INFO: CategoryContent Product/list.twig start [] []
[2018-04-21 09:55:11] eccube.INFO: Matched route "block_cart". {"route_parameters":{"_controller":"\\Eccube\\Controller\\Block\\CartController::index","_route":"block_cart"},"request_uri":"https://newjoy.co.jp/block/cart"} []
[2018-04-21 09:55:11] eccube.INFO: Matched route "block_login". {"route_parameters":{"_controller":"\\Eccube\\Controller\\Block\\LoginController::index","_route":"block_login"},"request_uri":"https://newjoy.co.jp/block/login"} []
[2018-04-21 09:55:11] eccube.INFO: Matched route "block_search_product". {"route_parameters":{"_controller":"\\Eccube\\Controller\\Block\\SearchProductController::index","_route":"block_search_product"},"request_uri":"https://newjoy.co.jp/block/search_product"} []
[2018-04-21 09:55:11] eccube.INFO: Matched route "block_category". {"route_parameters":{"_controller":"\\Eccube\\Controller\\Block\\CategoryController::index","_route":"block_category"},"request_uri":"https://newjoy.co.jp/block/category"} []
[2018-04-21 09:55:11] eccube.INFO: Matched route "block_checkeditem". {"route_parameters":{"_controller":"\\Plugin\\CheckedItem\\Controller\\CheckedItemController::index","_route":"block_checkeditem"},"request_uri":"https://newjoy.co.jp/block/checkeditem"} []
[2018-04-21 09:55:11] eccube.INFO: Matched route "block_main_menu". {"route_parameters":{"_controller":"\\Eccube\\Controller\\Block\\MainMenuController::index","_route":"block_main_menu"},"request_uri":"https://newjoy.co.jp/block/main_menu"} []
[2018-04-21 09:55:12] eccube.INFO: < 200 [] []
[2018-04-21 10:56:37] eccube.INFO: Matched route "product_list". {"route_parameters":{"_controller":"\\Eccube\\Controller\\ProductController::index","_route":"product_list"},"request_uri":"https://newjoy.co.jp/products/list?category_id=45&disp_number=30&mode=&name=&orderby=0&pageno=1"} []
[2018-04-21 10:56:37] eccube.INFO: Populated the TokenStorage with an anonymous Token. [] []
[2018-04-21 10:56:37] eccube.INFO: > GET /products/list?mode=&category_id=45&name=&pageno=1&disp_number=30&orderby=0 [] []
[2018-04-21 10:56:38] eccube.INFO: CategoryContent Product/list.twig start [] []
[2018-04-21 10:56:38] eccube.INFO: Matched route "block_cart". {"route_parameters":{"_controller":"\\Eccube\\Controller\\Block\\CartController::index","_route":"block_cart"},"request_uri":"https://newjoy.co.jp/block/cart"} []
[2018-04-21 10:56:38] eccube.INFO: Matched route "block_login". {"route_parameters":{"_controller":"\\Eccube\\Controller\\Block\\LoginController::index","_route":"block_login"},"request_uri":"https://newjoy.co.jp/block/login"} []
[2018-04-21 10:56:38] eccube.INFO: Matched route "block_search_product". {"route_parameters":{"_controller":"\\Eccube\\Controller\\Block\\SearchProductController::index","_route":"block_search_product"},"request_uri":"https://newjoy.co.jp/block/search_product"} []
[2018-04-21 10:56:38] eccube.INFO: Matched route "block_category". {"route_parameters":{"_controller":"\\Eccube\\Controller\\Block\\CategoryController::index","_route":"block_category"},"request_uri":"https://newjoy.co.jp/block/category"} []
[2018-04-21 10:56:39] eccube.INFO: Matched route "block_checkeditem". {"route_parameters":{"_controller":"\\Plugin\\CheckedItem\\Controller\\CheckedItemController::index","_route":"block_checkeditem"},"request_uri":"https://newjoy.co.jp/block/checkeditem"} []
[2018-04-21 10:56:39] eccube.INFO: Matched route "block_main_menu". {"route_parameters":{"_controller":"\\Eccube\\Controller\\Block\\MainMenuController::index","_route":"block_main_menu"},"request_uri":"https://newjoy.co.jp/block/main_menu"} []
[2018-04-21 10:56:39] eccube.INFO: < 200 [] []
[2018-04-21 11:59:38] eccube.INFO: Matched route "n/a". {"route_parameters":{"_controller":"[object] (Closure: {})","_route":null,"url":"https://newjoy.co.jp/products/list?category_id=29"},"request_uri":"http://newjoy.co.jp/products/list?category_id=29"} []
[2018-04-21 11:59:38] eccube.INFO: Populated the TokenStorage with an anonymous Token. [] []
[2018-04-21 11:59:38] eccube.INFO: > GET /products/list?category_id=29 [] []
[2018-04-21 11:59:38] eccube.INFO: < 301 https://newjoy.co.jp/products/list?category_id=29 [] []
[2018-04-21 11:59:39] eccube.INFO: Matched route "product_list". {"route_parameters":{"_controller":"\\Eccube\\Controller\\ProductController::index","_route":"product_list"},"request_uri":"https://newjoy.co.jp/products/list?category_id=29"} []
[2018-04-21 11:59:39] eccube.INFO: Populated the TokenStorage with an anonymous Token. [] []
[2018-04-21 11:59:39] eccube.INFO: > GET /products/list?category_id=29 [] []
[2018-04-21 11:59:40] eccube.INFO: CategoryContent Product/list.twig start [] []
[2018-04-21 11:59:40] eccube.INFO: Matched route "block_cart". {"route_parameters":{"_controller":"\\Eccube\\Controller\\Block\\CartController::index","_route":"block_cart"},"request_uri":"https://newjoy.co.jp/block/cart"} []
[2018-04-21 11:59:40] eccube.INFO: Matched route "block_login". {"route_parameters":{"_controller":"\\Eccube\\Controller\\Block\\LoginController::index","_route":"block_login"},"request_uri":"https://newjoy.co.jp/block/login"} []
[2018-04-21 11:59:40] eccube.INFO: Matched route "block_search_product". {"route_parameters":{"_controller":"\\Eccube\\Controller\\Block\\SearchProductController::index","_route":"block_search_product"},"request_uri":"https://newjoy.co.jp/block/search_product"} []
[2018-04-21 11:59:40] eccube.INFO: Matched route "block_category". {"route_parameters":{"_controller":"\\Eccube\\Controller\\Block\\CategoryController::index","_route":"block_category"},"request_uri":"https://newjoy.co.jp/block/category"} []
[2018-04-21 11:59:40] eccube.INFO: Matched route "block_checkeditem". {"route_parameters":{"_controller":"\\Plugin\\CheckedItem\\Controller\\CheckedItemController::index","_route":"block_checkeditem"},"request_uri":"https://newjoy.co.jp/block/checkeditem"} []
[2018-04-21 11:59:40] eccube.INFO: Matched route "block_main_menu". {"route_parameters":{"_controller":"\\Eccube\\Controller\\Block\\MainMenuController::index","_route":"block_main_menu"},"request_uri":"https://newjoy.co.jp/block/main_menu"} []
[2018-04-21 11:59:40] eccube.INFO: < 200 [] []
[2018-04-21 12:31:27] eccube.INFO: Matched route "n/a". {"route_parameters":{"_controller":"[object] (Closure: {})","_route":null,"url":"https://newjoy.co.jp/products/list?category_id=26"},"request_uri":"http://newjoy.co.jp/products/list?category_id=26"} []
[2018-04-21 12:31:27] eccube.INFO: Populated the TokenStorage with an anonymous Token. [] []
[2018-04-21 12:31:27] eccube.INFO: > GET /products/list?category_id=26 [] []
[2018-04-21 12:31:27] eccube.INFO: < 301 https://newjoy.co.jp/products/list?category_id=26 [] []
[2018-04-21 12:31:27] eccube.INFO: Matched route "product_list". {"route_parameters":{"_controller":"\\Eccube\\Controller\\ProductController::index","_route":"product_list"},"request_uri":"https://newjoy.co.jp/products/list?category_id=26"} []
[2018-04-21 12:31:27] eccube.INFO: Populated the TokenStorage with an anonymous Token. [] []
[2018-04-21 12:31:27] eccube.INFO: > GET /products/list?category_id=26 [] []
[2018-04-21 12:31:28] eccube.INFO: CategoryContent Product/list.twig start [] []
[2018-04-21 12:31:28] eccube.INFO: CategoryContent Product/list.twig end [] []
[2018-04-21 12:31:28] eccube.INFO: Matched route "block_cart". {"route_parameters":{"_controller":"\\Eccube\\Controller\\Block\\CartController::index","_route":"block_cart"},"request_uri":"https://newjoy.co.jp/block/cart"} []
[2018-04-21 12:31:28] eccube.INFO: Matched route "block_login". {"route_parameters":{"_controller":"\\Eccube\\Controller\\Block\\LoginController::index","_route":"block_login"},"request_uri":"https://newjoy.co.jp/block/login"} []
[2018-04-21 12:31:28] eccube.INFO: Matched route "block_search_product". {"route_parameters":{"_controller":"\\Eccube\\Controller\\Block\\SearchProductController::index","_route":"block_search_product"},"request_uri":"https://newjoy.co.jp/block/search_product"} []
[2018-04-21 12:31:29] eccube.INFO: Matched route "block_category". {"route_parameters":{"_controller":"\\Eccube\\Controller\\Block\\CategoryController::index","_route":"block_category"},"request_uri":"https://newjoy.co.jp/block/category"} []
[2018-04-21 12:31:29] eccube.INFO: Matched route "block_checkeditem". {"route_parameters":{"_controller":"\\Plugin\\CheckedItem\\Controller\\CheckedItemController::index","_route":"block_checkeditem"},"request_uri":"https://newjoy.co.jp/block/checkeditem"} []
[2018-04-21 12:31:29] eccube.INFO: Matched route "block_main_menu". {"route_parameters":{"_controller":"\\Eccube\\Controller\\Block\\MainMenuController::index","_route":"block_main_menu"},"request_uri":"https://newjoy.co.jp/block/main_menu"} []
[2018-04-21 12:31:29] eccube.INFO: < 200 [] []
