[2018-04-09 00:50:05] eccube.INFO: Matched route "product_list". {"route_parameters":{"_controller":"\\Eccube\\Controller\\ProductController::index","_route":"product_list"},"request_uri":"http://newjoy.co.jp/products/list?category_id=60&disp_number=30&mode=&name=&orderby=0&pageno=1"} []
[2018-04-09 00:50:05] eccube.INFO: Populated the TokenStorage with an anonymous Token. [] []
[2018-04-09 00:50:05] eccube.INFO: > GET /products/list?mode=&category_id=60&name=&pageno=1&disp_number=30&orderby=0 [] []
[2018-04-09 00:50:06] eccube.INFO: CategoryContent Product/list.twig start [] []
[2018-04-09 00:50:06] eccube.INFO: Matched route "block_cart". {"route_parameters":{"_controller":"\\Eccube\\Controller\\Block\\CartController::index","_route":"block_cart"},"request_uri":"http://newjoy.co.jp/block/cart"} []
[2018-04-09 00:50:06] eccube.INFO: Matched route "block_login". {"route_parameters":{"_controller":"\\Eccube\\Controller\\Block\\LoginController::index","_route":"block_login"},"request_uri":"http://newjoy.co.jp/block/login"} []
[2018-04-09 00:50:06] eccube.INFO: Matched route "block_search_product". {"route_parameters":{"_controller":"\\Eccube\\Controller\\Block\\SearchProductController::index","_route":"block_search_product"},"request_uri":"http://newjoy.co.jp/block/search_product"} []
[2018-04-09 00:50:06] eccube.INFO: Matched route "block_category". {"route_parameters":{"_controller":"\\Eccube\\Controller\\Block\\CategoryController::index","_route":"block_category"},"request_uri":"http://newjoy.co.jp/block/category"} []
[2018-04-09 00:50:06] eccube.INFO: Matched route "block_checkeditem". {"route_parameters":{"_controller":"\\Plugin\\CheckedItem\\Controller\\CheckedItemController::index","_route":"block_checkeditem"},"request_uri":"http://newjoy.co.jp/block/checkeditem"} []
[2018-04-09 00:50:06] eccube.INFO: Matched route "block_main_menu". {"route_parameters":{"_controller":"\\Eccube\\Controller\\Block\\MainMenuController::index","_route":"block_main_menu"},"request_uri":"http://newjoy.co.jp/block/main_menu"} []
[2018-04-09 00:50:06] eccube.INFO: < 200 [] []
[2018-04-09 04:04:07] eccube.INFO: Matched route "product_list". {"route_parameters":{"_controller":"\\Eccube\\Controller\\ProductController::index","_route":"product_list"},"request_uri":"http://newjoy.co.jp/products/list?category_id=48"} []
[2018-04-09 04:04:07] eccube.INFO: Populated the TokenStorage with an anonymous Token. [] []
[2018-04-09 04:04:07] eccube.INFO: > GET /products/list?category_id=48 [] []
[2018-04-09 04:04:08] eccube.INFO: CategoryContent Product/list.twig start [] []
[2018-04-09 04:04:08] eccube.INFO: Matched route "block_cart". {"route_parameters":{"_controller":"\\Eccube\\Controller\\Block\\CartController::index","_route":"block_cart"},"request_uri":"http://newjoy.co.jp/block/cart"} []
[2018-04-09 04:04:08] eccube.INFO: Matched route "block_login". {"route_parameters":{"_controller":"\\Eccube\\Controller\\Block\\LoginController::index","_route":"block_login"},"request_uri":"http://newjoy.co.jp/block/login"} []
[2018-04-09 04:04:08] eccube.INFO: Matched route "block_search_product". {"route_parameters":{"_controller":"\\Eccube\\Controller\\Block\\SearchProductController::index","_route":"block_search_product"},"request_uri":"http://newjoy.co.jp/block/search_product"} []
[2018-04-09 04:04:08] eccube.INFO: Matched route "block_category". {"route_parameters":{"_controller":"\\Eccube\\Controller\\Block\\CategoryController::index","_route":"block_category"},"request_uri":"http://newjoy.co.jp/block/category"} []
[2018-04-09 04:04:09] eccube.INFO: Matched route "block_checkeditem". {"route_parameters":{"_controller":"\\Plugin\\CheckedItem\\Controller\\CheckedItemController::index","_route":"block_checkeditem"},"request_uri":"http://newjoy.co.jp/block/checkeditem"} []
[2018-04-09 04:04:09] eccube.INFO: Matched route "block_main_menu". {"route_parameters":{"_controller":"\\Eccube\\Controller\\Block\\MainMenuController::index","_route":"block_main_menu"},"request_uri":"http://newjoy.co.jp/block/main_menu"} []
[2018-04-09 04:04:09] eccube.INFO: < 200 [] []
[2018-04-09 05:26:17] eccube.INFO: Matched route "product_list". {"route_parameters":{"_controller":"\\Eccube\\Controller\\ProductController::index","_route":"product_list"},"request_uri":"http://newjoy.co.jp/products/list?category_id=59&disp_number=30&mode=&name=&orderby=0&pageno=1"} []
[2018-04-09 05:26:17] eccube.INFO: Populated the TokenStorage with an anonymous Token. [] []
[2018-04-09 05:26:17] eccube.INFO: > GET /products/list?mode=&category_id=59&name=&pageno=1&disp_number=30&orderby=0 [] []
[2018-04-09 05:26:17] eccube.INFO: CategoryContent Product/list.twig start [] []
[2018-04-09 05:26:17] eccube.INFO: Matched route "block_cart". {"route_parameters":{"_controller":"\\Eccube\\Controller\\Block\\CartController::index","_route":"block_cart"},"request_uri":"http://newjoy.co.jp/block/cart"} []
[2018-04-09 05:26:17] eccube.INFO: Matched route "block_login". {"route_parameters":{"_controller":"\\Eccube\\Controller\\Block\\LoginController::index","_route":"block_login"},"request_uri":"http://newjoy.co.jp/block/login"} []
[2018-04-09 05:26:17] eccube.INFO: Matched route "block_search_product". {"route_parameters":{"_controller":"\\Eccube\\Controller\\Block\\SearchProductController::index","_route":"block_search_product"},"request_uri":"http://newjoy.co.jp/block/search_product"} []
[2018-04-09 05:26:18] eccube.INFO: Matched route "block_category". {"route_parameters":{"_controller":"\\Eccube\\Controller\\Block\\CategoryController::index","_route":"block_category"},"request_uri":"http://newjoy.co.jp/block/category"} []
[2018-04-09 05:26:18] eccube.INFO: Matched route "block_checkeditem". {"route_parameters":{"_controller":"\\Plugin\\CheckedItem\\Controller\\CheckedItemController::index","_route":"block_checkeditem"},"request_uri":"http://newjoy.co.jp/block/checkeditem"} []
[2018-04-09 05:26:18] eccube.INFO: Matched route "block_main_menu". {"route_parameters":{"_controller":"\\Eccube\\Controller\\Block\\MainMenuController::index","_route":"block_main_menu"},"request_uri":"http://newjoy.co.jp/block/main_menu"} []
[2018-04-09 05:26:18] eccube.INFO: < 200 [] []
[2018-04-09 06:33:31] eccube.INFO: Matched route "product_list". {"route_parameters":{"_controller":"\\Eccube\\Controller\\ProductController::index","_route":"product_list"},"request_uri":"http://newjoy.co.jp/products/list?category_id=59&disp_number=30&mode=&name=&orderby=0&pageno=1"} []
[2018-04-09 06:33:31] eccube.INFO: Populated the TokenStorage with an anonymous Token. [] []
[2018-04-09 06:33:31] eccube.INFO: > GET /products/list?mode=&category_id=59&name=&pageno=1&disp_number=30&orderby=0 [] []
[2018-04-09 06:33:31] eccube.INFO: CategoryContent Product/list.twig start [] []
[2018-04-09 06:33:31] eccube.INFO: Matched route "block_cart". {"route_parameters":{"_controller":"\\Eccube\\Controller\\Block\\CartController::index","_route":"block_cart"},"request_uri":"http://newjoy.co.jp/block/cart"} []
[2018-04-09 06:33:31] eccube.INFO: Matched route "block_login". {"route_parameters":{"_controller":"\\Eccube\\Controller\\Block\\LoginController::index","_route":"block_login"},"request_uri":"http://newjoy.co.jp/block/login"} []
[2018-04-09 06:33:31] eccube.INFO: Matched route "block_search_product". {"route_parameters":{"_controller":"\\Eccube\\Controller\\Block\\SearchProductController::index","_route":"block_search_product"},"request_uri":"http://newjoy.co.jp/block/search_product"} []
[2018-04-09 06:33:32] eccube.INFO: Matched route "block_category". {"route_parameters":{"_controller":"\\Eccube\\Controller\\Block\\CategoryController::index","_route":"block_category"},"request_uri":"http://newjoy.co.jp/block/category"} []
[2018-04-09 06:33:32] eccube.INFO: Matched route "block_checkeditem". {"route_parameters":{"_controller":"\\Plugin\\CheckedItem\\Controller\\CheckedItemController::index","_route":"block_checkeditem"},"request_uri":"http://newjoy.co.jp/block/checkeditem"} []
[2018-04-09 06:33:32] eccube.INFO: Matched route "block_main_menu". {"route_parameters":{"_controller":"\\Eccube\\Controller\\Block\\MainMenuController::index","_route":"block_main_menu"},"request_uri":"http://newjoy.co.jp/block/main_menu"} []
[2018-04-09 06:33:32] eccube.INFO: < 200 [] []
[2018-04-09 06:44:46] eccube.INFO: Matched route "product_list". {"route_parameters":{"_controller":"\\Eccube\\Controller\\ProductController::index","_route":"product_list"},"request_uri":"http://newjoy.co.jp/products/list?category_id=44&disp_number=30&mode=&name=&orderby=0&pageno=1"} []
[2018-04-09 06:44:46] eccube.INFO: Populated the TokenStorage with an anonymous Token. [] []
[2018-04-09 06:44:46] eccube.INFO: > GET /products/list?mode=&category_id=44&name=&pageno=1&disp_number=30&orderby=0 [] []
[2018-04-09 06:44:46] eccube.INFO: CategoryContent Product/list.twig start [] []
[2018-04-09 06:44:46] eccube.INFO: Matched route "block_cart". {"route_parameters":{"_controller":"\\Eccube\\Controller\\Block\\CartController::index","_route":"block_cart"},"request_uri":"http://newjoy.co.jp/block/cart"} []
[2018-04-09 06:44:46] eccube.INFO: Matched route "block_login". {"route_parameters":{"_controller":"\\Eccube\\Controller\\Block\\LoginController::index","_route":"block_login"},"request_uri":"http://newjoy.co.jp/block/login"} []
[2018-04-09 06:44:46] eccube.INFO: Matched route "block_search_product". {"route_parameters":{"_controller":"\\Eccube\\Controller\\Block\\SearchProductController::index","_route":"block_search_product"},"request_uri":"http://newjoy.co.jp/block/search_product"} []
[2018-04-09 06:44:47] eccube.INFO: Matched route "block_category". {"route_parameters":{"_controller":"\\Eccube\\Controller\\Block\\CategoryController::index","_route":"block_category"},"request_uri":"http://newjoy.co.jp/block/category"} []
[2018-04-09 06:44:47] eccube.INFO: Matched route "block_checkeditem". {"route_parameters":{"_controller":"\\Plugin\\CheckedItem\\Controller\\CheckedItemController::index","_route":"block_checkeditem"},"request_uri":"http://newjoy.co.jp/block/checkeditem"} []
[2018-04-09 06:44:47] eccube.INFO: Matched route "block_main_menu". {"route_parameters":{"_controller":"\\Eccube\\Controller\\Block\\MainMenuController::index","_route":"block_main_menu"},"request_uri":"http://newjoy.co.jp/block/main_menu"} []
[2018-04-09 06:44:47] eccube.INFO: < 200 [] []
[2018-04-09 07:25:36] eccube.INFO: Matched route "product_list". {"route_parameters":{"_controller":"\\Eccube\\Controller\\ProductController::index","_route":"product_list"},"request_uri":"http://newjoy.co.jp/products/list?category_id=20&disp_number=30&mode=&name=&orderby=0&pageno=1"} []
[2018-04-09 07:25:36] eccube.INFO: Populated the TokenStorage with an anonymous Token. [] []
[2018-04-09 07:25:36] eccube.INFO: > GET /products/list?mode=&category_id=20&name=&pageno=1&disp_number=30&orderby=0 [] []
[2018-04-09 07:25:37] eccube.INFO: CategoryContent Product/list.twig start [] []
[2018-04-09 07:25:37] eccube.INFO: Matched route "block_cart". {"route_parameters":{"_controller":"\\Eccube\\Controller\\Block\\CartController::index","_route":"block_cart"},"request_uri":"http://newjoy.co.jp/block/cart"} []
[2018-04-09 07:25:37] eccube.INFO: Matched route "block_login". {"route_parameters":{"_controller":"\\Eccube\\Controller\\Block\\LoginController::index","_route":"block_login"},"request_uri":"http://newjoy.co.jp/block/login"} []
[2018-04-09 07:25:37] eccube.INFO: Matched route "block_search_product". {"route_parameters":{"_controller":"\\Eccube\\Controller\\Block\\SearchProductController::index","_route":"block_search_product"},"request_uri":"http://newjoy.co.jp/block/search_product"} []
[2018-04-09 07:25:37] eccube.INFO: Matched route "block_category". {"route_parameters":{"_controller":"\\Eccube\\Controller\\Block\\CategoryController::index","_route":"block_category"},"request_uri":"http://newjoy.co.jp/block/category"} []
[2018-04-09 07:25:37] eccube.INFO: Matched route "block_checkeditem". {"route_parameters":{"_controller":"\\Plugin\\CheckedItem\\Controller\\CheckedItemController::index","_route":"block_checkeditem"},"request_uri":"http://newjoy.co.jp/block/checkeditem"} []
[2018-04-09 07:25:37] eccube.INFO: Matched route "block_main_menu". {"route_parameters":{"_controller":"\\Eccube\\Controller\\Block\\MainMenuController::index","_route":"block_main_menu"},"request_uri":"http://newjoy.co.jp/block/main_menu"} []
[2018-04-09 07:25:37] eccube.INFO: < 200 [] []
[2018-04-09 08:23:43] eccube.INFO: Matched route "product_list". {"route_parameters":{"_controller":"\\Eccube\\Controller\\ProductController::index","_route":"product_list"},"request_uri":"http://newjoy.co.jp/products/list?category_id=35&disp_number=30&mode=&name=&orderby=0&pageno=1"} []
[2018-04-09 08:23:43] eccube.INFO: Populated the TokenStorage with an anonymous Token. [] []
[2018-04-09 08:23:43] eccube.INFO: > GET /products/list?mode=&category_id=35&name=&pageno=1&disp_number=30&orderby=0 [] []
[2018-04-09 08:23:44] eccube.INFO: CategoryContent Product/list.twig start [] []
[2018-04-09 08:23:44] eccube.INFO: Matched route "block_cart". {"route_parameters":{"_controller":"\\Eccube\\Controller\\Block\\CartController::index","_route":"block_cart"},"request_uri":"http://newjoy.co.jp/block/cart"} []
[2018-04-09 08:23:44] eccube.INFO: Matched route "block_login". {"route_parameters":{"_controller":"\\Eccube\\Controller\\Block\\LoginController::index","_route":"block_login"},"request_uri":"http://newjoy.co.jp/block/login"} []
[2018-04-09 08:23:44] eccube.INFO: Matched route "block_search_product". {"route_parameters":{"_controller":"\\Eccube\\Controller\\Block\\SearchProductController::index","_route":"block_search_product"},"request_uri":"http://newjoy.co.jp/block/search_product"} []
[2018-04-09 08:23:44] eccube.INFO: Matched route "block_category". {"route_parameters":{"_controller":"\\Eccube\\Controller\\Block\\CategoryController::index","_route":"block_category"},"request_uri":"http://newjoy.co.jp/block/category"} []
[2018-04-09 08:23:45] eccube.INFO: Matched route "block_checkeditem". {"route_parameters":{"_controller":"\\Plugin\\CheckedItem\\Controller\\CheckedItemController::index","_route":"block_checkeditem"},"request_uri":"http://newjoy.co.jp/block/checkeditem"} []
[2018-04-09 08:23:45] eccube.INFO: Matched route "block_main_menu". {"route_parameters":{"_controller":"\\Eccube\\Controller\\Block\\MainMenuController::index","_route":"block_main_menu"},"request_uri":"http://newjoy.co.jp/block/main_menu"} []
[2018-04-09 08:23:45] eccube.INFO: < 200 [] []
[2018-04-09 09:01:27] eccube.INFO: Matched route "entry". {"route_parameters":{"_controller":"\\Eccube\\Controller\\EntryController::index","_route":"entry"},"request_uri":"http://newjoy.co.jp/entry"} []
[2018-04-09 09:01:27] eccube.INFO: Populated the TokenStorage with an anonymous Token. [] []
[2018-04-09 09:01:27] eccube.INFO: > GET /entry [] []
[2018-04-09 09:01:28] eccube.INFO: Matched route "block_cart". {"route_parameters":{"_controller":"\\Eccube\\Controller\\Block\\CartController::index","_route":"block_cart"},"request_uri":"http://newjoy.co.jp/block/cart"} []
[2018-04-09 09:01:28] eccube.INFO: Matched route "block_login". {"route_parameters":{"_controller":"\\Eccube\\Controller\\Block\\LoginController::index","_route":"block_login"},"request_uri":"http://newjoy.co.jp/block/login"} []
[2018-04-09 09:01:28] eccube.INFO: Matched route "block_search_product". {"route_parameters":{"_controller":"\\Eccube\\Controller\\Block\\SearchProductController::index","_route":"block_search_product"},"request_uri":"http://newjoy.co.jp/block/search_product"} []
[2018-04-09 09:01:28] eccube.INFO: Matched route "block_category". {"route_parameters":{"_controller":"\\Eccube\\Controller\\Block\\CategoryController::index","_route":"block_category"},"request_uri":"http://newjoy.co.jp/block/category"} []
[2018-04-09 09:01:28] eccube.INFO: Matched route "block_checkeditem". {"route_parameters":{"_controller":"\\Plugin\\CheckedItem\\Controller\\CheckedItemController::index","_route":"block_checkeditem"},"request_uri":"http://newjoy.co.jp/block/checkeditem"} []
[2018-04-09 09:01:28] eccube.INFO: Matched route "block_main_menu". {"route_parameters":{"_controller":"\\Eccube\\Controller\\Block\\MainMenuController::index","_route":"block_main_menu"},"request_uri":"http://newjoy.co.jp/block/main_menu"} []
[2018-04-09 09:01:28] eccube.INFO: < 200 [] []
[2018-04-09 09:50:37] eccube.INFO: Matched route "homepage". {"route_parameters":{"_controller":"\\Eccube\\Controller\\TopController::index","_route":"homepage"},"request_uri":"http://newjoy.co.jp/"} []
[2018-04-09 09:50:37] eccube.INFO: Matched route "admin_homepage". {"route_parameters":{"_controller":"\\Eccube\\Controller\\Admin\\AdminController::index","_route":"admin_homepage"},"request_uri":"http://newjoy.co.jp/admin/"} []
[2018-04-09 09:50:37] eccube.INFO: Populated the TokenStorage with an anonymous Token. [] []
[2018-04-09 09:50:37] eccube.INFO: Populated the TokenStorage with an anonymous Token. [] []
[2018-04-09 09:50:37] eccube.INFO: > GET / [] []
[2018-04-09 09:50:37] eccube.INFO: Matched route "admin_login". {"route_parameters":{"_controller":"\\Eccube\\Controller\\Admin\\AdminController::login","_route":"admin_login"},"request_uri":"http://newjoy.co.jp/admin/login"} []
[2018-04-09 09:50:37] eccube.INFO: Matched route "block_cart". {"route_parameters":{"_controller":"\\Eccube\\Controller\\Block\\CartController::index","_route":"block_cart"},"request_uri":"http://newjoy.co.jp/block/cart"} []
[2018-04-09 09:50:37] eccube.INFO: Matched route "block_login". {"route_parameters":{"_controller":"\\Eccube\\Controller\\Block\\LoginController::index","_route":"block_login"},"request_uri":"http://newjoy.co.jp/block/login"} []
[2018-04-09 09:50:37] eccube.INFO: Matched route "homepage". {"route_parameters":{"_controller":"\\Eccube\\Controller\\TopController::index","_route":"homepage"},"request_uri":"http://newjoy.co.jp/"} []
[2018-04-09 09:50:37] eccube.INFO: Populated the TokenStorage with an anonymous Token. [] []
[2018-04-09 09:50:37] eccube.INFO: > GET / [] []
[2018-04-09 09:50:37] eccube.INFO: Matched route "block_cart". {"route_parameters":{"_controller":"\\Eccube\\Controller\\Block\\CartController::index","_route":"block_cart"},"request_uri":"http://newjoy.co.jp/block/cart"} []
[2018-04-09 09:50:37] eccube.INFO: Matched route "block_login". {"route_parameters":{"_controller":"\\Eccube\\Controller\\Block\\LoginController::index","_route":"block_login"},"request_uri":"http://newjoy.co.jp/block/login"} []
[2018-04-09 09:50:37] eccube.INFO: Matched route "block_search_product". {"route_parameters":{"_controller":"\\Eccube\\Controller\\Block\\SearchProductController::index","_route":"block_search_product"},"request_uri":"http://newjoy.co.jp/block/search_product"} []
[2018-04-09 09:50:38] eccube.INFO: Matched route "block_search_product". {"route_parameters":{"_controller":"\\Eccube\\Controller\\Block\\SearchProductController::index","_route":"block_search_product"},"request_uri":"http://newjoy.co.jp/block/search_product"} []
[2018-04-09 09:50:38] eccube.INFO: Matched route "block_category". {"route_parameters":{"_controller":"\\Eccube\\Controller\\Block\\CategoryController::index","_route":"block_category"},"request_uri":"http://newjoy.co.jp/block/category"} []
[2018-04-09 09:50:38] eccube.INFO: Matched route "admin_homepage". {"route_parameters":{"_controller":"\\Eccube\\Controller\\Admin\\AdminController::index","_route":"admin_homepage"},"request_uri":"http://newjoy.co.jp/admin/"} []
[2018-04-09 09:50:38] eccube.INFO: Matched route "block_category". {"route_parameters":{"_controller":"\\Eccube\\Controller\\Block\\CategoryController::index","_route":"block_category"},"request_uri":"http://newjoy.co.jp/block/category"} []
[2018-04-09 09:50:38] eccube.INFO: Populated the TokenStorage with an anonymous Token. [] []
[2018-04-09 09:50:38] eccube.INFO: Matched route "admin_login". {"route_parameters":{"_controller":"\\Eccube\\Controller\\Admin\\AdminController::login","_route":"admin_login"},"request_uri":"http://newjoy.co.jp/admin/login"} []
[2018-04-09 09:50:38] eccube.INFO: < 401 [] []
[2018-04-09 09:50:38] eccube.INFO: Matched route "block_recommend_product_block". {"route_parameters":{"_controller":"\\Plugin\\Recommend\\Controller\\Block\\RecommendController::index","_route":"block_recommend_product_block"},"request_uri":"http://newjoy.co.jp/block/recommend_product_block"} []
[2018-04-09 09:50:38] eccube.INFO: Matched route "block_recommend_product_block". {"route_parameters":{"_controller":"\\Plugin\\Recommend\\Controller\\Block\\RecommendController::index","_route":"block_recommend_product_block"},"request_uri":"http://newjoy.co.jp/block/recommend_product_block"} []
[2018-04-09 09:50:38] eccube.INFO: < 401 [] []
[2018-04-09 09:50:39] eccube.INFO: Matched route "block_plg_shiro8_new_product_block". {"route_parameters":{"_controller":"\\Plugin\\Shiro8NewProductBlock3\\Controller\\Block\\Shiro8NewProductController::index","_route":"block_plg_shiro8_new_product_block"},"request_uri":"http://newjoy.co.jp/block/plg_shiro8_new_product_block"} []
[2018-04-09 09:50:39] eccube.INFO: Matched route "block_plg_shiro8_new_product_block". {"route_parameters":{"_controller":"\\Plugin\\Shiro8NewProductBlock3\\Controller\\Block\\Shiro8NewProductController::index","_route":"block_plg_shiro8_new_product_block"},"request_uri":"http://newjoy.co.jp/block/plg_shiro8_new_product_block"} []
[2018-04-09 09:50:39] eccube.INFO: Matched route "block_checkeditem". {"route_parameters":{"_controller":"\\Plugin\\CheckedItem\\Controller\\CheckedItemController::index","_route":"block_checkeditem"},"request_uri":"http://newjoy.co.jp/block/checkeditem"} []
[2018-04-09 09:50:39] eccube.INFO: Matched route "block_checkeditem". {"route_parameters":{"_controller":"\\Plugin\\CheckedItem\\Controller\\CheckedItemController::index","_route":"block_checkeditem"},"request_uri":"http://newjoy.co.jp/block/checkeditem"} []
[2018-04-09 09:50:39] eccube.INFO: Matched route "block_main_menu". {"route_parameters":{"_controller":"\\Eccube\\Controller\\Block\\MainMenuController::index","_route":"block_main_menu"},"request_uri":"http://newjoy.co.jp/block/main_menu"} []
[2018-04-09 09:50:39] eccube.INFO: Matched route "block_main_menu". {"route_parameters":{"_controller":"\\Eccube\\Controller\\Block\\MainMenuController::index","_route":"block_main_menu"},"request_uri":"http://newjoy.co.jp/block/main_menu"} []
[2018-04-09 09:50:39] eccube.INFO: Matched route "block_news". {"route_parameters":{"_controller":"\\Eccube\\Controller\\Block\\NewsController::index","_route":"block_news"},"request_uri":"http://newjoy.co.jp/block/news"} []
[2018-04-09 09:50:39] eccube.INFO: Matched route "block_news". {"route_parameters":{"_controller":"\\Eccube\\Controller\\Block\\NewsController::index","_route":"block_news"},"request_uri":"http://newjoy.co.jp/block/news"} []
[2018-04-09 09:50:39] eccube.INFO: < 200 [] []
[2018-04-09 09:50:39] eccube.INFO: < 200 [] []
[2018-04-09 10:12:24] eccube.INFO: Matched route "user_data". {"route_parameters":{"_controller":"\\Eccube\\Controller\\UserDataController::index","route":"ranking","_route":"user_data"},"request_uri":"http://newjoy.co.jp/user_data/ranking"} []
[2018-04-09 10:12:24] eccube.INFO: Populated the TokenStorage with an anonymous Token. [] []
[2018-04-09 10:12:24] eccube.INFO: > GET /user_data/ranking [] []
[2018-04-09 10:12:25] eccube.INFO: Matched route "block_cart". {"route_parameters":{"_controller":"\\Eccube\\Controller\\Block\\CartController::index","_route":"block_cart"},"request_uri":"http://newjoy.co.jp/block/cart"} []
[2018-04-09 10:12:25] eccube.INFO: Matched route "block_login". {"route_parameters":{"_controller":"\\Eccube\\Controller\\Block\\LoginController::index","_route":"block_login"},"request_uri":"http://newjoy.co.jp/block/login"} []
[2018-04-09 10:12:25] eccube.INFO: Matched route "block_search_product". {"route_parameters":{"_controller":"\\Eccube\\Controller\\Block\\SearchProductController::index","_route":"block_search_product"},"request_uri":"http://newjoy.co.jp/block/search_product"} []
[2018-04-09 10:12:25] eccube.INFO: Matched route "block_category". {"route_parameters":{"_controller":"\\Eccube\\Controller\\Block\\CategoryController::index","_route":"block_category"},"request_uri":"http://newjoy.co.jp/block/category"} []
[2018-04-09 10:12:25] eccube.INFO: Matched route "block_sales_ranking". {"route_parameters":{"_controller":"\\Plugin\\SalesRanking\\Controller\\SalesRankingController::index","_route":"block_sales_ranking"},"request_uri":"http://newjoy.co.jp/block/sales_ranking"} []
[2018-04-09 10:12:25] eccube.INFO: Matched route "block_checkeditem". {"route_parameters":{"_controller":"\\Plugin\\CheckedItem\\Controller\\CheckedItemController::index","_route":"block_checkeditem"},"request_uri":"http://newjoy.co.jp/block/checkeditem"} []
[2018-04-09 10:12:25] eccube.INFO: Matched route "block_main_menu". {"route_parameters":{"_controller":"\\Eccube\\Controller\\Block\\MainMenuController::index","_route":"block_main_menu"},"request_uri":"http://newjoy.co.jp/block/main_menu"} []
[2018-04-09 10:12:26] eccube.INFO: < 200 [] []
[2018-04-09 10:13:07] eccube.INFO: Matched route "product_list". {"route_parameters":{"_controller":"\\Eccube\\Controller\\ProductController::index","_route":"product_list"},"request_uri":"http://newjoy.co.jp/products/list?category_id=15"} []
[2018-04-09 10:13:07] eccube.INFO: Populated the TokenStorage with an anonymous Token. [] []
[2018-04-09 10:13:07] eccube.INFO: > GET /products/list?category_id=15 [] []
[2018-04-09 10:13:08] eccube.INFO: CategoryContent Product/list.twig start [] []
[2018-04-09 10:13:08] eccube.INFO: CategoryContent Product/list.twig end [] []
[2018-04-09 10:13:08] eccube.INFO: Matched route "block_cart". {"route_parameters":{"_controller":"\\Eccube\\Controller\\Block\\CartController::index","_route":"block_cart"},"request_uri":"http://newjoy.co.jp/block/cart"} []
[2018-04-09 10:13:08] eccube.INFO: Matched route "block_login". {"route_parameters":{"_controller":"\\Eccube\\Controller\\Block\\LoginController::index","_route":"block_login"},"request_uri":"http://newjoy.co.jp/block/login"} []
[2018-04-09 10:13:08] eccube.INFO: Matched route "block_search_product". {"route_parameters":{"_controller":"\\Eccube\\Controller\\Block\\SearchProductController::index","_route":"block_search_product"},"request_uri":"http://newjoy.co.jp/block/search_product"} []
[2018-04-09 10:13:09] eccube.INFO: Matched route "block_category". {"route_parameters":{"_controller":"\\Eccube\\Controller\\Block\\CategoryController::index","_route":"block_category"},"request_uri":"http://newjoy.co.jp/block/category"} []
[2018-04-09 10:13:09] eccube.INFO: Matched route "block_checkeditem". {"route_parameters":{"_controller":"\\Plugin\\CheckedItem\\Controller\\CheckedItemController::index","_route":"block_checkeditem"},"request_uri":"http://newjoy.co.jp/block/checkeditem"} []
[2018-04-09 10:13:09] eccube.INFO: Matched route "block_main_menu". {"route_parameters":{"_controller":"\\Eccube\\Controller\\Block\\MainMenuController::index","_route":"block_main_menu"},"request_uri":"http://newjoy.co.jp/block/main_menu"} []
[2018-04-09 10:13:09] eccube.INFO: < 200 [] []
[2018-04-09 10:13:46] eccube.INFO: Matched route "homepage". {"route_parameters":{"_controller":"\\Eccube\\Controller\\TopController::index","_route":"homepage"},"request_uri":"http://newjoy.co.jp/"} []
[2018-04-09 10:13:46] eccube.INFO: Populated the TokenStorage with an anonymous Token. [] []
[2018-04-09 10:13:46] eccube.INFO: > GET / [] []
[2018-04-09 10:13:46] eccube.INFO: Matched route "block_cart". {"route_parameters":{"_controller":"\\Eccube\\Controller\\Block\\CartController::index","_route":"block_cart"},"request_uri":"http://newjoy.co.jp/block/cart"} []
[2018-04-09 10:13:46] eccube.INFO: Matched route "block_login". {"route_parameters":{"_controller":"\\Eccube\\Controller\\Block\\LoginController::index","_route":"block_login"},"request_uri":"http://newjoy.co.jp/block/login"} []
[2018-04-09 10:13:46] eccube.INFO: Matched route "block_search_product". {"route_parameters":{"_controller":"\\Eccube\\Controller\\Block\\SearchProductController::index","_route":"block_search_product"},"request_uri":"http://newjoy.co.jp/block/search_product"} []
[2018-04-09 10:13:46] eccube.INFO: Matched route "block_category". {"route_parameters":{"_controller":"\\Eccube\\Controller\\Block\\CategoryController::index","_route":"block_category"},"request_uri":"http://newjoy.co.jp/block/category"} []
[2018-04-09 10:13:46] eccube.INFO: Matched route "block_recommend_product_block". {"route_parameters":{"_controller":"\\Plugin\\Recommend\\Controller\\Block\\RecommendController::index","_route":"block_recommend_product_block"},"request_uri":"http://newjoy.co.jp/block/recommend_product_block"} []
[2018-04-09 10:13:47] eccube.INFO: Matched route "block_plg_shiro8_new_product_block". {"route_parameters":{"_controller":"\\Plugin\\Shiro8NewProductBlock3\\Controller\\Block\\Shiro8NewProductController::index","_route":"block_plg_shiro8_new_product_block"},"request_uri":"http://newjoy.co.jp/block/plg_shiro8_new_product_block"} []
[2018-04-09 10:13:47] eccube.INFO: Matched route "block_checkeditem". {"route_parameters":{"_controller":"\\Plugin\\CheckedItem\\Controller\\CheckedItemController::index","_route":"block_checkeditem"},"request_uri":"http://newjoy.co.jp/block/checkeditem"} []
[2018-04-09 10:13:47] eccube.INFO: Matched route "block_main_menu". {"route_parameters":{"_controller":"\\Eccube\\Controller\\Block\\MainMenuController::index","_route":"block_main_menu"},"request_uri":"http://newjoy.co.jp/block/main_menu"} []
[2018-04-09 10:13:47] eccube.INFO: Matched route "block_news". {"route_parameters":{"_controller":"\\Eccube\\Controller\\Block\\NewsController::index","_route":"block_news"},"request_uri":"http://newjoy.co.jp/block/news"} []
[2018-04-09 10:13:47] eccube.INFO: < 200 [] []
[2018-04-09 10:14:13] eccube.INFO: Matched route "product_list". {"route_parameters":{"_controller":"\\Eccube\\Controller\\ProductController::index","_route":"product_list"},"request_uri":"http://newjoy.co.jp/products/list?category_id=&name="} []
[2018-04-09 10:14:13] eccube.INFO: Populated the TokenStorage with an anonymous Token. [] []
[2018-04-09 10:14:13] eccube.INFO: > GET /products/list?category_id=&name= [] []
[2018-04-09 10:14:14] eccube.INFO: CategoryContent Product/list.twig start [] []
[2018-04-09 10:14:14] eccube.INFO: Matched route "block_cart". {"route_parameters":{"_controller":"\\Eccube\\Controller\\Block\\CartController::index","_route":"block_cart"},"request_uri":"http://newjoy.co.jp/block/cart"} []
[2018-04-09 10:14:14] eccube.INFO: Matched route "block_login". {"route_parameters":{"_controller":"\\Eccube\\Controller\\Block\\LoginController::index","_route":"block_login"},"request_uri":"http://newjoy.co.jp/block/login"} []
[2018-04-09 10:14:14] eccube.INFO: Matched route "block_search_product". {"route_parameters":{"_controller":"\\Eccube\\Controller\\Block\\SearchProductController::index","_route":"block_search_product"},"request_uri":"http://newjoy.co.jp/block/search_product"} []
[2018-04-09 10:14:15] eccube.INFO: Matched route "block_category". {"route_parameters":{"_controller":"\\Eccube\\Controller\\Block\\CategoryController::index","_route":"block_category"},"request_uri":"http://newjoy.co.jp/block/category"} []
[2018-04-09 10:14:15] eccube.INFO: Matched route "block_checkeditem". {"route_parameters":{"_controller":"\\Plugin\\CheckedItem\\Controller\\CheckedItemController::index","_route":"block_checkeditem"},"request_uri":"http://newjoy.co.jp/block/checkeditem"} []
[2018-04-09 10:14:15] eccube.INFO: Matched route "block_main_menu". {"route_parameters":{"_controller":"\\Eccube\\Controller\\Block\\MainMenuController::index","_route":"block_main_menu"},"request_uri":"http://newjoy.co.jp/block/main_menu"} []
[2018-04-09 10:14:15] eccube.INFO: < 200 [] []
[2018-04-09 10:14:24] eccube.INFO: Matched route "product_list". {"route_parameters":{"_controller":"\\Eccube\\Controller\\ProductController::index","_route":"product_list"},"request_uri":"http://newjoy.co.jp/products/list?category_id=&name=&pageno=2"} []
[2018-04-09 10:14:24] eccube.INFO: Populated the TokenStorage with an anonymous Token. [] []
[2018-04-09 10:14:24] eccube.INFO: > GET /products/list?category_id=&name=&pageno=2 [] []
[2018-04-09 10:14:25] eccube.INFO: CategoryContent Product/list.twig start [] []
[2018-04-09 10:14:25] eccube.INFO: Matched route "block_cart". {"route_parameters":{"_controller":"\\Eccube\\Controller\\Block\\CartController::index","_route":"block_cart"},"request_uri":"http://newjoy.co.jp/block/cart"} []
[2018-04-09 10:14:25] eccube.INFO: Matched route "block_login". {"route_parameters":{"_controller":"\\Eccube\\Controller\\Block\\LoginController::index","_route":"block_login"},"request_uri":"http://newjoy.co.jp/block/login"} []
[2018-04-09 10:14:25] eccube.INFO: Matched route "block_search_product". {"route_parameters":{"_controller":"\\Eccube\\Controller\\Block\\SearchProductController::index","_route":"block_search_product"},"request_uri":"http://newjoy.co.jp/block/search_product"} []
[2018-04-09 10:14:25] eccube.INFO: Matched route "block_category". {"route_parameters":{"_controller":"\\Eccube\\Controller\\Block\\CategoryController::index","_route":"block_category"},"request_uri":"http://newjoy.co.jp/block/category"} []
[2018-04-09 10:14:25] eccube.INFO: Matched route "block_checkeditem". {"route_parameters":{"_controller":"\\Plugin\\CheckedItem\\Controller\\CheckedItemController::index","_route":"block_checkeditem"},"request_uri":"http://newjoy.co.jp/block/checkeditem"} []
[2018-04-09 10:14:25] eccube.INFO: Matched route "block_main_menu". {"route_parameters":{"_controller":"\\Eccube\\Controller\\Block\\MainMenuController::index","_route":"block_main_menu"},"request_uri":"http://newjoy.co.jp/block/main_menu"} []
[2018-04-09 10:14:25] eccube.INFO: < 200 [] []
[2018-04-09 10:14:53] eccube.INFO: Matched route "product_list". {"route_parameters":{"_controller":"\\Eccube\\Controller\\ProductController::index","_route":"product_list"},"request_uri":"http://newjoy.co.jp/products/list?category_id=&name="} []
[2018-04-09 10:14:53] eccube.INFO: Populated the TokenStorage with an anonymous Token. [] []
[2018-04-09 10:14:53] eccube.INFO: > GET /products/list?category_id=&name= [] []
[2018-04-09 10:14:55] eccube.INFO: CategoryContent Product/list.twig start [] []
[2018-04-09 10:14:55] eccube.INFO: Matched route "block_cart". {"route_parameters":{"_controller":"\\Eccube\\Controller\\Block\\CartController::index","_route":"block_cart"},"request_uri":"http://newjoy.co.jp/block/cart"} []
[2018-04-09 10:14:55] eccube.INFO: Matched route "block_login". {"route_parameters":{"_controller":"\\Eccube\\Controller\\Block\\LoginController::index","_route":"block_login"},"request_uri":"http://newjoy.co.jp/block/login"} []
[2018-04-09 10:14:55] eccube.INFO: Matched route "block_search_product". {"route_parameters":{"_controller":"\\Eccube\\Controller\\Block\\SearchProductController::index","_route":"block_search_product"},"request_uri":"http://newjoy.co.jp/block/search_product"} []
[2018-04-09 10:14:55] eccube.INFO: Matched route "block_category". {"route_parameters":{"_controller":"\\Eccube\\Controller\\Block\\CategoryController::index","_route":"block_category"},"request_uri":"http://newjoy.co.jp/block/category"} []
[2018-04-09 10:14:55] eccube.INFO: Matched route "block_checkeditem". {"route_parameters":{"_controller":"\\Plugin\\CheckedItem\\Controller\\CheckedItemController::index","_route":"block_checkeditem"},"request_uri":"http://newjoy.co.jp/block/checkeditem"} []
[2018-04-09 10:14:55] eccube.INFO: Matched route "block_main_menu". {"route_parameters":{"_controller":"\\Eccube\\Controller\\Block\\MainMenuController::index","_route":"block_main_menu"},"request_uri":"http://newjoy.co.jp/block/main_menu"} []
[2018-04-09 10:14:55] eccube.INFO: < 200 [] []
[2018-04-09 10:15:05] eccube.INFO: Matched route "product_list". {"route_parameters":{"_controller":"\\Eccube\\Controller\\ProductController::index","_route":"product_list"},"request_uri":"http://newjoy.co.jp/products/list?category_id=6"} []
[2018-04-09 10:15:05] eccube.INFO: Populated the TokenStorage with an anonymous Token. [] []
[2018-04-09 10:15:05] eccube.INFO: > GET /products/list?category_id=6 [] []
[2018-04-09 10:15:06] eccube.INFO: CategoryContent Product/list.twig start [] []
[2018-04-09 10:15:06] eccube.INFO: Matched route "block_cart". {"route_parameters":{"_controller":"\\Eccube\\Controller\\Block\\CartController::index","_route":"block_cart"},"request_uri":"http://newjoy.co.jp/block/cart"} []
[2018-04-09 10:15:06] eccube.INFO: Matched route "block_login". {"route_parameters":{"_controller":"\\Eccube\\Controller\\Block\\LoginController::index","_route":"block_login"},"request_uri":"http://newjoy.co.jp/block/login"} []
[2018-04-09 10:15:06] eccube.INFO: Matched route "block_search_product". {"route_parameters":{"_controller":"\\Eccube\\Controller\\Block\\SearchProductController::index","_route":"block_search_product"},"request_uri":"http://newjoy.co.jp/block/search_product"} []
[2018-04-09 10:15:06] eccube.INFO: Matched route "block_category". {"route_parameters":{"_controller":"\\Eccube\\Controller\\Block\\CategoryController::index","_route":"block_category"},"request_uri":"http://newjoy.co.jp/block/category"} []
[2018-04-09 10:15:06] eccube.INFO: Matched route "block_checkeditem". {"route_parameters":{"_controller":"\\Plugin\\CheckedItem\\Controller\\CheckedItemController::index","_route":"block_checkeditem"},"request_uri":"http://newjoy.co.jp/block/checkeditem"} []
[2018-04-09 10:15:07] eccube.INFO: Matched route "block_main_menu". {"route_parameters":{"_controller":"\\Eccube\\Controller\\Block\\MainMenuController::index","_route":"block_main_menu"},"request_uri":"http://newjoy.co.jp/block/main_menu"} []
[2018-04-09 10:15:07] eccube.INFO: < 200 [] []
[2018-04-09 10:15:10] eccube.INFO: Matched route "product_list". {"route_parameters":{"_controller":"\\Eccube\\Controller\\ProductController::index","_route":"product_list"},"request_uri":"http://newjoy.co.jp/products/list?category_id=6"} []
[2018-04-09 10:15:10] eccube.INFO: Populated the TokenStorage with an anonymous Token. [] []
[2018-04-09 10:15:10] eccube.INFO: > GET /products/list?category_id=6 [] []
[2018-04-09 10:15:11] eccube.INFO: CategoryContent Product/list.twig start [] []
[2018-04-09 10:15:11] eccube.INFO: Matched route "block_cart". {"route_parameters":{"_controller":"\\Eccube\\Controller\\Block\\CartController::index","_route":"block_cart"},"request_uri":"http://newjoy.co.jp/block/cart"} []
[2018-04-09 10:15:11] eccube.INFO: Matched route "block_login". {"route_parameters":{"_controller":"\\Eccube\\Controller\\Block\\LoginController::index","_route":"block_login"},"request_uri":"http://newjoy.co.jp/block/login"} []
[2018-04-09 10:15:11] eccube.INFO: Matched route "block_search_product". {"route_parameters":{"_controller":"\\Eccube\\Controller\\Block\\SearchProductController::index","_route":"block_search_product"},"request_uri":"http://newjoy.co.jp/block/search_product"} []
[2018-04-09 10:15:11] eccube.INFO: Matched route "block_category". {"route_parameters":{"_controller":"\\Eccube\\Controller\\Block\\CategoryController::index","_route":"block_category"},"request_uri":"http://newjoy.co.jp/block/category"} []
[2018-04-09 10:15:11] eccube.INFO: Matched route "block_checkeditem". {"route_parameters":{"_controller":"\\Plugin\\CheckedItem\\Controller\\CheckedItemController::index","_route":"block_checkeditem"},"request_uri":"http://newjoy.co.jp/block/checkeditem"} []
[2018-04-09 10:15:12] eccube.INFO: Matched route "block_main_menu". {"route_parameters":{"_controller":"\\Eccube\\Controller\\Block\\MainMenuController::index","_route":"block_main_menu"},"request_uri":"http://newjoy.co.jp/block/main_menu"} []
[2018-04-09 10:15:12] eccube.INFO: < 200 [] []
[2018-04-09 15:41:40] eccube.INFO: Matched route "admin_homepage". {"route_parameters":{"_controller":"\\Eccube\\Controller\\Admin\\AdminController::index","_route":"admin_homepage"},"request_uri":"http://newjoy.co.jp/admin/"} []
[2018-04-09 15:41:40] eccube.INFO: Populated the TokenStorage with an anonymous Token. [] []
[2018-04-09 15:41:40] eccube.INFO: Matched route "admin_login". {"route_parameters":{"_controller":"\\Eccube\\Controller\\Admin\\AdminController::login","_route":"admin_login"},"request_uri":"http://newjoy.co.jp/admin/login"} []
[2018-04-09 15:41:40] eccube.INFO: < 401 [] []
[2018-04-09 22:25:16] eccube.INFO: Matched route "user_data". {"route_parameters":{"_controller":"\\Eccube\\Controller\\UserDataController::index","route":"ranking","_route":"user_data"},"request_uri":"http://newjoy.co.jp/user_data/ranking"} []
[2018-04-09 22:25:16] eccube.INFO: Populated the TokenStorage with an anonymous Token. [] []
[2018-04-09 22:25:16] eccube.INFO: > GET /user_data/ranking [] []
[2018-04-09 22:25:16] eccube.INFO: Matched route "block_cart". {"route_parameters":{"_controller":"\\Eccube\\Controller\\Block\\CartController::index","_route":"block_cart"},"request_uri":"http://newjoy.co.jp/block/cart"} []
[2018-04-09 22:25:16] eccube.INFO: Matched route "block_login". {"route_parameters":{"_controller":"\\Eccube\\Controller\\Block\\LoginController::index","_route":"block_login"},"request_uri":"http://newjoy.co.jp/block/login"} []
[2018-04-09 22:25:16] eccube.INFO: Matched route "block_search_product". {"route_parameters":{"_controller":"\\Eccube\\Controller\\Block\\SearchProductController::index","_route":"block_search_product"},"request_uri":"http://newjoy.co.jp/block/search_product"} []
[2018-04-09 22:25:16] eccube.INFO: Matched route "block_category". {"route_parameters":{"_controller":"\\Eccube\\Controller\\Block\\CategoryController::index","_route":"block_category"},"request_uri":"http://newjoy.co.jp/block/category"} []
[2018-04-09 22:25:16] eccube.INFO: Matched route "block_sales_ranking". {"route_parameters":{"_controller":"\\Plugin\\SalesRanking\\Controller\\SalesRankingController::index","_route":"block_sales_ranking"},"request_uri":"http://newjoy.co.jp/block/sales_ranking"} []
[2018-04-09 22:25:18] eccube.INFO: Matched route "block_checkeditem". {"route_parameters":{"_controller":"\\Plugin\\CheckedItem\\Controller\\CheckedItemController::index","_route":"block_checkeditem"},"request_uri":"http://newjoy.co.jp/block/checkeditem"} []
[2018-04-09 22:25:18] eccube.INFO: Matched route "block_main_menu". {"route_parameters":{"_controller":"\\Eccube\\Controller\\Block\\MainMenuController::index","_route":"block_main_menu"},"request_uri":"http://newjoy.co.jp/block/main_menu"} []
[2018-04-09 22:25:18] eccube.INFO: < 200 [] []
