[2018-05-27 02:59:17] eccube.INFO: Matched route "product_detail". {"route_parameters":{"_controller":"\\Eccube\\Controller\\ProductController::detail","id":"6","_route":"product_detail"},"request_uri":"https://newjoy.co.jp/products/detail/6"} []
[2018-05-27 02:59:17] eccube.INFO: Populated the TokenStorage with an anonymous Token. [] []
[2018-05-27 02:59:17] eccube.INFO: > GET /products/detail/6 [] []
[2018-05-27 02:59:17] eccube.INFO: RelatedProduct trigger onRenderProductDetail start [] []
[2018-05-27 02:59:17] eccube.INFO: Event: product review hook into the product detail start. [] []
[2018-05-27 02:59:17] eccube.INFO: Event: product review render success. {"Product id":6} []
[2018-05-27 02:59:17] eccube.INFO: Event: product review hook into the product detail end. [] []
[2018-05-27 02:59:17] eccube.INFO: Matched route "block_cart". {"route_parameters":{"_controller":"\\Eccube\\Controller\\Block\\CartController::index","_route":"block_cart"},"request_uri":"https://newjoy.co.jp/block/cart"} []
[2018-05-27 02:59:17] eccube.INFO: Matched route "block_login". {"route_parameters":{"_controller":"\\Eccube\\Controller\\Block\\LoginController::index","_route":"block_login"},"request_uri":"https://newjoy.co.jp/block/login"} []
[2018-05-27 02:59:17] eccube.INFO: Matched route "block_search_product". {"route_parameters":{"_controller":"\\Eccube\\Controller\\Block\\SearchProductController::index","_route":"block_search_product"},"request_uri":"https://newjoy.co.jp/block/search_product"} []
[2018-05-27 02:59:18] eccube.INFO: Matched route "block_category". {"route_parameters":{"_controller":"\\Eccube\\Controller\\Block\\CategoryController::index","_route":"block_category"},"request_uri":"https://newjoy.co.jp/block/category"} []
[2018-05-27 02:59:18] eccube.INFO: Matched route "block_recommendify3_product_block". {"route_parameters":{"_controller":"\\Plugin\\Recommendify3\\Controller\\Block\\Recommendify3Controller::index","_route":"block_recommendify3_product_block"},"request_uri":"https://newjoy.co.jp/block/recommendify3_product_block"} []
[2018-05-27 02:59:18] eccube.INFO: Matched route "block_checkeditem". {"route_parameters":{"_controller":"\\Plugin\\CheckedItem\\Controller\\CheckedItemController::index","_route":"block_checkeditem"},"request_uri":"https://newjoy.co.jp/block/checkeditem"} []
[2018-05-27 02:59:18] eccube.INFO: Matched route "block_main_menu". {"route_parameters":{"_controller":"\\Eccube\\Controller\\Block\\MainMenuController::index","_route":"block_main_menu"},"request_uri":"https://newjoy.co.jp/block/main_menu"} []
[2018-05-27 02:59:18] eccube.INFO: < 200 [] []
[2018-05-27 05:05:36] eccube.INFO: Matched route "n/a". {"route_parameters":{"_controller":"[object] (Closure: {})","_route":null,"url":"https://newjoy.co.jp/products/list?category_id=5&pageno=1"},"request_uri":"http://newjoy.co.jp/products/list?category_id=5&pageno=1"} []
[2018-05-27 05:05:36] eccube.INFO: Populated the TokenStorage with an anonymous Token. [] []
[2018-05-27 05:05:36] eccube.INFO: > GET /products/list?category_id=5&pageno=1 [] []
[2018-05-27 05:05:36] eccube.INFO: < 301 https://newjoy.co.jp/products/list?category_id=5&pageno=1 [] []
[2018-05-27 05:05:37] eccube.INFO: Matched route "product_list". {"route_parameters":{"_controller":"\\Eccube\\Controller\\ProductController::index","_route":"product_list"},"request_uri":"https://newjoy.co.jp/products/list?category_id=5&pageno=1"} []
[2018-05-27 05:05:37] eccube.INFO: Populated the TokenStorage with an anonymous Token. [] []
[2018-05-27 05:05:37] eccube.INFO: > GET /products/list?category_id=5&pageno=1 [] []
[2018-05-27 05:05:39] eccube.INFO: CategoryContent Product/list.twig start [] []
[2018-05-27 05:05:39] eccube.INFO: Matched route "block_cart". {"route_parameters":{"_controller":"\\Eccube\\Controller\\Block\\CartController::index","_route":"block_cart"},"request_uri":"https://newjoy.co.jp/block/cart"} []
[2018-05-27 05:05:39] eccube.INFO: Matched route "block_login". {"route_parameters":{"_controller":"\\Eccube\\Controller\\Block\\LoginController::index","_route":"block_login"},"request_uri":"https://newjoy.co.jp/block/login"} []
[2018-05-27 05:05:39] eccube.INFO: Matched route "block_search_product". {"route_parameters":{"_controller":"\\Eccube\\Controller\\Block\\SearchProductController::index","_route":"block_search_product"},"request_uri":"https://newjoy.co.jp/block/search_product"} []
[2018-05-27 05:05:39] eccube.INFO: Matched route "block_category". {"route_parameters":{"_controller":"\\Eccube\\Controller\\Block\\CategoryController::index","_route":"block_category"},"request_uri":"https://newjoy.co.jp/block/category"} []
[2018-05-27 05:05:39] eccube.INFO: Matched route "block_checkeditem". {"route_parameters":{"_controller":"\\Plugin\\CheckedItem\\Controller\\CheckedItemController::index","_route":"block_checkeditem"},"request_uri":"https://newjoy.co.jp/block/checkeditem"} []
[2018-05-27 05:05:39] eccube.INFO: Matched route "block_main_menu". {"route_parameters":{"_controller":"\\Eccube\\Controller\\Block\\MainMenuController::index","_route":"block_main_menu"},"request_uri":"https://newjoy.co.jp/block/main_menu"} []
[2018-05-27 05:05:39] eccube.INFO: < 200 [] []
[2018-05-27 06:25:58] eccube.INFO: Matched route "n/a". {"route_parameters":{"_controller":"[object] (Closure: {})","_route":null,"url":"https://newjoy.co.jp/products/detail/10"},"request_uri":"http://newjoy.co.jp/products/detail/10"} []
[2018-05-27 06:25:58] eccube.INFO: Populated the TokenStorage with an anonymous Token. [] []
[2018-05-27 06:25:58] eccube.INFO: > GET /products/detail/10 [] []
[2018-05-27 06:25:58] eccube.INFO: < 301 https://newjoy.co.jp/products/detail/10 [] []
[2018-05-27 09:08:11] eccube.INFO: Matched route "homepage". {"route_parameters":{"_controller":"\\Eccube\\Controller\\TopController::index","_route":"homepage"},"request_uri":"https://newjoy.co.jp/"} []
[2018-05-27 09:08:11] eccube.INFO: Populated the TokenStorage with an anonymous Token. [] []
[2018-05-27 09:08:11] eccube.INFO: > GET / [] []
[2018-05-27 09:08:11] eccube.INFO: Matched route "block_cart". {"route_parameters":{"_controller":"\\Eccube\\Controller\\Block\\CartController::index","_route":"block_cart"},"request_uri":"https://newjoy.co.jp/block/cart"} []
[2018-05-27 09:08:11] eccube.INFO: Matched route "block_login". {"route_parameters":{"_controller":"\\Eccube\\Controller\\Block\\LoginController::index","_route":"block_login"},"request_uri":"https://newjoy.co.jp/block/login"} []
[2018-05-27 09:08:11] eccube.INFO: Matched route "block_search_product". {"route_parameters":{"_controller":"\\Eccube\\Controller\\Block\\SearchProductController::index","_route":"block_search_product"},"request_uri":"https://newjoy.co.jp/block/search_product"} []
[2018-05-27 09:08:11] eccube.INFO: Matched route "block_category". {"route_parameters":{"_controller":"\\Eccube\\Controller\\Block\\CategoryController::index","_route":"block_category"},"request_uri":"https://newjoy.co.jp/block/category"} []
[2018-05-27 09:08:11] eccube.INFO: Matched route "block_recommend_product_block". {"route_parameters":{"_controller":"\\Plugin\\Recommend\\Controller\\Block\\RecommendController::index","_route":"block_recommend_product_block"},"request_uri":"https://newjoy.co.jp/block/recommend_product_block"} []
[2018-05-27 09:08:12] eccube.INFO: Matched route "block_plg_shiro8_new_product_block". {"route_parameters":{"_controller":"\\Plugin\\Shiro8NewProductBlock3\\Controller\\Block\\Shiro8NewProductController::index","_route":"block_plg_shiro8_new_product_block"},"request_uri":"https://newjoy.co.jp/block/plg_shiro8_new_product_block"} []
[2018-05-27 09:08:12] eccube.INFO: Matched route "block_checkeditem". {"route_parameters":{"_controller":"\\Plugin\\CheckedItem\\Controller\\CheckedItemController::index","_route":"block_checkeditem"},"request_uri":"https://newjoy.co.jp/block/checkeditem"} []
[2018-05-27 09:08:12] eccube.INFO: Matched route "block_main_menu". {"route_parameters":{"_controller":"\\Eccube\\Controller\\Block\\MainMenuController::index","_route":"block_main_menu"},"request_uri":"https://newjoy.co.jp/block/main_menu"} []
[2018-05-27 09:08:12] eccube.INFO: Matched route "block_news". {"route_parameters":{"_controller":"\\Eccube\\Controller\\Block\\NewsController::index","_route":"block_news"},"request_uri":"https://newjoy.co.jp/block/news"} []
[2018-05-27 09:08:12] eccube.INFO: < 200 [] []
[2018-05-27 14:30:00] eccube.INFO: Matched route "sitemap". {"route_parameters":{"_controller":"\\Plugin\\SiteMap\\Controller\\SiteMapController::xml","_route":"sitemap"},"request_uri":"https://newjoy.co.jp/sitemap"} []
[2018-05-27 14:30:00] eccube.INFO: Populated the TokenStorage with an anonymous Token. [] []
[2018-05-27 14:30:00] eccube.INFO: > GET /sitemap [] []
[2018-05-27 14:30:00] eccube.INFO: < 200 [] []
[2018-05-27 16:13:22] eccube.INFO: Matched route "n/a". {"route_parameters":{"_controller":"[object] (Closure: {})","_route":null,"url":"https://newjoy.co.jp/"},"request_uri":"http://newjoy.co.jp/"} []
[2018-05-27 16:13:22] eccube.INFO: Populated the TokenStorage with an anonymous Token. [] []
[2018-05-27 16:13:22] eccube.INFO: > GET / [] []
[2018-05-27 16:13:22] eccube.INFO: < 301 https://newjoy.co.jp/ [] []
[2018-05-27 16:13:22] eccube.INFO: Matched route "homepage". {"route_parameters":{"_controller":"\\Eccube\\Controller\\TopController::index","_route":"homepage"},"request_uri":"https://newjoy.co.jp/"} []
[2018-05-27 16:13:22] eccube.INFO: Populated the TokenStorage with an anonymous Token. [] []
[2018-05-27 16:13:22] eccube.INFO: > GET / [] []
[2018-05-27 16:13:23] eccube.INFO: Matched route "block_cart". {"route_parameters":{"_controller":"\\Eccube\\Controller\\Block\\CartController::index","_route":"block_cart"},"request_uri":"https://newjoy.co.jp/block/cart"} []
[2018-05-27 16:13:23] eccube.INFO: Matched route "block_login". {"route_parameters":{"_controller":"\\Eccube\\Controller\\Block\\LoginController::index","_route":"block_login"},"request_uri":"https://newjoy.co.jp/block/login"} []
[2018-05-27 16:13:23] eccube.INFO: Matched route "block_search_product". {"route_parameters":{"_controller":"\\Eccube\\Controller\\Block\\SearchProductController::index","_route":"block_search_product"},"request_uri":"https://newjoy.co.jp/block/search_product"} []
[2018-05-27 16:13:23] eccube.INFO: Matched route "block_category". {"route_parameters":{"_controller":"\\Eccube\\Controller\\Block\\CategoryController::index","_route":"block_category"},"request_uri":"https://newjoy.co.jp/block/category"} []
[2018-05-27 16:13:23] eccube.INFO: Matched route "block_recommend_product_block". {"route_parameters":{"_controller":"\\Plugin\\Recommend\\Controller\\Block\\RecommendController::index","_route":"block_recommend_product_block"},"request_uri":"https://newjoy.co.jp/block/recommend_product_block"} []
[2018-05-27 16:13:24] eccube.INFO: Matched route "block_plg_shiro8_new_product_block". {"route_parameters":{"_controller":"\\Plugin\\Shiro8NewProductBlock3\\Controller\\Block\\Shiro8NewProductController::index","_route":"block_plg_shiro8_new_product_block"},"request_uri":"https://newjoy.co.jp/block/plg_shiro8_new_product_block"} []
[2018-05-27 16:13:24] eccube.INFO: Matched route "block_checkeditem". {"route_parameters":{"_controller":"\\Plugin\\CheckedItem\\Controller\\CheckedItemController::index","_route":"block_checkeditem"},"request_uri":"https://newjoy.co.jp/block/checkeditem"} []
[2018-05-27 16:13:24] eccube.INFO: Matched route "block_main_menu". {"route_parameters":{"_controller":"\\Eccube\\Controller\\Block\\MainMenuController::index","_route":"block_main_menu"},"request_uri":"https://newjoy.co.jp/block/main_menu"} []
[2018-05-27 16:13:24] eccube.INFO: Matched route "block_news". {"route_parameters":{"_controller":"\\Eccube\\Controller\\Block\\NewsController::index","_route":"block_news"},"request_uri":"https://newjoy.co.jp/block/news"} []
[2018-05-27 16:13:24] eccube.INFO: < 200 [] []
[2018-05-27 17:35:42] eccube.INFO: Matched route "n/a". {"route_parameters":{"_controller":"[object] (Closure: {})","_route":null,"url":"https://www.newjoy.co.jp/"},"request_uri":"http://www.newjoy.co.jp/"} []
[2018-05-27 17:35:42] eccube.INFO: Populated the TokenStorage with an anonymous Token. [] []
[2018-05-27 17:35:42] eccube.INFO: > GET / [] []
[2018-05-27 17:35:42] eccube.INFO: < 301 https://www.newjoy.co.jp/ [] []
[2018-05-27 17:52:16] eccube.INFO: Matched route "product_list". {"route_parameters":{"_controller":"\\Eccube\\Controller\\ProductController::index","_route":"product_list"},"request_uri":"https://newjoy.co.jp/products/list?category_id=57"} []
[2018-05-27 17:52:16] eccube.INFO: Populated the TokenStorage with an anonymous Token. [] []
[2018-05-27 17:52:16] eccube.INFO: > GET /products/list?category_id=57 [] []
[2018-05-27 17:52:17] eccube.INFO: CategoryContent Product/list.twig start [] []
[2018-05-27 17:52:17] eccube.INFO: Matched route "block_cart". {"route_parameters":{"_controller":"\\Eccube\\Controller\\Block\\CartController::index","_route":"block_cart"},"request_uri":"https://newjoy.co.jp/block/cart"} []
[2018-05-27 17:52:17] eccube.INFO: Matched route "block_login". {"route_parameters":{"_controller":"\\Eccube\\Controller\\Block\\LoginController::index","_route":"block_login"},"request_uri":"https://newjoy.co.jp/block/login"} []
[2018-05-27 17:52:17] eccube.INFO: Matched route "block_search_product". {"route_parameters":{"_controller":"\\Eccube\\Controller\\Block\\SearchProductController::index","_route":"block_search_product"},"request_uri":"https://newjoy.co.jp/block/search_product"} []
[2018-05-27 17:52:17] eccube.INFO: Matched route "block_category". {"route_parameters":{"_controller":"\\Eccube\\Controller\\Block\\CategoryController::index","_route":"block_category"},"request_uri":"https://newjoy.co.jp/block/category"} []
[2018-05-27 17:52:17] eccube.INFO: Matched route "block_checkeditem". {"route_parameters":{"_controller":"\\Plugin\\CheckedItem\\Controller\\CheckedItemController::index","_route":"block_checkeditem"},"request_uri":"https://newjoy.co.jp/block/checkeditem"} []
[2018-05-27 17:52:17] eccube.INFO: Matched route "block_main_menu". {"route_parameters":{"_controller":"\\Eccube\\Controller\\Block\\MainMenuController::index","_route":"block_main_menu"},"request_uri":"https://newjoy.co.jp/block/main_menu"} []
[2018-05-27 17:52:17] eccube.INFO: < 200 [] []
[2018-05-27 19:57:34] eccube.INFO: Matched route "product_detail". {"route_parameters":{"_controller":"\\Eccube\\Controller\\ProductController::detail","id":"6","_route":"product_detail"},"request_uri":"https://newjoy.co.jp/products/detail/6"} []
[2018-05-27 19:57:34] eccube.INFO: Populated the TokenStorage with an anonymous Token. [] []
[2018-05-27 19:57:34] eccube.INFO: > GET /products/detail/6 [] []
[2018-05-27 19:57:34] eccube.INFO: RelatedProduct trigger onRenderProductDetail start [] []
[2018-05-27 19:57:34] eccube.INFO: Event: product review hook into the product detail start. [] []
[2018-05-27 19:57:34] eccube.INFO: Event: product review render success. {"Product id":6} []
[2018-05-27 19:57:34] eccube.INFO: Event: product review hook into the product detail end. [] []
[2018-05-27 19:57:34] eccube.INFO: Matched route "block_cart". {"route_parameters":{"_controller":"\\Eccube\\Controller\\Block\\CartController::index","_route":"block_cart"},"request_uri":"https://newjoy.co.jp/block/cart"} []
[2018-05-27 19:57:34] eccube.INFO: Matched route "block_login". {"route_parameters":{"_controller":"\\Eccube\\Controller\\Block\\LoginController::index","_route":"block_login"},"request_uri":"https://newjoy.co.jp/block/login"} []
[2018-05-27 19:57:34] eccube.INFO: Matched route "block_search_product". {"route_parameters":{"_controller":"\\Eccube\\Controller\\Block\\SearchProductController::index","_route":"block_search_product"},"request_uri":"https://newjoy.co.jp/block/search_product"} []
[2018-05-27 19:57:35] eccube.INFO: Matched route "block_category". {"route_parameters":{"_controller":"\\Eccube\\Controller\\Block\\CategoryController::index","_route":"block_category"},"request_uri":"https://newjoy.co.jp/block/category"} []
[2018-05-27 19:57:35] eccube.INFO: Matched route "block_recommendify3_product_block". {"route_parameters":{"_controller":"\\Plugin\\Recommendify3\\Controller\\Block\\Recommendify3Controller::index","_route":"block_recommendify3_product_block"},"request_uri":"https://newjoy.co.jp/block/recommendify3_product_block"} []
[2018-05-27 19:57:35] eccube.INFO: Matched route "block_checkeditem". {"route_parameters":{"_controller":"\\Plugin\\CheckedItem\\Controller\\CheckedItemController::index","_route":"block_checkeditem"},"request_uri":"https://newjoy.co.jp/block/checkeditem"} []
[2018-05-27 19:57:35] eccube.INFO: Matched route "block_main_menu". {"route_parameters":{"_controller":"\\Eccube\\Controller\\Block\\MainMenuController::index","_route":"block_main_menu"},"request_uri":"https://newjoy.co.jp/block/main_menu"} []
[2018-05-27 19:57:35] eccube.INFO: < 200 [] []
[2018-05-27 20:58:11] eccube.INFO: Matched route "product_list". {"route_parameters":{"_controller":"\\Eccube\\Controller\\ProductController::index","_route":"product_list"},"request_uri":"https://newjoy.co.jp/products/list?category_id=58"} []
[2018-05-27 20:58:11] eccube.INFO: Populated the TokenStorage with an anonymous Token. [] []
[2018-05-27 20:58:11] eccube.INFO: > GET /products/list?category_id=58 [] []
[2018-05-27 20:58:12] eccube.INFO: CategoryContent Product/list.twig start [] []
[2018-05-27 20:58:12] eccube.INFO: Matched route "block_cart". {"route_parameters":{"_controller":"\\Eccube\\Controller\\Block\\CartController::index","_route":"block_cart"},"request_uri":"https://newjoy.co.jp/block/cart"} []
[2018-05-27 20:58:12] eccube.INFO: Matched route "block_login". {"route_parameters":{"_controller":"\\Eccube\\Controller\\Block\\LoginController::index","_route":"block_login"},"request_uri":"https://newjoy.co.jp/block/login"} []
[2018-05-27 20:58:12] eccube.INFO: Matched route "block_search_product". {"route_parameters":{"_controller":"\\Eccube\\Controller\\Block\\SearchProductController::index","_route":"block_search_product"},"request_uri":"https://newjoy.co.jp/block/search_product"} []
[2018-05-27 20:58:13] eccube.INFO: Matched route "block_category". {"route_parameters":{"_controller":"\\Eccube\\Controller\\Block\\CategoryController::index","_route":"block_category"},"request_uri":"https://newjoy.co.jp/block/category"} []
[2018-05-27 20:58:13] eccube.INFO: Matched route "block_checkeditem". {"route_parameters":{"_controller":"\\Plugin\\CheckedItem\\Controller\\CheckedItemController::index","_route":"block_checkeditem"},"request_uri":"https://newjoy.co.jp/block/checkeditem"} []
[2018-05-27 20:58:13] eccube.INFO: Matched route "block_main_menu". {"route_parameters":{"_controller":"\\Eccube\\Controller\\Block\\MainMenuController::index","_route":"block_main_menu"},"request_uri":"https://newjoy.co.jp/block/main_menu"} []
[2018-05-27 20:58:13] eccube.INFO: < 200 [] []
[2018-05-27 23:03:37] eccube.INFO: Matched route "n/a". {"route_parameters":{"_controller":"[object] (Closure: {})","_route":null,"url":"https://newjoy.co.jp/"},"request_uri":"http://newjoy.co.jp/"} []
[2018-05-27 23:03:37] eccube.INFO: Populated the TokenStorage with an anonymous Token. [] []
[2018-05-27 23:03:37] eccube.INFO: > GET / [] []
[2018-05-27 23:03:37] eccube.INFO: < 301 https://newjoy.co.jp/ [] []
[2018-05-27 23:03:43] eccube.INFO: Matched route "homepage". {"route_parameters":{"_controller":"\\Eccube\\Controller\\TopController::index","_route":"homepage"},"request_uri":"https://newjoy.co.jp/"} []
[2018-05-27 23:03:43] eccube.INFO: Populated the TokenStorage with an anonymous Token. [] []
[2018-05-27 23:03:43] eccube.INFO: > GET / [] []
[2018-05-27 23:03:43] eccube.INFO: Matched route "block_cart". {"route_parameters":{"_controller":"\\Eccube\\Controller\\Block\\CartController::index","_route":"block_cart"},"request_uri":"https://newjoy.co.jp/block/cart"} []
[2018-05-27 23:03:43] eccube.INFO: Matched route "block_login". {"route_parameters":{"_controller":"\\Eccube\\Controller\\Block\\LoginController::index","_route":"block_login"},"request_uri":"https://newjoy.co.jp/block/login"} []
[2018-05-27 23:03:43] eccube.INFO: Matched route "block_search_product". {"route_parameters":{"_controller":"\\Eccube\\Controller\\Block\\SearchProductController::index","_route":"block_search_product"},"request_uri":"https://newjoy.co.jp/block/search_product"} []
[2018-05-27 23:03:43] eccube.INFO: Matched route "block_category". {"route_parameters":{"_controller":"\\Eccube\\Controller\\Block\\CategoryController::index","_route":"block_category"},"request_uri":"https://newjoy.co.jp/block/category"} []
[2018-05-27 23:03:43] eccube.INFO: Matched route "block_recommend_product_block". {"route_parameters":{"_controller":"\\Plugin\\Recommend\\Controller\\Block\\RecommendController::index","_route":"block_recommend_product_block"},"request_uri":"https://newjoy.co.jp/block/recommend_product_block"} []
[2018-05-27 23:03:44] eccube.INFO: Matched route "block_plg_shiro8_new_product_block". {"route_parameters":{"_controller":"\\Plugin\\Shiro8NewProductBlock3\\Controller\\Block\\Shiro8NewProductController::index","_route":"block_plg_shiro8_new_product_block"},"request_uri":"https://newjoy.co.jp/block/plg_shiro8_new_product_block"} []
[2018-05-27 23:03:44] eccube.INFO: Matched route "block_checkeditem". {"route_parameters":{"_controller":"\\Plugin\\CheckedItem\\Controller\\CheckedItemController::index","_route":"block_checkeditem"},"request_uri":"https://newjoy.co.jp/block/checkeditem"} []
[2018-05-27 23:03:44] eccube.INFO: Matched route "block_main_menu". {"route_parameters":{"_controller":"\\Eccube\\Controller\\Block\\MainMenuController::index","_route":"block_main_menu"},"request_uri":"https://newjoy.co.jp/block/main_menu"} []
[2018-05-27 23:03:44] eccube.INFO: Matched route "block_news". {"route_parameters":{"_controller":"\\Eccube\\Controller\\Block\\NewsController::index","_route":"block_news"},"request_uri":"https://newjoy.co.jp/block/news"} []
[2018-05-27 23:03:44] eccube.INFO: < 200 [] []
[2018-05-27 23:03:46] eccube.INFO: Matched route "n/a". {"route_parameters":{"_controller":"[object] (Closure: {})","_route":null,"url":"https://newjoy.co.jp/"},"request_uri":"http://newjoy.co.jp/"} []
[2018-05-27 23:03:46] eccube.INFO: Populated the TokenStorage with an anonymous Token. [] []
[2018-05-27 23:03:46] eccube.INFO: > GET / [] []
[2018-05-27 23:03:46] eccube.INFO: < 301 https://newjoy.co.jp/ [] []
